#
# A fatal error has been detected by the Java Runtime Environment:
#
#  SIGSEGV (0xb) at pc=0x00007f5499069a7a, pid=7398, tid=0x00007f54808d9700
#
# JRE version: Java(TM) SE Runtime Environment (8.0_121-b13) (build 1.8.0_121-b13)
# Java VM: Java HotSpot(TM) 64-Bit Server VM (25.121-b13 mixed mode linux-amd64 compressed oops)
# Problematic frame:
# v  ~BufferBlob::jni_fast_GetLongField
#
# Failed to write core dump. Core dumps have been disabled. To enable core dumping, try "ulimit -c unlimited" before starting Java again
#
# If you would like to submit a bug report, please visit:
#   http://bugreport.java.com/bugreport/crash.jsp
# The crash happened outside the Java Virtual Machine in native code.
# See problematic frame for where to report the bug.
#

---------------  T H R E A D  ---------------

Current thread (0x00007f54a81ff000):  JavaThread "AWT-XAWT" daemon [_thread_in_native, id=7419, stack(0x00007f54807d9000,0x00007f54808da000)]

siginfo: si_signo: 11 (SIGSEGV), si_code: 1 (SEGV_MAPERR), si_addr: 0x0000000000000000

Registers:
RAX=0x00007f54aeb11f60, RBX=0x00007f54a81ff1f8, RCX=0x00007f54af5792c0, RDX=0x0000000000000042
RSP=0x00007f54808d8838, RBP=0x00007f54808d8860, RSI=0x0000000000000000, RDI=0x00007f54a81ff1f8
R8 =0x00000000d7f66858, R9 =0x0000000000000000, R10=0x000000000000001a, R11=0x00007f5499350018
R12=0x00007f545000ca50, R13=0x0000000000000000, R14=0x00007f548266a7e0, R15=0x00007f54a81ff000
RIP=0x00007f5499069a7a, EFLAGS=0x0000000000010246, CSGSFS=0x0000000000000033, ERR=0x0000000000000004
  TRAPNO=0x000000000000000e

Top of Stack: (sp=0x00007f54808d8838)
0x00007f54808d8838:   00007f5482448ee1 00007f5498827880
0x00007f54808d8848:   00007f545000ca50 00007f54808d8910
0x00007f54808d8858:   00007f54808d88e0 0000000000000000
0x00007f54808d8868:   00007f5481f2a3c0 00007f5498827880
0x00007f54808d8878:   00007f54808d88a0 0000000000000000
0x00007f54808d8888:   00007f5481f21f93 00007f54808d8910
0x00007f54808d8898:   00007f548244211f 00007f54808d88f0
0x00007f54808d88a8:   00007f54993500b6 0000000000000000
0x00007f54808d88b8:   00007f54992cfef6 00007f54808d8910
0x00007f54808d88c8:   00007f549916846c 00007f54808d8970
0x00007f54808d88d8:   00000000d81bb288 00000000d8184fb8
0x00007f54808d88e8:   0000000000000001 00007f54808d8970
0x00007f54808d88f8:   00007f5499007a90 00007f54808d8970
0x00007f54808d8908:   00007f5499007a90 0000000000000000
0x00007f54808d8918:   00007f5499007dd0 00007f5458002e90
0x00007f54808d8928:   00000000d820cfe8 00007f54808d8930
0x00007f54808d8938:   00007f549892d1bc 00007f54808d89b8
0x00007f54808d8948:   00007f5498936198 0000000000000000
0x00007f54808d8958:   00007f549892d2f8 00007f54808d8910
0x00007f54808d8968:   00007f54808d89b0 00007f54808d8a00
0x00007f54808d8978:   00007f54990082bd 0000000000000000
0x00007f54808d8988:   00000000d9a2aee8 0000000000000000
0x00007f54808d8998:   0000000000000000 0000000000000000
0x00007f54808d89a8:   00000000d820cfe8 0000000000000000
0x00007f54808d89b8:   00000000d81bbe28 00007f54808d89c0
0x00007f54808d89c8:   00007f549892cffd 00007f54808d8a10
0x00007f54808d89d8:   00007f5498936198 0000000000000000
0x00007f54808d89e8:   00007f549892d008 00007f54808d89b0
0x00007f54808d89f8:   00007f54808d8a10 00007f54808d8a58
0x00007f54808d8a08:   00007f5499008302 00000000d81bbe28
0x00007f54808d8a18:   00007f54808d8a18 00007f549846b993
0x00007f54808d8a28:   00007f54808d8a68 00007f54984f3010 

Instructions: (pc=0x00007f5499069a7a)
0x00007f5499069a5a:   00 00 00 00 00 00 44 8b 15 81 7f ae 15 4c 8b ce
0x00007f5499069a6a:   41 f6 c2 01 0f 85 2e 00 00 00 4d 33 ca 4d 33 ca
0x00007f5499069a7a:   4d 8b 09 4c 8b da 49 c1 eb 02 4b 8b 04 19 49 bb
0x00007f5499069a8a:   e8 19 b5 ae 54 7f 00 00 4c 33 d8 4c 33 d8 45 3b 

Register to memory mapping:

RAX=0x00007f54aeb11f60: <offset 0xf85f60> in /usr/java/jdk/jre/lib/amd64/server/libjvm.so at 0x00007f54adb8c000
RBX=0x00007f54a81ff1f8 is an unknown value
RCX=0x00007f54af5792c0: <offset 0x2182c0> in /lib/x86_64-linux-gnu/libpthread.so.0 at 0x00007f54af361000
RDX=0x0000000000000042 is an unknown value
RSP=0x00007f54808d8838 is pointing into the stack for thread: 0x00007f54a81ff000
RBP=0x00007f54808d8860 is pointing into the stack for thread: 0x00007f54a81ff000
RSI=0x0000000000000000 is an unknown value
RDI=0x00007f54a81ff1f8 is an unknown value
R8 =0x00000000d7f66858 is an oop
sun.util.logging.PlatformLogger$Level 
 - klass: 'sun/util/logging/PlatformLogger$Level'
R9 =0x0000000000000000 is an unknown value
R10=0x000000000000001a is an unknown value
R11=0x00007f5499350018 is at entry_point+24 in (nmethod*)0x00007f549934fe90
R12=0x00007f545000ca50 is an unknown value
R13=0x0000000000000000 is an unknown value
R14=0x00007f548266a7e0: <offset 0x2587e0> in /usr/java/jdk/jre/lib/amd64/libawt_xawt.so at 0x00007f5482412000
R15=0x00007f54a81ff000 is a thread


Stack: [0x00007f54807d9000,0x00007f54808da000],  sp=0x00007f54808d8838,  free space=1022k
Native frames: (J=compiled Java code, j=interpreted, Vv=VM code, C=native code)
v  ~BufferBlob::jni_fast_GetLongField
C  [libX11.so.6+0x643c0]  _XimServerDestroy+0x70

Java frames: (J=compiled Java code, j=interpreted, Vv=VM code)
J 883  sun.awt.X11.XlibWrapper.XFilterEvent(JJ)Z (0 bytes) @ 0x00007f5499350044 [0x00007f5499350000+0x44]
j  sun.awt.X11.XToolkit.run(Z)V+300
j  sun.awt.X11.XToolkit.run()V+5
j  java.lang.Thread.run()V+11
v  ~StubRoutines::call_stub

---------------  P R O C E S S  ---------------

Java Threads: ( => current thread )
  0x00007f546c002000 JavaThread "SIGHUP handler" daemon [_thread_blocked, id=20530, stack(0x00007f544aa5e000,0x00007f544ab5f000)]
  0x00007f546c001000 JavaThread "SIGTERM handler" daemon [_thread_in_vm, id=20519, stack(0x00007f54804d6000,0x00007f54805d7000)]
  0x00007f54a8008000 JavaThread "DestroyJavaVM" [_thread_blocked, id=7404, stack(0x00007f54af671000,0x00007f54af772000)]
  0x00007f54a824c000 JavaThread "AWT-EventQueue-0" [_thread_blocked, id=7421, stack(0x00007f54805d7000,0x00007f54806d8000)]
  0x00007f54a8247800 JavaThread "AWT-Shutdown" [_thread_blocked, id=7420, stack(0x00007f54806d8000,0x00007f54807d9000)]
=>0x00007f54a81ff000 JavaThread "AWT-XAWT" daemon [_thread_in_native, id=7419, stack(0x00007f54807d9000,0x00007f54808da000)]
  0x00007f54a81e0000 JavaThread "Java2D Disposer" daemon [_thread_blocked, id=7418, stack(0x00007f5480cea000,0x00007f5480deb000)]
  0x00007f54a80bf000 JavaThread "Service Thread" daemon [_thread_blocked, id=7416, stack(0x00007f5482a3e000,0x00007f5482b3f000)]
  0x00007f54a80bc000 JavaThread "C1 CompilerThread2" daemon [_thread_blocked, id=7415, stack(0x00007f5482b3f000,0x00007f5482c40000)]
  0x00007f54a80ba000 JavaThread "C2 CompilerThread1" daemon [_thread_blocked, id=7414, stack(0x00007f5482c40000,0x00007f5482d41000)]
  0x00007f54a80b7800 JavaThread "C2 CompilerThread0" daemon [_thread_blocked, id=7413, stack(0x00007f5482d41000,0x00007f5482e42000)]
  0x00007f54a80b6000 JavaThread "Signal Dispatcher" daemon [_thread_blocked, id=7412, stack(0x00007f5482e42000,0x00007f5482f43000)]
  0x00007f54a8082000 JavaThread "Finalizer" daemon [_thread_blocked, id=7411, stack(0x00007f54833d0000,0x00007f54834d1000)]
  0x00007f54a807d800 JavaThread "Reference Handler" daemon [_thread_blocked, id=7410, stack(0x00007f54834d1000,0x00007f54835d2000)]

Other Threads:
  0x00007f54a8076000 VMThread [stack: 0x00007f54835d2000,0x00007f54836d3000] [id=7409]
  0x00007f54a80c2000 WatcherThread [stack: 0x00007f548293d000,0x00007f5482a3e000] [id=7417]

VM state:not at safepoint (normal execution)

VM Mutex/Monitor currently owned by a thread:  ([mutex/lock_event])
[0x00007f54a8006550] Threads_lock - owner thread: 0x00007f546c001000

Heap:
 PSYoungGen      total 36352K, used 29447K [0x00000000d7f00000, 0x00000000da780000, 0x0000000100000000)
  eden space 31232K, 94% used [0x00000000d7f00000,0x00000000d9bc1c70,0x00000000d9d80000)
  from space 5120K, 0% used [0x00000000da280000,0x00000000da280000,0x00000000da780000)
  to   space 5120K, 0% used [0x00000000d9d80000,0x00000000d9d80000,0x00000000da280000)
 ParOldGen       total 83456K, used 0K [0x0000000087c00000, 0x000000008cd80000, 0x00000000d7f00000)
  object space 83456K, 0% used [0x0000000087c00000,0x0000000087c00000,0x000000008cd80000)
 Metaspace       used 11085K, capacity 11252K, committed 11392K, reserved 1058816K
  class space    used 1284K, capacity 1382K, committed 1408K, reserved 1048576K

Card table byte_map: [0x00007f54ac8a3000,0x00007f54acc66000] byte_map_base: 0x00007f54ac465000

Marking Bits: (ParMarkBitMap*) 0x00007f54aeb50c80
 Begin Bits: [0x00007f54843e0000, 0x00007f54861f0000)
 End Bits:   [0x00007f54861f0000, 0x00007f5488000000)

Polling page: 0x00007f54af7a0000

CodeCache: size=245760Kb used=3518Kb max_used=3525Kb free=242241Kb
 bounds [0x00007f5499000000, 0x00007f5499380000, 0x00007f54a8000000]
 total_blobs=1434 nmethods=897 adapters=451
 compilation: enabled

Compilation events (10 events):
Event: 3919.309 Thread 0x00007f54a80bc000  897   !   3       sun.awt.X11.XToolkit$1::dispatchEvent (34 bytes)
Event: 3919.310 Thread 0x00007f54a80bc000 nmethod 897 0x00007f549936ec50 code [0x00007f549936eea0, 0x00007f549936fcb8]
Event: 3920.488 Thread 0x00007f54a80bc000  898       3       java.util.Vector::<init> (53 bytes)
Event: 3920.489 Thread 0x00007f54a80bc000 nmethod 898 0x00007f549936d5d0 code [0x00007f549936d780, 0x00007f549936dc38]
Event: 4138.080 Thread 0x00007f54a80b7800  899       4       java.lang.Long::compareTo (9 bytes)
Event: 4138.081 Thread 0x00007f54a80b7800 nmethod 899 0x00007f549936d2d0 code [0x00007f549936d420, 0x00007f549936d4d8]
Event: 5071.883 Thread 0x00007f54a80bc000  900       3       sun.awt.X11.XMSelection$1::dispatchEvent (10 bytes)
Event: 5071.884 Thread 0x00007f54a80bc000 nmethod 900 0x00007f5499372750 code [0x00007f5499372900, 0x00007f5499372d58]
Event: 5071.884 Thread 0x00007f54a80bc000  901       3       sun.awt.X11.XMSelection::processRootEvent (32 bytes)
Event: 5071.885 Thread 0x00007f54a80bc000 nmethod 901 0x00007f5499371f90 code [0x00007f5499372140, 0x00007f54993724f8]

GC Heap History (0 events):
No events

Deoptimization events (7 events):
Event: 0.150 Thread 0x00007f54a8008000 Uncommon trap: reason=null_check action=make_not_entrant pc=0x00007f5499169484 method=java.lang.String.equals(Ljava/lang/Object;)Z @ 8
Event: 1.375 Thread 0x00007f54a824c000 Uncommon trap: reason=unstable_if action=reinterpret pc=0x00007f5499223b50 method=java.nio.Buffer.nextGetIndex()I @ 8
Event: 1.489 Thread 0x00007f54a824c000 Uncommon trap: reason=class_check action=maybe_recompile pc=0x00007f54991961f0 method=java.lang.String.equals(Ljava/lang/Object;)Z @ 8
Event: 1.491 Thread 0x00007f54a824c000 Uncommon trap: reason=class_check action=maybe_recompile pc=0x00007f54991961f0 method=java.lang.String.equals(Ljava/lang/Object;)Z @ 8
Event: 1.495 Thread 0x00007f54a824c000 Uncommon trap: reason=class_check action=maybe_recompile pc=0x00007f54991961f0 method=java.lang.String.equals(Ljava/lang/Object;)Z @ 8
Event: 1.495 Thread 0x00007f54a824c000 Uncommon trap: reason=class_check action=maybe_recompile pc=0x00007f54991961f0 method=java.lang.String.equals(Ljava/lang/Object;)Z @ 8
Event: 1.550 Thread 0x00007f54a824c000 Uncommon trap: reason=unstable_if action=reinterpret pc=0x00007f54991ea3e8 method=java.lang.String.<init>([CII)V @ 18

Internal exceptions (10 events):
Event: 1.350 Thread 0x00007f54a824c000 Exception <a 'java/io/FileNotFoundException'> (0x00000000d89fc870) thrown at [/HUDSON3/workspace/8-2-build-linux-amd64/jdk8u121/8372/hotspot/src/share/vm/prims/jni.cpp, line 709]
Event: 1.350 Thread 0x00007f54a824c000 Implicit null exception at 0x00007f549925ddc6 to 0x00007f549925f1ec
Event: 1.350 Thread 0x00007f54a824c000 Exception <a 'java/lang/NullPointerException'> (0x00000000d89fd1b0) thrown at [/HUDSON3/workspace/8-2-build-linux-amd64/jdk8u121/8372/hotspot/src/share/vm/runtime/sharedRuntime.cpp, line 605]
Event: 1.351 Thread 0x00007f54a824c000 Exception <a 'java/io/FileNotFoundException'> (0x00000000d8a00988) thrown at [/HUDSON3/workspace/8-2-build-linux-amd64/jdk8u121/8372/hotspot/src/share/vm/prims/jni.cpp, line 709]
Event: 1.351 Thread 0x00007f54a824c000 Implicit null exception at 0x00007f549925ddc6 to 0x00007f549925f1ec
Event: 1.351 Thread 0x00007f54a824c000 Exception <a 'java/lang/NullPointerException'> (0x00000000d8a012c8) thrown at [/HUDSON3/workspace/8-2-build-linux-amd64/jdk8u121/8372/hotspot/src/share/vm/runtime/sharedRuntime.cpp, line 605]
Event: 1.351 Thread 0x00007f54a824c000 Exception <a 'java/io/FileNotFoundException'> (0x00000000d8a0a918) thrown at [/HUDSON3/workspace/8-2-build-linux-amd64/jdk8u121/8372/hotspot/src/share/vm/prims/jni.cpp, line 709]
Event: 1.351 Thread 0x00007f54a824c000 Implicit null exception at 0x00007f549925ddc6 to 0x00007f549925f1ec
Event: 1.351 Thread 0x00007f54a824c000 Exception <a 'java/lang/NullPointerException'> (0x00000000d8a0b258) thrown at [/HUDSON3/workspace/8-2-build-linux-amd64/jdk8u121/8372/hotspot/src/share/vm/runtime/sharedRuntime.cpp, line 605]
Event: 1.561 Thread 0x00007f54a824c000 Exception <a 'java/lang/UnsupportedOperationException': > (0x00000000d9a568d0) thrown at [/HUDSON3/workspace/8-2-build-linux-amd64/jdk8u121/8372/hotspot/src/share/vm/prims/jni.cpp, line 735]

Events (10 events):
Event: 5.245 loading class java/awt/Window$1DisposeAction done
Event: 5.247 loading class java/awt/LightweightDispatcher$2
Event: 5.247 loading class java/awt/LightweightDispatcher$2 done
Event: 5.247 loading class java/awt/Component$FlipBufferStrategy
Event: 5.247 loading class java/awt/Component$FlipBufferStrategy done
Event: 6.212 Thread 0x00007f5450017800 Thread exited: 0x00007f5450017800
Event: 10067.554 loading class sun/awt/X11/XkbEvent
Event: 10067.612 loading class sun/awt/X11/XkbEvent done
Event: 10067.612 loading class sun/awt/X11/XkbAnyEvent
Event: 10067.644 loading class sun/awt/X11/XkbAnyEvent done


Dynamic libraries:
00400000-00401000 r-xp 00000000 08:07 1202280                            /usr/java/jdk/bin/java
00600000-00601000 rw-p 00000000 08:07 1202280                            /usr/java/jdk/bin/java
01e4d000-01e6e000 rw-p 00000000 00:00 0                                  [heap]
87c00000-8cd80000 rw-p 00000000 00:00 0 
8cd80000-d7f00000 ---p 00000000 00:00 0 
d7f00000-da780000 rw-p 00000000 00:00 0 
da780000-100000000 ---p 00000000 00:00 0 
100000000-100160000 rw-p 00000000 00:00 0 
100160000-140000000 ---p 00000000 00:00 0 
7f5440000000-7f5440021000 rw-p 00000000 00:00 0 
7f5440021000-7f5444000000 ---p 00000000 00:00 0 
7f5444000000-7f5444021000 rw-p 00000000 00:00 0 
7f5444021000-7f5448000000 ---p 00000000 00:00 0 
7f544a95d000-7f544aa5e000 rw-p 00000000 00:00 0 
7f544aa5e000-7f544aa61000 ---p 00000000 00:00 0 
7f544aa61000-7f544ab5f000 rw-p 00000000 00:00 0 
7f544ab5f000-7f544abc8000 r-xp 00000000 08:07 1202388                    /usr/java/jdk/jre/lib/amd64/libt2k.so
7f544abc8000-7f544adc8000 ---p 00069000 08:07 1202388                    /usr/java/jdk/jre/lib/amd64/libt2k.so
7f544adc8000-7f544adcf000 rw-p 00069000 08:07 1202388                    /usr/java/jdk/jre/lib/amd64/libt2k.so
7f544adcf000-7f544addf000 rw-p 00000000 00:00 0 
7f544addf000-7f544ade8000 r--s 00000000 08:07 5244809                    /usr/share/texlive/texmf-dist/fonts/type1/adobe/utopia/putr8a.pfb
7f544ade8000-7f544adf2000 r--s 00000000 08:07 5244810                    /usr/share/texlive/texmf-dist/fonts/type1/adobe/utopia/putbi8a.pfb
7f544adf2000-7f544ae02000 r--s 00000000 08:07 5244815                    /usr/share/texlive/texmf-dist/fonts/type1/adobe/courier/pcrr8a.pfb
7f544ae02000-7f544ae11000 r--s 00000000 08:07 5244812                    /usr/share/texlive/texmf-dist/fonts/type1/adobe/courier/pcrro8a.pfb
7f544ae11000-7f544ae1a000 r--s 00000000 08:07 5244835                    /usr/share/texlive/texmf-dist/fonts/type1/bitstrea/charter/bchr8a.pfb
7f544ae1a000-7f544ae2a000 r--s 00000000 08:07 5244816                    /usr/share/texlive/texmf-dist/fonts/type1/adobe/courier/pcrb8a.pfb
7f544ae2a000-7f544ae33000 r--s 00000000 08:07 5244808                    /usr/share/texlive/texmf-dist/fonts/type1/adobe/utopia/putb8a.pfb
7f544ae33000-7f544ae3d000 r--s 00000000 08:07 5244807                    /usr/share/texlive/texmf-dist/fonts/type1/adobe/utopia/putri8a.pfb
7f544ae3d000-7f544ae4d000 r--s 00000000 08:07 5244814                    /usr/share/texlive/texmf-dist/fonts/type1/adobe/courier/pcrbo8a.pfb
7f544ae4d000-7f544ae56000 r--s 00000000 08:07 5244834                    /usr/share/texlive/texmf-dist/fonts/type1/bitstrea/charter/bchri8a.pfb
7f544ae56000-7f544ae5f000 r--s 00000000 08:07 5244833                    /usr/share/texlive/texmf-dist/fonts/type1/bitstrea/charter/bchb8a.pfb
7f544ae5f000-7f544ae68000 r--s 00000000 08:07 5244836                    /usr/share/texlive/texmf-dist/fonts/type1/bitstrea/charter/bchbi8a.pfb
7f544ae68000-7f544ae7e000 r--s 00000000 08:07 2100610                    /usr/share/fonts/type1/gsfonts/n021024l.pfb
7f544ae7e000-7f544ae92000 r--s 00000000 08:07 2100577                    /usr/share/fonts/type1/gsfonts/n019003l.pfb
7f544ae92000-7f544aead000 r--s 00000000 08:07 2100631                    /usr/share/fonts/type1/gsfonts/p052023l.pfb
7f544aead000-7f544aec2000 r--s 00000000 08:07 2100556                    /usr/share/fonts/type1/gsfonts/b018032l.pfb
7f544aec2000-7f544aed8000 r--s 00000000 08:07 2100619                    /usr/share/fonts/type1/gsfonts/n022023l.pfb
7f544aed8000-7f544af99000 r--s 00000000 08:07 3676537                    /var/cache/fontconfig/de49e17e6e33c7c40c4acdcf85b0191b-le64.cache-6
7f544af9e000-7f544afb7000 r--s 00000000 08:07 2100604                    /usr/share/fonts/type1/gsfonts/n021004l.pfb
7f544afb7000-7f544afce000 r--s 00000000 08:07 2100640                    /usr/share/fonts/type1/gsfonts/z003034l.pfb
7f544afce000-7f544afe1000 r--s 00000000 08:07 2100598                    /usr/share/fonts/type1/gsfonts/n019064l.pfb
7f544afe1000-7f544affc000 r--s 00000000 08:07 2100625                    /usr/share/fonts/type1/gsfonts/p052003l.pfb
7f544affc000-7f544b00f000 r--s 00000000 08:07 2100553                    /usr/share/fonts/type1/gsfonts/b018015l.pfb
7f544b00f000-7f544b01b000 r--s 00000000 08:07 2100574                    /usr/share/fonts/type1/gsfonts/d050000l.pfb
7f544b01b000-7f544b024000 r--s 00000000 08:07 2100637                    /usr/share/fonts/type1/gsfonts/s050000l.pfb
7f544b024000-7f544b034000 r--s 00000000 08:07 2100541                    /usr/share/fonts/type1/gsfonts/a010015l.pfb
7f544b034000-7f544b045000 r--s 00000000 08:07 2100586                    /usr/share/fonts/type1/gsfonts/n019024l.pfb
7f544b045000-7f544b05c000 r--s 00000000 08:07 2100607                    /usr/share/fonts/type1/gsfonts/n021023l.pfb
7f544b05c000-7f544b06c000 r--s 00000000 08:07 2100544                    /usr/share/fonts/type1/gsfonts/a010033l.pfb
7f544b06c000-7f544b086000 r--s 00000000 08:07 2100562                    /usr/share/fonts/type1/gsfonts/c059013l.pfb
7f544b086000-7f544b098000 r--s 00000000 08:07 2100580                    /usr/share/fonts/type1/gsfonts/n019004l.pfb
7f544b098000-7f544b0b4000 r--s 00000000 08:07 2100634                    /usr/share/fonts/type1/gsfonts/p052024l.pfb
7f544b0b4000-7f544b0c5000 r--s 00000000 08:07 2100547                    /usr/share/fonts/type1/gsfonts/a010035l.pfb
7f544b0c5000-7f544b0d6000 r--s 00000000 08:07 2100595                    /usr/share/fonts/type1/gsfonts/n019063l.pfb
7f544b0d6000-7f544b0e7000 r--s 00000000 08:07 2100583                    /usr/share/fonts/type1/gsfonts/n019023l.pfb
7f544b0e7000-7f544b100000 r--s 00000000 08:07 2100616                    /usr/share/fonts/type1/gsfonts/n022004l.pfb
7f544b100000-7f544b119000 r--s 00000000 08:07 2100550                    /usr/share/fonts/type1/gsfonts/b018012l.pfb
7f544b119000-7f544b134000 r--s 00000000 08:07 2100565                    /usr/share/fonts/type1/gsfonts/c059016l.pfb
7f544b134000-7f544b146000 r--s 00000000 08:07 2100589                    /usr/share/fonts/type1/gsfonts/n019043l.pfb
7f544b146000-7f544b156000 r--s 00000000 08:07 2100538                    /usr/share/fonts/type1/gsfonts/a010013l.pfb
7f544b156000-7f544b16c000 r--s 00000000 08:07 2100622                    /usr/share/fonts/type1/gsfonts/n022024l.pfb
7f544b16c000-7f544b17e000 r--s 00000000 08:07 2100559                    /usr/share/fonts/type1/gsfonts/b018035l.pfb
7f544b17e000-7f544b199000 r--s 00000000 08:07 2100628                    /usr/share/fonts/type1/gsfonts/p052004l.pfb
7f544b199000-7f544b1b2000 r--s 00000000 08:07 2100601                    /usr/share/fonts/type1/gsfonts/n021003l.pfb
7f544b1b2000-7f544b1ca000 r--s 00000000 08:07 2100571                    /usr/share/fonts/type1/gsfonts/c059036l.pfb
7f544b1ca000-7f544b1dc000 r--s 00000000 08:07 2100592                    /usr/share/fonts/type1/gsfonts/n019044l.pfb
7f544b1dc000-7f544b1f4000 r--s 00000000 08:07 2100568                    /usr/share/fonts/type1/gsfonts/c059033l.pfb
7f544b1f4000-7f544b214000 r--s 00000000 08:07 4853899                    /usr/share/texmf/fonts/type1/public/tex-gyre/qbkb.pfb
7f544b214000-7f544b235000 r--s 00000000 08:07 4853909                    /usr/share/texmf/fonts/type1/public/tex-gyre/qtmr.pfb
7f544b235000-7f544b250000 r--s 00000000 08:07 4203299                    /usr/share/texmf/fonts/type1/public/lm/lmtlc10.pfb
7f544b250000-7f544b26b000 r--s 00000000 08:07 4853900                    /usr/share/texmf/fonts/type1/public/tex-gyre/qhvr.pfb
7f544b26b000-7f544b288000 r--s 00000000 08:07 4203306                    /usr/share/texmf/fonts/type1/public/lm/lmvtt10.pfb
7f544b288000-7f544b2a5000 r--s 00000000 08:07 4203351                    /usr/share/texmf/fonts/type1/public/lm/lmssq8.pfb
7f544b2a5000-7f544b2c7000 r--s 00000000 08:07 4203287                    /usr/share/texmf/fonts/type1/public/lm/lmbo10.pfb
7f544b2c7000-7f544b2d0000 r--s 00000000 08:07 2099840                    /usr/share/fonts/X11/Type1/c0649bt_.pfb
7f544b2d0000-7f544b2f2000 r--s 00000000 08:07 4203322                    /usr/share/texmf/fonts/type1/public/lm/lmssbo10.pfb
7f544b2f2000-7f544b311000 r--s 00000000 08:07 4203270                    /usr/share/texmf/fonts/type1/public/lm/lmtlo10.pfb
7f544b311000-7f544b331000 r--s 00000000 08:07 4853920                    /usr/share/texmf/fonts/type1/public/tex-gyre/qcsb.pfb
7f544b331000-7f544b34f000 r--s 00000000 08:07 4203333                    /usr/share/texmf/fonts/type1/public/lm/lmssbx10.pfb
7f544b34f000-7f544b36e000 r--s 00000000 08:07 4203285                    /usr/share/texmf/fonts/type1/public/lm/lmssqbo8.pfb
7f544b36e000-7f544b38f000 r--s 00000000 08:07 4203356                    /usr/share/texmf/fonts/type1/public/lm/lmro10.pfb
7f544b38f000-7f544b3b1000 r--s 00000000 08:07 4853910                    /usr/share/texmf/fonts/type1/public/tex-gyre/qplri.pfb
7f544b3b1000-7f544b3d2000 r--s 00000000 08:07 4853903                    /usr/share/texmf/fonts/type1/public/tex-gyre/qcsbi.pfb
7f544b3d2000-7f544b3ef000 r--s 00000000 08:07 4203286                    /usr/share/texmf/fonts/type1/public/lm/lmtk10.pfb
7f544b3ef000-7f544b40d000 r--s 00000000 08:07 4203275                    /usr/share/texmf/fonts/type1/public/lm/lmvtl10.pfb
7f544b40d000-7f544b427000 r--s 00000000 08:07 4203307                    /usr/share/texmf/fonts/type1/public/lm/lmtl10.pfb
7f544b427000-7f544b444000 r--s 00000000 08:07 4203336                    /usr/share/texmf/fonts/type1/public/lm/lmssdc10.pfb
7f544b444000-7f544b466000 r--s 00000000 08:07 4203290                    /usr/share/texmf/fonts/type1/public/lm/lmvtlo10.pfb
7f544b466000-7f544b470000 r--s 00000000 08:07 2099828                    /usr/share/fonts/X11/Type1/c0582bt_.pfb
7f544b470000-7f544b47a000 r--s 00000000 08:07 2099826                    /usr/share/fonts/X11/Type1/c0419bt_.pfb
7f544b47a000-7f544b498000 r--s 00000000 08:07 4203269                    /usr/share/texmf/fonts/type1/public/lm/lmr10.pfb
7f544b498000-7f544b4ba000 r--s 00000000 08:07 4203358                    /usr/share/texmf/fonts/type1/public/lm/lmtlco10.pfb
7f544b4ba000-7f544b4c3000 r--s 00000000 08:07 2099836                    /usr/share/fonts/X11/Type1/c0633bt_.pfb
7f544b4c3000-7f544b4e6000 r--s 00000000 08:07 4853898                    /usr/share/texmf/fonts/type1/public/tex-gyre/qplbi.pfb
7f544b4e6000-7f544b501000 r--s 00000000 08:07 4853913                    /usr/share/texmf/fonts/type1/public/tex-gyre/qhvri.pfb
7f544b501000-7f544b519000 r--s 00000000 08:07 4203293                    /usr/share/texmf/fonts/type1/public/lm/lmss10.pfb
7f544b519000-7f544b53c000 r--s 00000000 08:07 4203347                    /usr/share/texmf/fonts/type1/public/lm/lmtko10.pfb
7f544b53c000-7f544b558000 r--s 00000000 08:07 4203326                    /usr/share/texmf/fonts/type1/public/lm/lmbxi10.pfb
7f544b558000-7f544b578000 r--s 00000000 08:07 4203279                    /usr/share/texmf/fonts/type1/public/lm/lmtcso10.pfb
7f544b578000-7f544b598000 r--s 00000000 08:07 4853912                    /usr/share/texmf/fonts/type1/public/tex-gyre/qbkr.pfb
7f544b598000-7f544b5bc000 r--s 00000000 08:07 4203274                    /usr/share/texmf/fonts/type1/public/lm/lmduno10.pfb
7f544b5bc000-7f544b5db000 r--s 00000000 08:07 4203353                    /usr/share/texmf/fonts/type1/public/lm/lmb10.pfb
7f544b5db000-7f544b5f7000 r--s 00000000 08:07 4853925                    /usr/share/texmf/fonts/type1/public/tex-gyre/qhvcb.pfb
7f544b5f7000-7f544b616000 r--s 00000000 08:07 4203292                    /usr/share/texmf/fonts/type1/public/lm/lmvtk10.pfb
7f544b616000-7f544b636000 r--s 00000000 08:07 4853919                    /usr/share/texmf/fonts/type1/public/tex-gyre/qcsri.pfb
7f544b636000-7f544b652000 r--s 00000000 08:07 4203308                    /usr/share/texmf/fonts/type1/public/lm/lmri10.pfb
7f544b652000-7f544b674000 r--s 00000000 08:07 4853924                    /usr/share/texmf/fonts/type1/public/tex-gyre/qplb.pfb
7f544b674000-7f544b693000 r--s 00000000 08:07 4853922                    /usr/share/texmf/fonts/type1/public/tex-gyre/qcrri.pfb
7f544b693000-7f544b6b3000 r--s 00000000 08:07 4203282                    /usr/share/texmf/fonts/type1/public/lm/lmssqo8.pfb
7f544b6b3000-7f544b6cc000 r--s 00000000 08:07 4853902                    /usr/share/texmf/fonts/type1/public/tex-gyre/qagri.pfb
7f544b6cc000-7f544b6d5000 r--s 00000000 08:07 2099838                    /usr/share/fonts/X11/Type1/c0648bt_.pfb
7f544b6d5000-7f544b6ee000 r--s 00000000 08:07 4203283                    /usr/share/texmf/fonts/type1/public/lm/lmtti10.pfb
7f544b6ee000-7f544b70c000 r--s 00000000 08:07 4203276                    /usr/share/texmf/fonts/type1/public/lm/lmbx10.pfb
7f544b70c000-7f544b728000 r--s 00000000 08:07 4853923                    /usr/share/texmf/fonts/type1/public/tex-gyre/qhvb.pfb
7f544b728000-7f544b749000 r--s 00000000 08:07 4853906                    /usr/share/texmf/fonts/type1/public/tex-gyre/qtmb.pfb
7f544b749000-7f544b764000 r--s 00000000 08:07 4853921                    /usr/share/texmf/fonts/type1/public/tex-gyre/qagr.pfb
7f544b764000-7f544b785000 r--s 00000000 08:07 4203323                    /usr/share/texmf/fonts/type1/public/lm/lmvtto10.pfb
7f544b785000-7f544b7a5000 r--s 00000000 08:07 4853928                    /usr/share/texmf/fonts/type1/public/tex-gyre/qcrb.pfb
7f544b7a5000-7f544b7c5000 r--s 00000000 08:07 4853916                    /usr/share/texmf/fonts/type1/public/tex-gyre/qtmbi.pfb
7f544b7c5000-7f544b7e0000 r--s 00000000 08:07 4853907                    /usr/share/texmf/fonts/type1/public/tex-gyre/qhvcr.pfb
7f544b7e0000-7f544b7fb000 r--s 00000000 08:07 4203354                    /usr/share/texmf/fonts/type1/public/lm/lmtcsc10.pfb
7f544b7fb000-7f544b81a000 r--s 00000000 08:07 4853901                    /usr/share/texmf/fonts/type1/public/tex-gyre/qcrr.pfb
7f544b81a000-7f544b83f000 r--s 00000000 08:07 4203294                    /usr/share/texmf/fonts/type1/public/lm/lmvtko10.pfb
7f544b83f000-7f544b85f000 r--s 00000000 08:07 4853915                    /usr/share/texmf/fonts/type1/public/tex-gyre/qtmri.pfb
7f544b85f000-7f544b881000 r--s 00000000 08:07 4203315                    /usr/share/texmf/fonts/type1/public/lm/lmbxo10.pfb
7f544b881000-7f544b89c000 r--s 00000000 08:07 4203330                    /usr/share/texmf/fonts/type1/public/lm/lmsso10.pfb
7f544b89c000-7f544b8bd000 r--s 00000000 08:07 4203349                    /usr/share/texmf/fonts/type1/public/lm/lmcsco10.pfb
7f544b8bd000-7f544b8c7000 r--s 00000000 08:07 2099832                    /usr/share/fonts/X11/Type1/c0611bt_.pfb
7f544b8c7000-7f544b8e7000 r--s 00000000 08:07 4853927                    /usr/share/texmf/fonts/type1/public/tex-gyre/qcsr.pfb
7f544b8e7000-7f544b903000 r--s 00000000 08:07 4203301                    /usr/share/texmf/fonts/type1/public/lm/lmtt10.pfb
7f544b903000-7f544b91d000 r--s 00000000 08:07 4853911                    /usr/share/texmf/fonts/type1/public/tex-gyre/qagbi.pfb
7f544b91d000-7f544b939000 r--s 00000000 08:07 4203312                    /usr/share/texmf/fonts/type1/public/lm/lmu10.pfb
7f544b939000-7f544b953000 r--s 00000000 08:07 4853926                    /usr/share/texmf/fonts/type1/public/tex-gyre/qhvcri.pfb
7f544b953000-7f544b96d000 r--s 00000000 08:07 4853917                    /usr/share/texmf/fonts/type1/public/tex-gyre/qhvbi.pfb
7f544b96d000-7f544b987000 r--s 00000000 08:07 4853904                    /usr/share/texmf/fonts/type1/public/tex-gyre/qzcmi.pfb
7f544b987000-7f544b9a2000 r--s 00000000 08:07 4853929                    /usr/share/texmf/fonts/type1/public/tex-gyre/qhvcbi.pfb
7f544b9a2000-7f544b9c3000 r--s 00000000 08:07 4853914                    /usr/share/texmf/fonts/type1/public/tex-gyre/qbkri.pfb
7f544b9c3000-7f544b9e0000 r--s 00000000 08:07 4203314                    /usr/share/texmf/fonts/type1/public/lm/lmcsc10.pfb
7f544b9e0000-7f544ba00000 r--s 00000000 08:07 4853930                    /usr/share/texmf/fonts/type1/public/tex-gyre/qcrbi.pfb
7f544ba00000-7f544ba1d000 r--s 00000000 08:07 4203317                    /usr/share/texmf/fonts/type1/public/lm/lmssqbx8.pfb
7f544ba1d000-7f544ba39000 r--s 00000000 08:07 4853908                    /usr/share/texmf/fonts/type1/public/tex-gyre/qagb.pfb
7f544ba39000-7f544ba58000 r--s 00000000 08:07 4203343                    /usr/share/texmf/fonts/type1/public/lm/lmdunh10.pfb
7f544ba58000-7f544ba7a000 r--s 00000000 08:07 4203352                    /usr/share/texmf/fonts/type1/public/lm/lmssdo10.pfb
7f544ba7a000-7f544ba9a000 r--s 00000000 08:07 4853905                    /usr/share/texmf/fonts/type1/public/tex-gyre/qbkbi.pfb
7f544ba9a000-7f544bab9000 r--s 00000000 08:07 4203328                    /usr/share/texmf/fonts/type1/public/lm/lmtto10.pfb
7f544bab9000-7f544bac3000 r--s 00000000 08:07 2099830                    /usr/share/fonts/X11/Type1/c0583bt_.pfb
7f544bac3000-7f544bae5000 r--s 00000000 08:07 4853918                    /usr/share/texmf/fonts/type1/public/tex-gyre/qplr.pfb
7f544bae5000-7f544baee000 r--s 00000000 08:07 2099834                    /usr/share/fonts/X11/Type1/c0632bt_.pfb
7f544baee000-7f544baff000 r-xp 00000000 08:07 1202362                    /usr/java/jdk/jre/lib/amd64/libnio.so
7f544baff000-7f544bcfe000 ---p 00011000 08:07 1202362                    /usr/java/jdk/jre/lib/amd64/libnio.so
7f544bcfe000-7f544bcff000 rw-p 00010000 08:07 1202362                    /usr/java/jdk/jre/lib/amd64/libnio.so
7f544bcff000-7f544c000000 rw-p 00000000 00:00 0 
7f544c000000-7f544c021000 rw-p 00000000 00:00 0 
7f544c021000-7f5450000000 ---p 00000000 00:00 0 
7f5450000000-7f54502b6000 rw-p 00000000 00:00 0 
7f54502b6000-7f5454000000 ---p 00000000 00:00 0 
7f5454000000-7f5454021000 rw-p 00000000 00:00 0 
7f5454021000-7f5458000000 ---p 00000000 00:00 0 
7f5458000000-7f545802a000 rw-p 00000000 00:00 0 
7f545802a000-7f545c000000 ---p 00000000 00:00 0 
7f545c000000-7f545c021000 rw-p 00000000 00:00 0 
7f545c021000-7f5460000000 ---p 00000000 00:00 0 
7f5460000000-7f5460021000 rw-p 00000000 00:00 0 
7f5460021000-7f5464000000 ---p 00000000 00:00 0 
7f5464000000-7f5465034000 rw-p 00000000 00:00 0 
7f5465034000-7f5468000000 ---p 00000000 00:00 0 
7f5468000000-7f5468546000 rw-p 00000000 00:00 0 
7f5468546000-7f546c000000 ---p 00000000 00:00 0 
7f546c000000-7f546c021000 rw-p 00000000 00:00 0 
7f546c021000-7f5470000000 ---p 00000000 00:00 0 
7f5470000000-7f547127d000 rw-p 00000000 00:00 0 
7f547127d000-7f5474000000 ---p 00000000 00:00 0 
7f5474000000-7f5474021000 rw-p 00000000 00:00 0 
7f5474021000-7f5478000000 ---p 00000000 00:00 0 
7f5478000000-7f5478021000 rw-p 00000000 00:00 0 
7f5478021000-7f547c000000 ---p 00000000 00:00 0 
7f547c000000-7f547c021000 rw-p 00000000 00:00 0 
7f547c021000-7f5480000000 ---p 00000000 00:00 0 
7f5480008000-7f548000f000 r--s 00000000 08:07 3670340                    /var/cache/fontconfig/4be9850f182b35c1350b6bbf2e42601c-le64.cache-6
7f548000f000-7f5480011000 r--s 00000000 08:07 3670363                    /var/cache/fontconfig/30a99c4256905863f7aa12b5e873c27c-le64.cache-6
7f5480011000-7f5480012000 r--s 00000000 08:07 3670362                    /var/cache/fontconfig/087e1975ba9a574b140bb1df193bf770-le64.cache-6
7f5480012000-7f5480016000 r--s 00000000 08:07 3670359                    /var/cache/fontconfig/6aa41aa22e18b8fa06a12da28ea9c28b-le64.cache-6
7f5480016000-7f5480021000 r--s 00000000 08:07 3670357                    /var/cache/fontconfig/945677eb7aeaf62f1d50efc3fb3ec7d8-le64.cache-6
7f5480021000-7f5480026000 r--s 00000000 08:07 3679723                    /var/cache/fontconfig/99e8ed0e538f840c565b6ed5dad60d56-le64.cache-6
7f5480026000-7f548002c000 r--s 00000000 08:07 3670355                    /var/cache/fontconfig/2cd17615ca594fa2959ae173292e504c-le64.cache-6
7f548002c000-7f548002d000 r--s 00000000 08:07 3670351                    /var/cache/fontconfig/0d8c3b2ac0904cb8a57a757ad11a4a08-le64.cache-6
7f548002d000-7f5480031000 r--s 00000000 08:07 3696967                    /var/cache/fontconfig/de156ccd2eddbdc19d37a45b8b2aac9c-le64.cache-6
7f5480031000-7f5480046000 r--s 00000000 08:07 3670350                    /var/cache/fontconfig/04aabc0a78ac019cf9454389977116d2-le64.cache-6
7f5480046000-7f5480047000 r--s 00000000 08:07 3670348                    /var/cache/fontconfig/1ac9eb803944fde146138c791f5cc56a-le64.cache-6
7f5480047000-7f5480048000 r--s 00000000 08:07 3670347                    /var/cache/fontconfig/b95bc8ffbebda2bbdae4265e45b8178d-le64.cache-6
7f5480048000-7f548004c000 r--s 00000000 08:07 3670346                    /var/cache/fontconfig/385c0604a188198f04d133e54aba7fe7-le64.cache-6
7f548004c000-7f548004f000 r--s 00000000 08:07 3670345                    /var/cache/fontconfig/cc7d5960448caf04b01115f3462e4057-le64.cache-6
7f548004f000-7f5480050000 r--s 00000000 08:07 3670343                    /var/cache/fontconfig/9c956a7723ca69a44b382d9179c9802f-le64.cache-6
7f5480050000-7f5480051000 r--s 00000000 08:07 3670341                    /var/cache/fontconfig/dc05db6664285cc2f12bf69c139ae4c3-le64.cache-6
7f5480051000-7f5480052000 r--s 00000000 08:07 3670334                    /var/cache/fontconfig/5d1cca7074f29429a8d18692746c2426-le64.cache-6
7f5480052000-7f5480055000 r--s 00000000 08:07 3670332                    /var/cache/fontconfig/767a8244fc0220cfb567a839d0392e0b-le64.cache-6
7f5480055000-7f5480056000 r--s 00000000 08:07 3670331                    /var/cache/fontconfig/9eae20f1ff8cc0a7d125749e875856bd-le64.cache-6
7f5480056000-7f5480059000 r--s 00000000 08:07 3670330                    /var/cache/fontconfig/bf2c1853a9e9b00bb02fe2e9bcf1e201-le64.cache-6
7f5480059000-7f548005e000 r--s 00000000 08:07 3670328                    /var/cache/fontconfig/8801497958630a81b71ace7c5f9b32a8-le64.cache-6
7f548005e000-7f5480062000 r--s 00000000 08:07 3670327                    /var/cache/fontconfig/c57959a16110560c8d0fcea73374aeeb-le64.cache-6
7f5480062000-7f5480063000 r--s 00000000 08:07 3670326                    /var/cache/fontconfig/bab58bb527bb656aaa9f116d68a48d89-le64.cache-6
7f5480063000-7f548006a000 r--s 00000000 08:07 3670325                    /var/cache/fontconfig/3047814df9a2f067bd2d96a2b9c36e5a-le64.cache-6
7f548006a000-7f5480072000 r--s 00000000 08:07 3670324                    /var/cache/fontconfig/bf3b770c553c462765856025a94f1ce6-le64.cache-6
7f5480072000-7f5480073000 r--s 00000000 08:07 3670322                    /var/cache/fontconfig/56cf4f4769d0f4abc89a4895d7bd3ae1-le64.cache-6
7f5480073000-7f5480074000 r--s 00000000 08:07 3670321                    /var/cache/fontconfig/b9d506c9ac06c20b433354fa67a72993-le64.cache-6
7f5480074000-7f548007a000 r--s 00000000 08:07 3670320                    /var/cache/fontconfig/b47c4e1ecd0709278f4910c18777a504-le64.cache-6
7f548007a000-7f548007d000 r--s 00000000 08:07 3670318                    /var/cache/fontconfig/14d493b97896515cad3840ba4896e372-le64.cache-6
7f548007d000-7f5480080000 r--s 00000000 08:07 3670317                    /var/cache/fontconfig/e49e89034d371f0f9de17aab02136486-le64.cache-6
7f5480080000-7f5480082000 r--s 00000000 08:07 3670314                    /var/cache/fontconfig/4b14b093aebc79c320de5e86ae1d3314-le64.cache-6
7f5480082000-7f5480083000 r--s 00000000 08:07 3670313                    /var/cache/fontconfig/8aec10f4cc8391dcef22ca549f1e4354-le64.cache-6
7f5480083000-7f5480096000 r--s 00000000 08:07 3670312                    /var/cache/fontconfig/d52a8644073d54c13679302ca1180695-le64.cache-6
7f5480096000-7f5480097000 r--s 00000000 08:07 3670311                    /var/cache/fontconfig/551ecf3b0e8b0bca0f25c0944f561853-le64.cache-6
7f5480097000-7f5480098000 r--s 00000000 08:07 3670308                    /var/cache/fontconfig/8a687c406b77f27d99abfeeba937fcce-le64.cache-6
7f5480098000-7f548009d000 r--s 00000000 08:07 3670306                    /var/cache/fontconfig/75ad6aa2358a85f0de2c8ee4837e8227-le64.cache-6
7f548009d000-7f548009e000 r--s 00000000 08:07 3670305                    /var/cache/fontconfig/ac2cf712d852da827a87a9baf682f5b9-le64.cache-6
7f548009e000-7f54800a0000 r--s 00000000 08:07 3670302                    /var/cache/fontconfig/65f976e5259cbe6dc7697b8648396239-le64.cache-6
7f54800a0000-7f54800ab000 r--s 00000000 08:07 3670300                    /var/cache/fontconfig/d589a48862398ed80a3d6066f4f56f4c-le64.cache-6
7f54800ab000-7f54800af000 r--s 00000000 08:07 3670299                    /var/cache/fontconfig/246184dc75a16901ca37d96895904249-le64.cache-6
7f54800af000-7f54800b0000 r--s 00000000 08:07 3670296                    /var/cache/fontconfig/94f7fe9bd33aadfac165873bd010d595-le64.cache-6
7f54800b0000-7f54800b2000 r--s 00000000 08:07 3670288                    /var/cache/fontconfig/423767150eb258c59035de29db6fca84-le64.cache-6
7f54800b2000-7f54800bf000 r--s 00000000 08:07 3670271                    /var/cache/fontconfig/089dead882dea3570ffc31a9898cfb69-le64.cache-6
7f54800bf000-7f54800d5000 r-xp 00000000 08:07 1202337                    /usr/java/jdk/jre/lib/amd64/libnet.so
7f54800d5000-7f54802d5000 ---p 00016000 08:07 1202337                    /usr/java/jdk/jre/lib/amd64/libnet.so
7f54802d5000-7f54802d6000 rw-p 00016000 08:07 1202337                    /usr/java/jdk/jre/lib/amd64/libnet.so
7f54802d6000-7f5480496000 rw-p 00000000 00:00 0 
7f5480496000-7f54804d6000 ---p 00000000 00:00 0 
7f54804d6000-7f54804d9000 ---p 00000000 00:00 0 
7f54804d9000-7f54805d7000 rw-p 00000000 00:00 0 
7f54805d7000-7f54805da000 ---p 00000000 00:00 0 
7f54805da000-7f54806d8000 rw-p 00000000 00:00 0 
7f54806d8000-7f54806db000 ---p 00000000 00:00 0 
7f54806db000-7f54807d9000 rw-p 00000000 00:00 0 
7f54807d9000-7f54807dc000 ---p 00000000 00:00 0 
7f54807dc000-7f54808da000 rw-p 00000000 00:00 0 
7f54808da000-7f54808df000 r-xp 00000000 08:07 1188371                    /usr/lib/x86_64-linux-gnu/libXfixes.so.3.1.0
7f54808df000-7f5480ade000 ---p 00005000 08:07 1188371                    /usr/lib/x86_64-linux-gnu/libXfixes.so.3.1.0
7f5480ade000-7f5480adf000 r--p 00004000 08:07 1188371                    /usr/lib/x86_64-linux-gnu/libXfixes.so.3.1.0
7f5480adf000-7f5480ae0000 rw-p 00005000 08:07 1188371                    /usr/lib/x86_64-linux-gnu/libXfixes.so.3.1.0
7f5480ae0000-7f5480ae9000 r-xp 00000000 08:07 1188363                    /usr/lib/x86_64-linux-gnu/libXcursor.so.1.0.2
7f5480ae9000-7f5480ce8000 ---p 00009000 08:07 1188363                    /usr/lib/x86_64-linux-gnu/libXcursor.so.1.0.2
7f5480ce8000-7f5480ce9000 r--p 00008000 08:07 1188363                    /usr/lib/x86_64-linux-gnu/libXcursor.so.1.0.2
7f5480ce9000-7f5480cea000 rw-p 00009000 08:07 1188363                    /usr/lib/x86_64-linux-gnu/libXcursor.so.1.0.2
7f5480cea000-7f5480ced000 ---p 00000000 00:00 0 
7f5480ced000-7f5480deb000 rw-p 00000000 00:00 0 
7f5480deb000-7f5480e01000 r-xp 00000000 08:07 135714                     /lib/x86_64-linux-gnu/libgcc_s.so.1
7f5480e01000-7f5481000000 ---p 00016000 08:07 135714                     /lib/x86_64-linux-gnu/libgcc_s.so.1
7f5481000000-7f5481001000 rw-p 00015000 08:07 135714                     /lib/x86_64-linux-gnu/libgcc_s.so.1
7f5481001000-7f5481066000 r-xp 00000000 08:07 1202356                    /usr/java/jdk/jre/lib/amd64/libfontmanager.so
7f5481066000-7f5481265000 ---p 00065000 08:07 1202356                    /usr/java/jdk/jre/lib/amd64/libfontmanager.so
7f5481265000-7f548126a000 rw-p 00064000 08:07 1202356                    /usr/java/jdk/jre/lib/amd64/libfontmanager.so
7f548126a000-7f548127a000 rw-p 00000000 00:00 0 
7f548127a000-7f548127f000 r-xp 00000000 08:07 1188367                    /usr/lib/x86_64-linux-gnu/libXdmcp.so.6.0.0
7f548127f000-7f548147e000 ---p 00005000 08:07 1188367                    /usr/lib/x86_64-linux-gnu/libXdmcp.so.6.0.0
7f548147e000-7f548147f000 r--p 00004000 08:07 1188367                    /usr/lib/x86_64-linux-gnu/libXdmcp.so.6.0.0
7f548147f000-7f5481480000 rw-p 00005000 08:07 1188367                    /usr/lib/x86_64-linux-gnu/libXdmcp.so.6.0.0
7f5481480000-7f5481482000 r-xp 00000000 08:07 1188356                    /usr/lib/x86_64-linux-gnu/libXau.so.6.0.0
7f5481482000-7f5481682000 ---p 00002000 08:07 1188356                    /usr/lib/x86_64-linux-gnu/libXau.so.6.0.0
7f5481682000-7f5481683000 r--p 00002000 08:07 1188356                    /usr/lib/x86_64-linux-gnu/libXau.so.6.0.0
7f5481683000-7f5481684000 rw-p 00003000 08:07 1188356                    /usr/lib/x86_64-linux-gnu/libXau.so.6.0.0
7f5481684000-7f54816a5000 r-xp 00000000 08:07 1189736                    /usr/lib/x86_64-linux-gnu/libxcb.so.1.1.0
7f54816a5000-7f54818a4000 ---p 00021000 08:07 1189736                    /usr/lib/x86_64-linux-gnu/libxcb.so.1.1.0
7f54818a4000-7f54818a5000 r--p 00020000 08:07 1189736                    /usr/lib/x86_64-linux-gnu/libxcb.so.1.1.0
7f54818a5000-7f54818a6000 rw-p 00021000 08:07 1189736                    /usr/lib/x86_64-linux-gnu/libxcb.so.1.1.0
7f54818a6000-7f54818b5000 r-xp 00000000 08:07 1188377                    /usr/lib/x86_64-linux-gnu/libXi.so.6.1.0
7f54818b5000-7f5481ab4000 ---p 0000f000 08:07 1188377                    /usr/lib/x86_64-linux-gnu/libXi.so.6.1.0
7f5481ab4000-7f5481ab5000 r--p 0000e000 08:07 1188377                    /usr/lib/x86_64-linux-gnu/libXi.so.6.1.0
7f5481ab5000-7f5481ab6000 rw-p 0000f000 08:07 1188377                    /usr/lib/x86_64-linux-gnu/libXi.so.6.1.0
7f5481ab6000-7f5481abb000 r-xp 00000000 08:07 1188395                    /usr/lib/x86_64-linux-gnu/libXtst.so.6.1.0
7f5481abb000-7f5481cba000 ---p 00005000 08:07 1188395                    /usr/lib/x86_64-linux-gnu/libXtst.so.6.1.0
7f5481cba000-7f5481cbb000 r--p 00004000 08:07 1188395                    /usr/lib/x86_64-linux-gnu/libXtst.so.6.1.0
7f5481cbb000-7f5481cbc000 rw-p 00005000 08:07 1188395                    /usr/lib/x86_64-linux-gnu/libXtst.so.6.1.0
7f5481cbc000-7f5481cc5000 r-xp 00000000 08:07 1188389                    /usr/lib/x86_64-linux-gnu/libXrender.so.1.3.0
7f5481cc5000-7f5481ec4000 ---p 00009000 08:07 1188389                    /usr/lib/x86_64-linux-gnu/libXrender.so.1.3.0
7f5481ec4000-7f5481ec5000 r--p 00008000 08:07 1188389                    /usr/lib/x86_64-linux-gnu/libXrender.so.1.3.0
7f5481ec5000-7f5481ec6000 rw-p 00009000 08:07 1188389                    /usr/lib/x86_64-linux-gnu/libXrender.so.1.3.0
7f5481ec6000-7f5481ffb000 r-xp 00000000 08:07 1188352                    /usr/lib/x86_64-linux-gnu/libX11.so.6.3.0
7f5481ffb000-7f54821fb000 ---p 00135000 08:07 1188352                    /usr/lib/x86_64-linux-gnu/libX11.so.6.3.0
7f54821fb000-7f54821fc000 r--p 00135000 08:07 1188352                    /usr/lib/x86_64-linux-gnu/libX11.so.6.3.0
7f54821fc000-7f5482200000 rw-p 00136000 08:07 1188352                    /usr/lib/x86_64-linux-gnu/libX11.so.6.3.0
7f5482200000-7f5482211000 r-xp 00000000 08:07 1188369                    /usr/lib/x86_64-linux-gnu/libXext.so.6.4.0
7f5482211000-7f5482410000 ---p 00011000 08:07 1188369                    /usr/lib/x86_64-linux-gnu/libXext.so.6.4.0
7f5482410000-7f5482411000 r--p 00010000 08:07 1188369                    /usr/lib/x86_64-linux-gnu/libXext.so.6.4.0
7f5482411000-7f5482412000 rw-p 00011000 08:07 1188369                    /usr/lib/x86_64-linux-gnu/libXext.so.6.4.0
7f5482412000-7f5482466000 r-xp 00000000 08:07 1202364                    /usr/java/jdk/jre/lib/amd64/libawt_xawt.so
7f5482466000-7f5482666000 ---p 00054000 08:07 1202364                    /usr/java/jdk/jre/lib/amd64/libawt_xawt.so
7f5482666000-7f548266a000 rw-p 00054000 08:07 1202364                    /usr/java/jdk/jre/lib/amd64/libawt_xawt.so
7f548266a000-7f548266b000 rw-p 00000000 00:00 0 
7f548266b000-7f548270d000 r-xp 00000000 08:07 1202391                    /usr/java/jdk/jre/lib/amd64/libawt.so
7f548270d000-7f548290d000 ---p 000a2000 08:07 1202391                    /usr/java/jdk/jre/lib/amd64/libawt.so
7f548290d000-7f5482919000 rw-p 000a2000 08:07 1202391                    /usr/java/jdk/jre/lib/amd64/libawt.so
7f5482919000-7f548293d000 rw-p 00000000 00:00 0 
7f548293d000-7f548293e000 ---p 00000000 00:00 0 
7f548293e000-7f5482a3e000 rw-p 00000000 00:00 0 
7f5482a3e000-7f5482a41000 ---p 00000000 00:00 0 
7f5482a41000-7f5482b3f000 rw-p 00000000 00:00 0 
7f5482b3f000-7f5482b42000 ---p 00000000 00:00 0 
7f5482b42000-7f5482c40000 rw-p 00000000 00:00 0 
7f5482c40000-7f5482c43000 ---p 00000000 00:00 0 
7f5482c43000-7f5482d41000 rw-p 00000000 00:00 0 
7f5482d41000-7f5482d44000 ---p 00000000 00:00 0 
7f5482d44000-7f5482e42000 rw-p 00000000 00:00 0 
7f5482e42000-7f5482e45000 ---p 00000000 00:00 0 
7f5482e45000-7f5482f43000 rw-p 00000000 00:00 0 
7f5482f43000-7f54833d0000 r--p 00000000 08:07 1184437                    /usr/lib/locale/locale-archive
7f54833d0000-7f54833d3000 ---p 00000000 00:00 0 
7f54833d3000-7f54834d1000 rw-p 00000000 00:00 0 
7f54834d1000-7f54834d4000 ---p 00000000 00:00 0 
7f54834d4000-7f54835d2000 rw-p 00000000 00:00 0 
7f54835d2000-7f54835d3000 ---p 00000000 00:00 0 
7f54835d3000-7f5488000000 rw-p 00000000 00:00 0 
7f5488000000-7f5488021000 rw-p 00000000 00:00 0 
7f5488021000-7f548c000000 ---p 00000000 00:00 0 
7f548c000000-7f548c021000 rw-p 00000000 00:00 0 
7f548c021000-7f5490000000 ---p 00000000 00:00 0 
7f5490000000-7f5490021000 rw-p 00000000 00:00 0 
7f5490021000-7f5494000000 ---p 00000000 00:00 0 
7f5494000000-7f5494021000 rw-p 00000000 00:00 0 
7f5494021000-7f5498000000 ---p 00000000 00:00 0 
7f5498000000-7f5498001000 r--s 00000000 08:07 3670285                    /var/cache/fontconfig/845c20fd2c4814bcec78e05d37a63ccc-le64.cache-6
7f5498001000-7f5498002000 r--s 00000000 08:07 3670275                    /var/cache/fontconfig/e7de81b01590fb7e12b38e274e17d0db-le64.cache-6
7f5498002000-7f5498003000 r--s 00000000 08:07 3670273                    /var/cache/fontconfig/406a1d2d2bf3ed7664fbadefac0b2f66-le64.cache-6
7f5498003000-7f5498005000 r--s 00000000 08:07 3670272                    /var/cache/fontconfig/67709b7835c0f764c1135060c9575660-le64.cache-6
7f5498005000-7f5498006000 r--s 00000000 08:07 3670270                    /var/cache/fontconfig/30829fa25452a46451e813d634d7f916-le64.cache-6
7f5498006000-7f5498014000 r--s 00000000 08:07 3670269                    /var/cache/fontconfig/198d8fcf01c96d0cf813f74fd759bdb7-le64.cache-6
7f5498014000-7f5498015000 r--s 00000000 08:07 3670267                    /var/cache/fontconfig/0c9eb80ebd1c36541ebe2852d3bb0c49-le64.cache-6
7f5498015000-7f5498018000 r--s 00000000 08:07 3670260                    /var/cache/fontconfig/75114ca45c98e8a441da0ff356701271-le64.cache-6
7f5498018000-7f5498023000 r--s 00000000 08:07 3670258                    /var/cache/fontconfig/83bf95040141907cd45bb53cf7c1c148-le64.cache-6
7f5498023000-7f5498035000 r--s 00000000 08:07 3670255                    /var/cache/fontconfig/9b89f8e3dae116d678bbf48e5f21f69b-le64.cache-6
7f5498035000-7f549803e000 r--s 00000000 08:07 3670253                    /var/cache/fontconfig/d0972c3d32f097851eb916381fc38920-le64.cache-6
7f549803e000-7f5498040000 r--s 00000000 08:07 3670252                    /var/cache/fontconfig/6e6b34ae150a7ad95e82fb4a522f0bda-le64.cache-6
7f5498040000-7f5498041000 r--s 00000000 08:07 3670251                    /var/cache/fontconfig/3334a778d104e76d188e9df399bc24d2-le64.cache-6
7f5498041000-7f5498048000 r--s 00000000 08:07 3670250                    /var/cache/fontconfig/53d14c92082a93e67d5078324eb314ca-le64.cache-6
7f5498048000-7f549804c000 r--s 00000000 08:07 3670249                    /var/cache/fontconfig/6c08beecf0dac481ec92e759e0c2e6d7-le64.cache-6
7f549804c000-7f5498050000 r--s 00000000 08:07 3670247                    /var/cache/fontconfig/4d6aee6d44eccb37054d3216e945f618-le64.cache-6
7f5498050000-7f5498063000 r--s 00000000 08:07 3670240                    /var/cache/fontconfig/4ac51e5cfbc76fc3f983e470323a16d3-le64.cache-6
7f5498063000-7f5498265000 rw-p 00000000 00:00 0 
7f5498265000-7f549843e000 r--s 03d3e000 08:07 1202329                    /usr/java/jdk/jre/lib/rt.jar
7f549843e000-7f5499000000 rw-p 00000000 00:00 0 
7f5499000000-7f5499380000 rwxp 00000000 00:00 0 
7f5499380000-7f54a8000000 ---p 00000000 00:00 0 
7f54a8000000-7f54a8253000 rw-p 00000000 00:00 0 
7f54a8253000-7f54ac000000 ---p 00000000 00:00 0 
7f54ac000000-7f54ac004000 r--s 00000000 08:07 3670246                    /var/cache/fontconfig/d6c6df98c3df5faf9bd0f8ef4d91efe5-le64.cache-6
7f54ac004000-7f54ac008000 r--s 00000000 08:07 3670243                    /var/cache/fontconfig/9fb319ef52839f11ee26ab8b4cffa12b-le64.cache-6
7f54ac008000-7f54ac00a000 r--s 00000000 08:07 3670241                    /var/cache/fontconfig/43bfe21a9e1edebcf703d79ee2950b06-le64.cache-6
7f54ac00a000-7f54ac00d000 r--s 00000000 08:07 3670237                    /var/cache/fontconfig/c19b55eb3b4c5b40ea175e31682068a5-le64.cache-6
7f54ac00d000-7f54ac00e000 r--s 00000000 08:07 3670232                    /var/cache/fontconfig/c277e94e32b20404286a1ddafa5a80f0-le64.cache-6
7f54ac00e000-7f54ac012000 r--s 00000000 08:07 3670231                    /var/cache/fontconfig/3629f2adf904f9a612908891fae71ceb-le64.cache-6
7f54ac012000-7f54ac028000 r--s 00000000 08:07 3670204                    /var/cache/fontconfig/e13b20fdb08344e0e664864cc2ede53d-le64.cache-6
7f54ac028000-7f54ac02d000 r--s 00000000 08:07 3670375                    /var/cache/fontconfig/7ef2298fde41cc6eeb7af42e48b7d293-le64.cache-6
7f54ac02d000-7f54ac03a000 r--s 00000000 08:07 3670368                    /var/cache/fontconfig/8f02d4cb045bd6ce15663e43f347c9f8-le64.cache-6
7f54ac03a000-7f54ac05b000 r--s 00000000 08:07 3670365                    /var/cache/fontconfig/467c019e582ee353435ea5c21d137ef6-le64.cache-6
7f54ac05b000-7f54ac073000 r--s 00000000 08:07 2100613                    /usr/share/fonts/type1/gsfonts/n022003l.pfb
7f54ac073000-7f54ac0a8000 r--s 00000000 08:07 4337730                    /var/cache/nscd/hosts
7f54ac0a8000-7f54ac0bb000 r--s 00345000 08:07 1202412                    /usr/java/jdk/jre/lib/resources.jar
7f54ac0bb000-7f54ac21d000 rw-p 00000000 00:00 0 
7f54ac21d000-7f54ac21e000 ---p 00000000 00:00 0 
7f54ac21e000-7f54ac31e000 rw-p 00000000 00:00 0 
7f54ac31e000-7f54ac31f000 ---p 00000000 00:00 0 
7f54ac31f000-7f54ac41f000 rw-p 00000000 00:00 0 
7f54ac41f000-7f54ac420000 ---p 00000000 00:00 0 
7f54ac420000-7f54ac520000 rw-p 00000000 00:00 0 
7f54ac520000-7f54ac521000 ---p 00000000 00:00 0 
7f54ac521000-7f54ac64a000 rw-p 00000000 00:00 0 
7f54ac64a000-7f54ac8a3000 ---p 00000000 00:00 0 
7f54ac8a3000-7f54ac8cc000 rw-p 00000000 00:00 0 
7f54ac8cc000-7f54acb24000 ---p 00000000 00:00 0 
7f54acb24000-7f54acb39000 rw-p 00000000 00:00 0 
7f54acb39000-7f54acc65000 ---p 00000000 00:00 0 
7f54acc65000-7f54acc74000 rw-p 00000000 00:00 0 
7f54acc74000-7f54ad026000 ---p 00000000 00:00 0 
7f54ad026000-7f54ad040000 r-xp 00000000 08:07 1202360                    /usr/java/jdk/jre/lib/amd64/libzip.so
7f54ad040000-7f54ad240000 ---p 0001a000 08:07 1202360                    /usr/java/jdk/jre/lib/amd64/libzip.so
7f54ad240000-7f54ad241000 rw-p 0001a000 08:07 1202360                    /usr/java/jdk/jre/lib/amd64/libzip.so
7f54ad241000-7f54ad26c000 r-xp 00000000 08:07 1202385                    /usr/java/jdk/jre/lib/amd64/libjava.so
7f54ad26c000-7f54ad46b000 ---p 0002b000 08:07 1202385                    /usr/java/jdk/jre/lib/amd64/libjava.so
7f54ad46b000-7f54ad46d000 rw-p 0002a000 08:07 1202385                    /usr/java/jdk/jre/lib/amd64/libjava.so
7f54ad46d000-7f54ad47a000 r-xp 00000000 08:07 1202338                    /usr/java/jdk/jre/lib/amd64/libverify.so
7f54ad47a000-7f54ad679000 ---p 0000d000 08:07 1202338                    /usr/java/jdk/jre/lib/amd64/libverify.so
7f54ad679000-7f54ad67b000 rw-p 0000c000 08:07 1202338                    /usr/java/jdk/jre/lib/amd64/libverify.so
7f54ad67b000-7f54ad682000 r-xp 00000000 08:07 131422                     /lib/x86_64-linux-gnu/librt-2.23.so
7f54ad682000-7f54ad881000 ---p 00007000 08:07 131422                     /lib/x86_64-linux-gnu/librt-2.23.so
7f54ad881000-7f54ad882000 r--p 00006000 08:07 131422                     /lib/x86_64-linux-gnu/librt-2.23.so
7f54ad882000-7f54ad883000 rw-p 00007000 08:07 131422                     /lib/x86_64-linux-gnu/librt-2.23.so
7f54ad883000-7f54ad98b000 r-xp 00000000 08:07 131413                     /lib/x86_64-linux-gnu/libm-2.23.so
7f54ad98b000-7f54adb8a000 ---p 00108000 08:07 131413                     /lib/x86_64-linux-gnu/libm-2.23.so
7f54adb8a000-7f54adb8b000 r--p 00107000 08:07 131413                     /lib/x86_64-linux-gnu/libm-2.23.so
7f54adb8b000-7f54adb8c000 rw-p 00108000 08:07 131413                     /lib/x86_64-linux-gnu/libm-2.23.so
7f54adb8c000-7f54ae85a000 r-xp 00000000 08:07 1321500                    /usr/java/jdk/jre/lib/amd64/server/libjvm.so
7f54ae85a000-7f54aea5a000 ---p 00cce000 08:07 1321500                    /usr/java/jdk/jre/lib/amd64/server/libjvm.so
7f54aea5a000-7f54aeb33000 rw-p 00cce000 08:07 1321500                    /usr/java/jdk/jre/lib/amd64/server/libjvm.so
7f54aeb33000-7f54aeb7e000 rw-p 00000000 00:00 0 
7f54aeb7e000-7f54aed3d000 r-xp 00000000 08:07 131415                     /lib/x86_64-linux-gnu/libc-2.23.so
7f54aed3d000-7f54aef3d000 ---p 001bf000 08:07 131415                     /lib/x86_64-linux-gnu/libc-2.23.so
7f54aef3d000-7f54aef41000 r--p 001bf000 08:07 131415                     /lib/x86_64-linux-gnu/libc-2.23.so
7f54aef41000-7f54aef43000 rw-p 001c3000 08:07 131415                     /lib/x86_64-linux-gnu/libc-2.23.so
7f54aef43000-7f54aef47000 rw-p 00000000 00:00 0 
7f54aef47000-7f54aef4a000 r-xp 00000000 08:07 131411                     /lib/x86_64-linux-gnu/libdl-2.23.so
7f54aef4a000-7f54af149000 ---p 00003000 08:07 131411                     /lib/x86_64-linux-gnu/libdl-2.23.so
7f54af149000-7f54af14a000 r--p 00002000 08:07 131411                     /lib/x86_64-linux-gnu/libdl-2.23.so
7f54af14a000-7f54af14b000 rw-p 00003000 08:07 131411                     /lib/x86_64-linux-gnu/libdl-2.23.so
7f54af14b000-7f54af160000 r-xp 00000000 08:07 1201499                    /usr/java/jdk/lib/amd64/jli/libjli.so
7f54af160000-7f54af360000 ---p 00015000 08:07 1201499                    /usr/java/jdk/lib/amd64/jli/libjli.so
7f54af360000-7f54af361000 rw-p 00015000 08:07 1201499                    /usr/java/jdk/lib/amd64/jli/libjli.so
7f54af361000-7f54af379000 r-xp 00000000 08:07 131426                     /lib/x86_64-linux-gnu/libpthread-2.23.so
7f54af379000-7f54af578000 ---p 00018000 08:07 131426                     /lib/x86_64-linux-gnu/libpthread-2.23.so
7f54af578000-7f54af579000 r--p 00017000 08:07 131426                     /lib/x86_64-linux-gnu/libpthread-2.23.so
7f54af579000-7f54af57a000 rw-p 00018000 08:07 131426                     /lib/x86_64-linux-gnu/libpthread-2.23.so
7f54af57a000-7f54af57e000 rw-p 00000000 00:00 0 
7f54af57e000-7f54af5a4000 r-xp 00000000 08:07 131416                     /lib/x86_64-linux-gnu/ld-2.23.so
7f54af5a4000-7f54af5a7000 r--s 00000000 08:07 3670222                    /var/cache/fontconfig/de83a0a961185c8bd1f159015d56c039-le64.cache-6
7f54af5a7000-7f54af5a9000 r--s 00000000 08:07 3670369                    /var/cache/fontconfig/16326683038b281783a0ef8c680e3a10-le64.cache-6
7f54af5a9000-7f54af5aa000 r--s 00000000 08:07 3670367                    /var/cache/fontconfig/e0aa53bcfa504e64f87823c16bc01eb6-le64.cache-6
7f54af5aa000-7f54af5ab000 r--p 00000000 08:07 2103182                    /usr/share/locale-langpack/en_GB/LC_MESSAGES/libc.mo
7f54af5ab000-7f54af5ac000 r--p 00000000 08:07 1970173                    /usr/share/locale-langpack/en_AU/LC_MESSAGES/libc.mo
7f54af5ac000-7f54af63c000 rw-p 00000000 00:00 0 
7f54af63c000-7f54af671000 r--s 00000000 08:07 4337722                    /var/cache/nscd/passwd
7f54af671000-7f54af674000 ---p 00000000 00:00 0 
7f54af674000-7f54af797000 rw-p 00000000 00:00 0 
7f54af797000-7f54af79f000 rw-s 00000000 08:07 2098139                    /tmp/hsperfdata_drift/7398
7f54af79f000-7f54af7a0000 rw-p 00000000 00:00 0 
7f54af7a0000-7f54af7a1000 r--p 00000000 00:00 0 
7f54af7a1000-7f54af7a3000 rw-p 00000000 00:00 0 
7f54af7a3000-7f54af7a4000 r--p 00025000 08:07 131416                     /lib/x86_64-linux-gnu/ld-2.23.so
7f54af7a4000-7f54af7a5000 rw-p 00026000 08:07 131416                     /lib/x86_64-linux-gnu/ld-2.23.so
7f54af7a5000-7f54af7a6000 rw-p 00000000 00:00 0 
7ffd70b27000-7ffd70b48000 rw-p 00000000 00:00 0                          [stack]
7ffd70bce000-7ffd70bd0000 r--p 00000000 00:00 0                          [vvar]
7ffd70bd0000-7ffd70bd2000 r-xp 00000000 00:00 0                          [vdso]
ffffffffff600000-ffffffffff601000 r-xp 00000000 00:00 0                  [vsyscall]

VM Arguments:
jvm_args: -Dfile.encoding=UTF-8 
java_command: mainFrame.MainPage
java_class_path (initial): /home/drift/Documents/eclipseMars/microNet/bin:/home/drift/Documents/thirdPartyLibs/jaf-1.1.1/activation.jar:/home/drift/Documents/thirdPartyLibs/javamail-1.4.5/mail.jar:/home/drift/Documents/thirdPartyLibs/jcommon-1.0.23/jcommon-1.0.23.jar:/home/drift/Documents/thirdPartyLibs/jfreechart-1.0.19/lib/jfreechart-1.0.19.jar:/home/drift/Documents/thirdPartyLibs/json-lib-2.4-jdk15/net.jar:/home/drift/Documents/thirdPartyLibs/json-lib-2.4-jdk15/dependancy/commons-beanutils-1.8.0/commons-beanutils-1.8.0.jar:/home/drift/Documents/thirdPartyLibs/json-lib-2.4-jdk15/dependancy/commons-collections-3.2.1/commons-collections-3.2.1.jar:/home/drift/Documents/thirdPartyLibs/json-lib-2.4-jdk15/dependancy/commons-lang-2.5/commons-lang-2.5.jar:/home/drift/Documents/thirdPartyLibs/json-lib-2.4-jdk15/dependancy/commons-logging-1.1.1/commons-logging-1.1.1.jar:/home/drift/Documents/thirdPartyLibs/json-lib-2.4-jdk15/dependancy/ezmorph-1.0.6.jar:/home/drift/Documents/thirdPartyLibs/mysql-connector-java-5.1.42/mysql-connector-java-5.1.42-bin.jar
Launcher Type: SUN_STANDARD

Environment Variables:
JAVA_HOME=/usr/java/jdk
JRE_HOME=/usr/java/jdk/jre
CLASSPATH=.:/usr/java/jdk/lib:/usr/java/jdk/jre/lib:.:$JAVA_HOME/lib:$JAVA_HOME/jre/lib
PATH=/home/drift/bin:/usr/java/jdk/bin:/usr/java/jdk/jre/bin:/usr/local/sbin:/usr/local/bin:/usr/sbin:/usr/bin:/sbin:/bin:/usr/games:/usr/local/games:$JAVA_HOME/bin:/snap/bin
SHELL=/bin/bash
DISPLAY=:0

Signal Handlers:
SIGSEGV: [libjvm.so+0xac78c0], sa_mask[0]=11111111011111111101111111111110, sa_flags=SA_RESTART|SA_SIGINFO
SIGBUS: [libjvm.so+0xac78c0], sa_mask[0]=11111111011111111101111111111110, sa_flags=SA_RESTART|SA_SIGINFO
SIGFPE: [libjvm.so+0x920ac0], sa_mask[0]=11111111011111111101111111111110, sa_flags=SA_RESTART|SA_SIGINFO
SIGPIPE: [libjvm.so+0x920ac0], sa_mask[0]=11111111011111111101111111111110, sa_flags=SA_RESTART|SA_SIGINFO
SIGXFSZ: [libjvm.so+0x920ac0], sa_mask[0]=11111111011111111101111111111110, sa_flags=SA_RESTART|SA_SIGINFO
SIGILL: [libjvm.so+0x920ac0], sa_mask[0]=11111111011111111101111111111110, sa_flags=SA_RESTART|SA_SIGINFO
SIGUSR1: SIG_DFL, sa_mask[0]=00000000000000000000000000000000, sa_flags=none
SIGUSR2: [libjvm.so+0x922300], sa_mask[0]=00100000000000000000000000000000, sa_flags=SA_RESTART|SA_SIGINFO
SIGHUP: [libjvm.so+0x923700], sa_mask[0]=11111111011111111101111111111110, sa_flags=SA_RESTART|SA_SIGINFO
SIGINT: [libjvm.so+0x923700], sa_mask[0]=11111111011111111101111111111110, sa_flags=SA_RESTART|SA_SIGINFO
SIGTERM: [libjvm.so+0x923700], sa_mask[0]=11111111011111111101111111111110, sa_flags=SA_RESTART|SA_SIGINFO
SIGQUIT: [libjvm.so+0x923700], sa_mask[0]=11111111011111111101111111111110, sa_flags=SA_RESTART|SA_SIGINFO


---------------  S Y S T E M  ---------------

OS:DISTRIB_ID=Ubuntu
DISTRIB_RELEASE=16.04
DISTRIB_CODENAME=xenial
DISTRIB_DESCRIPTION="Ubuntu 16.04.2 LTS"

uname:Linux 4.4.0-78-generic #99-Ubuntu SMP Thu Apr 27 15:29:09 UTC 2017 x86_64
libc:glibc 2.23 NPTL 2.23 
rlimit: STACK 8192k, CORE 0k, NPROC 30597, NOFILE 65536, AS infinity
load average:0.85 0.51 0.32

/proc/meminfo:
MemTotal:        7873692 kB
MemFree:         2818848 kB
MemAvailable:    5028512 kB
Buffers:          394284 kB
Cached:          2249780 kB
SwapCached:          104 kB
Active:          3538556 kB
Inactive:        1102272 kB
Active(anon):    1754416 kB
Inactive(anon):   628720 kB
Active(file):    1784140 kB
Inactive(file):   473552 kB
Unevictable:         488 kB
Mlocked:             448 kB
SwapTotal:       8081404 kB
SwapFree:        8081288 kB
Dirty:               212 kB
Writeback:           256 kB
AnonPages:       1996184 kB
Mapped:           388264 kB
Shmem:            386788 kB
Slab:             303872 kB
SReclaimable:     257828 kB
SUnreclaim:        46044 kB
KernelStack:       15024 kB
PageTables:        22224 kB
NFS_Unstable:          0 kB
Bounce:                0 kB
WritebackTmp:          0 kB
CommitLimit:    12018248 kB
Committed_AS:    6205632 kB
VmallocTotal:   34359738367 kB
VmallocUsed:           0 kB
VmallocChunk:          0 kB
HardwareCorrupted:     0 kB
AnonHugePages:   1613824 kB
CmaTotal:              0 kB
CmaFree:               0 kB
HugePages_Total:       0
HugePages_Free:        0
HugePages_Rsvd:        0
HugePages_Surp:        0
Hugepagesize:       2048 kB
DirectMap4k:      233668 kB
DirectMap2M:     7849984 kB
DirectMap1G:           0 kB


CPU:total 4 (2 cores per cpu, 2 threads per core) family 6 model 60 stepping 3, cmov, cx8, fxsr, mmx, sse, sse2, sse3, ssse3, sse4.1, sse4.2, popcnt, avx, avx2, aes, clmul, erms, lzcnt, ht, tsc, tscinvbit, bmi1, bmi2

/proc/cpuinfo:
processor	: 0
vendor_id	: GenuineIntel
cpu family	: 6
model		: 60
model name	: Intel(R) Core(TM) i5-4200M CPU @ 2.50GHz
stepping	: 3
microcode	: 0x17
cpu MHz		: 3000.000
cache size	: 3072 KB
physical id	: 0
siblings	: 4
core id		: 0
cpu cores	: 2
apicid		: 0
initial apicid	: 0
fpu		: yes
fpu_exception	: yes
cpuid level	: 13
wp		: yes
flags		: fpu vme de pse tsc msr pae mce cx8 apic sep mtrr pge mca cmov pat pse36 clflush dts acpi mmx fxsr sse sse2 ss ht tm pbe syscall nx pdpe1gb rdtscp lm constant_tsc arch_perfmon pebs bts rep_good nopl xtopology nonstop_tsc aperfmperf eagerfpu pni pclmulqdq dtes64 monitor ds_cpl vmx est tm2 ssse3 sdbg fma cx16 xtpr pdcm pcid sse4_1 sse4_2 movbe popcnt tsc_deadline_timer aes xsave avx f16c rdrand lahf_lm abm epb tpr_shadow vnmi flexpriority ept vpid fsgsbase tsc_adjust bmi1 avx2 smep bmi2 erms invpcid xsaveopt dtherm ida arat pln pts
bugs		:
bogomips	: 4988.10
clflush size	: 64
cache_alignment	: 64
address sizes	: 39 bits physical, 48 bits virtual
power management:

processor	: 1
vendor_id	: GenuineIntel
cpu family	: 6
model		: 60
model name	: Intel(R) Core(TM) i5-4200M CPU @ 2.50GHz
stepping	: 3
microcode	: 0x17
cpu MHz		: 3000.000
cache size	: 3072 KB
physical id	: 0
siblings	: 4
core id		: 0
cpu cores	: 2
apicid		: 1
initial apicid	: 1
fpu		: yes
fpu_exception	: yes
cpuid level	: 13
wp		: yes
flags		: fpu vme de pse tsc msr pae mce cx8 apic sep mtrr pge mca cmov pat pse36 clflush dts acpi mmx fxsr sse sse2 ss ht tm pbe syscall nx pdpe1gb rdtscp lm constant_tsc arch_perfmon pebs bts rep_good nopl xtopology nonstop_tsc aperfmperf eagerfpu pni pclmulqdq dtes64 monitor ds_cpl vmx est tm2 ssse3 sdbg fma cx16 xtpr pdcm pcid sse4_1 sse4_2 movbe popcnt tsc_deadline_timer aes xsave avx f16c rdrand lahf_lm abm epb tpr_shadow vnmi flexpriority ept vpid fsgsbase tsc_adjust bmi1 avx2 smep bmi2 erms invpcid xsaveopt dtherm ida arat pln pts
bugs		:
bogomips	: 4988.10
clflush size	: 64
cache_alignment	: 64
address sizes	: 39 bits physical, 48 bits virtual
power management:

processor	: 2
vendor_id	: GenuineIntel
cpu family	: 6
model		: 60
model name	: Intel(R) Core(TM) i5-4200M CPU @ 2.50GHz
stepping	: 3
microcode	: 0x17
cpu MHz		: 3000.000
cache size	: 3072 KB
physical id	: 0
siblings	: 4
core id		: 1
cpu cores	: 2
apicid		: 2
initial apicid	: 2
fpu		: yes
fpu_exception	: yes
cpuid level	: 13
wp		: yes
flags		: fpu vme de pse tsc msr pae mce cx8 apic sep mtrr pge mca cmov pat pse36 clflush dts acpi mmx fxsr sse sse2 ss ht tm pbe syscall nx pdpe1gb rdtscp lm constant_tsc arch_perfmon pebs bts rep_good nopl xtopology nonstop_tsc aperfmperf eagerfpu pni pclmulqdq dtes64 monitor ds_cpl vmx est tm2 ssse3 sdbg fma cx16 xtpr pdcm pcid sse4_1 sse4_2 movbe popcnt tsc_deadline_timer aes xsave avx f16c rdrand lahf_lm abm epb tpr_shadow vnmi flexpriority ept vpid fsgsbase tsc_adjust bmi1 avx2 smep bmi2 erms invpcid xsaveopt dtherm ida arat pln pts
bugs		:
bogomips	: 4988.10
clflush size	: 64
cache_alignment	: 64
address sizes	: 39 bits physical, 48 bits virtual
power management:

processor	: 3
vendor_id	: GenuineIntel
cpu family	: 6
model		: 60
model name	: Intel(R) Core(TM) i5-4200M CPU @ 2.50GHz
stepping	: 3
microcode	: 0x17
cpu MHz		: 2999.902
cache size	: 3072 KB
physical id	: 0
siblings	: 4
core id		: 1
cpu cores	: 2
apicid		: 3
initial apicid	: 3
fpu		: yes
fpu_exception	: yes
cpuid level	: 13
wp		: yes
flags		: fpu vme de pse tsc msr pae mce cx8 apic sep mtrr pge mca cmov pat pse36 clflush dts acpi mmx fxsr sse sse2 ss ht tm pbe syscall nx pdpe1gb rdtscp lm constant_tsc arch_perfmon pebs bts rep_good nopl xtopology nonstop_tsc aperfmperf eagerfpu pni pclmulqdq dtes64 monitor ds_cpl vmx est tm2 ssse3 sdbg fma cx16 xtpr pdcm pcid sse4_1 sse4_2 movbe popcnt tsc_deadline_timer aes xsave avx f16c rdrand lahf_lm abm epb tpr_shadow vnmi flexpriority ept vpid fsgsbase tsc_adjust bmi1 avx2 smep bmi2 erms invpcid xsaveopt dtherm ida arat pln pts
bugs		:
bogomips	: 4988.10
clflush size	: 64
cache_alignment	: 64
address sizes	: 39 bits physical, 48 bits virtual
power management:



Memory: 4k page, physical 7873692k(2818848k free), swap 8081404k(8081288k free)

vm_info: Java HotSpot(TM) 64-Bit Server VM (25.121-b13) for linux-amd64 JRE (1.8.0_121-b13), built on Dec 12 2016 16:36:53 by "java_re" with gcc 4.3.0 20080428 (Red Hat 4.3.0-8)

time: Fri May 26 08:56:35 2017
elapsed time: 10328 seconds (0d 2h 52m 8s)

