#
# A fatal error has been detected by the Java Runtime Environment:
#
#  SIGSEGV (0xb) at pc=0x00007febb9069a7a, pid=6917, tid=0x00007feba0d01700
#
# JRE version: Java(TM) SE Runtime Environment (8.0_121-b13) (build 1.8.0_121-b13)
# Java VM: Java HotSpot(TM) 64-Bit Server VM (25.121-b13 mixed mode linux-amd64 compressed oops)
# Problematic frame:
# v  ~BufferBlob::jni_fast_GetLongField
#
# Failed to write core dump. Core dumps have been disabled. To enable core dumping, try "ulimit -c unlimited" before starting Java again
#
# If you would like to submit a bug report, please visit:
#   http://bugreport.java.com/bugreport/crash.jsp
# The crash happened outside the Java Virtual Machine in native code.
# See problematic frame for where to report the bug.
#

---------------  T H R E A D  ---------------

Current thread (0x00007febc8237800):  JavaThread "AWT-XAWT" daemon [_thread_in_native, id=6938, stack(0x00007feba0c01000,0x00007feba0d02000)]

siginfo: si_signo: 11 (SIGSEGV), si_code: 1 (SEGV_MAPERR), si_addr: 0x0000000000000000

Registers:
RAX=0x00007febcefbef60, RBX=0x00007febc82379f8, RCX=0x00007febcfa262c0, RDX=0x0000000000000042
RSP=0x00007feba0d006b8, RBP=0x00007feba0d006e0, RSI=0x0000000000000000, RDI=0x00007febc82379f8
R8 =0x00000000d9dadfd8, R9 =0x0000000000000000, R10=0x0000000000000046, R11=0x00007febb94f0598
R12=0x00007feb703185f0, R13=0x0000000000000000, R14=0x00007feba2a927e0, R15=0x00007febc8237800
RIP=0x00007febb9069a7a, EFLAGS=0x0000000000010246, CSGSFS=0x0000000000000033, ERR=0x0000000000000004
  TRAPNO=0x000000000000000e

Top of Stack: (sp=0x00007feba0d006b8)
0x00007feba0d006b8:   00007feba2870ee1 00007febb8c33380
0x00007feba0d006c8:   00007feb703185f0 00007feba0d00790
0x00007feba0d006d8:   00007feba0d00760 0000000000000000
0x00007feba0d006e8:   00007feba23523c0 00007febb8c33380
0x00007feba0d006f8:   00007feba0d00720 0000000000000000
0x00007feba0d00708:   00007feba2349f93 00007feba0d00790
0x00007feba0d00718:   00007feba286a11f 00007feba0d00770
0x00007feba0d00728:   00007febb94f0636 0000000000000000
0x00007feba0d00738:   00007febb9378db6 00007feba0d00790
0x00007feba0d00748:   00007febb91673ec 00007feba0d007f0
0x00007feba0d00758:   00000000d9e15380 0000000087c00fc0
0x00007feba0d00768:   0000000000000009 00007feba0d007f0
0x00007feba0d00778:   00007febb9007a90 00007feba0d007f0
0x00007feba0d00788:   00007febb9007a90 0000000000000000
0x00007feba0d00798:   00007febb9007dd0 00007feb78002e90
0x00007feba0d007a8:   00000000d9d906a0 00007feba0d007b0
0x00007feba0d007b8:   00007febb8be4124 00007feba0d00838
0x00007feba0d007c8:   00007febb8bfbe18 0000000000000000
0x00007feba0d007d8:   00007febb8be4260 00007feba0d00790
0x00007feba0d007e8:   00007feba0d00830 00007feba0d00880
0x00007feba0d007f8:   00007febb90082bd 0000000000000000
0x00007feba0d00808:   00000000d8a0bb60 0000000000000000
0x00007feba0d00818:   0000000000000000 0000000000000000
0x00007feba0d00828:   00000000d9d906a0 0000000000000000
0x00007feba0d00838:   00000000d9d80d70 00007feba0d00840
0x00007feba0d00848:   00007febb8be3f65 00007feba0d00890
0x00007feba0d00858:   00007febb8bfbe18 0000000000000000
0x00007feba0d00868:   00007febb8be3f70 00007feba0d00830
0x00007feba0d00878:   00007feba0d00890 00007feba0d008d8
0x00007feba0d00888:   00007febb9008302 00000000d9d80d70
0x00007feba0d00898:   00007feba0d00898 00007febb882d993
0x00007feba0d008a8:   00007feba0d008e8 00007febb88b5010 

Instructions: (pc=0x00007febb9069a7a)
0x00007febb9069a5a:   00 00 00 00 00 00 44 8b 15 81 4f f9 15 4c 8b ce
0x00007febb9069a6a:   41 f6 c2 01 0f 85 2e 00 00 00 4d 33 ca 4d 33 ca
0x00007febb9069a7a:   4d 8b 09 4c 8b da 49 c1 eb 02 4b 8b 04 19 49 bb
0x00007febb9069a8a:   e8 e9 ff ce eb 7f 00 00 4c 33 d8 4c 33 d8 45 3b 

Register to memory mapping:

RAX=0x00007febcefbef60: <offset 0xf85f60> in /usr/java/jdk/jre/lib/amd64/server/libjvm.so at 0x00007febce039000
RBX=0x00007febc82379f8 is an unknown value
RCX=0x00007febcfa262c0: <offset 0x2182c0> in /lib/x86_64-linux-gnu/libpthread.so.0 at 0x00007febcf80e000
RDX=0x0000000000000042 is an unknown value
RSP=0x00007feba0d006b8 is pointing into the stack for thread: 0x00007febc8237800
RBP=0x00007feba0d006e0 is pointing into the stack for thread: 0x00007febc8237800
RSI=0x0000000000000000 is an unknown value
RDI=0x00007febc82379f8 is an unknown value
R8 =0x00000000d9dadfd8 is an oop
sun.util.logging.PlatformLogger$Level 
 - klass: 'sun/util/logging/PlatformLogger$Level'
R9 =0x0000000000000000 is an unknown value
R10=0x0000000000000046 is an unknown value
R11=0x00007febb94f0598 is at entry_point+24 in (nmethod*)0x00007febb94f0410
R12=0x00007feb703185f0 is an unknown value
R13=0x0000000000000000 is an unknown value
R14=0x00007feba2a927e0: <offset 0x2587e0> in /usr/java/jdk/jre/lib/amd64/libawt_xawt.so at 0x00007feba283a000
R15=0x00007febc8237800 is a thread


Stack: [0x00007feba0c01000,0x00007feba0d02000],  sp=0x00007feba0d006b8,  free space=1021k
Native frames: (J=compiled Java code, j=interpreted, Vv=VM code, C=native code)
v  ~BufferBlob::jni_fast_GetLongField
C  [libX11.so.6+0x643c0]  _XimServerDestroy+0x70

Java frames: (J=compiled Java code, j=interpreted, Vv=VM code)
J 1456  sun.awt.X11.XlibWrapper.XFilterEvent(JJ)Z (0 bytes) @ 0x00007febb94f05c4 [0x00007febb94f0580+0x44]
j  sun.awt.X11.XToolkit.run(Z)V+300
j  sun.awt.X11.XToolkit.run()V+5
j  java.lang.Thread.run()V+11
v  ~StubRoutines::call_stub

---------------  P R O C E S S  ---------------

Java Threads: ( => current thread )
  0x00007feb70321800 JavaThread "Abandoned connection cleanup thread" daemon [_thread_blocked, id=6955, stack(0x00007feb6a7b9000,0x00007feb6a8ba000)]
  0x00007feb70334800 JavaThread "TimerQueue" daemon [_thread_blocked, id=6943, stack(0x00007feb6a8ba000,0x00007feb6a9bb000)]
  0x00007febc8008000 JavaThread "DestroyJavaVM" [_thread_blocked, id=6923, stack(0x00007febcfb1e000,0x00007febcfc1f000)]
  0x00007febc823b800 JavaThread "AWT-EventQueue-0" [_thread_blocked, id=6940, stack(0x00007feba09ff000,0x00007feba0b00000)]
  0x00007febc8239800 JavaThread "AWT-Shutdown" [_thread_blocked, id=6939, stack(0x00007feba0b00000,0x00007feba0c01000)]
=>0x00007febc8237800 JavaThread "AWT-XAWT" daemon [_thread_in_native, id=6938, stack(0x00007feba0c01000,0x00007feba0d02000)]
  0x00007febc821e000 JavaThread "Java2D Disposer" daemon [_thread_blocked, id=6937, stack(0x00007feba1112000,0x00007feba1213000)]
  0x00007febc80d1000 JavaThread "Service Thread" daemon [_thread_blocked, id=6935, stack(0x00007feba2e66000,0x00007feba2f67000)]
  0x00007febc80bc000 JavaThread "C1 CompilerThread2" daemon [_thread_blocked, id=6934, stack(0x00007feba2f67000,0x00007feba3068000)]
  0x00007febc80ba000 JavaThread "C2 CompilerThread1" daemon [_thread_blocked, id=6933, stack(0x00007feba3068000,0x00007feba3169000)]
  0x00007febc80b7800 JavaThread "C2 CompilerThread0" daemon [_thread_blocked, id=6932, stack(0x00007feba3169000,0x00007feba326a000)]
  0x00007febc80b6000 JavaThread "Signal Dispatcher" daemon [_thread_blocked, id=6931, stack(0x00007feba326a000,0x00007feba336b000)]
  0x00007febc8082000 JavaThread "Finalizer" daemon [_thread_blocked, id=6930, stack(0x00007feba37f8000,0x00007feba38f9000)]
  0x00007febc807d800 JavaThread "Reference Handler" daemon [_thread_blocked, id=6929, stack(0x00007feba38f9000,0x00007feba39fa000)]

Other Threads:
  0x00007febc8076000 VMThread [stack: 0x00007feba39fa000,0x00007feba3afb000] [id=6928]
  0x00007febc80d4000 WatcherThread [stack: 0x00007feba2d65000,0x00007feba2e66000] [id=6936]

VM state:not at safepoint (normal execution)

VM Mutex/Monitor currently owned by a thread: None

Heap:
 PSYoungGen      total 36352K, used 19396K [0x00000000d7f00000, 0x00000000da780000, 0x0000000100000000)
  eden space 31232K, 47% used [0x00000000d7f00000,0x00000000d8d61f80,0x00000000d9d80000)
  from space 5120K, 91% used [0x00000000d9d80000,0x00000000da20f420,0x00000000da280000)
  to   space 5120K, 0% used [0x00000000da280000,0x00000000da280000,0x00000000da780000)
 ParOldGen       total 83456K, used 43K [0x0000000087c00000, 0x000000008cd80000, 0x00000000d7f00000)
  object space 83456K, 0% used [0x0000000087c00000,0x0000000087c0ac50,0x000000008cd80000)
 Metaspace       used 17881K, capacity 18104K, committed 18304K, reserved 1064960K
  class space    used 2080K, capacity 2145K, committed 2176K, reserved 1048576K

Card table byte_map: [0x00007febccd50000,0x00007febcd113000] byte_map_base: 0x00007febcc912000

Marking Bits: (ParMarkBitMap*) 0x00007febceffdc80
 Begin Bits: [0x00007febb03e0000, 0x00007febb21f0000)
 End Bits:   [0x00007febb21f0000, 0x00007febb4000000)

Polling page: 0x00007febcfc4d000

CodeCache: size=245760Kb used=6237Kb max_used=6259Kb free=239522Kb
 bounds [0x00007febb9000000, 0x00007febb9630000, 0x00007febc8000000]
 total_blobs=2323 nmethods=1684 adapters=552
 compilation: enabled

Compilation events (10 events):
Event: 7153.598 Thread 0x00007febc80b7800 1680   !   4       java.lang.StringCoding::encode (120 bytes)
Event: 7153.629 Thread 0x00007febc80b7800 nmethod 1680 0x00007febb9614790 code [0x00007febb96149e0, 0x00007febb9615600]
Event: 7183.599 Thread 0x00007febc80b7800 1681       4       java.lang.String::getBytes (27 bytes)
Event: 7183.600 Thread 0x00007febc80b7800 nmethod 1681 0x00007febb960b9d0 code [0x00007febb960bb20, 0x00007febb960bbe8]
Event: 7428.610 Thread 0x00007febc80ba000 1682       4       java.io.File::isInvalid (47 bytes)
Event: 7428.618 Thread 0x00007febc80ba000 nmethod 1682 0x00007febb9611a90 code [0x00007febb9611be0, 0x00007febb9611d98]
Event: 8458.661 Thread 0x00007febc80b7800 1683  s    4       sun.misc.URLClassPath::getLookupCache (98 bytes)
Event: 8458.663 Thread 0x00007febc80b7800 nmethod 1683 0x00007febb96166d0 code [0x00007febb9616820, 0x00007febb9616a38]
Event: 8618.668 Thread 0x00007febc80ba000 1684       4       sun.misc.URLClassPath::findResource (47 bytes)
Event: 8618.734 Thread 0x00007febc80ba000 nmethod 1684 0x00007febb961c950 code [0x00007febb961cca0, 0x00007febb961fa00]

GC Heap History (2 events):
Event: 4.633 GC heap before
{Heap before GC invocations=1 (full 0):
 PSYoungGen      total 36352K, used 31232K [0x00000000d7f00000, 0x00000000da780000, 0x0000000100000000)
  eden space 31232K, 100% used [0x00000000d7f00000,0x00000000d9d80000,0x00000000d9d80000)
  from space 5120K, 0% used [0x00000000da280000,0x00000000da280000,0x00000000da780000)
  to   space 5120K, 0% used [0x00000000d9d80000,0x00000000d9d80000,0x00000000da280000)
 ParOldGen       total 83456K, used 0K [0x0000000087c00000, 0x000000008cd80000, 0x00000000d7f00000)
  object space 83456K, 0% used [0x0000000087c00000,0x0000000087c00000,0x000000008cd80000)
 Metaspace       used 13719K, capacity 13854K, committed 14080K, reserved 1060864K
  class space    used 1671K, capacity 1757K, committed 1792K, reserved 1048576K
Event: 4.642 GC heap after
Heap after GC invocations=1 (full 0):
 PSYoungGen      total 36352K, used 4669K [0x00000000d7f00000, 0x00000000da780000, 0x0000000100000000)
  eden space 31232K, 0% used [0x00000000d7f00000,0x00000000d7f00000,0x00000000d9d80000)
  from space 5120K, 91% used [0x00000000d9d80000,0x00000000da20f420,0x00000000da280000)
  to   space 5120K, 0% used [0x00000000da280000,0x00000000da280000,0x00000000da780000)
 ParOldGen       total 83456K, used 43K [0x0000000087c00000, 0x000000008cd80000, 0x00000000d7f00000)
  object space 83456K, 0% used [0x0000000087c00000,0x0000000087c0ac50,0x000000008cd80000)
 Metaspace       used 13719K, capacity 13854K, committed 14080K, reserved 1060864K
  class space    used 1671K, capacity 1757K, committed 1792K, reserved 1048576K
}

Deoptimization events (10 events):
Event: 4.485 Thread 0x00007febc823b800 Uncommon trap: reason=class_check action=maybe_recompile pc=0x00007febb919adb0 method=java.lang.String.equals(Ljava/lang/Object;)Z @ 8
Event: 4.643 Thread 0x00007febc823b800 Uncommon trap: reason=class_check action=maybe_recompile pc=0x00007febb919adb0 method=java.lang.String.equals(Ljava/lang/Object;)Z @ 8
Event: 4.643 Thread 0x00007febc823b800 Uncommon trap: reason=class_check action=maybe_recompile pc=0x00007febb919adb0 method=java.lang.String.equals(Ljava/lang/Object;)Z @ 8
Event: 8.300 Thread 0x00007feb70321800 Uncommon trap: reason=unstable_if action=reinterpret pc=0x00007febb92652ac method=java.lang.String.indexOf([CII[CIII)I @ 3
Event: 8.537 Thread 0x00007febc823b800 Uncommon trap: reason=unstable_if action=reinterpret pc=0x00007febb936a50c method=sun.nio.cs.US_ASCII$Decoder.decode([BII[C)I @ 27
Event: 15.021 Thread 0x00007febc823b800 Uncommon trap: reason=bimorphic action=maybe_recompile pc=0x00007febb9474404 method=java.util.Hashtable.put(Ljava/lang/Object;Ljava/lang/Object;)Ljava/lang/Object; @ 60
Event: 15.021 Thread 0x00007febc823b800 Uncommon trap: reason=bimorphic action=maybe_recompile pc=0x00007febb9474404 method=java.util.Hashtable.put(Ljava/lang/Object;Ljava/lang/Object;)Ljava/lang/Object; @ 60
Event: 15.021 Thread 0x00007febc823b800 Uncommon trap: reason=bimorphic action=maybe_recompile pc=0x00007febb9474404 method=java.util.Hashtable.put(Ljava/lang/Object;Ljava/lang/Object;)Ljava/lang/Object; @ 60
Event: 15.021 Thread 0x00007febc823b800 Uncommon trap: reason=bimorphic action=maybe_recompile pc=0x00007febb9474404 method=java.util.Hashtable.put(Ljava/lang/Object;Ljava/lang/Object;)Ljava/lang/Object; @ 60
Event: 15.079 Thread 0x00007febc823b800 Uncommon trap: reason=unstable_if action=reinterpret pc=0x00007febb934e67c method=java.util.HashMap.putVal(ILjava/lang/Object;Ljava/lang/Object;ZZ)Ljava/lang/Object; @ 109

Internal exceptions (10 events):
Event: 0.527 Thread 0x00007febc823b800 Exception <a 'java/lang/ClassNotFoundException': Tree> (0x00000000d98c6a28) thrown at [/HUDSON3/workspace/8-2-build-linux-amd64/jdk8u121/8372/hotspot/src/share/vm/classfile/systemDictionary.cpp, line 210]
Event: 0.527 Thread 0x00007febc823b800 Exception <a 'java/lang/ClassNotFoundException': Tree> (0x00000000d98c7168) thrown at [/HUDSON3/workspace/8-2-build-linux-amd64/jdk8u121/8372/hotspot/src/share/vm/classfile/systemDictionary.cpp, line 210]
Event: 0.527 Thread 0x00007febc823b800 Exception <a 'java/lang/ClassNotFoundException': javax/swing/JTreeCell> (0x00000000d98c74e8) thrown at [/HUDSON3/workspace/8-2-build-linux-amd64/jdk8u121/8372/hotspot/src/share/vm/classfile/systemDictionary.cpp, line 210]
Event: 0.527 Thread 0x00007febc823b800 Exception <a 'java/lang/ClassNotFoundException': TreeCell> (0x00000000d98c7970) thrown at [/HUDSON3/workspace/8-2-build-linux-amd64/jdk8u121/8372/hotspot/src/share/vm/classfile/systemDictionary.cpp, line 210]
Event: 0.527 Thread 0x00007febc823b800 Exception <a 'java/lang/ClassNotFoundException': RootPane> (0x00000000d98c8410) thrown at [/HUDSON3/workspace/8-2-build-linux-amd64/jdk8u121/8372/hotspot/src/share/vm/classfile/systemDictionary.cpp, line 210]
Event: 0.567 Thread 0x00007febc823b800 Implicit null exception at 0x00007febb91fe5b6 to 0x00007febb91fe979
Event: 0.708 Thread 0x00007feb70298000 Implicit null exception at 0x00007febb92a74df to 0x00007febb92a87fd
Event: 0.757 Thread 0x00007febc823b800 Exception <a 'java/lang/UnsupportedOperationException': > (0x00000000d9a342e8) thrown at [/HUDSON3/workspace/8-2-build-linux-amd64/jdk8u121/8372/hotspot/src/share/vm/prims/jni.cpp, line 735]
Event: 8.595 Thread 0x00007febc823b800 Exception <a 'java/lang/UnsupportedOperationException': > (0x00000000d89e1130) thrown at [/HUDSON3/workspace/8-2-build-linux-amd64/jdk8u121/8372/hotspot/src/share/vm/prims/jni.cpp, line 735]
Event: 15.090 Thread 0x00007febc823b800 Exception <a 'java/lang/UnsupportedOperationException': > (0x00000000d8a38b00) thrown at [/HUDSON3/workspace/8-2-build-linux-amd64/jdk8u121/8372/hotspot/src/share/vm/prims/jni.cpp, line 735]

Events (10 events):
Event: 15.080 loading class java/awt/geom/EllipseIterator
Event: 15.080 loading class java/awt/geom/EllipseIterator done
Event: 15.090 loading class sun/awt/im/CompositionArea
Event: 15.090 loading class sun/awt/im/CompositionArea done
Event: 17.092 loading class sun/awt/X11/XButtonEvent
Event: 17.092 loading class sun/awt/X11/XButtonEvent done
Event: 10357.458 loading class sun/awt/X11/XkbEvent
Event: 10357.516 loading class sun/awt/X11/XkbEvent done
Event: 10357.516 loading class sun/awt/X11/XkbAnyEvent
Event: 10357.547 loading class sun/awt/X11/XkbAnyEvent done


Dynamic libraries:
00400000-00401000 r-xp 00000000 08:07 1202280                            /usr/java/jdk/bin/java
00600000-00601000 rw-p 00000000 08:07 1202280                            /usr/java/jdk/bin/java
021ca000-021eb000 rw-p 00000000 00:00 0                                  [heap]
87c00000-8cd80000 rw-p 00000000 00:00 0 
8cd80000-d7f00000 ---p 00000000 00:00 0 
d7f00000-da780000 rw-p 00000000 00:00 0 
da780000-100000000 ---p 00000000 00:00 0 
100000000-100220000 rw-p 00000000 00:00 0 
100220000-140000000 ---p 00000000 00:00 0 
7feb5c000000-7feb5c28d000 rw-p 00000000 00:00 0 
7feb5c28d000-7feb60000000 ---p 00000000 00:00 0 
7feb60000000-7feb60021000 rw-p 00000000 00:00 0 
7feb60021000-7feb64000000 ---p 00000000 00:00 0 
7feb64000000-7feb64030000 rw-p 00000000 00:00 0 
7feb64030000-7feb68000000 ---p 00000000 00:00 0 
7feb6a74a000-7feb6a7b9000 rw-s 00000000 00:05 8421378                    /SYSV00000000 (deleted)
7feb6a7b9000-7feb6a7bc000 ---p 00000000 00:00 0 
7feb6a7bc000-7feb6a8ba000 rw-p 00000000 00:00 0 
7feb6a8ba000-7feb6a8bd000 ---p 00000000 00:00 0 
7feb6a8bd000-7feb6a9bb000 rw-p 00000000 00:00 0 
7feb6a9bb000-7feb6aa24000 r-xp 00000000 08:07 1202388                    /usr/java/jdk/jre/lib/amd64/libt2k.so
7feb6aa24000-7feb6ac24000 ---p 00069000 08:07 1202388                    /usr/java/jdk/jre/lib/amd64/libt2k.so
7feb6ac24000-7feb6ac2b000 rw-p 00069000 08:07 1202388                    /usr/java/jdk/jre/lib/amd64/libt2k.so
7feb6ac2b000-7feb6ac3b000 rw-p 00000000 00:00 0 
7feb6ac3b000-7feb6ac65000 r-xp 00000000 08:07 1202342                    /usr/java/jdk/jre/lib/amd64/libdcpr.so
7feb6ac65000-7feb6ae65000 ---p 0002a000 08:07 1202342                    /usr/java/jdk/jre/lib/amd64/libdcpr.so
7feb6ae65000-7feb6ae68000 rw-p 0002a000 08:07 1202342                    /usr/java/jdk/jre/lib/amd64/libdcpr.so
7feb6ae68000-7feb6ae6b000 ---p 00000000 00:00 0 
7feb6ae6b000-7feb6b169000 rw-p 00000000 00:00 0 
7feb6b169000-7feb6b369000 rw-p 00000000 00:00 0 
7feb6b856000-7feb6b917000 r--s 00000000 08:07 3676537                    /var/cache/fontconfig/de49e17e6e33c7c40c4acdcf85b0191b-le64.cache-6
7feb6bc00000-7feb6bdc0000 rw-p 00000000 00:00 0 
7feb6bdc0000-7feb6be00000 ---p 00000000 00:00 0 
7feb6be00000-7feb6c000000 rw-p 00000000 00:00 0 
7feb6c000000-7feb6c021000 rw-p 00000000 00:00 0 
7feb6c021000-7feb70000000 ---p 00000000 00:00 0 
7feb70000000-7feb704ae000 rw-p 00000000 00:00 0 
7feb704ae000-7feb74000000 ---p 00000000 00:00 0 
7feb74000000-7feb74021000 rw-p 00000000 00:00 0 
7feb74021000-7feb78000000 ---p 00000000 00:00 0 
7feb78000000-7feb78030000 rw-p 00000000 00:00 0 
7feb78030000-7feb7c000000 ---p 00000000 00:00 0 
7feb7c000000-7feb7c021000 rw-p 00000000 00:00 0 
7feb7c021000-7feb80000000 ---p 00000000 00:00 0 
7feb80000000-7feb80021000 rw-p 00000000 00:00 0 
7feb80021000-7feb84000000 ---p 00000000 00:00 0 
7feb84000000-7feb854ee000 rw-p 00000000 00:00 0 
7feb854ee000-7feb88000000 ---p 00000000 00:00 0 
7feb88000000-7feb88822000 rw-p 00000000 00:00 0 
7feb88822000-7feb8c000000 ---p 00000000 00:00 0 
7feb8c000000-7feb8c021000 rw-p 00000000 00:00 0 
7feb8c021000-7feb90000000 ---p 00000000 00:00 0 
7feb90000000-7feb90ff9000 rw-p 00000000 00:00 0 
7feb90ff9000-7feb94000000 ---p 00000000 00:00 0 
7feb94000000-7feb94021000 rw-p 00000000 00:00 0 
7feb94021000-7feb98000000 ---p 00000000 00:00 0 
7feb98000000-7feb98021000 rw-p 00000000 00:00 0 
7feb98021000-7feb9c000000 ---p 00000000 00:00 0 
7feb9c000000-7feb9c021000 rw-p 00000000 00:00 0 
7feb9c021000-7feba0000000 ---p 00000000 00:00 0 
7feba0014000-7feba0018000 r--s 0009a000 08:07 1202308                    /usr/java/jdk/jre/lib/jsse.jar
7feba0018000-7feba0022000 r--s 00116000 08:07 1321514                    /usr/java/jdk/jre/lib/ext/localedata.jar
7feba0022000-7feba003e000 r--s 00393000 08:07 1321517                    /usr/java/jdk/jre/lib/ext/cldrdata.jar
7feba003e000-7feba0043000 r--s 002f9000 08:07 1202309                    /usr/java/jdk/jre/lib/charsets.jar
7feba0043000-7feba004d000 r--s 000ea000 08:07 3698670                    /home/drift/Documents/thirdPartyLibs/mysql-connector-java-5.1.42/mysql-connector-java-5.1.42-bin.jar
7feba004d000-7feba0050000 r--s 00013000 08:07 3577322                    /home/drift/Documents/thirdPartyLibs/json-lib-2.4-jdk15/dependancy/ezmorph-1.0.6.jar
7feba0050000-7feba0055000 r--s 00040000 08:07 3578384                    /home/drift/Documents/thirdPartyLibs/json-lib-2.4-jdk15/dependancy/commons-lang-2.5/commons-lang-2.5.jar
7feba0055000-7feba0063000 r--s 0007f000 08:07 3577689                    /home/drift/Documents/thirdPartyLibs/json-lib-2.4-jdk15/dependancy/commons-collections-3.2.1/commons-collections-3.2.1.jar
7feba0063000-7feba0074000 r--s 0016f000 08:07 3568773                    /home/drift/Documents/thirdPartyLibs/jfreechart-1.0.19/lib/jfreechart-1.0.19.jar
7feba0074000-7feba007b000 r--s 00000000 08:07 3670340                    /var/cache/fontconfig/4be9850f182b35c1350b6bbf2e42601c-le64.cache-6
7feba007d000-7feba0082000 r--s 00034000 08:07 3577333                    /home/drift/Documents/thirdPartyLibs/json-lib-2.4-jdk15/dependancy/commons-beanutils-1.8.0/commons-beanutils-1.8.0.jar
7feba0082000-7feba0089000 r--s 00000000 08:07 3670340                    /var/cache/fontconfig/4be9850f182b35c1350b6bbf2e42601c-le64.cache-6
7feba0089000-7feba008b000 r--s 00000000 08:07 3670363                    /var/cache/fontconfig/30a99c4256905863f7aa12b5e873c27c-le64.cache-6
7feba008b000-7feba008c000 r--s 00000000 08:07 3670362                    /var/cache/fontconfig/087e1975ba9a574b140bb1df193bf770-le64.cache-6
7feba008c000-7feba0090000 r--s 00000000 08:07 3670359                    /var/cache/fontconfig/6aa41aa22e18b8fa06a12da28ea9c28b-le64.cache-6
7feba0090000-7feba009b000 r--s 00000000 08:07 3670357                    /var/cache/fontconfig/945677eb7aeaf62f1d50efc3fb3ec7d8-le64.cache-6
7feba009b000-7feba00a0000 r--s 00000000 08:07 3679723                    /var/cache/fontconfig/99e8ed0e538f840c565b6ed5dad60d56-le64.cache-6
7feba00a0000-7feba00a6000 r--s 00000000 08:07 3670355                    /var/cache/fontconfig/2cd17615ca594fa2959ae173292e504c-le64.cache-6
7feba00a6000-7feba00a7000 r--s 00000000 08:07 3670351                    /var/cache/fontconfig/0d8c3b2ac0904cb8a57a757ad11a4a08-le64.cache-6
7feba00a7000-7feba00ab000 r--s 00000000 08:07 3696967                    /var/cache/fontconfig/de156ccd2eddbdc19d37a45b8b2aac9c-le64.cache-6
7feba00ab000-7feba00c0000 r--s 00000000 08:07 3670350                    /var/cache/fontconfig/04aabc0a78ac019cf9454389977116d2-le64.cache-6
7feba00c0000-7feba00c1000 r--s 00000000 08:07 3670348                    /var/cache/fontconfig/1ac9eb803944fde146138c791f5cc56a-le64.cache-6
7feba00c1000-7feba00c2000 r--s 00000000 08:07 3670347                    /var/cache/fontconfig/b95bc8ffbebda2bbdae4265e45b8178d-le64.cache-6
7feba00c2000-7feba00c6000 r--s 00000000 08:07 3670346                    /var/cache/fontconfig/385c0604a188198f04d133e54aba7fe7-le64.cache-6
7feba00c6000-7feba00c9000 r--s 00000000 08:07 3670345                    /var/cache/fontconfig/cc7d5960448caf04b01115f3462e4057-le64.cache-6
7feba00c9000-7feba00ca000 r--s 00000000 08:07 3670343                    /var/cache/fontconfig/9c956a7723ca69a44b382d9179c9802f-le64.cache-6
7feba00ca000-7feba00cb000 r--s 00000000 08:07 3670341                    /var/cache/fontconfig/dc05db6664285cc2f12bf69c139ae4c3-le64.cache-6
7feba00cb000-7feba00cc000 r--s 00000000 08:07 3670334                    /var/cache/fontconfig/5d1cca7074f29429a8d18692746c2426-le64.cache-6
7feba00cc000-7feba00cf000 r--s 00000000 08:07 3670332                    /var/cache/fontconfig/767a8244fc0220cfb567a839d0392e0b-le64.cache-6
7feba00cf000-7feba00d0000 r--s 00000000 08:07 3670331                    /var/cache/fontconfig/9eae20f1ff8cc0a7d125749e875856bd-le64.cache-6
7feba00d0000-7feba00d3000 r--s 00000000 08:07 3670330                    /var/cache/fontconfig/bf2c1853a9e9b00bb02fe2e9bcf1e201-le64.cache-6
7feba00d3000-7feba00d8000 r--s 00000000 08:07 3670328                    /var/cache/fontconfig/8801497958630a81b71ace7c5f9b32a8-le64.cache-6
7feba00d8000-7feba00dc000 r--s 00000000 08:07 3670327                    /var/cache/fontconfig/c57959a16110560c8d0fcea73374aeeb-le64.cache-6
7feba00dc000-7feba00dd000 r--s 00000000 08:07 3670326                    /var/cache/fontconfig/bab58bb527bb656aaa9f116d68a48d89-le64.cache-6
7feba00dd000-7feba00e4000 r--s 00000000 08:07 3670325                    /var/cache/fontconfig/3047814df9a2f067bd2d96a2b9c36e5a-le64.cache-6
7feba00e4000-7feba00ec000 r--s 00000000 08:07 3670324                    /var/cache/fontconfig/bf3b770c553c462765856025a94f1ce6-le64.cache-6
7feba00ec000-7feba00ed000 r--s 00000000 08:07 3670322                    /var/cache/fontconfig/56cf4f4769d0f4abc89a4895d7bd3ae1-le64.cache-6
7feba00ed000-7feba00ee000 r--s 00000000 08:07 3670321                    /var/cache/fontconfig/b9d506c9ac06c20b433354fa67a72993-le64.cache-6
7feba00ee000-7feba00f4000 r--s 00000000 08:07 3670320                    /var/cache/fontconfig/b47c4e1ecd0709278f4910c18777a504-le64.cache-6
7feba00f4000-7feba00f7000 r--s 00000000 08:07 3670318                    /var/cache/fontconfig/14d493b97896515cad3840ba4896e372-le64.cache-6
7feba00f7000-7feba00fa000 r--s 00000000 08:07 3670317                    /var/cache/fontconfig/e49e89034d371f0f9de17aab02136486-le64.cache-6
7feba00fa000-7feba00fc000 r--s 00000000 08:07 3670314                    /var/cache/fontconfig/4b14b093aebc79c320de5e86ae1d3314-le64.cache-6
7feba00fc000-7feba00fd000 r--s 00000000 08:07 3670313                    /var/cache/fontconfig/8aec10f4cc8391dcef22ca549f1e4354-le64.cache-6
7feba00fd000-7feba0110000 r--s 00000000 08:07 3670312                    /var/cache/fontconfig/d52a8644073d54c13679302ca1180695-le64.cache-6
7feba0110000-7feba0111000 r--s 00000000 08:07 3670311                    /var/cache/fontconfig/551ecf3b0e8b0bca0f25c0944f561853-le64.cache-6
7feba0111000-7feba0112000 r--s 00000000 08:07 3670308                    /var/cache/fontconfig/8a687c406b77f27d99abfeeba937fcce-le64.cache-6
7feba0112000-7feba0117000 r--s 00000000 08:07 3670306                    /var/cache/fontconfig/75ad6aa2358a85f0de2c8ee4837e8227-le64.cache-6
7feba0117000-7feba0118000 r--s 00000000 08:07 3670305                    /var/cache/fontconfig/ac2cf712d852da827a87a9baf682f5b9-le64.cache-6
7feba0118000-7feba011a000 r--s 00000000 08:07 3670302                    /var/cache/fontconfig/65f976e5259cbe6dc7697b8648396239-le64.cache-6
7feba011a000-7feba0125000 r--s 00000000 08:07 3670300                    /var/cache/fontconfig/d589a48862398ed80a3d6066f4f56f4c-le64.cache-6
7feba0125000-7feba0129000 r--s 00000000 08:07 3670299                    /var/cache/fontconfig/246184dc75a16901ca37d96895904249-le64.cache-6
7feba0129000-7feba012a000 r--s 00000000 08:07 3670296                    /var/cache/fontconfig/94f7fe9bd33aadfac165873bd010d595-le64.cache-6
7feba012a000-7feba012c000 r--s 00000000 08:07 3670288                    /var/cache/fontconfig/423767150eb258c59035de29db6fca84-le64.cache-6
7feba012c000-7feba012d000 r--s 00000000 08:07 3670285                    /var/cache/fontconfig/845c20fd2c4814bcec78e05d37a63ccc-le64.cache-6
7feba012d000-7feba012e000 r--s 00000000 08:07 3670275                    /var/cache/fontconfig/e7de81b01590fb7e12b38e274e17d0db-le64.cache-6
7feba012e000-7feba012f000 r--s 00000000 08:07 3670273                    /var/cache/fontconfig/406a1d2d2bf3ed7664fbadefac0b2f66-le64.cache-6
7feba012f000-7feba0131000 r--s 00000000 08:07 3670272                    /var/cache/fontconfig/67709b7835c0f764c1135060c9575660-le64.cache-6
7feba0131000-7feba013e000 r--s 00000000 08:07 3670271                    /var/cache/fontconfig/089dead882dea3570ffc31a9898cfb69-le64.cache-6
7feba013e000-7feba013f000 r--s 00000000 08:07 3670270                    /var/cache/fontconfig/30829fa25452a46451e813d634d7f916-le64.cache-6
7feba013f000-7feba014d000 r--s 00000000 08:07 3670269                    /var/cache/fontconfig/198d8fcf01c96d0cf813f74fd759bdb7-le64.cache-6
7feba014d000-7feba014e000 r--s 00000000 08:07 3670267                    /var/cache/fontconfig/0c9eb80ebd1c36541ebe2852d3bb0c49-le64.cache-6
7feba014e000-7feba020f000 r--s 00000000 08:07 3676537                    /var/cache/fontconfig/de49e17e6e33c7c40c4acdcf85b0191b-le64.cache-6
7feba020f000-7feba0212000 r--s 00000000 08:07 3670260                    /var/cache/fontconfig/75114ca45c98e8a441da0ff356701271-le64.cache-6
7feba0212000-7feba021d000 r--s 00000000 08:07 3670258                    /var/cache/fontconfig/83bf95040141907cd45bb53cf7c1c148-le64.cache-6
7feba021d000-7feba022f000 r--s 00000000 08:07 3670255                    /var/cache/fontconfig/9b89f8e3dae116d678bbf48e5f21f69b-le64.cache-6
7feba022f000-7feba0238000 r--s 00000000 08:07 3670253                    /var/cache/fontconfig/d0972c3d32f097851eb916381fc38920-le64.cache-6
7feba0238000-7feba023a000 r--s 00000000 08:07 3670252                    /var/cache/fontconfig/6e6b34ae150a7ad95e82fb4a522f0bda-le64.cache-6
7feba023a000-7feba023b000 r--s 00000000 08:07 3670251                    /var/cache/fontconfig/3334a778d104e76d188e9df399bc24d2-le64.cache-6
7feba023b000-7feba0242000 r--s 00000000 08:07 3670250                    /var/cache/fontconfig/53d14c92082a93e67d5078324eb314ca-le64.cache-6
7feba0242000-7feba0246000 r--s 00000000 08:07 3670249                    /var/cache/fontconfig/6c08beecf0dac481ec92e759e0c2e6d7-le64.cache-6
7feba0246000-7feba024a000 r--s 00000000 08:07 3670247                    /var/cache/fontconfig/4d6aee6d44eccb37054d3216e945f618-le64.cache-6
7feba024a000-7feba024e000 r--s 00000000 08:07 3670246                    /var/cache/fontconfig/d6c6df98c3df5faf9bd0f8ef4d91efe5-le64.cache-6
7feba024e000-7feba0252000 r--s 00000000 08:07 3670243                    /var/cache/fontconfig/9fb319ef52839f11ee26ab8b4cffa12b-le64.cache-6
7feba0252000-7feba0254000 r--s 00000000 08:07 3670241                    /var/cache/fontconfig/43bfe21a9e1edebcf703d79ee2950b06-le64.cache-6
7feba0254000-7feba0267000 r--s 00000000 08:07 3670240                    /var/cache/fontconfig/4ac51e5cfbc76fc3f983e470323a16d3-le64.cache-6
7feba0267000-7feba026a000 r--s 00000000 08:07 3670237                    /var/cache/fontconfig/c19b55eb3b4c5b40ea175e31682068a5-le64.cache-6
7feba026a000-7feba026b000 r--s 00000000 08:07 3670232                    /var/cache/fontconfig/c277e94e32b20404286a1ddafa5a80f0-le64.cache-6
7feba026b000-7feba026f000 r--s 00000000 08:07 3670231                    /var/cache/fontconfig/3629f2adf904f9a612908891fae71ceb-le64.cache-6
7feba026f000-7feba0272000 r--s 00000000 08:07 3670222                    /var/cache/fontconfig/de83a0a961185c8bd1f159015d56c039-le64.cache-6
7feba0272000-7feba0288000 r--s 00000000 08:07 3670204                    /var/cache/fontconfig/e13b20fdb08344e0e664864cc2ede53d-le64.cache-6
7feba0288000-7feba028d000 r--s 00000000 08:07 3670375                    /var/cache/fontconfig/7ef2298fde41cc6eeb7af42e48b7d293-le64.cache-6
7feba028d000-7feba028f000 r--s 00000000 08:07 3670369                    /var/cache/fontconfig/16326683038b281783a0ef8c680e3a10-le64.cache-6
7feba028f000-7feba029c000 r--s 00000000 08:07 3670368                    /var/cache/fontconfig/8f02d4cb045bd6ce15663e43f347c9f8-le64.cache-6
7feba029c000-7feba029d000 r--s 00000000 08:07 3670367                    /var/cache/fontconfig/e0aa53bcfa504e64f87823c16bc01eb6-le64.cache-6
7feba029d000-7feba02be000 r--s 00000000 08:07 3670365                    /var/cache/fontconfig/467c019e582ee353435ea5c21d137ef6-le64.cache-6
7feba02c0000-7feba02c2000 r--s 0000d000 08:07 3578692                    /home/drift/Documents/thirdPartyLibs/json-lib-2.4-jdk15/dependancy/commons-logging-1.1.1/commons-logging-1.1.1.jar
7feba02c2000-7feba02c7000 r--s 00024000 08:07 3574636                    /home/drift/Documents/thirdPartyLibs/json-lib-2.4-jdk15/net.jar
7feba02c7000-7feba02cd000 r--s 0004a000 08:07 3572887                    /home/drift/Documents/thirdPartyLibs/jcommon-1.0.23/jcommon-1.0.23.jar
7feba02cd000-7feba02d4000 r--s 00075000 08:07 3574556                    /home/drift/Documents/thirdPartyLibs/javamail-1.4.5/mail.jar
7feba02d4000-7feba02d6000 r--s 0000c000 08:07 3574084                    /home/drift/Documents/thirdPartyLibs/jaf-1.1.1/activation.jar
7feba02d6000-7feba02e7000 r-xp 00000000 08:07 1202362                    /usr/java/jdk/jre/lib/amd64/libnio.so
7feba02e7000-7feba04e6000 ---p 00011000 08:07 1202362                    /usr/java/jdk/jre/lib/amd64/libnio.so
7feba04e6000-7feba04e7000 rw-p 00010000 08:07 1202362                    /usr/java/jdk/jre/lib/amd64/libnio.so
7feba04e7000-7feba07e8000 rw-p 00000000 00:00 0 
7feba07e8000-7feba07fe000 r-xp 00000000 08:07 1202337                    /usr/java/jdk/jre/lib/amd64/libnet.so
7feba07fe000-7feba09fe000 ---p 00016000 08:07 1202337                    /usr/java/jdk/jre/lib/amd64/libnet.so
7feba09fe000-7feba09ff000 rw-p 00016000 08:07 1202337                    /usr/java/jdk/jre/lib/amd64/libnet.so
7feba09ff000-7feba0a02000 ---p 00000000 00:00 0 
7feba0a02000-7feba0b00000 rw-p 00000000 00:00 0 
7feba0b00000-7feba0b03000 ---p 00000000 00:00 0 
7feba0b03000-7feba0c01000 rw-p 00000000 00:00 0 
7feba0c01000-7feba0c04000 ---p 00000000 00:00 0 
7feba0c04000-7feba0d02000 rw-p 00000000 00:00 0 
7feba0d02000-7feba0d07000 r-xp 00000000 08:07 1188371                    /usr/lib/x86_64-linux-gnu/libXfixes.so.3.1.0
7feba0d07000-7feba0f06000 ---p 00005000 08:07 1188371                    /usr/lib/x86_64-linux-gnu/libXfixes.so.3.1.0
7feba0f06000-7feba0f07000 r--p 00004000 08:07 1188371                    /usr/lib/x86_64-linux-gnu/libXfixes.so.3.1.0
7feba0f07000-7feba0f08000 rw-p 00005000 08:07 1188371                    /usr/lib/x86_64-linux-gnu/libXfixes.so.3.1.0
7feba0f08000-7feba0f11000 r-xp 00000000 08:07 1188363                    /usr/lib/x86_64-linux-gnu/libXcursor.so.1.0.2
7feba0f11000-7feba1110000 ---p 00009000 08:07 1188363                    /usr/lib/x86_64-linux-gnu/libXcursor.so.1.0.2
7feba1110000-7feba1111000 r--p 00008000 08:07 1188363                    /usr/lib/x86_64-linux-gnu/libXcursor.so.1.0.2
7feba1111000-7feba1112000 rw-p 00009000 08:07 1188363                    /usr/lib/x86_64-linux-gnu/libXcursor.so.1.0.2
7feba1112000-7feba1115000 ---p 00000000 00:00 0 
7feba1115000-7feba1213000 rw-p 00000000 00:00 0 
7feba1213000-7feba1229000 r-xp 00000000 08:07 135714                     /lib/x86_64-linux-gnu/libgcc_s.so.1
7feba1229000-7feba1428000 ---p 00016000 08:07 135714                     /lib/x86_64-linux-gnu/libgcc_s.so.1
7feba1428000-7feba1429000 rw-p 00015000 08:07 135714                     /lib/x86_64-linux-gnu/libgcc_s.so.1
7feba1429000-7feba148e000 r-xp 00000000 08:07 1202356                    /usr/java/jdk/jre/lib/amd64/libfontmanager.so
7feba148e000-7feba168d000 ---p 00065000 08:07 1202356                    /usr/java/jdk/jre/lib/amd64/libfontmanager.so
7feba168d000-7feba1692000 rw-p 00064000 08:07 1202356                    /usr/java/jdk/jre/lib/amd64/libfontmanager.so
7feba1692000-7feba16a2000 rw-p 00000000 00:00 0 
7feba16a2000-7feba16a7000 r-xp 00000000 08:07 1188367                    /usr/lib/x86_64-linux-gnu/libXdmcp.so.6.0.0
7feba16a7000-7feba18a6000 ---p 00005000 08:07 1188367                    /usr/lib/x86_64-linux-gnu/libXdmcp.so.6.0.0
7feba18a6000-7feba18a7000 r--p 00004000 08:07 1188367                    /usr/lib/x86_64-linux-gnu/libXdmcp.so.6.0.0
7feba18a7000-7feba18a8000 rw-p 00005000 08:07 1188367                    /usr/lib/x86_64-linux-gnu/libXdmcp.so.6.0.0
7feba18a8000-7feba18aa000 r-xp 00000000 08:07 1188356                    /usr/lib/x86_64-linux-gnu/libXau.so.6.0.0
7feba18aa000-7feba1aaa000 ---p 00002000 08:07 1188356                    /usr/lib/x86_64-linux-gnu/libXau.so.6.0.0
7feba1aaa000-7feba1aab000 r--p 00002000 08:07 1188356                    /usr/lib/x86_64-linux-gnu/libXau.so.6.0.0
7feba1aab000-7feba1aac000 rw-p 00003000 08:07 1188356                    /usr/lib/x86_64-linux-gnu/libXau.so.6.0.0
7feba1aac000-7feba1acd000 r-xp 00000000 08:07 1189736                    /usr/lib/x86_64-linux-gnu/libxcb.so.1.1.0
7feba1acd000-7feba1ccc000 ---p 00021000 08:07 1189736                    /usr/lib/x86_64-linux-gnu/libxcb.so.1.1.0
7feba1ccc000-7feba1ccd000 r--p 00020000 08:07 1189736                    /usr/lib/x86_64-linux-gnu/libxcb.so.1.1.0
7feba1ccd000-7feba1cce000 rw-p 00021000 08:07 1189736                    /usr/lib/x86_64-linux-gnu/libxcb.so.1.1.0
7feba1cce000-7feba1cdd000 r-xp 00000000 08:07 1188377                    /usr/lib/x86_64-linux-gnu/libXi.so.6.1.0
7feba1cdd000-7feba1edc000 ---p 0000f000 08:07 1188377                    /usr/lib/x86_64-linux-gnu/libXi.so.6.1.0
7feba1edc000-7feba1edd000 r--p 0000e000 08:07 1188377                    /usr/lib/x86_64-linux-gnu/libXi.so.6.1.0
7feba1edd000-7feba1ede000 rw-p 0000f000 08:07 1188377                    /usr/lib/x86_64-linux-gnu/libXi.so.6.1.0
7feba1ede000-7feba1ee3000 r-xp 00000000 08:07 1188395                    /usr/lib/x86_64-linux-gnu/libXtst.so.6.1.0
7feba1ee3000-7feba20e2000 ---p 00005000 08:07 1188395                    /usr/lib/x86_64-linux-gnu/libXtst.so.6.1.0
7feba20e2000-7feba20e3000 r--p 00004000 08:07 1188395                    /usr/lib/x86_64-linux-gnu/libXtst.so.6.1.0
7feba20e3000-7feba20e4000 rw-p 00005000 08:07 1188395                    /usr/lib/x86_64-linux-gnu/libXtst.so.6.1.0
7feba20e4000-7feba20ed000 r-xp 00000000 08:07 1188389                    /usr/lib/x86_64-linux-gnu/libXrender.so.1.3.0
7feba20ed000-7feba22ec000 ---p 00009000 08:07 1188389                    /usr/lib/x86_64-linux-gnu/libXrender.so.1.3.0
7feba22ec000-7feba22ed000 r--p 00008000 08:07 1188389                    /usr/lib/x86_64-linux-gnu/libXrender.so.1.3.0
7feba22ed000-7feba22ee000 rw-p 00009000 08:07 1188389                    /usr/lib/x86_64-linux-gnu/libXrender.so.1.3.0
7feba22ee000-7feba2423000 r-xp 00000000 08:07 1188352                    /usr/lib/x86_64-linux-gnu/libX11.so.6.3.0
7feba2423000-7feba2623000 ---p 00135000 08:07 1188352                    /usr/lib/x86_64-linux-gnu/libX11.so.6.3.0
7feba2623000-7feba2624000 r--p 00135000 08:07 1188352                    /usr/lib/x86_64-linux-gnu/libX11.so.6.3.0
7feba2624000-7feba2628000 rw-p 00136000 08:07 1188352                    /usr/lib/x86_64-linux-gnu/libX11.so.6.3.0
7feba2628000-7feba2639000 r-xp 00000000 08:07 1188369                    /usr/lib/x86_64-linux-gnu/libXext.so.6.4.0
7feba2639000-7feba2838000 ---p 00011000 08:07 1188369                    /usr/lib/x86_64-linux-gnu/libXext.so.6.4.0
7feba2838000-7feba2839000 r--p 00010000 08:07 1188369                    /usr/lib/x86_64-linux-gnu/libXext.so.6.4.0
7feba2839000-7feba283a000 rw-p 00011000 08:07 1188369                    /usr/lib/x86_64-linux-gnu/libXext.so.6.4.0
7feba283a000-7feba288e000 r-xp 00000000 08:07 1202364                    /usr/java/jdk/jre/lib/amd64/libawt_xawt.so
7feba288e000-7feba2a8e000 ---p 00054000 08:07 1202364                    /usr/java/jdk/jre/lib/amd64/libawt_xawt.so
7feba2a8e000-7feba2a92000 rw-p 00054000 08:07 1202364                    /usr/java/jdk/jre/lib/amd64/libawt_xawt.so
7feba2a92000-7feba2a93000 rw-p 00000000 00:00 0 
7feba2a93000-7feba2b35000 r-xp 00000000 08:07 1202391                    /usr/java/jdk/jre/lib/amd64/libawt.so
7feba2b35000-7feba2d35000 ---p 000a2000 08:07 1202391                    /usr/java/jdk/jre/lib/amd64/libawt.so
7feba2d35000-7feba2d41000 rw-p 000a2000 08:07 1202391                    /usr/java/jdk/jre/lib/amd64/libawt.so
7feba2d41000-7feba2d65000 rw-p 00000000 00:00 0 
7feba2d65000-7feba2d66000 ---p 00000000 00:00 0 
7feba2d66000-7feba2e66000 rw-p 00000000 00:00 0 
7feba2e66000-7feba2e69000 ---p 00000000 00:00 0 
7feba2e69000-7feba2f67000 rw-p 00000000 00:00 0 
7feba2f67000-7feba2f6a000 ---p 00000000 00:00 0 
7feba2f6a000-7feba3068000 rw-p 00000000 00:00 0 
7feba3068000-7feba306b000 ---p 00000000 00:00 0 
7feba306b000-7feba3169000 rw-p 00000000 00:00 0 
7feba3169000-7feba316c000 ---p 00000000 00:00 0 
7feba316c000-7feba326a000 rw-p 00000000 00:00 0 
7feba326a000-7feba326d000 ---p 00000000 00:00 0 
7feba326d000-7feba336b000 rw-p 00000000 00:00 0 
7feba336b000-7feba37f8000 r--p 00000000 08:07 1184437                    /usr/lib/locale/locale-archive
7feba37f8000-7feba37fb000 ---p 00000000 00:00 0 
7feba37fb000-7feba38f9000 rw-p 00000000 00:00 0 
7feba38f9000-7feba38fc000 ---p 00000000 00:00 0 
7feba38fc000-7feba39fa000 rw-p 00000000 00:00 0 
7feba39fa000-7feba39fb000 ---p 00000000 00:00 0 
7feba39fb000-7feba4000000 rw-p 00000000 00:00 0 
7feba4000000-7feba4021000 rw-p 00000000 00:00 0 
7feba4021000-7feba8000000 ---p 00000000 00:00 0 
7feba8000000-7feba8021000 rw-p 00000000 00:00 0 
7feba8021000-7febac000000 ---p 00000000 00:00 0 
7febac000000-7febac021000 rw-p 00000000 00:00 0 
7febac021000-7febb0000000 ---p 00000000 00:00 0 
7febb0000000-7febb0002000 r--s 00000000 08:07 3670363                    /var/cache/fontconfig/30a99c4256905863f7aa12b5e873c27c-le64.cache-6
7febb0002000-7febb0003000 r--s 00000000 08:07 3670362                    /var/cache/fontconfig/087e1975ba9a574b140bb1df193bf770-le64.cache-6
7febb0003000-7febb0007000 r--s 00000000 08:07 3670359                    /var/cache/fontconfig/6aa41aa22e18b8fa06a12da28ea9c28b-le64.cache-6
7febb0007000-7febb0012000 r--s 00000000 08:07 3670357                    /var/cache/fontconfig/945677eb7aeaf62f1d50efc3fb3ec7d8-le64.cache-6
7febb0012000-7febb0017000 r--s 00000000 08:07 3679723                    /var/cache/fontconfig/99e8ed0e538f840c565b6ed5dad60d56-le64.cache-6
7febb0017000-7febb001d000 r--s 00000000 08:07 3670355                    /var/cache/fontconfig/2cd17615ca594fa2959ae173292e504c-le64.cache-6
7febb001d000-7febb001e000 r--s 00000000 08:07 3670351                    /var/cache/fontconfig/0d8c3b2ac0904cb8a57a757ad11a4a08-le64.cache-6
7febb001e000-7febb0022000 r--s 00000000 08:07 3696967                    /var/cache/fontconfig/de156ccd2eddbdc19d37a45b8b2aac9c-le64.cache-6
7febb0022000-7febb0037000 r--s 00000000 08:07 3670350                    /var/cache/fontconfig/04aabc0a78ac019cf9454389977116d2-le64.cache-6
7febb0037000-7febb0038000 r--s 00000000 08:07 3670348                    /var/cache/fontconfig/1ac9eb803944fde146138c791f5cc56a-le64.cache-6
7febb0038000-7febb0039000 r--s 00000000 08:07 3670347                    /var/cache/fontconfig/b95bc8ffbebda2bbdae4265e45b8178d-le64.cache-6
7febb0039000-7febb003d000 r--s 00000000 08:07 3670346                    /var/cache/fontconfig/385c0604a188198f04d133e54aba7fe7-le64.cache-6
7febb003d000-7febb0040000 r--s 00000000 08:07 3670345                    /var/cache/fontconfig/cc7d5960448caf04b01115f3462e4057-le64.cache-6
7febb0040000-7febb0041000 r--s 00000000 08:07 3670343                    /var/cache/fontconfig/9c956a7723ca69a44b382d9179c9802f-le64.cache-6
7febb0041000-7febb0042000 r--s 00000000 08:07 3670341                    /var/cache/fontconfig/dc05db6664285cc2f12bf69c139ae4c3-le64.cache-6
7febb0042000-7febb0043000 r--s 00000000 08:07 3670334                    /var/cache/fontconfig/5d1cca7074f29429a8d18692746c2426-le64.cache-6
7febb0043000-7febb0046000 r--s 00000000 08:07 3670332                    /var/cache/fontconfig/767a8244fc0220cfb567a839d0392e0b-le64.cache-6
7febb0046000-7febb0047000 r--s 00000000 08:07 3670331                    /var/cache/fontconfig/9eae20f1ff8cc0a7d125749e875856bd-le64.cache-6
7febb0047000-7febb004a000 r--s 00000000 08:07 3670330                    /var/cache/fontconfig/bf2c1853a9e9b00bb02fe2e9bcf1e201-le64.cache-6
7febb004a000-7febb004f000 r--s 00000000 08:07 3670328                    /var/cache/fontconfig/8801497958630a81b71ace7c5f9b32a8-le64.cache-6
7febb004f000-7febb0053000 r--s 00000000 08:07 3670327                    /var/cache/fontconfig/c57959a16110560c8d0fcea73374aeeb-le64.cache-6
7febb0053000-7febb0054000 r--s 00000000 08:07 3670326                    /var/cache/fontconfig/bab58bb527bb656aaa9f116d68a48d89-le64.cache-6
7febb0054000-7febb005b000 r--s 00000000 08:07 3670325                    /var/cache/fontconfig/3047814df9a2f067bd2d96a2b9c36e5a-le64.cache-6
7febb005b000-7febb0063000 r--s 00000000 08:07 3670324                    /var/cache/fontconfig/bf3b770c553c462765856025a94f1ce6-le64.cache-6
7febb0063000-7febb0064000 r--s 00000000 08:07 3670322                    /var/cache/fontconfig/56cf4f4769d0f4abc89a4895d7bd3ae1-le64.cache-6
7febb0064000-7febb0065000 r--s 00000000 08:07 3670321                    /var/cache/fontconfig/b9d506c9ac06c20b433354fa67a72993-le64.cache-6
7febb0065000-7febb006b000 r--s 00000000 08:07 3670320                    /var/cache/fontconfig/b47c4e1ecd0709278f4910c18777a504-le64.cache-6
7febb006b000-7febb006e000 r--s 00000000 08:07 3670318                    /var/cache/fontconfig/14d493b97896515cad3840ba4896e372-le64.cache-6
7febb006e000-7febb0071000 r--s 00000000 08:07 3670317                    /var/cache/fontconfig/e49e89034d371f0f9de17aab02136486-le64.cache-6
7febb0071000-7febb0073000 r--s 00000000 08:07 3670314                    /var/cache/fontconfig/4b14b093aebc79c320de5e86ae1d3314-le64.cache-6
7febb0073000-7febb0074000 r--s 00000000 08:07 3670313                    /var/cache/fontconfig/8aec10f4cc8391dcef22ca549f1e4354-le64.cache-6
7febb0074000-7febb0087000 r--s 00000000 08:07 3670312                    /var/cache/fontconfig/d52a8644073d54c13679302ca1180695-le64.cache-6
7febb0087000-7febb0088000 r--s 00000000 08:07 3670311                    /var/cache/fontconfig/551ecf3b0e8b0bca0f25c0944f561853-le64.cache-6
7febb0088000-7febb0089000 r--s 00000000 08:07 3670308                    /var/cache/fontconfig/8a687c406b77f27d99abfeeba937fcce-le64.cache-6
7febb0089000-7febb008e000 r--s 00000000 08:07 3670306                    /var/cache/fontconfig/75ad6aa2358a85f0de2c8ee4837e8227-le64.cache-6
7febb008e000-7febb008f000 r--s 00000000 08:07 3670305                    /var/cache/fontconfig/ac2cf712d852da827a87a9baf682f5b9-le64.cache-6
7febb008f000-7febb0091000 r--s 00000000 08:07 3670302                    /var/cache/fontconfig/65f976e5259cbe6dc7697b8648396239-le64.cache-6
7febb0091000-7febb009c000 r--s 00000000 08:07 3670300                    /var/cache/fontconfig/d589a48862398ed80a3d6066f4f56f4c-le64.cache-6
7febb009c000-7febb00a0000 r--s 00000000 08:07 3670299                    /var/cache/fontconfig/246184dc75a16901ca37d96895904249-le64.cache-6
7febb00a0000-7febb00a1000 r--s 00000000 08:07 3670296                    /var/cache/fontconfig/94f7fe9bd33aadfac165873bd010d595-le64.cache-6
7febb00a1000-7febb00a3000 r--s 00000000 08:07 3670288                    /var/cache/fontconfig/423767150eb258c59035de29db6fca84-le64.cache-6
7febb00a3000-7febb00a4000 r--s 00000000 08:07 3670285                    /var/cache/fontconfig/845c20fd2c4814bcec78e05d37a63ccc-le64.cache-6
7febb00a4000-7febb00a5000 r--s 00000000 08:07 3670275                    /var/cache/fontconfig/e7de81b01590fb7e12b38e274e17d0db-le64.cache-6
7febb00a5000-7febb00b2000 r--s 00000000 08:07 3670271                    /var/cache/fontconfig/089dead882dea3570ffc31a9898cfb69-le64.cache-6
7febb00b2000-7febb00c0000 r--s 00000000 08:07 3670269                    /var/cache/fontconfig/198d8fcf01c96d0cf813f74fd759bdb7-le64.cache-6
7febb00c0000-7febb00cb000 r--s 00000000 08:07 3670258                    /var/cache/fontconfig/83bf95040141907cd45bb53cf7c1c148-le64.cache-6
7febb00cb000-7febb00dd000 r--s 00000000 08:07 3670255                    /var/cache/fontconfig/9b89f8e3dae116d678bbf48e5f21f69b-le64.cache-6
7febb00dd000-7febb4000000 rw-p 00000000 00:00 0 
7febb4000000-7febb4021000 rw-p 00000000 00:00 0 
7febb4021000-7febb8000000 ---p 00000000 00:00 0 
7febb8000000-7febb8001000 r--s 00000000 08:07 3670273                    /var/cache/fontconfig/406a1d2d2bf3ed7664fbadefac0b2f66-le64.cache-6
7febb8001000-7febb8003000 r--s 00000000 08:07 3670272                    /var/cache/fontconfig/67709b7835c0f764c1135060c9575660-le64.cache-6
7febb8003000-7febb8004000 r--s 00000000 08:07 3670270                    /var/cache/fontconfig/30829fa25452a46451e813d634d7f916-le64.cache-6
7febb8004000-7febb8005000 r--s 00000000 08:07 3670267                    /var/cache/fontconfig/0c9eb80ebd1c36541ebe2852d3bb0c49-le64.cache-6
7febb8005000-7febb8008000 r--s 00000000 08:07 3670260                    /var/cache/fontconfig/75114ca45c98e8a441da0ff356701271-le64.cache-6
7febb8008000-7febb8011000 r--s 00000000 08:07 3670253                    /var/cache/fontconfig/d0972c3d32f097851eb916381fc38920-le64.cache-6
7febb8011000-7febb8013000 r--s 00000000 08:07 3670252                    /var/cache/fontconfig/6e6b34ae150a7ad95e82fb4a522f0bda-le64.cache-6
7febb8013000-7febb801a000 r--s 00000000 08:07 3670250                    /var/cache/fontconfig/53d14c92082a93e67d5078324eb314ca-le64.cache-6
7febb801a000-7febb801e000 r--s 00000000 08:07 3670249                    /var/cache/fontconfig/6c08beecf0dac481ec92e759e0c2e6d7-le64.cache-6
7febb801e000-7febb8022000 r--s 00000000 08:07 3670247                    /var/cache/fontconfig/4d6aee6d44eccb37054d3216e945f618-le64.cache-6
7febb8022000-7febb8026000 r--s 00000000 08:07 3670246                    /var/cache/fontconfig/d6c6df98c3df5faf9bd0f8ef4d91efe5-le64.cache-6
7febb8026000-7febb802a000 r--s 00000000 08:07 3670243                    /var/cache/fontconfig/9fb319ef52839f11ee26ab8b4cffa12b-le64.cache-6
7febb802a000-7febb802c000 r--s 00000000 08:07 3670241                    /var/cache/fontconfig/43bfe21a9e1edebcf703d79ee2950b06-le64.cache-6
7febb802c000-7febb803f000 r--s 00000000 08:07 3670240                    /var/cache/fontconfig/4ac51e5cfbc76fc3f983e470323a16d3-le64.cache-6
7febb803f000-7febb8042000 r--s 00000000 08:07 3670237                    /var/cache/fontconfig/c19b55eb3b4c5b40ea175e31682068a5-le64.cache-6
7febb8042000-7febb8046000 r--s 00000000 08:07 3670231                    /var/cache/fontconfig/3629f2adf904f9a612908891fae71ceb-le64.cache-6
7febb8046000-7febb805c000 r--s 00000000 08:07 3670204                    /var/cache/fontconfig/e13b20fdb08344e0e664864cc2ede53d-le64.cache-6
7febb805c000-7febb8061000 r--s 00000000 08:07 3670375                    /var/cache/fontconfig/7ef2298fde41cc6eeb7af42e48b7d293-le64.cache-6
7febb8061000-7febb8082000 r--s 00000000 08:07 3670365                    /var/cache/fontconfig/467c019e582ee353435ea5c21d137ef6-le64.cache-6
7febb8082000-7febb80b7000 r--s 00000000 08:07 4337730                    /var/cache/nscd/hosts
7febb80b7000-7febb9000000 rw-p 00000000 00:00 0 
7febb9000000-7febb9630000 rwxp 00000000 00:00 0 
7febb9630000-7febc8000000 ---p 00000000 00:00 0 
7febc8000000-7febc823d000 rw-p 00000000 00:00 0 
7febc823d000-7febcc000000 ---p 00000000 00:00 0 
7febcc000000-7febcc001000 r--s 00000000 08:07 3670251                    /var/cache/fontconfig/3334a778d104e76d188e9df399bc24d2-le64.cache-6
7febcc001000-7febcc002000 r--s 00000000 08:07 3670232                    /var/cache/fontconfig/c277e94e32b20404286a1ddafa5a80f0-le64.cache-6
7febcc002000-7febcc00f000 r--s 00000000 08:07 3670368                    /var/cache/fontconfig/8f02d4cb045bd6ce15663e43f347c9f8-le64.cache-6
7febcc00f000-7febcc05e000 rw-p 00000000 00:00 0 
7febcc05e000-7febcc237000 r--s 03d3e000 08:07 1202329                    /usr/java/jdk/jre/lib/rt.jar
7febcc237000-7febcc6ca000 rw-p 00000000 00:00 0 
7febcc6ca000-7febcc6cb000 ---p 00000000 00:00 0 
7febcc6cb000-7febcc7cb000 rw-p 00000000 00:00 0 
7febcc7cb000-7febcc7cc000 ---p 00000000 00:00 0 
7febcc7cc000-7febcc8cc000 rw-p 00000000 00:00 0 
7febcc8cc000-7febcc8cd000 ---p 00000000 00:00 0 
7febcc8cd000-7febcc9cd000 rw-p 00000000 00:00 0 
7febcc9cd000-7febcc9ce000 ---p 00000000 00:00 0 
7febcc9ce000-7febccaf7000 rw-p 00000000 00:00 0 
7febccaf7000-7febccd50000 ---p 00000000 00:00 0 
7febccd50000-7febccd79000 rw-p 00000000 00:00 0 
7febccd79000-7febccfd1000 ---p 00000000 00:00 0 
7febccfd1000-7febccfe6000 rw-p 00000000 00:00 0 
7febccfe6000-7febcd112000 ---p 00000000 00:00 0 
7febcd112000-7febcd12c000 rw-p 00000000 00:00 0 
7febcd12c000-7febcd4d3000 ---p 00000000 00:00 0 
7febcd4d3000-7febcd4ed000 r-xp 00000000 08:07 1202360                    /usr/java/jdk/jre/lib/amd64/libzip.so
7febcd4ed000-7febcd6ed000 ---p 0001a000 08:07 1202360                    /usr/java/jdk/jre/lib/amd64/libzip.so
7febcd6ed000-7febcd6ee000 rw-p 0001a000 08:07 1202360                    /usr/java/jdk/jre/lib/amd64/libzip.so
7febcd6ee000-7febcd719000 r-xp 00000000 08:07 1202385                    /usr/java/jdk/jre/lib/amd64/libjava.so
7febcd719000-7febcd918000 ---p 0002b000 08:07 1202385                    /usr/java/jdk/jre/lib/amd64/libjava.so
7febcd918000-7febcd91a000 rw-p 0002a000 08:07 1202385                    /usr/java/jdk/jre/lib/amd64/libjava.so
7febcd91a000-7febcd927000 r-xp 00000000 08:07 1202338                    /usr/java/jdk/jre/lib/amd64/libverify.so
7febcd927000-7febcdb26000 ---p 0000d000 08:07 1202338                    /usr/java/jdk/jre/lib/amd64/libverify.so
7febcdb26000-7febcdb28000 rw-p 0000c000 08:07 1202338                    /usr/java/jdk/jre/lib/amd64/libverify.so
7febcdb28000-7febcdb2f000 r-xp 00000000 08:07 131422                     /lib/x86_64-linux-gnu/librt-2.23.so
7febcdb2f000-7febcdd2e000 ---p 00007000 08:07 131422                     /lib/x86_64-linux-gnu/librt-2.23.so
7febcdd2e000-7febcdd2f000 r--p 00006000 08:07 131422                     /lib/x86_64-linux-gnu/librt-2.23.so
7febcdd2f000-7febcdd30000 rw-p 00007000 08:07 131422                     /lib/x86_64-linux-gnu/librt-2.23.so
7febcdd30000-7febcde38000 r-xp 00000000 08:07 131413                     /lib/x86_64-linux-gnu/libm-2.23.so
7febcde38000-7febce037000 ---p 00108000 08:07 131413                     /lib/x86_64-linux-gnu/libm-2.23.so
7febce037000-7febce038000 r--p 00107000 08:07 131413                     /lib/x86_64-linux-gnu/libm-2.23.so
7febce038000-7febce039000 rw-p 00108000 08:07 131413                     /lib/x86_64-linux-gnu/libm-2.23.so
7febce039000-7febced07000 r-xp 00000000 08:07 1321500                    /usr/java/jdk/jre/lib/amd64/server/libjvm.so
7febced07000-7febcef07000 ---p 00cce000 08:07 1321500                    /usr/java/jdk/jre/lib/amd64/server/libjvm.so
7febcef07000-7febcefe0000 rw-p 00cce000 08:07 1321500                    /usr/java/jdk/jre/lib/amd64/server/libjvm.so
7febcefe0000-7febcf02b000 rw-p 00000000 00:00 0 
7febcf02b000-7febcf1ea000 r-xp 00000000 08:07 131415                     /lib/x86_64-linux-gnu/libc-2.23.so
7febcf1ea000-7febcf3ea000 ---p 001bf000 08:07 131415                     /lib/x86_64-linux-gnu/libc-2.23.so
7febcf3ea000-7febcf3ee000 r--p 001bf000 08:07 131415                     /lib/x86_64-linux-gnu/libc-2.23.so
7febcf3ee000-7febcf3f0000 rw-p 001c3000 08:07 131415                     /lib/x86_64-linux-gnu/libc-2.23.so
7febcf3f0000-7febcf3f4000 rw-p 00000000 00:00 0 
7febcf3f4000-7febcf3f7000 r-xp 00000000 08:07 131411                     /lib/x86_64-linux-gnu/libdl-2.23.so
7febcf3f7000-7febcf5f6000 ---p 00003000 08:07 131411                     /lib/x86_64-linux-gnu/libdl-2.23.so
7febcf5f6000-7febcf5f7000 r--p 00002000 08:07 131411                     /lib/x86_64-linux-gnu/libdl-2.23.so
7febcf5f7000-7febcf5f8000 rw-p 00003000 08:07 131411                     /lib/x86_64-linux-gnu/libdl-2.23.so
7febcf5f8000-7febcf60d000 r-xp 00000000 08:07 1201499                    /usr/java/jdk/lib/amd64/jli/libjli.so
7febcf60d000-7febcf80d000 ---p 00015000 08:07 1201499                    /usr/java/jdk/lib/amd64/jli/libjli.so
7febcf80d000-7febcf80e000 rw-p 00015000 08:07 1201499                    /usr/java/jdk/lib/amd64/jli/libjli.so
7febcf80e000-7febcf826000 r-xp 00000000 08:07 131426                     /lib/x86_64-linux-gnu/libpthread-2.23.so
7febcf826000-7febcfa25000 ---p 00018000 08:07 131426                     /lib/x86_64-linux-gnu/libpthread-2.23.so
7febcfa25000-7febcfa26000 r--p 00017000 08:07 131426                     /lib/x86_64-linux-gnu/libpthread-2.23.so
7febcfa26000-7febcfa27000 rw-p 00018000 08:07 131426                     /lib/x86_64-linux-gnu/libpthread-2.23.so
7febcfa27000-7febcfa2b000 rw-p 00000000 00:00 0 
7febcfa2b000-7febcfa51000 r-xp 00000000 08:07 131416                     /lib/x86_64-linux-gnu/ld-2.23.so
7febcfa51000-7febcfa54000 r--s 00000000 08:07 3670222                    /var/cache/fontconfig/de83a0a961185c8bd1f159015d56c039-le64.cache-6
7febcfa54000-7febcfa56000 r--s 00000000 08:07 3670369                    /var/cache/fontconfig/16326683038b281783a0ef8c680e3a10-le64.cache-6
7febcfa56000-7febcfa57000 r--s 00000000 08:07 3670367                    /var/cache/fontconfig/e0aa53bcfa504e64f87823c16bc01eb6-le64.cache-6
7febcfa57000-7febcfa58000 r--p 00000000 08:07 2103182                    /usr/share/locale-langpack/en_GB/LC_MESSAGES/libc.mo
7febcfa58000-7febcfa59000 r--p 00000000 08:07 1970173                    /usr/share/locale-langpack/en_AU/LC_MESSAGES/libc.mo
7febcfa59000-7febcfae9000 rw-p 00000000 00:00 0 
7febcfae9000-7febcfb1e000 r--s 00000000 08:07 4337722                    /var/cache/nscd/passwd
7febcfb1e000-7febcfb21000 ---p 00000000 00:00 0 
7febcfb21000-7febcfc44000 rw-p 00000000 00:00 0 
7febcfc44000-7febcfc4c000 rw-s 00000000 08:07 2097976                    /tmp/hsperfdata_drift/6917
7febcfc4c000-7febcfc4d000 rw-p 00000000 00:00 0 
7febcfc4d000-7febcfc4e000 r--p 00000000 00:00 0 
7febcfc4e000-7febcfc50000 rw-p 00000000 00:00 0 
7febcfc50000-7febcfc51000 r--p 00025000 08:07 131416                     /lib/x86_64-linux-gnu/ld-2.23.so
7febcfc51000-7febcfc52000 rw-p 00026000 08:07 131416                     /lib/x86_64-linux-gnu/ld-2.23.so
7febcfc52000-7febcfc53000 rw-p 00000000 00:00 0 
7ffeffb64000-7ffeffb85000 rw-p 00000000 00:00 0                          [stack]
7ffeffbe3000-7ffeffbe5000 r--p 00000000 00:00 0                          [vvar]
7ffeffbe5000-7ffeffbe7000 r-xp 00000000 00:00 0                          [vdso]
ffffffffff600000-ffffffffff601000 r-xp 00000000 00:00 0                  [vsyscall]

VM Arguments:
jvm_args: -Dfile.encoding=UTF-8 
java_command: main.Login
java_class_path (initial): /home/drift/Documents/eclipseMars/microNet/bin:/home/drift/Documents/thirdPartyLibs/jaf-1.1.1/activation.jar:/home/drift/Documents/thirdPartyLibs/javamail-1.4.5/mail.jar:/home/drift/Documents/thirdPartyLibs/jcommon-1.0.23/jcommon-1.0.23.jar:/home/drift/Documents/thirdPartyLibs/jfreechart-1.0.19/lib/jfreechart-1.0.19.jar:/home/drift/Documents/thirdPartyLibs/json-lib-2.4-jdk15/net.jar:/home/drift/Documents/thirdPartyLibs/json-lib-2.4-jdk15/dependancy/commons-beanutils-1.8.0/commons-beanutils-1.8.0.jar:/home/drift/Documents/thirdPartyLibs/json-lib-2.4-jdk15/dependancy/commons-collections-3.2.1/commons-collections-3.2.1.jar:/home/drift/Documents/thirdPartyLibs/json-lib-2.4-jdk15/dependancy/commons-lang-2.5/commons-lang-2.5.jar:/home/drift/Documents/thirdPartyLibs/json-lib-2.4-jdk15/dependancy/commons-logging-1.1.1/commons-logging-1.1.1.jar:/home/drift/Documents/thirdPartyLibs/json-lib-2.4-jdk15/dependancy/ezmorph-1.0.6.jar:/home/drift/Documents/thirdPartyLibs/mysql-connector-java-5.1.42/mysql-connector-java-5.1.42-bin.jar
Launcher Type: SUN_STANDARD

Environment Variables:
JAVA_HOME=/usr/java/jdk
JRE_HOME=/usr/java/jdk/jre
CLASSPATH=.:/usr/java/jdk/lib:/usr/java/jdk/jre/lib:.:$JAVA_HOME/lib:$JAVA_HOME/jre/lib
PATH=/home/drift/bin:/usr/java/jdk/bin:/usr/java/jdk/jre/bin:/usr/local/sbin:/usr/local/bin:/usr/sbin:/usr/bin:/sbin:/bin:/usr/games:/usr/local/games:$JAVA_HOME/bin:/snap/bin
SHELL=/bin/bash
DISPLAY=:0

Signal Handlers:
SIGSEGV: [libjvm.so+0xac78c0], sa_mask[0]=11111111011111111101111111111110, sa_flags=SA_RESTART|SA_SIGINFO
SIGBUS: [libjvm.so+0xac78c0], sa_mask[0]=11111111011111111101111111111110, sa_flags=SA_RESTART|SA_SIGINFO
SIGFPE: [libjvm.so+0x920ac0], sa_mask[0]=11111111011111111101111111111110, sa_flags=SA_RESTART|SA_SIGINFO
SIGPIPE: [libjvm.so+0x920ac0], sa_mask[0]=11111111011111111101111111111110, sa_flags=SA_RESTART|SA_SIGINFO
SIGXFSZ: [libjvm.so+0x920ac0], sa_mask[0]=11111111011111111101111111111110, sa_flags=SA_RESTART|SA_SIGINFO
SIGILL: [libjvm.so+0x920ac0], sa_mask[0]=11111111011111111101111111111110, sa_flags=SA_RESTART|SA_SIGINFO
SIGUSR1: SIG_DFL, sa_mask[0]=00000000000000000000000000000000, sa_flags=none
SIGUSR2: [libjvm.so+0x922300], sa_mask[0]=00100000000000000000000000000000, sa_flags=SA_RESTART|SA_SIGINFO
SIGHUP: [libjvm.so+0x923700], sa_mask[0]=11111111011111111101111111111110, sa_flags=SA_RESTART|SA_SIGINFO
SIGINT: [libjvm.so+0x923700], sa_mask[0]=11111111011111111101111111111110, sa_flags=SA_RESTART|SA_SIGINFO
SIGTERM: [libjvm.so+0x923700], sa_mask[0]=11111111011111111101111111111110, sa_flags=SA_RESTART|SA_SIGINFO
SIGQUIT: [libjvm.so+0x923700], sa_mask[0]=11111111011111111101111111111110, sa_flags=SA_RESTART|SA_SIGINFO


---------------  S Y S T E M  ---------------

OS:DISTRIB_ID=Ubuntu
DISTRIB_RELEASE=16.04
DISTRIB_CODENAME=xenial
DISTRIB_DESCRIPTION="Ubuntu 16.04.2 LTS"

uname:Linux 4.4.0-78-generic #99-Ubuntu SMP Thu Apr 27 15:29:09 UTC 2017 x86_64
libc:glibc 2.23 NPTL 2.23 
rlimit: STACK 8192k, CORE 0k, NPROC 30597, NOFILE 65536, AS infinity
load average:0.85 0.51 0.32

/proc/meminfo:
MemTotal:        7873692 kB
MemFree:         2516388 kB
MemAvailable:    4726428 kB
Buffers:          394284 kB
Cached:          2278820 kB
SwapCached:          104 kB
Active:          3749112 kB
Inactive:        1166500 kB
Active(anon):    1965120 kB
Inactive(anon):   692948 kB
Active(file):    1783992 kB
Inactive(file):   473552 kB
Unevictable:         488 kB
Mlocked:             448 kB
SwapTotal:       8081404 kB
SwapFree:        8081288 kB
Dirty:               212 kB
Writeback:           256 kB
AnonPages:       2193380 kB
Mapped:           560920 kB
Shmem:            415572 kB
Slab:             307236 kB
SReclaimable:     258352 kB
SUnreclaim:        48884 kB
KernelStack:       16992 kB
PageTables:        37412 kB
NFS_Unstable:          0 kB
Bounce:                0 kB
WritebackTmp:          0 kB
CommitLimit:    12018248 kB
Committed_AS:    8664176 kB
VmallocTotal:   34359738367 kB
VmallocUsed:           0 kB
VmallocChunk:          0 kB
HardwareCorrupted:     0 kB
AnonHugePages:   1726464 kB
CmaTotal:              0 kB
CmaFree:               0 kB
HugePages_Total:       0
HugePages_Free:        0
HugePages_Rsvd:        0
HugePages_Surp:        0
Hugepagesize:       2048 kB
DirectMap4k:      233668 kB
DirectMap2M:     7849984 kB
DirectMap1G:           0 kB


CPU:total 4 (2 cores per cpu, 2 threads per core) family 6 model 60 stepping 3, cmov, cx8, fxsr, mmx, sse, sse2, sse3, ssse3, sse4.1, sse4.2, popcnt, avx, avx2, aes, clmul, erms, lzcnt, ht, tsc, tscinvbit, bmi1, bmi2

/proc/cpuinfo:
processor	: 0
vendor_id	: GenuineIntel
cpu family	: 6
model		: 60
model name	: Intel(R) Core(TM) i5-4200M CPU @ 2.50GHz
stepping	: 3
microcode	: 0x17
cpu MHz		: 3000.000
cache size	: 3072 KB
physical id	: 0
siblings	: 4
core id		: 0
cpu cores	: 2
apicid		: 0
initial apicid	: 0
fpu		: yes
fpu_exception	: yes
cpuid level	: 13
wp		: yes
flags		: fpu vme de pse tsc msr pae mce cx8 apic sep mtrr pge mca cmov pat pse36 clflush dts acpi mmx fxsr sse sse2 ss ht tm pbe syscall nx pdpe1gb rdtscp lm constant_tsc arch_perfmon pebs bts rep_good nopl xtopology nonstop_tsc aperfmperf eagerfpu pni pclmulqdq dtes64 monitor ds_cpl vmx est tm2 ssse3 sdbg fma cx16 xtpr pdcm pcid sse4_1 sse4_2 movbe popcnt tsc_deadline_timer aes xsave avx f16c rdrand lahf_lm abm epb tpr_shadow vnmi flexpriority ept vpid fsgsbase tsc_adjust bmi1 avx2 smep bmi2 erms invpcid xsaveopt dtherm ida arat pln pts
bugs		:
bogomips	: 4988.10
clflush size	: 64
cache_alignment	: 64
address sizes	: 39 bits physical, 48 bits virtual
power management:

processor	: 1
vendor_id	: GenuineIntel
cpu family	: 6
model		: 60
model name	: Intel(R) Core(TM) i5-4200M CPU @ 2.50GHz
stepping	: 3
microcode	: 0x17
cpu MHz		: 2999.902
cache size	: 3072 KB
physical id	: 0
siblings	: 4
core id		: 0
cpu cores	: 2
apicid		: 1
initial apicid	: 1
fpu		: yes
fpu_exception	: yes
cpuid level	: 13
wp		: yes
flags		: fpu vme de pse tsc msr pae mce cx8 apic sep mtrr pge mca cmov pat pse36 clflush dts acpi mmx fxsr sse sse2 ss ht tm pbe syscall nx pdpe1gb rdtscp lm constant_tsc arch_perfmon pebs bts rep_good nopl xtopology nonstop_tsc aperfmperf eagerfpu pni pclmulqdq dtes64 monitor ds_cpl vmx est tm2 ssse3 sdbg fma cx16 xtpr pdcm pcid sse4_1 sse4_2 movbe popcnt tsc_deadline_timer aes xsave avx f16c rdrand lahf_lm abm epb tpr_shadow vnmi flexpriority ept vpid fsgsbase tsc_adjust bmi1 avx2 smep bmi2 erms invpcid xsaveopt dtherm ida arat pln pts
bugs		:
bogomips	: 4988.10
clflush size	: 64
cache_alignment	: 64
address sizes	: 39 bits physical, 48 bits virtual
power management:

processor	: 2
vendor_id	: GenuineIntel
cpu family	: 6
model		: 60
model name	: Intel(R) Core(TM) i5-4200M CPU @ 2.50GHz
stepping	: 3
microcode	: 0x17
cpu MHz		: 2999.902
cache size	: 3072 KB
physical id	: 0
siblings	: 4
core id		: 1
cpu cores	: 2
apicid		: 2
initial apicid	: 2
fpu		: yes
fpu_exception	: yes
cpuid level	: 13
wp		: yes
flags		: fpu vme de pse tsc msr pae mce cx8 apic sep mtrr pge mca cmov pat pse36 clflush dts acpi mmx fxsr sse sse2 ss ht tm pbe syscall nx pdpe1gb rdtscp lm constant_tsc arch_perfmon pebs bts rep_good nopl xtopology nonstop_tsc aperfmperf eagerfpu pni pclmulqdq dtes64 monitor ds_cpl vmx est tm2 ssse3 sdbg fma cx16 xtpr pdcm pcid sse4_1 sse4_2 movbe popcnt tsc_deadline_timer aes xsave avx f16c rdrand lahf_lm abm epb tpr_shadow vnmi flexpriority ept vpid fsgsbase tsc_adjust bmi1 avx2 smep bmi2 erms invpcid xsaveopt dtherm ida arat pln pts
bugs		:
bogomips	: 4988.10
clflush size	: 64
cache_alignment	: 64
address sizes	: 39 bits physical, 48 bits virtual
power management:

processor	: 3
vendor_id	: GenuineIntel
cpu family	: 6
model		: 60
model name	: Intel(R) Core(TM) i5-4200M CPU @ 2.50GHz
stepping	: 3
microcode	: 0x17
cpu MHz		: 2999.902
cache size	: 3072 KB
physical id	: 0
siblings	: 4
core id		: 1
cpu cores	: 2
apicid		: 3
initial apicid	: 3
fpu		: yes
fpu_exception	: yes
cpuid level	: 13
wp		: yes
flags		: fpu vme de pse tsc msr pae mce cx8 apic sep mtrr pge mca cmov pat pse36 clflush dts acpi mmx fxsr sse sse2 ss ht tm pbe syscall nx pdpe1gb rdtscp lm constant_tsc arch_perfmon pebs bts rep_good nopl xtopology nonstop_tsc aperfmperf eagerfpu pni pclmulqdq dtes64 monitor ds_cpl vmx est tm2 ssse3 sdbg fma cx16 xtpr pdcm pcid sse4_1 sse4_2 movbe popcnt tsc_deadline_timer aes xsave avx f16c rdrand lahf_lm abm epb tpr_shadow vnmi flexpriority ept vpid fsgsbase tsc_adjust bmi1 avx2 smep bmi2 erms invpcid xsaveopt dtherm ida arat pln pts
bugs		:
bogomips	: 4988.10
clflush size	: 64
cache_alignment	: 64
address sizes	: 39 bits physical, 48 bits virtual
power management:



Memory: 4k page, physical 7873692k(2516192k free), swap 8081404k(8081288k free)

vm_info: Java HotSpot(TM) 64-Bit Server VM (25.121-b13) for linux-amd64 JRE (1.8.0_121-b13), built on Dec 12 2016 16:36:53 by "java_re" with gcc 4.3.0 20080428 (Red Hat 4.3.0-8)

time: Fri May 26 08:56:35 2017
elapsed time: 10618 seconds (0d 2h 56m 58s)

