#
# A fatal error has been detected by the Java Runtime Environment:
#
#  SIGSEGV (0xb) at pc=0x00007fb12b4b0c72, pid=9260, tid=0x00007fb12bc4c700
#
# JRE version: Java(TM) SE Runtime Environment (8.0_121-b13) (build 1.8.0_121-b13)
# Java VM: Java HotSpot(TM) 64-Bit Server VM (25.121-b13 mixed mode linux-amd64 compressed oops)
# Problematic frame:
# C  [libR.so+0x136c72]
#
# Failed to write core dump. Core dumps have been disabled. To enable core dumping, try "ulimit -c unlimited" before starting Java again
#
# If you would like to submit a bug report, please visit:
#   http://bugreport.java.com/bugreport/crash.jsp
# The crash happened outside the Java Virtual Machine in native code.
# See problematic frame for where to report the bug.
#

---------------  T H R E A D  ---------------

Current thread (0x00007fb130003000):  JavaThread "AWT-EventQueue-0" [_thread_in_native, id=9284, stack(0x00007fb12bb4c000,0x00007fb12bc4d000)]

siginfo: si_signo: 11 (SIGSEGV), si_code: 1 (SEGV_MAPERR), si_addr: 0x0000000000000018

Registers:
RAX=0x0000000000000000, RBX=0x00007fb1202271f0, RCX=0x00007fb1202271f8, RDX=0x0000000000000005
RSP=0x00007fb12bc48ec0, RBP=0x0000000000000030, RSI=0x00000000010c0430, RDI=0x0000000000000003
R8 =0x00007fb12b84eba0, R9 =0x0000000000000000, R10=0x00007fb1202271e0, R11=0x00007fb120000078
R12=0x0000000000000028, R13=0x0000000000000001, R14=0x00007fb12b84eba0, R15=0x0000000000000001
RIP=0x00007fb12b4b0c72, EFLAGS=0x0000000000010206, CSGSFS=0x0000000000000033, ERR=0x0000000000000004
  TRAPNO=0x000000000000000e

Top of Stack: (sp=0x00007fb12bc48ec0)
0x00007fb12bc48ec0:   0000000000000000 0000000000000000
0x00007fb12bc48ed0:   0000000000000001 0000000000000010
0x00007fb12bc48ee0:   0000000000000001 00007fb12b4b22d2
0x00007fb12bc48ef0:   00007fb187a1f9e0 0000000000000001
0x00007fb12bc48f00:   00007fb12b84ea40 0000000000000029
0x00007fb12bc48f10:   00007fb12022846c 00007fb1300031f8
0x00007fb12bc48f20:   0000000000000001 00007fb120228420
0x00007fb12bc48f30:   00007fb12bc49048 00007fb12bc49050
0x00007fb12bc48f40:   00007fb130003000 00007fb15444661b
0x00007fb12bc48f50:   000000000000000c 00007fb154a913e8
0x00007fb12bc48f60:   0000000000000001 0000000000000000
0x00007fb12bc48f70:   00007fb154a913e8 00007fb1544453c0
0x00007fb12bc48f80:   0000000000000000 b89892f6232b6600
0x00007fb12bc48f90:   00007fb12bc49020 00007fb154a913e8
0x00007fb12bc48fa0:   00007fb12bc49020 00007fb1710184cf
0x00007fb12bc48fb0:   00007fb12bc49020 00007fb171018285
0x00007fb12bc48fc0:   00007fb12bc49020 00007fb171018251
0x00007fb12bc48fd0:   0000000000000003 00000000d8c95d18
0x00007fb12bc48fe0:   00007fb12bc48fd0 00007fb154a913e8
0x00007fb12bc48ff0:   00007fb12bc49050 00007fb154a94778
0x00007fb12bc49000:   0000000000000000 00007fb154a913e8
0x00007fb12bc49010:   0000000000000000 00007fb12bc49040
0x00007fb12bc49020:   00007fb12bc490a8 00007fb171007dd0
0x00007fb12bc49030:   0000000000000000 00007fb171011537
0x00007fb12bc49040:   0000000000000001 00000000d8c9b560
0x00007fb12bc49050:   00000000d8c95d18 0000000000000000
0x00007fb12bc49060:   00000000d8c95d18 00007fb12bc49058
0x00007fb12bc49070:   00007fb154a938e5 00007fb12bc49108
0x00007fb12bc49080:   00007fb154a94778 0000000000000000
0x00007fb12bc49090:   00007fb154a939c8 00007fb12bc49040
0x00007fb12bc490a0:   00007fb12bc490f8 00007fb12bc49160
0x00007fb12bc490b0:   00007fb171008040 0000000000000000 

Instructions: (pc=0x00007fb12b4b0c72)
0x00007fb12b4b0c52:   80 58 01 00 00 41 83 80 54 01 00 00 01 45 85 e4
0x00007fb12b4b0c62:   49 89 98 58 01 00 00 48 89 03 49 8b 40 10 74 53
0x00007fb12b4b0c72:   4c 8b 48 18 8b 3d 24 e9 39 00 31 d2 41 c1 e5 05
0x00007fb12b4b0c82:   66 0f 1f 44 00 00 48 89 41 10 41 83 80 50 01 00 

Register to memory mapping:

RAX=0x0000000000000000 is an unknown value
RBX=0x00007fb1202271f0 is an unknown value
RCX=0x00007fb1202271f8 is an unknown value
RDX=0x0000000000000005 is an unknown value
RSP=0x00007fb12bc48ec0 is pointing into the stack for thread: 0x00007fb130003000
RBP=0x0000000000000030 is an unknown value
RSI=0x00000000010c0430 is an unknown value
RDI=0x0000000000000003 is an unknown value
R8 =0x00007fb12b84eba0: <offset 0x4d4ba0> in /usr/lib/libR.so at 0x00007fb12b37a000
R9 =0x0000000000000000 is an unknown value
R10=0x00007fb1202271e0 is an unknown value
R11=0x00007fb120000078 is an unknown value
R12=0x0000000000000028 is an unknown value
R13=0x0000000000000001 is an unknown value
R14=0x00007fb12b84eba0: <offset 0x4d4ba0> in /usr/lib/libR.so at 0x00007fb12b37a000
R15=0x0000000000000001 is an unknown value


Stack: [0x00007fb12bb4c000,0x00007fb12bc4d000],  sp=0x00007fb12bc48ec0,  free space=1011k
Native frames: (J=compiled Java code, j=interpreted, Vv=VM code, C=native code)
C  [libR.so+0x136c72]

Java frames: (J=compiled Java code, j=interpreted, Vv=VM code)
j  org.rosuda.JRI.Rengine.rniParse(Ljava/lang/String;I)J+0
j  org.rosuda.JRI.Rengine.eval(Ljava/lang/String;Z)Lorg/rosuda/JRI/REXP;+53
j  org.rosuda.JRI.Rengine.eval(Ljava/lang/String;)Lorg/rosuda/JRI/REXP;+3
j  Panels.PhotoFuturePanel.j2i(I)[D+30
j  Panels.PhotoFuturePanel.<init>(I)V+13
j  Panels.ForecastPanel.doEnquery()V+117
j  Panels.ForecastPanel$1.actionPerformed(Ljava/awt/event/ActionEvent;)V+4
j  javax.swing.AbstractButton.fireActionPerformed(Ljava/awt/event/ActionEvent;)V+83
j  javax.swing.AbstractButton$Handler.actionPerformed(Ljava/awt/event/ActionEvent;)V+5
j  javax.swing.DefaultButtonModel.fireActionPerformed(Ljava/awt/event/ActionEvent;)V+34
j  javax.swing.DefaultButtonModel.setPressed(Z)V+117
j  javax.swing.plaf.basic.BasicButtonListener.mouseReleased(Ljava/awt/event/MouseEvent;)V+35
j  java.awt.Component.processMouseEvent(Ljava/awt/event/MouseEvent;)V+64
j  javax.swing.JComponent.processMouseEvent(Ljava/awt/event/MouseEvent;)V+23
J 1713 C1 java.awt.Component.processEvent(Ljava/awt/AWTEvent;)V (220 bytes) @ 0x00007fb17160d01c [0x00007fb17160cb00+0x51c]
J 1712 C1 java.awt.Container.processEvent(Ljava/awt/AWTEvent;)V (22 bytes) @ 0x00007fb17160c644 [0x00007fb17160c320+0x324]
J 1546 C1 java.awt.Component.dispatchEventImpl(Ljava/awt/AWTEvent;)V (883 bytes) @ 0x00007fb17156cd0c [0x00007fb171567880+0x548c]
J 1436 C1 java.awt.Container.dispatchEventImpl(Ljava/awt/AWTEvent;)V (129 bytes) @ 0x00007fb1714e9764 [0x00007fb1714e9620+0x144]
J 1727 C1 java.awt.LightweightDispatcher.retargetMouseEvent(Ljava/awt/Component;ILjava/awt/event/MouseEvent;)V (350 bytes) @ 0x00007fb171618fc4 [0x00007fb171616a00+0x25c4]
J 1549 C1 java.awt.LightweightDispatcher.processMouseEvent(Ljava/awt/event/MouseEvent;)Z (286 bytes) @ 0x00007fb171575ddc [0x00007fb1715746c0+0x171c]
J 1561 C1 java.awt.LightweightDispatcher.dispatchEvent(Ljava/awt/AWTEvent;)Z (73 bytes) @ 0x00007fb17157b374 [0x00007fb17157af40+0x434]
J 1436 C1 java.awt.Container.dispatchEventImpl(Ljava/awt/AWTEvent;)V (129 bytes) @ 0x00007fb1714e9704 [0x00007fb1714e9620+0xe4]
J 1493 C1 java.awt.Window.dispatchEventImpl(Ljava/awt/AWTEvent;)V (23 bytes) @ 0x00007fb17153cc04 [0x00007fb17153c620+0x5e4]
J 1473 C1 java.awt.EventQueue.dispatchEventImpl(Ljava/awt/AWTEvent;Ljava/lang/Object;)V (149 bytes) @ 0x00007fb171509fac [0x00007fb171508780+0x182c]
J 1603 C1 java.awt.EventQueue$3.run()Ljava/lang/Void; (60 bytes) @ 0x00007fb1715ba484 [0x00007fb1715ba280+0x204]
J 1602 C1 java.awt.EventQueue$3.run()Ljava/lang/Object; (5 bytes) @ 0x00007fb1715b9f0c [0x00007fb1715b9e80+0x8c]
v  ~StubRoutines::call_stub
J 1420  java.security.AccessController.doPrivileged(Ljava/security/PrivilegedAction;Ljava/security/AccessControlContext;)Ljava/lang/Object; (0 bytes) @ 0x00007fb1714e5823 [0x00007fb1714e57c0+0x63]
J 1490 C1 java.awt.EventQueue$4.run()Ljava/lang/Object; (5 bytes) @ 0x00007fb171538e24 [0x00007fb171538a00+0x424]
v  ~StubRoutines::call_stub
J 1420  java.security.AccessController.doPrivileged(Ljava/security/PrivilegedAction;Ljava/security/AccessControlContext;)Ljava/lang/Object; (0 bytes) @ 0x00007fb1714e5823 [0x00007fb1714e57c0+0x63]
J 1471 C1 java.awt.EventQueue.dispatchEvent(Ljava/awt/AWTEvent;)V (80 bytes) @ 0x00007fb171507574 [0x00007fb171506700+0xe74]
J 1476 C1 java.awt.EventDispatchThread.pumpOneEventForFilters(I)V (295 bytes) @ 0x00007fb17150cf14 [0x00007fb17150b3c0+0x1b54]
j  java.awt.EventDispatchThread.pumpEventsForFilter(ILjava/awt/Conditional;Ljava/awt/EventFilter;)V+35
j  java.awt.EventDispatchThread.pumpEventsForHierarchy(ILjava/awt/Conditional;Ljava/awt/Component;)V+11
j  java.awt.EventDispatchThread.pumpEvents(ILjava/awt/Conditional;)V+4
j  java.awt.EventDispatchThread.pumpEvents(Ljava/awt/Conditional;)V+3
j  java.awt.EventDispatchThread.run()V+9
v  ~StubRoutines::call_stub

---------------  P R O C E S S  ---------------

Java Threads: ( => current thread )
  0x00007fb120223800 JavaThread "Thread-0" [_thread_blocked, id=9289, stack(0x00007fb154340000,0x00007fb154441000)]
  0x00007fb180008000 JavaThread "DestroyJavaVM" [_thread_blocked, id=9266, stack(0x00007fb18853f000,0x00007fb188640000)]
=>0x00007fb130003000 JavaThread "AWT-EventQueue-0" [_thread_in_native, id=9284, stack(0x00007fb12bb4c000,0x00007fb12bc4d000)]
  0x00007fb180266000 JavaThread "AWT-Shutdown" [_thread_blocked, id=9283, stack(0x00007fb15550a000,0x00007fb15560b000)]
  0x00007fb18021a800 JavaThread "AWT-XAWT" daemon [_thread_in_native, id=9282, stack(0x00007fb15560b000,0x00007fb15570c000)]
  0x00007fb1801fb800 JavaThread "Java2D Disposer" daemon [_thread_blocked, id=9281, stack(0x00007fb155b1c000,0x00007fb155c1d000)]
  0x00007fb1800bf800 JavaThread "Service Thread" daemon [_thread_blocked, id=9279, stack(0x00007fb157870000,0x00007fb157971000)]
  0x00007fb1800bc000 JavaThread "C1 CompilerThread2" daemon [_thread_blocked, id=9278, stack(0x00007fb157971000,0x00007fb157a72000)]
  0x00007fb1800ba800 JavaThread "C2 CompilerThread1" daemon [_thread_blocked, id=9277, stack(0x00007fb157a72000,0x00007fb157b73000)]
  0x00007fb1800b7800 JavaThread "C2 CompilerThread0" daemon [_thread_blocked, id=9276, stack(0x00007fb15c0dd000,0x00007fb15c1de000)]
  0x00007fb1800b6000 JavaThread "Signal Dispatcher" daemon [_thread_blocked, id=9275, stack(0x00007fb15c1de000,0x00007fb15c2df000)]
  0x00007fb180082000 JavaThread "Finalizer" daemon [_thread_blocked, id=9274, stack(0x00007fb15c2df000,0x00007fb15c3e0000)]
  0x00007fb18007d800 JavaThread "Reference Handler" daemon [_thread_blocked, id=9273, stack(0x00007fb1700d0000,0x00007fb1701d1000)]

Other Threads:
  0x00007fb180076000 VMThread [stack: 0x00007fb1701d1000,0x00007fb1702d2000] [id=9272]
  0x00007fb1800c2000 WatcherThread [stack: 0x00007fb15776f000,0x00007fb157870000] [id=9280]

VM state:not at safepoint (normal execution)

VM Mutex/Monitor currently owned by a thread: None

Heap:
 PSYoungGen      total 36352K, used 19526K [0x00000000d7f00000, 0x00000000da780000, 0x0000000100000000)
  eden space 31232K, 46% used [0x00000000d7f00000,0x00000000d8d18678,0x00000000d9d80000)
  from space 5120K, 99% used [0x00000000da280000,0x00000000da779490,0x00000000da780000)
  to   space 5120K, 0% used [0x00000000d9d80000,0x00000000d9d80000,0x00000000da280000)
 ParOldGen       total 83456K, used 2067K [0x0000000087c00000, 0x000000008cd80000, 0x00000000d7f00000)
  object space 83456K, 2% used [0x0000000087c00000,0x0000000087e04db0,0x000000008cd80000)
 Metaspace       used 14723K, capacity 14994K, committed 15232K, reserved 1062912K
  class space    used 1591K, capacity 1644K, committed 1664K, reserved 1048576K

Card table byte_map: [0x00007fb185771000,0x00007fb185b34000] byte_map_base: 0x00007fb185333000

Marking Bits: (ParMarkBitMap*) 0x00007fb187a1ec80
 Begin Bits: [0x00007fb15c3e0000, 0x00007fb15e1f0000)
 End Bits:   [0x00007fb15e1f0000, 0x00007fb160000000)

Polling page: 0x00007fb18866e000

CodeCache: size=245760Kb used=7159Kb max_used=7161Kb free=238601Kb
 bounds [0x00007fb171000000, 0x00007fb171710000, 0x00007fb180000000]
 total_blobs=2604 nmethods=2000 adapters=517
 compilation: enabled

Compilation events (10 events):
Event: 17.478 Thread 0x00007fb1800bc000 2007       3       java.awt.Image$1::getSurfaceManager (5 bytes)
Event: 17.478 Thread 0x00007fb1800bc000 nmethod 2007 0x00007fb1716fb490 code [0x00007fb1716fb600, 0x00007fb1716fb750]
Event: 17.478 Thread 0x00007fb1800bc000 2005       3       java.awt.Rectangle::translate (197 bytes)
Event: 17.479 Thread 0x00007fb1800bc000 nmethod 2005 0x00007fb1716fae10 code [0x00007fb1716faf80, 0x00007fb1716fb410]
Event: 17.621 Thread 0x00007fb1800bc000 2008       3       java.lang.ClassLoader::addClass (9 bytes)
Event: 17.621 Thread 0x00007fb1800bc000 nmethod 2008 0x00007fb1716fa9d0 code [0x00007fb1716fab40, 0x00007fb1716fad48]
Event: 17.621 Thread 0x00007fb1800bc000 2009       3       java.security.CodeSource::hashCode (17 bytes)
Event: 17.621 Thread 0x00007fb1800bc000 nmethod 2009 0x00007fb1717015d0 code [0x00007fb171701760, 0x00007fb171701cc8]
Event: 17.622 Thread 0x00007fb1800bc000 2010   !   3       java.util.Collections$SynchronizedCollection::add (25 bytes)
Event: 17.622 Thread 0x00007fb1800bc000 nmethod 2010 0x00007fb171700f50 code [0x00007fb1717010c0, 0x00007fb171701468]

GC Heap History (4 events):
Event: 3.433 GC heap before
{Heap before GC invocations=1 (full 0):
 PSYoungGen      total 36352K, used 31232K [0x00000000d7f00000, 0x00000000da780000, 0x0000000100000000)
  eden space 31232K, 100% used [0x00000000d7f00000,0x00000000d9d80000,0x00000000d9d80000)
  from space 5120K, 0% used [0x00000000da280000,0x00000000da280000,0x00000000da780000)
  to   space 5120K, 0% used [0x00000000d9d80000,0x00000000d9d80000,0x00000000da280000)
 ParOldGen       total 83456K, used 0K [0x0000000087c00000, 0x000000008cd80000, 0x00000000d7f00000)
  object space 83456K, 0% used [0x0000000087c00000,0x0000000087c00000,0x000000008cd80000)
 Metaspace       used 11491K, capacity 11652K, committed 11904K, reserved 1060864K
  class space    used 1299K, capacity 1348K, committed 1408K, reserved 1048576K
Event: 3.443 GC heap after
Heap after GC invocations=1 (full 0):
 PSYoungGen      total 36352K, used 4179K [0x00000000d7f00000, 0x00000000da780000, 0x0000000100000000)
  eden space 31232K, 0% used [0x00000000d7f00000,0x00000000d7f00000,0x00000000d9d80000)
  from space 5120K, 81% used [0x00000000d9d80000,0x00000000da194eb0,0x00000000da280000)
  to   space 5120K, 0% used [0x00000000da280000,0x00000000da280000,0x00000000da780000)
 ParOldGen       total 83456K, used 39K [0x0000000087c00000, 0x000000008cd80000, 0x00000000d7f00000)
  object space 83456K, 0% used [0x0000000087c00000,0x0000000087c09c60,0x000000008cd80000)
 Metaspace       used 11491K, capacity 11652K, committed 11904K, reserved 1060864K
  class space    used 1299K, capacity 1348K, committed 1408K, reserved 1048576K
}
Event: 13.284 GC heap before
{Heap before GC invocations=2 (full 0):
 PSYoungGen      total 36352K, used 35411K [0x00000000d7f00000, 0x00000000da780000, 0x0000000100000000)
  eden space 31232K, 100% used [0x00000000d7f00000,0x00000000d9d80000,0x00000000d9d80000)
  from space 5120K, 81% used [0x00000000d9d80000,0x00000000da194eb0,0x00000000da280000)
  to   space 5120K, 0% used [0x00000000da280000,0x00000000da280000,0x00000000da780000)
 ParOldGen       total 83456K, used 39K [0x0000000087c00000, 0x000000008cd80000, 0x00000000d7f00000)
  object space 83456K, 0% used [0x0000000087c00000,0x0000000087c09c60,0x000000008cd80000)
 Metaspace       used 14612K, capacity 14866K, committed 14976K, reserved 1062912K
  class space    used 1586K, capacity 1644K, committed 1664K, reserved 1048576K
Event: 13.295 GC heap after
Heap after GC invocations=2 (full 0):
 PSYoungGen      total 36352K, used 5093K [0x00000000d7f00000, 0x00000000da780000, 0x0000000100000000)
  eden space 31232K, 0% used [0x00000000d7f00000,0x00000000d7f00000,0x00000000d9d80000)
  from space 5120K, 99% used [0x00000000da280000,0x00000000da779490,0x00000000da780000)
  to   space 5120K, 0% used [0x00000000d9d80000,0x00000000d9d80000,0x00000000da280000)
 ParOldGen       total 83456K, used 2067K [0x0000000087c00000, 0x000000008cd80000, 0x00000000d7f00000)
  object space 83456K, 2% used [0x0000000087c00000,0x0000000087e04db0,0x000000008cd80000)
 Metaspace       used 14612K, capacity 14866K, committed 14976K, reserved 1062912K
  class space    used 1586K, capacity 1644K, committed 1664K, reserved 1048576K
}

Deoptimization events (10 events):
Event: 13.268 Thread 0x00007fb130003000 Uncommon trap: reason=unstable_if action=reinterpret pc=0x00007fb1715d7524 method=sun.misc.FloatingDecimal.readJavaFormatString(Ljava/lang/String;)Lsun/misc/FloatingDecimal$ASCIIToBinaryConverter; @ 327
Event: 13.268 Thread 0x00007fb130003000 Uncommon trap: reason=array_check action=maybe_recompile pc=0x00007fb1716326a4 method=java.util.AbstractCollection.toArray([Ljava/lang/Object;)[Ljava/lang/Object; @ 119
Event: 13.268 Thread 0x00007fb130003000 Uncommon trap: reason=array_check action=maybe_recompile pc=0x00007fb1716326a4 method=java.util.AbstractCollection.toArray([Ljava/lang/Object;)[Ljava/lang/Object; @ 119
Event: 13.268 Thread 0x00007fb130003000 Uncommon trap: reason=array_check action=maybe_recompile pc=0x00007fb1716326a4 method=java.util.AbstractCollection.toArray([Ljava/lang/Object;)[Ljava/lang/Object; @ 119
Event: 13.268 Thread 0x00007fb130003000 Uncommon trap: reason=array_check action=maybe_recompile pc=0x00007fb1716326a4 method=java.util.AbstractCollection.toArray([Ljava/lang/Object;)[Ljava/lang/Object; @ 119
Event: 13.348 Thread 0x00007fb130003000 Uncommon trap: reason=speculate_class_check action=maybe_recompile pc=0x00007fb17163f2d4 method=java.awt.geom.RectangularShape.getMaxY()D @ 5
Event: 13.348 Thread 0x00007fb130003000 Uncommon trap: reason=speculate_class_check action=maybe_recompile pc=0x00007fb17163f2d4 method=java.awt.geom.RectangularShape.getMaxY()D @ 5
Event: 13.354 Thread 0x00007fb130003000 Uncommon trap: reason=unstable_if action=reinterpret pc=0x00007fb1716030c8 method=sun.java2d.pipe.Region.clipBoxToBounds([I)V @ 41
Event: 13.383 Thread 0x00007fb130003000 Uncommon trap: reason=unstable_if action=reinterpret pc=0x00007fb1715f8258 method=java.text.DecimalFormat.collectFractionalDigits(I[CI)V @ 65
Event: 13.383 Thread 0x00007fb130003000 Uncommon trap: reason=unstable_if action=reinterpret pc=0x00007fb1715f9690 method=java.text.DecimalFormat.collectFractionalDigits(I[CI)V @ 65

Internal exceptions (10 events):
Event: 0.378 Thread 0x00007fb180008000 Exception <a 'java/lang/NullPointerException'> (0x00000000d884bfc0) thrown at [/HUDSON3/workspace/8-2-build-linux-amd64/jdk8u121/8372/hotspot/src/share/vm/runtime/sharedRuntime.cpp, line 605]
Event: 0.378 Thread 0x00007fb180008000 Exception <a 'java/io/FileNotFoundException'> (0x00000000d884f3a0) thrown at [/HUDSON3/workspace/8-2-build-linux-amd64/jdk8u121/8372/hotspot/src/share/vm/prims/jni.cpp, line 709]
Event: 0.378 Thread 0x00007fb180008000 Implicit null exception at 0x00007fb17123ad46 to 0x00007fb17123c16c
Event: 0.378 Thread 0x00007fb180008000 Exception <a 'java/lang/NullPointerException'> (0x00000000d884faf8) thrown at [/HUDSON3/workspace/8-2-build-linux-amd64/jdk8u121/8372/hotspot/src/share/vm/runtime/sharedRuntime.cpp, line 605]
Event: 0.378 Thread 0x00007fb180008000 Exception <a 'java/io/FileNotFoundException'> (0x00000000d8858d78) thrown at [/HUDSON3/workspace/8-2-build-linux-amd64/jdk8u121/8372/hotspot/src/share/vm/prims/jni.cpp, line 709]
Event: 0.378 Thread 0x00007fb180008000 Implicit null exception at 0x00007fb17123ad46 to 0x00007fb17123c16c
Event: 0.378 Thread 0x00007fb180008000 Exception <a 'java/lang/NullPointerException'> (0x00000000d88594d0) thrown at [/HUDSON3/workspace/8-2-build-linux-amd64/jdk8u121/8372/hotspot/src/share/vm/runtime/sharedRuntime.cpp, line 605]
Event: 0.546 Thread 0x00007fb18021a800 Implicit null exception at 0x00007fb171228e7c to 0x00007fb171228f41
Event: 0.641 Thread 0x00007fb130003000 Exception <a 'java/lang/UnsupportedOperationException': > (0x00000000d98f0068) thrown at [/HUDSON3/workspace/8-2-build-linux-amd64/jdk8u121/8372/hotspot/src/share/vm/prims/jni.cpp, line 735]
Event: 3.359 Thread 0x00007fb130003000 Implicit null exception at 0x00007fb1712af86e to 0x00007fb1712b0cad

Events (10 events):
Event: 17.621 loading class org/jfree/data/time/Minute done
Event: 17.621 loading class org/rosuda/JRI/Rengine
Event: 17.621 loading class org/rosuda/JRI/Rengine done
Event: 17.649 loading class org/rosuda/JRI/Mutex
Event: 17.649 loading class org/rosuda/JRI/Mutex done
Event: 17.649 Thread 0x00007fb120223800 Thread added: 0x00007fb120223800
Event: 17.649 Executing VM operation: RevokeBias
Event: 17.652 Executing VM operation: RevokeBias done
Event: 17.652 Executing VM operation: RevokeBias
Event: 17.652 Executing VM operation: RevokeBias done


Dynamic libraries:
00400000-00401000 r-xp 00000000 08:07 1202280                            /usr/java/jdk/bin/java
00600000-00601000 rw-p 00000000 08:07 1202280                            /usr/java/jdk/bin/java
00ee2000-00f03000 rw-p 00000000 00:00 0                                  [heap]
87c00000-8cd80000 rw-p 00000000 00:00 0 
8cd80000-d7f00000 ---p 00000000 00:00 0 
d7f00000-da780000 rw-p 00000000 00:00 0 
da780000-100000000 ---p 00000000 00:00 0 
100000000-1001a0000 rw-p 00000000 00:00 0 
1001a0000-140000000 ---p 00000000 00:00 0 
7fb118000000-7fb118021000 rw-p 00000000 00:00 0 
7fb118021000-7fb11c000000 ---p 00000000 00:00 0 
7fb120000000-7fb1204b5000 rw-p 00000000 00:00 0 
7fb1204b5000-7fb124000000 ---p 00000000 00:00 0 
7fb124000000-7fb124021000 rw-p 00000000 00:00 0 
7fb124021000-7fb128000000 ---p 00000000 00:00 0 
7fb12a1be000-7fb12a1e3000 r-xp 00000000 08:07 135848                     /lib/x86_64-linux-gnu/libtinfo.so.5.9
7fb12a1e3000-7fb12a3e2000 ---p 00025000 08:07 135848                     /lib/x86_64-linux-gnu/libtinfo.so.5.9
7fb12a3e2000-7fb12a3e6000 r--p 00024000 08:07 135848                     /lib/x86_64-linux-gnu/libtinfo.so.5.9
7fb12a3e6000-7fb12a3e7000 rw-p 00028000 08:07 135848                     /lib/x86_64-linux-gnu/libtinfo.so.5.9
7fb12a3e7000-7fb12a408000 r-xp 00000000 08:07 1182702                    /usr/lib/x86_64-linux-gnu/libgomp.so.1.0.0
7fb12a408000-7fb12a607000 ---p 00021000 08:07 1182702                    /usr/lib/x86_64-linux-gnu/libgomp.so.1.0.0
7fb12a607000-7fb12a608000 r--p 00020000 08:07 1182702                    /usr/lib/x86_64-linux-gnu/libgomp.so.1.0.0
7fb12a608000-7fb12a609000 rw-p 00021000 08:07 1182702                    /usr/lib/x86_64-linux-gnu/libgomp.so.1.0.0
7fb12a609000-7fb12a622000 r-xp 00000000 08:07 138205                     /lib/x86_64-linux-gnu/libz.so.1.2.8
7fb12a622000-7fb12a821000 ---p 00019000 08:07 138205                     /lib/x86_64-linux-gnu/libz.so.1.2.8
7fb12a821000-7fb12a822000 r--p 00018000 08:07 138205                     /lib/x86_64-linux-gnu/libz.so.1.2.8
7fb12a822000-7fb12a823000 rw-p 00019000 08:07 138205                     /lib/x86_64-linux-gnu/libz.so.1.2.8
7fb12a823000-7fb12a832000 r-xp 00000000 08:07 135675                     /lib/x86_64-linux-gnu/libbz2.so.1.0.4
7fb12a832000-7fb12aa31000 ---p 0000f000 08:07 135675                     /lib/x86_64-linux-gnu/libbz2.so.1.0.4
7fb12aa31000-7fb12aa32000 r--p 0000e000 08:07 135675                     /lib/x86_64-linux-gnu/libbz2.so.1.0.4
7fb12aa32000-7fb12aa33000 rw-p 0000f000 08:07 135675                     /lib/x86_64-linux-gnu/libbz2.so.1.0.4
7fb12aa33000-7fb12aa54000 r-xp 00000000 08:07 135743                     /lib/x86_64-linux-gnu/liblzma.so.5.0.0
7fb12aa54000-7fb12ac53000 ---p 00021000 08:07 135743                     /lib/x86_64-linux-gnu/liblzma.so.5.0.0
7fb12ac53000-7fb12ac54000 r--p 00020000 08:07 135743                     /lib/x86_64-linux-gnu/liblzma.so.5.0.0
7fb12ac54000-7fb12ac55000 rw-p 00021000 08:07 135743                     /lib/x86_64-linux-gnu/liblzma.so.5.0.0
7fb12ac55000-7fb12acc3000 r-xp 00000000 08:07 135805                     /lib/x86_64-linux-gnu/libpcre.so.3.13.2
7fb12acc3000-7fb12aec3000 ---p 0006e000 08:07 135805                     /lib/x86_64-linux-gnu/libpcre.so.3.13.2
7fb12aec3000-7fb12aec4000 r--p 0006e000 08:07 135805                     /lib/x86_64-linux-gnu/libpcre.so.3.13.2
7fb12aec4000-7fb12aec5000 rw-p 0006f000 08:07 135805                     /lib/x86_64-linux-gnu/libpcre.so.3.13.2
7fb12aec5000-7fb12af02000 r-xp 00000000 08:07 135827                     /lib/x86_64-linux-gnu/libreadline.so.6.3
7fb12af02000-7fb12b102000 ---p 0003d000 08:07 135827                     /lib/x86_64-linux-gnu/libreadline.so.6.3
7fb12b102000-7fb12b104000 r--p 0003d000 08:07 135827                     /lib/x86_64-linux-gnu/libreadline.so.6.3
7fb12b104000-7fb12b10a000 rw-p 0003f000 08:07 135827                     /lib/x86_64-linux-gnu/libreadline.so.6.3
7fb12b10a000-7fb12b10b000 rw-p 00000000 00:00 0 
7fb12b10b000-7fb12b179000 r-xp 00000000 08:07 2760332                    /usr/lib/libblas/libblas.so.3.6.0
7fb12b179000-7fb12b378000 ---p 0006e000 08:07 2760332                    /usr/lib/libblas/libblas.so.3.6.0
7fb12b378000-7fb12b379000 r--p 0006d000 08:07 2760332                    /usr/lib/libblas/libblas.so.3.6.0
7fb12b379000-7fb12b37a000 rw-p 0006e000 08:07 2760332                    /usr/lib/libblas/libblas.so.3.6.0
7fb12b37a000-7fb12b617000 r-xp 00000000 08:07 2760602                    /usr/lib/R/lib/libR.so
7fb12b617000-7fb12b817000 ---p 0029d000 08:07 2760602                    /usr/lib/R/lib/libR.so
7fb12b817000-7fb12b834000 r--p 0029d000 08:07 2760602                    /usr/lib/R/lib/libR.so
7fb12b834000-7fb12b83f000 rw-p 002ba000 08:07 2760602                    /usr/lib/R/lib/libR.so
7fb12b83f000-7fb12bb2c000 rw-p 00000000 00:00 0 
7fb12bb2c000-7fb12bb3d000 r--s 0016f000 08:07 3568773                    /home/drift/Documents/thirdPartyLibs/jfreechart-1.0.19/lib/jfreechart-1.0.19.jar
7fb12bb3d000-7fb12bb43000 r--s 0004a000 08:07 3572887                    /home/drift/Documents/thirdPartyLibs/jcommon-1.0.23/jcommon-1.0.23.jar
7fb12bb43000-7fb12bb4a000 r--s 00075000 08:07 3574556                    /home/drift/Documents/thirdPartyLibs/javamail-1.4.5/mail.jar
7fb12bb4a000-7fb12bb4c000 r--s 0000c000 08:07 3574084                    /home/drift/Documents/thirdPartyLibs/jaf-1.1.1/activation.jar
7fb12bb4c000-7fb12bb4f000 ---p 00000000 00:00 0 
7fb12bb4f000-7fb12bc4d000 rw-p 00000000 00:00 0 
7fb12bc4d000-7fb12bcb6000 r-xp 00000000 08:07 1202388                    /usr/java/jdk/jre/lib/amd64/libt2k.so
7fb12bcb6000-7fb12beb6000 ---p 00069000 08:07 1202388                    /usr/java/jdk/jre/lib/amd64/libt2k.so
7fb12beb6000-7fb12bebd000 rw-p 00069000 08:07 1202388                    /usr/java/jdk/jre/lib/amd64/libt2k.so
7fb12bebd000-7fb12becd000 rw-p 00000000 00:00 0 
7fb12c000000-7fb12c021000 rw-p 00000000 00:00 0 
7fb12c021000-7fb130000000 ---p 00000000 00:00 0 
7fb130000000-7fb130029000 rw-p 00000000 00:00 0 
7fb130029000-7fb134000000 ---p 00000000 00:00 0 
7fb134000000-7fb134021000 rw-p 00000000 00:00 0 
7fb134021000-7fb138000000 ---p 00000000 00:00 0 
7fb138000000-7fb138021000 rw-p 00000000 00:00 0 
7fb138021000-7fb13c000000 ---p 00000000 00:00 0 
7fb13c000000-7fb13cebc000 rw-p 00000000 00:00 0 
7fb13cebc000-7fb140000000 ---p 00000000 00:00 0 
7fb140000000-7fb1406f2000 rw-p 00000000 00:00 0 
7fb1406f2000-7fb144000000 ---p 00000000 00:00 0 
7fb144000000-7fb144021000 rw-p 00000000 00:00 0 
7fb144021000-7fb148000000 ---p 00000000 00:00 0 
7fb148000000-7fb149b81000 rw-p 00000000 00:00 0 
7fb149b81000-7fb14c000000 ---p 00000000 00:00 0 
7fb14c000000-7fb14c021000 rw-p 00000000 00:00 0 
7fb14c021000-7fb150000000 ---p 00000000 00:00 0 
7fb150000000-7fb150021000 rw-p 00000000 00:00 0 
7fb150021000-7fb154000000 ---p 00000000 00:00 0 
7fb1541c2000-7fb1541c9000 r--s 00000000 08:07 3670340                    /var/cache/fontconfig/4be9850f182b35c1350b6bbf2e42601c-le64.cache-6
7fb1541c9000-7fb1541cb000 r--s 00000000 08:07 3670363                    /var/cache/fontconfig/30a99c4256905863f7aa12b5e873c27c-le64.cache-6
7fb1541cb000-7fb15428c000 r--s 00000000 08:07 3676537                    /var/cache/fontconfig/de49e17e6e33c7c40c4acdcf85b0191b-le64.cache-6
7fb154340000-7fb154343000 ---p 00000000 00:00 0 
7fb154343000-7fb154441000 rw-p 00000000 00:00 0 
7fb154441000-7fb15444a000 r-xp 00000000 08:07 1184697                    /usr/lib/libjri.so
7fb15444a000-7fb154649000 ---p 00009000 08:07 1184697                    /usr/lib/libjri.so
7fb154649000-7fb15464a000 r--p 00008000 08:07 1184697                    /usr/lib/libjri.so
7fb15464a000-7fb15464b000 rw-p 00009000 08:07 1184697                    /usr/lib/libjri.so
7fb15464b000-7fb154762000 rw-s 00000000 00:05 12779546                   /SYSV00000000 (deleted)
7fb154762000-7fb15478c000 r-xp 00000000 08:07 1202342                    /usr/java/jdk/jre/lib/amd64/libdcpr.so
7fb15478c000-7fb15498c000 ---p 0002a000 08:07 1202342                    /usr/java/jdk/jre/lib/amd64/libdcpr.so
7fb15498c000-7fb15498f000 rw-p 0002a000 08:07 1202342                    /usr/java/jdk/jre/lib/amd64/libdcpr.so
7fb15498f000-7fb154acf000 rw-p 00000000 00:00 0 
7fb154acf000-7fb154b8f000 ---p 00000000 00:00 0 
7fb154b8f000-7fb154ba2000 r--s 00345000 08:07 1202412                    /usr/java/jdk/jre/lib/resources.jar
7fb154ba2000-7fb154ba3000 r--s 00007000 08:07 3598609                    /home/drift/Documents/thirdPartyLibs/REngine.jar
7fb154ba3000-7fb154ba5000 r--s 00003000 08:07 3557776                    /home/drift/Documents/thirdPartyLibs/JRI.jar
7fb154ba5000-7fb154baf000 r--s 000ea000 08:07 3698670                    /home/drift/Documents/thirdPartyLibs/mysql-connector-java-5.1.42/mysql-connector-java-5.1.42-bin.jar
7fb154baf000-7fb154bb2000 r--s 00013000 08:07 3577322                    /home/drift/Documents/thirdPartyLibs/json-lib-2.4-jdk15/dependancy/ezmorph-1.0.6.jar
7fb154bb2000-7fb154bb7000 r--s 00040000 08:07 3578384                    /home/drift/Documents/thirdPartyLibs/json-lib-2.4-jdk15/dependancy/commons-lang-2.5/commons-lang-2.5.jar
7fb154bb7000-7fb154bc5000 r--s 0007f000 08:07 3577689                    /home/drift/Documents/thirdPartyLibs/json-lib-2.4-jdk15/dependancy/commons-collections-3.2.1/commons-collections-3.2.1.jar
7fb154bc5000-7fb154be1000 r--s 00393000 08:07 1321517                    /usr/java/jdk/jre/lib/ext/cldrdata.jar
7fb154be1000-7fb154de1000 rw-p 00000000 00:00 0 
7fb154de1000-7fb154df2000 r-xp 00000000 08:07 1202362                    /usr/java/jdk/jre/lib/amd64/libnio.so
7fb154df2000-7fb154ff1000 ---p 00011000 08:07 1202362                    /usr/java/jdk/jre/lib/amd64/libnio.so
7fb154ff1000-7fb154ff2000 rw-p 00010000 08:07 1202362                    /usr/java/jdk/jre/lib/amd64/libnio.so
7fb154ff2000-7fb1552f3000 rw-p 00000000 00:00 0 
7fb1552f3000-7fb155309000 r-xp 00000000 08:07 1202337                    /usr/java/jdk/jre/lib/amd64/libnet.so
7fb155309000-7fb155509000 ---p 00016000 08:07 1202337                    /usr/java/jdk/jre/lib/amd64/libnet.so
7fb155509000-7fb15550a000 rw-p 00016000 08:07 1202337                    /usr/java/jdk/jre/lib/amd64/libnet.so
7fb15550a000-7fb15550d000 ---p 00000000 00:00 0 
7fb15550d000-7fb15560b000 rw-p 00000000 00:00 0 
7fb15560b000-7fb15560e000 ---p 00000000 00:00 0 
7fb15560e000-7fb15570c000 rw-p 00000000 00:00 0 
7fb15570c000-7fb155711000 r-xp 00000000 08:07 1188371                    /usr/lib/x86_64-linux-gnu/libXfixes.so.3.1.0
7fb155711000-7fb155910000 ---p 00005000 08:07 1188371                    /usr/lib/x86_64-linux-gnu/libXfixes.so.3.1.0
7fb155910000-7fb155911000 r--p 00004000 08:07 1188371                    /usr/lib/x86_64-linux-gnu/libXfixes.so.3.1.0
7fb155911000-7fb155912000 rw-p 00005000 08:07 1188371                    /usr/lib/x86_64-linux-gnu/libXfixes.so.3.1.0
7fb155912000-7fb15591b000 r-xp 00000000 08:07 1188363                    /usr/lib/x86_64-linux-gnu/libXcursor.so.1.0.2
7fb15591b000-7fb155b1a000 ---p 00009000 08:07 1188363                    /usr/lib/x86_64-linux-gnu/libXcursor.so.1.0.2
7fb155b1a000-7fb155b1b000 r--p 00008000 08:07 1188363                    /usr/lib/x86_64-linux-gnu/libXcursor.so.1.0.2
7fb155b1b000-7fb155b1c000 rw-p 00009000 08:07 1188363                    /usr/lib/x86_64-linux-gnu/libXcursor.so.1.0.2
7fb155b1c000-7fb155b1f000 ---p 00000000 00:00 0 
7fb155b1f000-7fb155c1d000 rw-p 00000000 00:00 0 
7fb155c1d000-7fb155c33000 r-xp 00000000 08:07 135714                     /lib/x86_64-linux-gnu/libgcc_s.so.1
7fb155c33000-7fb155e32000 ---p 00016000 08:07 135714                     /lib/x86_64-linux-gnu/libgcc_s.so.1
7fb155e32000-7fb155e33000 rw-p 00015000 08:07 135714                     /lib/x86_64-linux-gnu/libgcc_s.so.1
7fb155e33000-7fb155e98000 r-xp 00000000 08:07 1202356                    /usr/java/jdk/jre/lib/amd64/libfontmanager.so
7fb155e98000-7fb156097000 ---p 00065000 08:07 1202356                    /usr/java/jdk/jre/lib/amd64/libfontmanager.so
7fb156097000-7fb15609c000 rw-p 00064000 08:07 1202356                    /usr/java/jdk/jre/lib/amd64/libfontmanager.so
7fb15609c000-7fb1560ac000 rw-p 00000000 00:00 0 
7fb1560ac000-7fb1560b1000 r-xp 00000000 08:07 1188367                    /usr/lib/x86_64-linux-gnu/libXdmcp.so.6.0.0
7fb1560b1000-7fb1562b0000 ---p 00005000 08:07 1188367                    /usr/lib/x86_64-linux-gnu/libXdmcp.so.6.0.0
7fb1562b0000-7fb1562b1000 r--p 00004000 08:07 1188367                    /usr/lib/x86_64-linux-gnu/libXdmcp.so.6.0.0
7fb1562b1000-7fb1562b2000 rw-p 00005000 08:07 1188367                    /usr/lib/x86_64-linux-gnu/libXdmcp.so.6.0.0
7fb1562b2000-7fb1562b4000 r-xp 00000000 08:07 1188356                    /usr/lib/x86_64-linux-gnu/libXau.so.6.0.0
7fb1562b4000-7fb1564b4000 ---p 00002000 08:07 1188356                    /usr/lib/x86_64-linux-gnu/libXau.so.6.0.0
7fb1564b4000-7fb1564b5000 r--p 00002000 08:07 1188356                    /usr/lib/x86_64-linux-gnu/libXau.so.6.0.0
7fb1564b5000-7fb1564b6000 rw-p 00003000 08:07 1188356                    /usr/lib/x86_64-linux-gnu/libXau.so.6.0.0
7fb1564b6000-7fb1564d7000 r-xp 00000000 08:07 1189736                    /usr/lib/x86_64-linux-gnu/libxcb.so.1.1.0
7fb1564d7000-7fb1566d6000 ---p 00021000 08:07 1189736                    /usr/lib/x86_64-linux-gnu/libxcb.so.1.1.0
7fb1566d6000-7fb1566d7000 r--p 00020000 08:07 1189736                    /usr/lib/x86_64-linux-gnu/libxcb.so.1.1.0
7fb1566d7000-7fb1566d8000 rw-p 00021000 08:07 1189736                    /usr/lib/x86_64-linux-gnu/libxcb.so.1.1.0
7fb1566d8000-7fb1566e7000 r-xp 00000000 08:07 1188377                    /usr/lib/x86_64-linux-gnu/libXi.so.6.1.0
7fb1566e7000-7fb1568e6000 ---p 0000f000 08:07 1188377                    /usr/lib/x86_64-linux-gnu/libXi.so.6.1.0
7fb1568e6000-7fb1568e7000 r--p 0000e000 08:07 1188377                    /usr/lib/x86_64-linux-gnu/libXi.so.6.1.0
7fb1568e7000-7fb1568e8000 rw-p 0000f000 08:07 1188377                    /usr/lib/x86_64-linux-gnu/libXi.so.6.1.0
7fb1568e8000-7fb1568ed000 r-xp 00000000 08:07 1188395                    /usr/lib/x86_64-linux-gnu/libXtst.so.6.1.0
7fb1568ed000-7fb156aec000 ---p 00005000 08:07 1188395                    /usr/lib/x86_64-linux-gnu/libXtst.so.6.1.0
7fb156aec000-7fb156aed000 r--p 00004000 08:07 1188395                    /usr/lib/x86_64-linux-gnu/libXtst.so.6.1.0
7fb156aed000-7fb156aee000 rw-p 00005000 08:07 1188395                    /usr/lib/x86_64-linux-gnu/libXtst.so.6.1.0
7fb156aee000-7fb156af7000 r-xp 00000000 08:07 1188389                    /usr/lib/x86_64-linux-gnu/libXrender.so.1.3.0
7fb156af7000-7fb156cf6000 ---p 00009000 08:07 1188389                    /usr/lib/x86_64-linux-gnu/libXrender.so.1.3.0
7fb156cf6000-7fb156cf7000 r--p 00008000 08:07 1188389                    /usr/lib/x86_64-linux-gnu/libXrender.so.1.3.0
7fb156cf7000-7fb156cf8000 rw-p 00009000 08:07 1188389                    /usr/lib/x86_64-linux-gnu/libXrender.so.1.3.0
7fb156cf8000-7fb156e2d000 r-xp 00000000 08:07 1188352                    /usr/lib/x86_64-linux-gnu/libX11.so.6.3.0
7fb156e2d000-7fb15702d000 ---p 00135000 08:07 1188352                    /usr/lib/x86_64-linux-gnu/libX11.so.6.3.0
7fb15702d000-7fb15702e000 r--p 00135000 08:07 1188352                    /usr/lib/x86_64-linux-gnu/libX11.so.6.3.0
7fb15702e000-7fb157032000 rw-p 00136000 08:07 1188352                    /usr/lib/x86_64-linux-gnu/libX11.so.6.3.0
7fb157032000-7fb157043000 r-xp 00000000 08:07 1188369                    /usr/lib/x86_64-linux-gnu/libXext.so.6.4.0
7fb157043000-7fb157242000 ---p 00011000 08:07 1188369                    /usr/lib/x86_64-linux-gnu/libXext.so.6.4.0
7fb157242000-7fb157243000 r--p 00010000 08:07 1188369                    /usr/lib/x86_64-linux-gnu/libXext.so.6.4.0
7fb157243000-7fb157244000 rw-p 00011000 08:07 1188369                    /usr/lib/x86_64-linux-gnu/libXext.so.6.4.0
7fb157244000-7fb157298000 r-xp 00000000 08:07 1202364                    /usr/java/jdk/jre/lib/amd64/libawt_xawt.so
7fb157298000-7fb157498000 ---p 00054000 08:07 1202364                    /usr/java/jdk/jre/lib/amd64/libawt_xawt.so
7fb157498000-7fb15749c000 rw-p 00054000 08:07 1202364                    /usr/java/jdk/jre/lib/amd64/libawt_xawt.so
7fb15749c000-7fb15749d000 rw-p 00000000 00:00 0 
7fb15749d000-7fb15753f000 r-xp 00000000 08:07 1202391                    /usr/java/jdk/jre/lib/amd64/libawt.so
7fb15753f000-7fb15773f000 ---p 000a2000 08:07 1202391                    /usr/java/jdk/jre/lib/amd64/libawt.so
7fb15773f000-7fb15774b000 rw-p 000a2000 08:07 1202391                    /usr/java/jdk/jre/lib/amd64/libawt.so
7fb15774b000-7fb15776f000 rw-p 00000000 00:00 0 
7fb15776f000-7fb157770000 ---p 00000000 00:00 0 
7fb157770000-7fb157870000 rw-p 00000000 00:00 0 
7fb157870000-7fb157873000 ---p 00000000 00:00 0 
7fb157873000-7fb157971000 rw-p 00000000 00:00 0 
7fb157971000-7fb157974000 ---p 00000000 00:00 0 
7fb157974000-7fb157a72000 rw-p 00000000 00:00 0 
7fb157a72000-7fb157a75000 ---p 00000000 00:00 0 
7fb157a75000-7fb157b73000 rw-p 00000000 00:00 0 
7fb157b73000-7fb158000000 r--p 00000000 08:07 1184437                    /usr/lib/locale/locale-archive
7fb158000000-7fb158021000 rw-p 00000000 00:00 0 
7fb158021000-7fb15c000000 ---p 00000000 00:00 0 
7fb15c000000-7fb15c001000 r--s 00002000 08:07 3601783                    /home/drift/Documents/thirdPartyLibs/JRIEngine.jar
7fb15c001000-7fb15c002000 r--s 00000000 08:07 3670362                    /var/cache/fontconfig/087e1975ba9a574b140bb1df193bf770-le64.cache-6
7fb15c002000-7fb15c006000 r--s 00000000 08:07 3670359                    /var/cache/fontconfig/6aa41aa22e18b8fa06a12da28ea9c28b-le64.cache-6
7fb15c006000-7fb15c011000 r--s 00000000 08:07 3670357                    /var/cache/fontconfig/945677eb7aeaf62f1d50efc3fb3ec7d8-le64.cache-6
7fb15c011000-7fb15c016000 r--s 00000000 08:07 3679723                    /var/cache/fontconfig/99e8ed0e538f840c565b6ed5dad60d56-le64.cache-6
7fb15c016000-7fb15c01c000 r--s 00000000 08:07 3670355                    /var/cache/fontconfig/2cd17615ca594fa2959ae173292e504c-le64.cache-6
7fb15c01c000-7fb15c01d000 r--s 00000000 08:07 3670351                    /var/cache/fontconfig/0d8c3b2ac0904cb8a57a757ad11a4a08-le64.cache-6
7fb15c01d000-7fb15c021000 r--s 00000000 08:07 3696967                    /var/cache/fontconfig/de156ccd2eddbdc19d37a45b8b2aac9c-le64.cache-6
7fb15c021000-7fb15c036000 r--s 00000000 08:07 3670350                    /var/cache/fontconfig/04aabc0a78ac019cf9454389977116d2-le64.cache-6
7fb15c036000-7fb15c037000 r--s 00000000 08:07 3670348                    /var/cache/fontconfig/1ac9eb803944fde146138c791f5cc56a-le64.cache-6
7fb15c037000-7fb15c038000 r--s 00000000 08:07 3670347                    /var/cache/fontconfig/b95bc8ffbebda2bbdae4265e45b8178d-le64.cache-6
7fb15c038000-7fb15c03c000 r--s 00000000 08:07 3670346                    /var/cache/fontconfig/385c0604a188198f04d133e54aba7fe7-le64.cache-6
7fb15c03c000-7fb15c03f000 r--s 00000000 08:07 3670345                    /var/cache/fontconfig/cc7d5960448caf04b01115f3462e4057-le64.cache-6
7fb15c03f000-7fb15c040000 r--s 00000000 08:07 3670343                    /var/cache/fontconfig/9c956a7723ca69a44b382d9179c9802f-le64.cache-6
7fb15c040000-7fb15c041000 r--s 00000000 08:07 3670341                    /var/cache/fontconfig/dc05db6664285cc2f12bf69c139ae4c3-le64.cache-6
7fb15c041000-7fb15c042000 r--s 00000000 08:07 3670334                    /var/cache/fontconfig/5d1cca7074f29429a8d18692746c2426-le64.cache-6
7fb15c042000-7fb15c045000 r--s 00000000 08:07 3670332                    /var/cache/fontconfig/767a8244fc0220cfb567a839d0392e0b-le64.cache-6
7fb15c045000-7fb15c046000 r--s 00000000 08:07 3670331                    /var/cache/fontconfig/9eae20f1ff8cc0a7d125749e875856bd-le64.cache-6
7fb15c046000-7fb15c049000 r--s 00000000 08:07 3670330                    /var/cache/fontconfig/bf2c1853a9e9b00bb02fe2e9bcf1e201-le64.cache-6
7fb15c049000-7fb15c04e000 r--s 00000000 08:07 3670328                    /var/cache/fontconfig/8801497958630a81b71ace7c5f9b32a8-le64.cache-6
7fb15c04e000-7fb15c052000 r--s 00000000 08:07 3670327                    /var/cache/fontconfig/c57959a16110560c8d0fcea73374aeeb-le64.cache-6
7fb15c052000-7fb15c053000 r--s 00000000 08:07 3670326                    /var/cache/fontconfig/bab58bb527bb656aaa9f116d68a48d89-le64.cache-6
7fb15c053000-7fb15c05a000 r--s 00000000 08:07 3670325                    /var/cache/fontconfig/3047814df9a2f067bd2d96a2b9c36e5a-le64.cache-6
7fb15c05a000-7fb15c062000 r--s 00000000 08:07 3670324                    /var/cache/fontconfig/bf3b770c553c462765856025a94f1ce6-le64.cache-6
7fb15c062000-7fb15c063000 r--s 00000000 08:07 3670322                    /var/cache/fontconfig/56cf4f4769d0f4abc89a4895d7bd3ae1-le64.cache-6
7fb15c063000-7fb15c064000 r--s 00000000 08:07 3670321                    /var/cache/fontconfig/b9d506c9ac06c20b433354fa67a72993-le64.cache-6
7fb15c064000-7fb15c06a000 r--s 00000000 08:07 3670320                    /var/cache/fontconfig/b47c4e1ecd0709278f4910c18777a504-le64.cache-6
7fb15c06a000-7fb15c06d000 r--s 00000000 08:07 3670318                    /var/cache/fontconfig/14d493b97896515cad3840ba4896e372-le64.cache-6
7fb15c06d000-7fb15c070000 r--s 00000000 08:07 3670317                    /var/cache/fontconfig/e49e89034d371f0f9de17aab02136486-le64.cache-6
7fb15c070000-7fb15c072000 r--s 00000000 08:07 3670314                    /var/cache/fontconfig/4b14b093aebc79c320de5e86ae1d3314-le64.cache-6
7fb15c072000-7fb15c073000 r--s 00000000 08:07 3670313                    /var/cache/fontconfig/8aec10f4cc8391dcef22ca549f1e4354-le64.cache-6
7fb15c073000-7fb15c086000 r--s 00000000 08:07 3670312                    /var/cache/fontconfig/d52a8644073d54c13679302ca1180695-le64.cache-6
7fb15c086000-7fb15c087000 r--s 00000000 08:07 3670311                    /var/cache/fontconfig/551ecf3b0e8b0bca0f25c0944f561853-le64.cache-6
7fb15c087000-7fb15c088000 r--s 00000000 08:07 3670308                    /var/cache/fontconfig/8a687c406b77f27d99abfeeba937fcce-le64.cache-6
7fb15c088000-7fb15c08d000 r--s 00000000 08:07 3670306                    /var/cache/fontconfig/75ad6aa2358a85f0de2c8ee4837e8227-le64.cache-6
7fb15c08d000-7fb15c08e000 r--s 00000000 08:07 3670305                    /var/cache/fontconfig/ac2cf712d852da827a87a9baf682f5b9-le64.cache-6
7fb15c08e000-7fb15c090000 r--s 00000000 08:07 3670302                    /var/cache/fontconfig/65f976e5259cbe6dc7697b8648396239-le64.cache-6
7fb15c090000-7fb15c09b000 r--s 00000000 08:07 3670300                    /var/cache/fontconfig/d589a48862398ed80a3d6066f4f56f4c-le64.cache-6
7fb15c09b000-7fb15c09f000 r--s 00000000 08:07 3670299                    /var/cache/fontconfig/246184dc75a16901ca37d96895904249-le64.cache-6
7fb15c09f000-7fb15c0a0000 r--s 00000000 08:07 3670296                    /var/cache/fontconfig/94f7fe9bd33aadfac165873bd010d595-le64.cache-6
7fb15c0a0000-7fb15c0a2000 r--s 00000000 08:07 3670288                    /var/cache/fontconfig/423767150eb258c59035de29db6fca84-le64.cache-6
7fb15c0a2000-7fb15c0a3000 r--s 00000000 08:07 3670285                    /var/cache/fontconfig/845c20fd2c4814bcec78e05d37a63ccc-le64.cache-6
7fb15c0a3000-7fb15c0a4000 r--s 00000000 08:07 3670275                    /var/cache/fontconfig/e7de81b01590fb7e12b38e274e17d0db-le64.cache-6
7fb15c0a4000-7fb15c0a5000 r--s 00000000 08:07 3670273                    /var/cache/fontconfig/406a1d2d2bf3ed7664fbadefac0b2f66-le64.cache-6
7fb15c0a5000-7fb15c0b2000 r--s 00000000 08:07 3670271                    /var/cache/fontconfig/089dead882dea3570ffc31a9898cfb69-le64.cache-6
7fb15c0b2000-7fb15c0c0000 r--s 00000000 08:07 3670269                    /var/cache/fontconfig/198d8fcf01c96d0cf813f74fd759bdb7-le64.cache-6
7fb15c0c0000-7fb15c0cb000 r--s 00000000 08:07 3670258                    /var/cache/fontconfig/83bf95040141907cd45bb53cf7c1c148-le64.cache-6
7fb15c0cb000-7fb15c0dd000 r--s 00000000 08:07 3670255                    /var/cache/fontconfig/9b89f8e3dae116d678bbf48e5f21f69b-le64.cache-6
7fb15c0dd000-7fb15c0e0000 ---p 00000000 00:00 0 
7fb15c0e0000-7fb15c1de000 rw-p 00000000 00:00 0 
7fb15c1de000-7fb15c1e1000 ---p 00000000 00:00 0 
7fb15c1e1000-7fb15c2df000 rw-p 00000000 00:00 0 
7fb15c2df000-7fb15c2e2000 ---p 00000000 00:00 0 
7fb15c2e2000-7fb160000000 rw-p 00000000 00:00 0 
7fb160000000-7fb160021000 rw-p 00000000 00:00 0 
7fb160021000-7fb164000000 ---p 00000000 00:00 0 
7fb164000000-7fb164021000 rw-p 00000000 00:00 0 
7fb164021000-7fb168000000 ---p 00000000 00:00 0 
7fb168000000-7fb168021000 rw-p 00000000 00:00 0 
7fb168021000-7fb16c000000 ---p 00000000 00:00 0 
7fb16c000000-7fb16c021000 rw-p 00000000 00:00 0 
7fb16c021000-7fb170000000 ---p 00000000 00:00 0 
7fb170000000-7fb170002000 r--s 00000000 08:07 3670272                    /var/cache/fontconfig/67709b7835c0f764c1135060c9575660-le64.cache-6
7fb170002000-7fb170003000 r--s 00000000 08:07 3670270                    /var/cache/fontconfig/30829fa25452a46451e813d634d7f916-le64.cache-6
7fb170003000-7fb170004000 r--s 00000000 08:07 3670267                    /var/cache/fontconfig/0c9eb80ebd1c36541ebe2852d3bb0c49-le64.cache-6
7fb170004000-7fb170007000 r--s 00000000 08:07 3670260                    /var/cache/fontconfig/75114ca45c98e8a441da0ff356701271-le64.cache-6
7fb170007000-7fb170010000 r--s 00000000 08:07 3670253                    /var/cache/fontconfig/d0972c3d32f097851eb916381fc38920-le64.cache-6
7fb170010000-7fb170012000 r--s 00000000 08:07 3670252                    /var/cache/fontconfig/6e6b34ae150a7ad95e82fb4a522f0bda-le64.cache-6
7fb170012000-7fb170013000 r--s 00000000 08:07 3670251                    /var/cache/fontconfig/3334a778d104e76d188e9df399bc24d2-le64.cache-6
7fb170013000-7fb17001a000 r--s 00000000 08:07 3670250                    /var/cache/fontconfig/53d14c92082a93e67d5078324eb314ca-le64.cache-6
7fb17001a000-7fb17001e000 r--s 00000000 08:07 3670249                    /var/cache/fontconfig/6c08beecf0dac481ec92e759e0c2e6d7-le64.cache-6
7fb17001e000-7fb170022000 r--s 00000000 08:07 3670247                    /var/cache/fontconfig/4d6aee6d44eccb37054d3216e945f618-le64.cache-6
7fb170022000-7fb170026000 r--s 00000000 08:07 3670246                    /var/cache/fontconfig/d6c6df98c3df5faf9bd0f8ef4d91efe5-le64.cache-6
7fb170026000-7fb17002a000 r--s 00000000 08:07 3670243                    /var/cache/fontconfig/9fb319ef52839f11ee26ab8b4cffa12b-le64.cache-6
7fb17002a000-7fb17002c000 r--s 00000000 08:07 3670241                    /var/cache/fontconfig/43bfe21a9e1edebcf703d79ee2950b06-le64.cache-6
7fb17002c000-7fb17003f000 r--s 00000000 08:07 3670240                    /var/cache/fontconfig/4ac51e5cfbc76fc3f983e470323a16d3-le64.cache-6
7fb17003f000-7fb170042000 r--s 00000000 08:07 3670237                    /var/cache/fontconfig/c19b55eb3b4c5b40ea175e31682068a5-le64.cache-6
7fb170042000-7fb170043000 r--s 00000000 08:07 3670232                    /var/cache/fontconfig/c277e94e32b20404286a1ddafa5a80f0-le64.cache-6
7fb170043000-7fb170047000 r--s 00000000 08:07 3670231                    /var/cache/fontconfig/3629f2adf904f9a612908891fae71ceb-le64.cache-6
7fb170047000-7fb17005d000 r--s 00000000 08:07 3670204                    /var/cache/fontconfig/e13b20fdb08344e0e664864cc2ede53d-le64.cache-6
7fb17005d000-7fb170062000 r--s 00000000 08:07 3670375                    /var/cache/fontconfig/7ef2298fde41cc6eeb7af42e48b7d293-le64.cache-6
7fb170062000-7fb170083000 r--s 00000000 08:07 3670365                    /var/cache/fontconfig/467c019e582ee353435ea5c21d137ef6-le64.cache-6
7fb170083000-7fb170085000 r--s 0000b000 08:07 3598593                    /home/drift/Documents/thirdPartyLibs/JMathArray-1.0.jar
7fb170085000-7fb170087000 r--s 0000d000 08:07 3578692                    /home/drift/Documents/thirdPartyLibs/json-lib-2.4-jdk15/dependancy/commons-logging-1.1.1/commons-logging-1.1.1.jar
7fb170087000-7fb17008c000 r--s 00034000 08:07 3577333                    /home/drift/Documents/thirdPartyLibs/json-lib-2.4-jdk15/dependancy/commons-beanutils-1.8.0/commons-beanutils-1.8.0.jar
7fb17008c000-7fb170091000 r--s 00024000 08:07 3574636                    /home/drift/Documents/thirdPartyLibs/json-lib-2.4-jdk15/net.jar
7fb170091000-7fb17009b000 r--s 00116000 08:07 1321514                    /usr/java/jdk/jre/lib/ext/localedata.jar
7fb17009b000-7fb1700d0000 r--s 00000000 08:07 4337730                    /var/cache/nscd/hosts
7fb1700d0000-7fb1700d3000 ---p 00000000 00:00 0 
7fb1700d3000-7fb1701d1000 rw-p 00000000 00:00 0 
7fb1701d1000-7fb1701d2000 ---p 00000000 00:00 0 
7fb1701d2000-7fb171000000 rw-p 00000000 00:00 0 
7fb171000000-7fb171710000 rwxp 00000000 00:00 0 
7fb171710000-7fb180000000 ---p 00000000 00:00 0 
7fb180000000-7fb18055c000 rw-p 00000000 00:00 0 
7fb18055c000-7fb184000000 ---p 00000000 00:00 0 
7fb184000000-7fb18400d000 r--s 00000000 08:07 3670368                    /var/cache/fontconfig/8f02d4cb045bd6ce15663e43f347c9f8-le64.cache-6
7fb18400d000-7fb18427f000 rw-p 00000000 00:00 0 
7fb18427f000-7fb184458000 r--s 03d3e000 08:07 1202329                    /usr/java/jdk/jre/lib/rt.jar
7fb184458000-7fb1850eb000 rw-p 00000000 00:00 0 
7fb1850eb000-7fb1850ec000 ---p 00000000 00:00 0 
7fb1850ec000-7fb1851ec000 rw-p 00000000 00:00 0 
7fb1851ec000-7fb1851ed000 ---p 00000000 00:00 0 
7fb1851ed000-7fb1852ed000 rw-p 00000000 00:00 0 
7fb1852ed000-7fb1852ee000 ---p 00000000 00:00 0 
7fb1852ee000-7fb1853ee000 rw-p 00000000 00:00 0 
7fb1853ee000-7fb1853ef000 ---p 00000000 00:00 0 
7fb1853ef000-7fb185518000 rw-p 00000000 00:00 0 
7fb185518000-7fb185771000 ---p 00000000 00:00 0 
7fb185771000-7fb18579a000 rw-p 00000000 00:00 0 
7fb18579a000-7fb1859f2000 ---p 00000000 00:00 0 
7fb1859f2000-7fb185a07000 rw-p 00000000 00:00 0 
7fb185a07000-7fb185b33000 ---p 00000000 00:00 0 
7fb185b33000-7fb185b51000 rw-p 00000000 00:00 0 
7fb185b51000-7fb185ef4000 ---p 00000000 00:00 0 
7fb185ef4000-7fb185f0e000 r-xp 00000000 08:07 1202360                    /usr/java/jdk/jre/lib/amd64/libzip.so
7fb185f0e000-7fb18610e000 ---p 0001a000 08:07 1202360                    /usr/java/jdk/jre/lib/amd64/libzip.so
7fb18610e000-7fb18610f000 rw-p 0001a000 08:07 1202360                    /usr/java/jdk/jre/lib/amd64/libzip.so
7fb18610f000-7fb18613a000 r-xp 00000000 08:07 1202385                    /usr/java/jdk/jre/lib/amd64/libjava.so
7fb18613a000-7fb186339000 ---p 0002b000 08:07 1202385                    /usr/java/jdk/jre/lib/amd64/libjava.so
7fb186339000-7fb18633b000 rw-p 0002a000 08:07 1202385                    /usr/java/jdk/jre/lib/amd64/libjava.so
7fb18633b000-7fb186348000 r-xp 00000000 08:07 1202338                    /usr/java/jdk/jre/lib/amd64/libverify.so
7fb186348000-7fb186547000 ---p 0000d000 08:07 1202338                    /usr/java/jdk/jre/lib/amd64/libverify.so
7fb186547000-7fb186549000 rw-p 0000c000 08:07 1202338                    /usr/java/jdk/jre/lib/amd64/libverify.so
7fb186549000-7fb186550000 r-xp 00000000 08:07 131422                     /lib/x86_64-linux-gnu/librt-2.23.so
7fb186550000-7fb18674f000 ---p 00007000 08:07 131422                     /lib/x86_64-linux-gnu/librt-2.23.so
7fb18674f000-7fb186750000 r--p 00006000 08:07 131422                     /lib/x86_64-linux-gnu/librt-2.23.so
7fb186750000-7fb186751000 rw-p 00007000 08:07 131422                     /lib/x86_64-linux-gnu/librt-2.23.so
7fb186751000-7fb186859000 r-xp 00000000 08:07 131413                     /lib/x86_64-linux-gnu/libm-2.23.so
7fb186859000-7fb186a58000 ---p 00108000 08:07 131413                     /lib/x86_64-linux-gnu/libm-2.23.so
7fb186a58000-7fb186a59000 r--p 00107000 08:07 131413                     /lib/x86_64-linux-gnu/libm-2.23.so
7fb186a59000-7fb186a5a000 rw-p 00108000 08:07 131413                     /lib/x86_64-linux-gnu/libm-2.23.so
7fb186a5a000-7fb187728000 r-xp 00000000 08:07 1321500                    /usr/java/jdk/jre/lib/amd64/server/libjvm.so
7fb187728000-7fb187928000 ---p 00cce000 08:07 1321500                    /usr/java/jdk/jre/lib/amd64/server/libjvm.so
7fb187928000-7fb187a01000 rw-p 00cce000 08:07 1321500                    /usr/java/jdk/jre/lib/amd64/server/libjvm.so
7fb187a01000-7fb187a4c000 rw-p 00000000 00:00 0 
7fb187a4c000-7fb187c0b000 r-xp 00000000 08:07 131415                     /lib/x86_64-linux-gnu/libc-2.23.so
7fb187c0b000-7fb187e0b000 ---p 001bf000 08:07 131415                     /lib/x86_64-linux-gnu/libc-2.23.so
7fb187e0b000-7fb187e0f000 r--p 001bf000 08:07 131415                     /lib/x86_64-linux-gnu/libc-2.23.so
7fb187e0f000-7fb187e11000 rw-p 001c3000 08:07 131415                     /lib/x86_64-linux-gnu/libc-2.23.so
7fb187e11000-7fb187e15000 rw-p 00000000 00:00 0 
7fb187e15000-7fb187e18000 r-xp 00000000 08:07 131411                     /lib/x86_64-linux-gnu/libdl-2.23.so
7fb187e18000-7fb188017000 ---p 00003000 08:07 131411                     /lib/x86_64-linux-gnu/libdl-2.23.so
7fb188017000-7fb188018000 r--p 00002000 08:07 131411                     /lib/x86_64-linux-gnu/libdl-2.23.so
7fb188018000-7fb188019000 rw-p 00003000 08:07 131411                     /lib/x86_64-linux-gnu/libdl-2.23.so
7fb188019000-7fb18802e000 r-xp 00000000 08:07 1201499                    /usr/java/jdk/lib/amd64/jli/libjli.so
7fb18802e000-7fb18822e000 ---p 00015000 08:07 1201499                    /usr/java/jdk/lib/amd64/jli/libjli.so
7fb18822e000-7fb18822f000 rw-p 00015000 08:07 1201499                    /usr/java/jdk/lib/amd64/jli/libjli.so
7fb18822f000-7fb188247000 r-xp 00000000 08:07 131426                     /lib/x86_64-linux-gnu/libpthread-2.23.so
7fb188247000-7fb188446000 ---p 00018000 08:07 131426                     /lib/x86_64-linux-gnu/libpthread-2.23.so
7fb188446000-7fb188447000 r--p 00017000 08:07 131426                     /lib/x86_64-linux-gnu/libpthread-2.23.so
7fb188447000-7fb188448000 rw-p 00018000 08:07 131426                     /lib/x86_64-linux-gnu/libpthread-2.23.so
7fb188448000-7fb18844c000 rw-p 00000000 00:00 0 
7fb18844c000-7fb188472000 r-xp 00000000 08:07 131416                     /lib/x86_64-linux-gnu/ld-2.23.so
7fb188472000-7fb188475000 r--s 00000000 08:07 3670222                    /var/cache/fontconfig/de83a0a961185c8bd1f159015d56c039-le64.cache-6
7fb188475000-7fb188477000 r--s 00000000 08:07 3670369                    /var/cache/fontconfig/16326683038b281783a0ef8c680e3a10-le64.cache-6
7fb188477000-7fb188478000 r--s 00000000 08:07 3670367                    /var/cache/fontconfig/e0aa53bcfa504e64f87823c16bc01eb6-le64.cache-6
7fb188478000-7fb188479000 r--p 00000000 08:07 2103182                    /usr/share/locale-langpack/en_GB/LC_MESSAGES/libc.mo
7fb188479000-7fb18847a000 r--p 00000000 08:07 1970173                    /usr/share/locale-langpack/en_AU/LC_MESSAGES/libc.mo
7fb18847a000-7fb18850a000 rw-p 00000000 00:00 0 
7fb18850a000-7fb18853f000 r--s 00000000 08:07 4337722                    /var/cache/nscd/passwd
7fb18853f000-7fb188542000 ---p 00000000 00:00 0 
7fb188542000-7fb188665000 rw-p 00000000 00:00 0 
7fb188665000-7fb18866d000 rw-s 00000000 08:07 2101263                    /tmp/hsperfdata_drift/9260
7fb18866d000-7fb18866e000 rw-p 00000000 00:00 0 
7fb18866e000-7fb18866f000 r--p 00000000 00:00 0 
7fb18866f000-7fb188671000 rw-p 00000000 00:00 0 
7fb188671000-7fb188672000 r--p 00025000 08:07 131416                     /lib/x86_64-linux-gnu/ld-2.23.so
7fb188672000-7fb188673000 rw-p 00026000 08:07 131416                     /lib/x86_64-linux-gnu/ld-2.23.so
7fb188673000-7fb188674000 rw-p 00000000 00:00 0 
7ffe16449000-7ffe1646a000 rw-p 00000000 00:00 0                          [stack]
7ffe1652e000-7ffe16530000 r--p 00000000 00:00 0                          [vvar]
7ffe16530000-7ffe16532000 r-xp 00000000 00:00 0                          [vdso]
ffffffffff600000-ffffffffff601000 r-xp 00000000 00:00 0                  [vsyscall]

VM Arguments:
jvm_args: -Dfile.encoding=UTF-8 
java_command: Panels.ForecastPanel
java_class_path (initial): /home/drift/Documents/eclipseMars/microNet/bin:/home/drift/Documents/thirdPartyLibs/jaf-1.1.1/activation.jar:/home/drift/Documents/thirdPartyLibs/javamail-1.4.5/mail.jar:/home/drift/Documents/thirdPartyLibs/jcommon-1.0.23/jcommon-1.0.23.jar:/home/drift/Documents/thirdPartyLibs/jfreechart-1.0.19/lib/jfreechart-1.0.19.jar:/home/drift/Documents/thirdPartyLibs/json-lib-2.4-jdk15/net.jar:/home/drift/Documents/thirdPartyLibs/json-lib-2.4-jdk15/dependancy/commons-beanutils-1.8.0/commons-beanutils-1.8.0.jar:/home/drift/Documents/thirdPartyLibs/json-lib-2.4-jdk15/dependancy/commons-collections-3.2.1/commons-collections-3.2.1.jar:/home/drift/Documents/thirdPartyLibs/json-lib-2.4-jdk15/dependancy/commons-lang-2.5/commons-lang-2.5.jar:/home/drift/Documents/thirdPartyLibs/json-lib-2.4-jdk15/dependancy/commons-logging-1.1.1/commons-logging-1.1.1.jar:/home/drift/Documents/thirdPartyLibs/json-lib-2.4-jdk15/dependancy/ezmorph-1.0.6.jar:/home/drift/Documents/thirdPartyLibs/mysql-connector-java-5.1.42/mysql-connector-java-5.1.42-bin.jar:/home/drift/Documents/thirdPartyLibs/JMathArray-1.0.jar:/home/drift/Documents/thirdPartyLibs/JRI.jar:/home/drift/Documents/thirdPartyLibs/JRIEngine.jar:/home/drift/Documents/thirdPartyLibs/REngine.jar
Launcher Type: SUN_STANDARD

Environment Variables:
JAVA_HOME=/usr/java/jdk
JRE_HOME=/usr/java/jdk/jre
CLASSPATH=.:/usr/java/jdk/lib:/usr/java/jdk/jre/lib:.:$JAVA_HOME/lib:$JAVA_HOME/jre/lib
PATH=/home/drift/bin:/usr/java/jdk/bin:/usr/java/jdk/jre/bin:/usr/local/sbin:/usr/local/bin:/usr/sbin:/usr/bin:/sbin:/bin:/usr/games:/usr/local/games:$JAVA_HOME/bin:/snap/bin
SHELL=/bin/bash
DISPLAY=:0

Signal Handlers:
SIGSEGV: [libjvm.so+0xac78c0], sa_mask[0]=11111111011111111101111111111110, sa_flags=SA_RESTART|SA_SIGINFO
SIGBUS: [libjvm.so+0xac78c0], sa_mask[0]=11111111011111111101111111111110, sa_flags=SA_RESTART|SA_SIGINFO
SIGFPE: [libjvm.so+0x920ac0], sa_mask[0]=11111111011111111101111111111110, sa_flags=SA_RESTART|SA_SIGINFO
SIGPIPE: [libjvm.so+0x920ac0], sa_mask[0]=11111111011111111101111111111110, sa_flags=SA_RESTART|SA_SIGINFO
SIGXFSZ: [libjvm.so+0x920ac0], sa_mask[0]=11111111011111111101111111111110, sa_flags=SA_RESTART|SA_SIGINFO
SIGILL: [libjvm.so+0x920ac0], sa_mask[0]=11111111011111111101111111111110, sa_flags=SA_RESTART|SA_SIGINFO
SIGUSR1: SIG_DFL, sa_mask[0]=00000000000000000000000000000000, sa_flags=none
SIGUSR2: [libjvm.so+0x922300], sa_mask[0]=00100000000000000000000000000000, sa_flags=SA_RESTART|SA_SIGINFO
SIGHUP: [libjvm.so+0x923700], sa_mask[0]=11111111011111111101111111111110, sa_flags=SA_RESTART|SA_SIGINFO
SIGINT: [libjvm.so+0x923700], sa_mask[0]=11111111011111111101111111111110, sa_flags=SA_RESTART|SA_SIGINFO
SIGTERM: [libjvm.so+0x923700], sa_mask[0]=11111111011111111101111111111110, sa_flags=SA_RESTART|SA_SIGINFO
SIGQUIT: [libjvm.so+0x923700], sa_mask[0]=11111111011111111101111111111110, sa_flags=SA_RESTART|SA_SIGINFO


---------------  S Y S T E M  ---------------

OS:DISTRIB_ID=Ubuntu
DISTRIB_RELEASE=16.04
DISTRIB_CODENAME=xenial
DISTRIB_DESCRIPTION="Ubuntu 16.04.2 LTS"

uname:Linux 4.4.0-78-generic #99-Ubuntu SMP Thu Apr 27 15:29:09 UTC 2017 x86_64
libc:glibc 2.23 NPTL 2.23 
rlimit: STACK 8192k, CORE 0k, NPROC 30597, NOFILE 65536, AS infinity
load average:0.65 0.52 0.52

/proc/meminfo:
MemTotal:        7873692 kB
MemFree:          212880 kB
MemAvailable:    3368988 kB
Buffers:          224336 kB
Cached:          3378372 kB
SwapCached:            0 kB
Active:          5013932 kB
Inactive:        2201844 kB
Active(anon):    3611160 kB
Inactive(anon):   387220 kB
Active(file):    1402772 kB
Inactive(file):  1814624 kB
Unevictable:         744 kB
Mlocked:             744 kB
SwapTotal:       8081404 kB
SwapFree:        8081404 kB
Dirty:               348 kB
Writeback:             0 kB
AnonPages:       3613684 kB
Mapped:           696420 kB
Shmem:            385316 kB
Slab:             292112 kB
SReclaimable:     244568 kB
SUnreclaim:        47544 kB
KernelStack:       16032 kB
PageTables:        57520 kB
NFS_Unstable:          0 kB
Bounce:                0 kB
WritebackTmp:          0 kB
CommitLimit:    12018248 kB
Committed_AS:   11727736 kB
VmallocTotal:   34359738367 kB
VmallocUsed:           0 kB
VmallocChunk:          0 kB
HardwareCorrupted:     0 kB
AnonHugePages:   2066432 kB
CmaTotal:              0 kB
CmaFree:               0 kB
HugePages_Total:       0
HugePages_Free:        0
HugePages_Rsvd:        0
HugePages_Surp:        0
Hugepagesize:       2048 kB
DirectMap4k:      200900 kB
DirectMap2M:     6834176 kB
DirectMap1G:     1048576 kB


CPU:total 4 (2 cores per cpu, 2 threads per core) family 6 model 60 stepping 3, cmov, cx8, fxsr, mmx, sse, sse2, sse3, ssse3, sse4.1, sse4.2, popcnt, avx, avx2, aes, clmul, erms, lzcnt, ht, tsc, tscinvbit, bmi1, bmi2

/proc/cpuinfo:
processor	: 0
vendor_id	: GenuineIntel
cpu family	: 6
model		: 60
model name	: Intel(R) Core(TM) i5-4200M CPU @ 2.50GHz
stepping	: 3
microcode	: 0x17
cpu MHz		: 2792.578
cache size	: 3072 KB
physical id	: 0
siblings	: 4
core id		: 0
cpu cores	: 2
apicid		: 0
initial apicid	: 0
fpu		: yes
fpu_exception	: yes
cpuid level	: 13
wp		: yes
flags		: fpu vme de pse tsc msr pae mce cx8 apic sep mtrr pge mca cmov pat pse36 clflush dts acpi mmx fxsr sse sse2 ss ht tm pbe syscall nx pdpe1gb rdtscp lm constant_tsc arch_perfmon pebs bts rep_good nopl xtopology nonstop_tsc aperfmperf eagerfpu pni pclmulqdq dtes64 monitor ds_cpl vmx est tm2 ssse3 sdbg fma cx16 xtpr pdcm pcid sse4_1 sse4_2 movbe popcnt tsc_deadline_timer aes xsave avx f16c rdrand lahf_lm abm epb tpr_shadow vnmi flexpriority ept vpid fsgsbase tsc_adjust bmi1 avx2 smep bmi2 erms invpcid xsaveopt dtherm ida arat pln pts
bugs		:
bogomips	: 4988.93
clflush size	: 64
cache_alignment	: 64
address sizes	: 39 bits physical, 48 bits virtual
power management:

processor	: 1
vendor_id	: GenuineIntel
cpu family	: 6
model		: 60
model name	: Intel(R) Core(TM) i5-4200M CPU @ 2.50GHz
stepping	: 3
microcode	: 0x17
cpu MHz		: 2500.097
cache size	: 3072 KB
physical id	: 0
siblings	: 4
core id		: 0
cpu cores	: 2
apicid		: 1
initial apicid	: 1
fpu		: yes
fpu_exception	: yes
cpuid level	: 13
wp		: yes
flags		: fpu vme de pse tsc msr pae mce cx8 apic sep mtrr pge mca cmov pat pse36 clflush dts acpi mmx fxsr sse sse2 ss ht tm pbe syscall nx pdpe1gb rdtscp lm constant_tsc arch_perfmon pebs bts rep_good nopl xtopology nonstop_tsc aperfmperf eagerfpu pni pclmulqdq dtes64 monitor ds_cpl vmx est tm2 ssse3 sdbg fma cx16 xtpr pdcm pcid sse4_1 sse4_2 movbe popcnt tsc_deadline_timer aes xsave avx f16c rdrand lahf_lm abm epb tpr_shadow vnmi flexpriority ept vpid fsgsbase tsc_adjust bmi1 avx2 smep bmi2 erms invpcid xsaveopt dtherm ida arat pln pts
bugs		:
bogomips	: 4988.93
clflush size	: 64
cache_alignment	: 64
address sizes	: 39 bits physical, 48 bits virtual
power management:

processor	: 2
vendor_id	: GenuineIntel
cpu family	: 6
model		: 60
model name	: Intel(R) Core(TM) i5-4200M CPU @ 2.50GHz
stepping	: 3
microcode	: 0x17
cpu MHz		: 2568.847
cache size	: 3072 KB
physical id	: 0
siblings	: 4
core id		: 1
cpu cores	: 2
apicid		: 2
initial apicid	: 2
fpu		: yes
fpu_exception	: yes
cpuid level	: 13
wp		: yes
flags		: fpu vme de pse tsc msr pae mce cx8 apic sep mtrr pge mca cmov pat pse36 clflush dts acpi mmx fxsr sse sse2 ss ht tm pbe syscall nx pdpe1gb rdtscp lm constant_tsc arch_perfmon pebs bts rep_good nopl xtopology nonstop_tsc aperfmperf eagerfpu pni pclmulqdq dtes64 monitor ds_cpl vmx est tm2 ssse3 sdbg fma cx16 xtpr pdcm pcid sse4_1 sse4_2 movbe popcnt tsc_deadline_timer aes xsave avx f16c rdrand lahf_lm abm epb tpr_shadow vnmi flexpriority ept vpid fsgsbase tsc_adjust bmi1 avx2 smep bmi2 erms invpcid xsaveopt dtherm ida arat pln pts
bugs		:
bogomips	: 4988.93
clflush size	: 64
cache_alignment	: 64
address sizes	: 39 bits physical, 48 bits virtual
power management:

processor	: 3
vendor_id	: GenuineIntel
cpu family	: 6
model		: 60
model name	: Intel(R) Core(TM) i5-4200M CPU @ 2.50GHz
stepping	: 3
microcode	: 0x17
cpu MHz		: 2918.750
cache size	: 3072 KB
physical id	: 0
siblings	: 4
core id		: 1
cpu cores	: 2
apicid		: 3
initial apicid	: 3
fpu		: yes
fpu_exception	: yes
cpuid level	: 13
wp		: yes
flags		: fpu vme de pse tsc msr pae mce cx8 apic sep mtrr pge mca cmov pat pse36 clflush dts acpi mmx fxsr sse sse2 ss ht tm pbe syscall nx pdpe1gb rdtscp lm constant_tsc arch_perfmon pebs bts rep_good nopl xtopology nonstop_tsc aperfmperf eagerfpu pni pclmulqdq dtes64 monitor ds_cpl vmx est tm2 ssse3 sdbg fma cx16 xtpr pdcm pcid sse4_1 sse4_2 movbe popcnt tsc_deadline_timer aes xsave avx f16c rdrand lahf_lm abm epb tpr_shadow vnmi flexpriority ept vpid fsgsbase tsc_adjust bmi1 avx2 smep bmi2 erms invpcid xsaveopt dtherm ida arat pln pts
bugs		:
bogomips	: 4988.93
clflush size	: 64
cache_alignment	: 64
address sizes	: 39 bits physical, 48 bits virtual
power management:



Memory: 4k page, physical 7873692k(212880k free), swap 8081404k(8081404k free)

vm_info: Java HotSpot(TM) 64-Bit Server VM (25.121-b13) for linux-amd64 JRE (1.8.0_121-b13), built on Dec 12 2016 16:36:53 by "java_re" with gcc 4.3.0 20080428 (Red Hat 4.3.0-8)

time: Mon May 29 00:02:26 2017
elapsed time: 17 seconds (0d 0h 0m 17s)

