#
# A fatal error has been detected by the Java Runtime Environment:
#
#  SIGSEGV (0xb) at pc=0x00007fbbc9069a7a, pid=7369, tid=0x00007fbbb8186700
#
# JRE version: Java(TM) SE Runtime Environment (8.0_121-b13) (build 1.8.0_121-b13)
# Java VM: Java HotSpot(TM) 64-Bit Server VM (25.121-b13 mixed mode linux-amd64 compressed oops)
# Problematic frame:
# v  ~BufferBlob::jni_fast_GetLongField
#
# Failed to write core dump. Core dumps have been disabled. To enable core dumping, try "ulimit -c unlimited" before starting Java again
#
# If you would like to submit a bug report, please visit:
#   http://bugreport.java.com/bugreport/crash.jsp
# The crash happened outside the Java Virtual Machine in native code.
# See problematic frame for where to report the bug.
#

---------------  T H R E A D  ---------------

Current thread (0x00007fbbd8227000):  JavaThread "AWT-XAWT" daemon [_thread_in_native, id=7389, stack(0x00007fbbb8086000,0x00007fbbb8187000)]

siginfo: si_signo: 11 (SIGSEGV), si_code: 1 (SEGV_MAPERR), si_addr: 0x0000000000000000

Registers:
RAX=0x00007fbbe09ecf60, RBX=0x00007fbbd82271f8, RCX=0x00007fbbe14542c0, RDX=0x0000000000000042
RSP=0x00007fbbb81854b8, RBP=0x00007fbbb81854e0, RSI=0x0000000000000000, RDI=0x00007fbbd82271f8
R8 =0x00000000d7f66858, R9 =0x0000000000000000, R10=0x0000000000000016, R11=0x00007fbbc9313d18
R12=0x00007fbb78012070, R13=0x0000000000000000, R14=0x00007fbbb83df7e0, R15=0x00007fbbd8227000
RIP=0x00007fbbc9069a7a, EFLAGS=0x0000000000010246, CSGSFS=0x0000000000000033, ERR=0x0000000000000004
  TRAPNO=0x000000000000000e

Top of Stack: (sp=0x00007fbbb81854b8)
0x00007fbbb81854b8:   00007fbbb81bdee1 00007fbbdd91e908
0x00007fbbb81854c8:   00007fbb78012070 00007fbbb8185590
0x00007fbbb81854d8:   00007fbbb8185560 0000000000000000
0x00007fbbb81854e8:   00007fbb8fb183c0 00007fbbdd91e908
0x00007fbbb81854f8:   00007fbbb8185520 0000000000000000
0x00007fbbb8185508:   00007fbb8fb0ff93 00007fbbb8185590
0x00007fbbb8185518:   00007fbbb81b711f 00007fbbb8185570
0x00007fbbb8185528:   00007fbbc9313db6 0000000000000000
0x00007fbbb8185538:   00007fbbc92d40b6 00007fbbb8185590
0x00007fbbb8185548:   00007fbbc9160a6c 00000000d82485c0
0x00007fbbb8185558:   00000000d81bb288 00000000d8184fb8
0x00007fbbb8185568:   0000000000000001 00007fbbb81855f0
0x00007fbbb8185578:   00007fbbc9007a90 00007fbbb81855f0
0x00007fbbb8185588:   00007fbbc9007a90 0000000000000000
0x00007fbbb8185598:   00007fbbc9007dd0 00007fbb80002e90
0x00007fbbb81855a8:   00000000d820cfe8 00007fbbb81855b0
0x00007fbbb81855b8:   00007fbbdda23fbc 00007fbbb8185638
0x00007fbbb81855c8:   00007fbbdda2d428 0000000000000000
0x00007fbbb81855d8:   00007fbbdda240f8 00007fbbb8185590
0x00007fbbb81855e8:   00007fbbb8185630 00007fbbb8185680
0x00007fbbb81855f8:   00007fbbc90082bd 0000000000000000
0x00007fbbb8185608:   00000000d9a25ca0 0000000000000000
0x00007fbbb8185618:   0000000000000000 0000000000000000
0x00007fbbb8185628:   00000000d820cfe8 0000000000000000
0x00007fbbb8185638:   00000000d81bbe28 00007fbbb8185640
0x00007fbbb8185648:   00007fbbdda23dfd 00007fbbb8185690
0x00007fbbb8185658:   00007fbbdda2d428 0000000000000000
0x00007fbbb8185668:   00007fbbdda23e08 00007fbbb8185630
0x00007fbbb8185678:   00007fbbb8185690 00007fbbb81856d8
0x00007fbbb8185688:   00007fbbc9008302 00000000d81bbe28
0x00007fbbb8185698:   00007fbbb8185698 00007fbbdd563993
0x00007fbbb81856a8:   00007fbbb81856e8 00007fbbdd5eb010 

Instructions: (pc=0x00007fbbc9069a7a)
0x00007fbbc9069a5a:   00 00 00 00 00 00 44 8b 15 81 2f 9c 17 4c 8b ce
0x00007fbbc9069a6a:   41 f6 c2 01 0f 85 2e 00 00 00 4d 33 ca 4d 33 ca
0x00007fbbc9069a7a:   4d 8b 09 4c 8b da 49 c1 eb 02 4b 8b 04 19 49 bb
0x00007fbbc9069a8a:   e8 c9 a2 e0 bb 7f 00 00 4c 33 d8 4c 33 d8 45 3b 

Register to memory mapping:

RAX=0x00007fbbe09ecf60: <offset 0xf85f60> in /usr/java/jdk/jre/lib/amd64/server/libjvm.so at 0x00007fbbdfa67000
RBX=0x00007fbbd82271f8 is an unknown value
RCX=0x00007fbbe14542c0: <offset 0x2182c0> in /lib/x86_64-linux-gnu/libpthread.so.0 at 0x00007fbbe123c000
RDX=0x0000000000000042 is an unknown value
RSP=0x00007fbbb81854b8 is pointing into the stack for thread: 0x00007fbbd8227000
RBP=0x00007fbbb81854e0 is pointing into the stack for thread: 0x00007fbbd8227000
RSI=0x0000000000000000 is an unknown value
RDI=0x00007fbbd82271f8 is an unknown value
R8 =0x00000000d7f66858 is an oop
sun.util.logging.PlatformLogger$Level 
 - klass: 'sun/util/logging/PlatformLogger$Level'
R9 =0x0000000000000000 is an unknown value
R10=0x0000000000000016 is an unknown value
R11=0x00007fbbc9313d18 is at entry_point+24 in (nmethod*)0x00007fbbc9313b90
R12=0x00007fbb78012070 is an unknown value
R13=0x0000000000000000 is an unknown value
R14=0x00007fbbb83df7e0: <offset 0x2587e0> in /usr/java/jdk/jre/lib/amd64/libawt_xawt.so at 0x00007fbbb8187000
R15=0x00007fbbd8227000 is a thread


Stack: [0x00007fbbb8086000,0x00007fbbb8187000],  sp=0x00007fbbb81854b8,  free space=1021k
Native frames: (J=compiled Java code, j=interpreted, Vv=VM code, C=native code)
v  ~BufferBlob::jni_fast_GetLongField
C  [libX11.so.6+0x643c0]  _XimServerDestroy+0x70

Java frames: (J=compiled Java code, j=interpreted, Vv=VM code)
J 788  sun.awt.X11.XlibWrapper.XFilterEvent(JJ)Z (0 bytes) @ 0x00007fbbc9313d44 [0x00007fbbc9313d00+0x44]
j  sun.awt.X11.XToolkit.run(Z)V+300
j  sun.awt.X11.XToolkit.run()V+5
j  java.lang.Thread.run()V+11
v  ~StubRoutines::call_stub

---------------  P R O C E S S  ---------------

Java Threads: ( => current thread )
  0x00007fbb7c010800 JavaThread "XToolkt-Shutdown-Thread" [_thread_blocked, id=20531, stack(0x00007fbb8c840000,0x00007fbb8c941000)]
  0x00007fbba0002000 JavaThread "SIGHUP handler" daemon [_thread_blocked, id=20528, stack(0x00007fbb8c941000,0x00007fbb8ca42000)]
  0x00007fbba0001000 JavaThread "SIGTERM handler" daemon [_thread_blocked, id=20516, stack(0x00007fbb8e2c6000,0x00007fbb8e3c7000)]
  0x00007fbbd8008000 JavaThread "DestroyJavaVM" [_thread_blocked, id=7374, stack(0x00007fbbe154c000,0x00007fbbe164d000)]
  0x00007fbb80004000 JavaThread "AWT-EventQueue-0" [_thread_blocked, id=7391, stack(0x00007fbb8e3c7000,0x00007fbb8e4c8000)]
  0x00007fbbd826f800 JavaThread "AWT-Shutdown" [_thread_blocked, id=7390, stack(0x00007fbb8e4c8000,0x00007fbb8e5c9000)]
=>0x00007fbbd8227000 JavaThread "AWT-XAWT" daemon [_thread_in_native, id=7389, stack(0x00007fbbb8086000,0x00007fbbb8187000)]
  0x00007fbbd8207800 JavaThread "Java2D Disposer" daemon [_thread_blocked, id=7388, stack(0x00007fbbc8099000,0x00007fbbc819a000)]
  0x00007fbbd80bf000 JavaThread "Service Thread" daemon [_thread_blocked, id=7386, stack(0x00007fbbc856d000,0x00007fbbc866e000)]
  0x00007fbbd80bc000 JavaThread "C1 CompilerThread2" daemon [_thread_blocked, id=7385, stack(0x00007fbbc866e000,0x00007fbbc876f000)]
  0x00007fbbd80ba000 JavaThread "C2 CompilerThread1" daemon [_thread_blocked, id=7384, stack(0x00007fbbc876f000,0x00007fbbc8870000)]
  0x00007fbbd80b7800 JavaThread "C2 CompilerThread0" daemon [_thread_blocked, id=7383, stack(0x00007fbbc8870000,0x00007fbbc8971000)]
  0x00007fbbd80b6000 JavaThread "Signal Dispatcher" daemon [_thread_blocked, id=7382, stack(0x00007fbbc8971000,0x00007fbbc8a72000)]
  0x00007fbbd8082000 JavaThread "Finalizer" daemon [_thread_blocked, id=7381, stack(0x00007fbbc8eff000,0x00007fbbc9000000)]
  0x00007fbbd807d800 JavaThread "Reference Handler" daemon [_thread_blocked, id=7380, stack(0x00007fbbdc0ea000,0x00007fbbdc1eb000)]

Other Threads:
  0x00007fbbd8076000 VMThread [stack: 0x00007fbbdc1eb000,0x00007fbbdc2ec000] [id=7379]
  0x00007fbbd80c1800 WatcherThread [stack: 0x00007fbbc846c000,0x00007fbbc856d000] [id=7387]

VM state:not at safepoint (normal execution)

VM Mutex/Monitor currently owned by a thread: None

Heap:
 PSYoungGen      total 36352K, used 30051K [0x00000000d7f00000, 0x00000000da780000, 0x0000000100000000)
  eden space 31232K, 96% used [0x00000000d7f00000,0x00000000d9c58d38,0x00000000d9d80000)
  from space 5120K, 0% used [0x00000000da280000,0x00000000da280000,0x00000000da780000)
  to   space 5120K, 0% used [0x00000000d9d80000,0x00000000d9d80000,0x00000000da280000)
 ParOldGen       total 83456K, used 0K [0x0000000087c00000, 0x000000008cd80000, 0x00000000d7f00000)
  object space 83456K, 0% used [0x0000000087c00000,0x0000000087c00000,0x000000008cd80000)
 Metaspace       used 11007K, capacity 11152K, committed 11392K, reserved 1058816K
  class space    used 1278K, capacity 1350K, committed 1408K, reserved 1048576K

Card table byte_map: [0x00007fbbde77e000,0x00007fbbdeb41000] byte_map_base: 0x00007fbbde340000

Marking Bits: (ParMarkBitMap*) 0x00007fbbe0a2bc80
 Begin Bits: [0x00007fbbb83e0000, 0x00007fbbba1f0000)
 End Bits:   [0x00007fbbba1f0000, 0x00007fbbbc000000)

Polling page: 0x00007fbbe167b000

CodeCache: size=245760Kb used=3253Kb max_used=3253Kb free=242506Kb
 bounds [0x00007fbbc9000000, 0x00007fbbc9330000, 0x00007fbbd8000000]
 total_blobs=1327 nmethods=791 adapters=450
 compilation: enabled

Compilation events (10 events):
Event: 3921.087 Thread 0x00007fbbd80bc000  792  s    3       java.util.Vector::toArray (12 bytes)
Event: 3921.088 Thread 0x00007fbbd80bc000 nmethod 792 0x00007fbbc932bcd0 code [0x00007fbbc932be40, 0x00007fbbc932c248]
Event: 3921.088 Thread 0x00007fbbd80bc000  793   !   3       sun.awt.X11.XToolkit$1::dispatchEvent (34 bytes)
Event: 3921.088 Thread 0x00007fbbd80bc000 nmethod 793 0x00007fbbc932c390 code [0x00007fbbc932c5e0, 0x00007fbbc932d3f8]
Event: 4104.603 Thread 0x00007fbbd80bc000  794       3       java.util.Vector::<init> (53 bytes)
Event: 4104.603 Thread 0x00007fbbd80bc000 nmethod 794 0x00007fbbc932dad0 code [0x00007fbbc932dc80, 0x00007fbbc932e138]
Event: 4972.402 Thread 0x00007fbbd80bc000  795       3       sun.awt.X11.XMSelection$1::dispatchEvent (10 bytes)
Event: 4972.402 Thread 0x00007fbbd80bc000 nmethod 795 0x00007fbbc932e310 code [0x00007fbbc932e4c0, 0x00007fbbc932e918]
Event: 4972.402 Thread 0x00007fbbd80bc000  796       3       sun.awt.X11.XMSelection::processRootEvent (32 bytes)
Event: 4972.403 Thread 0x00007fbbd80bc000 nmethod 796 0x00007fbbc932ec10 code [0x00007fbbc932edc0, 0x00007fbbc932f198]

GC Heap History (0 events):
No events

Deoptimization events (7 events):
Event: 0.205 Thread 0x00007fbbd8008000 Uncommon trap: reason=null_check action=make_not_entrant pc=0x00007fbbc915ec44 method=java.lang.String.equals(Ljava/lang/Object;)Z @ 8
Event: 2.026 Thread 0x00007fbb80004000 Uncommon trap: reason=unstable_if action=reinterpret pc=0x00007fbbc9263390 method=java.nio.Buffer.nextGetIndex()I @ 8
Event: 2.121 Thread 0x00007fbb80004000 Uncommon trap: reason=class_check action=maybe_recompile pc=0x00007fbbc918e930 method=java.lang.String.equals(Ljava/lang/Object;)Z @ 8
Event: 2.122 Thread 0x00007fbb80004000 Uncommon trap: reason=class_check action=maybe_recompile pc=0x00007fbbc918e930 method=java.lang.String.equals(Ljava/lang/Object;)Z @ 8
Event: 2.125 Thread 0x00007fbb80004000 Uncommon trap: reason=class_check action=maybe_recompile pc=0x00007fbbc918e930 method=java.lang.String.equals(Ljava/lang/Object;)Z @ 8
Event: 2.126 Thread 0x00007fbb80004000 Uncommon trap: reason=class_check action=maybe_recompile pc=0x00007fbbc918e930 method=java.lang.String.equals(Ljava/lang/Object;)Z @ 8
Event: 2.156 Thread 0x00007fbb80004000 Uncommon trap: reason=unstable_if action=reinterpret pc=0x00007fbbc91e13e8 method=java.lang.String.<init>([CII)V @ 18

Internal exceptions (10 events):
Event: 1.998 Thread 0x00007fbb80004000 Exception <a 'java/io/FileNotFoundException'> (0x00000000d89f6030) thrown at [/HUDSON3/workspace/8-2-build-linux-amd64/jdk8u121/8372/hotspot/src/share/vm/prims/jni.cpp, line 709]
Event: 1.998 Thread 0x00007fbb80004000 Implicit null exception at 0x00007fbbc9258806 to 0x00007fbbc9259c2c
Event: 1.998 Thread 0x00007fbb80004000 Exception <a 'java/lang/NullPointerException'> (0x00000000d89f6970) thrown at [/HUDSON3/workspace/8-2-build-linux-amd64/jdk8u121/8372/hotspot/src/share/vm/runtime/sharedRuntime.cpp, line 605]
Event: 1.999 Thread 0x00007fbb80004000 Exception <a 'java/io/FileNotFoundException'> (0x00000000d89fa120) thrown at [/HUDSON3/workspace/8-2-build-linux-amd64/jdk8u121/8372/hotspot/src/share/vm/prims/jni.cpp, line 709]
Event: 1.999 Thread 0x00007fbb80004000 Implicit null exception at 0x00007fbbc9258806 to 0x00007fbbc9259c2c
Event: 1.999 Thread 0x00007fbb80004000 Exception <a 'java/lang/NullPointerException'> (0x00000000d89faa60) thrown at [/HUDSON3/workspace/8-2-build-linux-amd64/jdk8u121/8372/hotspot/src/share/vm/runtime/sharedRuntime.cpp, line 605]
Event: 2.000 Thread 0x00007fbb80004000 Exception <a 'java/io/FileNotFoundException'> (0x00000000d8a040e8) thrown at [/HUDSON3/workspace/8-2-build-linux-amd64/jdk8u121/8372/hotspot/src/share/vm/prims/jni.cpp, line 709]
Event: 2.000 Thread 0x00007fbb80004000 Implicit null exception at 0x00007fbbc9258806 to 0x00007fbbc9259c2c
Event: 2.000 Thread 0x00007fbb80004000 Exception <a 'java/lang/NullPointerException'> (0x00000000d8a04a28) thrown at [/HUDSON3/workspace/8-2-build-linux-amd64/jdk8u121/8372/hotspot/src/share/vm/runtime/sharedRuntime.cpp, line 605]
Event: 2.166 Thread 0x00007fbb80004000 Exception <a 'java/lang/UnsupportedOperationException': > (0x00000000d9a510b0) thrown at [/HUDSON3/workspace/8-2-build-linux-amd64/jdk8u121/8372/hotspot/src/share/vm/prims/jni.cpp, line 735]

Events (10 events):
Event: 3.679 loading class java/awt/AWTEvent$2 done
Event: 3.680 loading class sun/reflect/UnsafeBooleanFieldAccessorImpl
Event: 3.680 loading class sun/reflect/UnsafeBooleanFieldAccessorImpl done
Event: 4.081 Executing VM operation: EnableBiasedLocking
Event: 4.081 Executing VM operation: EnableBiasedLocking done
Event: 6.857 Thread 0x00007fbb7801c800 Thread exited: 0x00007fbb7801c800
Event: 10077.651 loading class sun/awt/X11/XkbEvent
Event: 10077.709 loading class sun/awt/X11/XkbEvent done
Event: 10077.709 loading class sun/awt/X11/XkbAnyEvent
Event: 10077.741 loading class sun/awt/X11/XkbAnyEvent done


Dynamic libraries:
00400000-00401000 r-xp 00000000 08:07 1202280                            /usr/java/jdk/bin/java
00600000-00601000 rw-p 00000000 08:07 1202280                            /usr/java/jdk/bin/java
0089a000-008bb000 rw-p 00000000 00:00 0                                  [heap]
87c00000-8cd80000 rw-p 00000000 00:00 0 
8cd80000-d7f00000 ---p 00000000 00:00 0 
d7f00000-da780000 rw-p 00000000 00:00 0 
da780000-100000000 ---p 00000000 00:00 0 
100000000-100160000 rw-p 00000000 00:00 0 
100160000-140000000 ---p 00000000 00:00 0 
7fbb70000000-7fbb70021000 rw-p 00000000 00:00 0 
7fbb70021000-7fbb74000000 ---p 00000000 00:00 0 
7fbb74000000-7fbb74021000 rw-p 00000000 00:00 0 
7fbb74021000-7fbb78000000 ---p 00000000 00:00 0 
7fbb78000000-7fbb78372000 rw-p 00000000 00:00 0 
7fbb78372000-7fbb7c000000 ---p 00000000 00:00 0 
7fbb7c000000-7fbb7c021000 rw-p 00000000 00:00 0 
7fbb7c021000-7fbb80000000 ---p 00000000 00:00 0 
7fbb80000000-7fbb80033000 rw-p 00000000 00:00 0 
7fbb80033000-7fbb84000000 ---p 00000000 00:00 0 
7fbb84000000-7fbb84021000 rw-p 00000000 00:00 0 
7fbb84021000-7fbb88000000 ---p 00000000 00:00 0 
7fbb88000000-7fbb88021000 rw-p 00000000 00:00 0 
7fbb88021000-7fbb8c000000 ---p 00000000 00:00 0 
7fbb8c840000-7fbb8c843000 ---p 00000000 00:00 0 
7fbb8c843000-7fbb8c941000 rw-p 00000000 00:00 0 
7fbb8c941000-7fbb8c944000 ---p 00000000 00:00 0 
7fbb8c944000-7fbb8ca42000 rw-p 00000000 00:00 0 
7fbb8ca42000-7fbb8caab000 r-xp 00000000 08:07 1202388                    /usr/java/jdk/jre/lib/amd64/libt2k.so
7fbb8caab000-7fbb8ccab000 ---p 00069000 08:07 1202388                    /usr/java/jdk/jre/lib/amd64/libt2k.so
7fbb8ccab000-7fbb8ccb2000 rw-p 00069000 08:07 1202388                    /usr/java/jdk/jre/lib/amd64/libt2k.so
7fbb8ccb2000-7fbb8ccc2000 rw-p 00000000 00:00 0 
7fbb8ccc2000-7fbb8cccb000 r--s 00000000 08:07 5244809                    /usr/share/texlive/texmf-dist/fonts/type1/adobe/utopia/putr8a.pfb
7fbb8cccb000-7fbb8ccd5000 r--s 00000000 08:07 5244810                    /usr/share/texlive/texmf-dist/fonts/type1/adobe/utopia/putbi8a.pfb
7fbb8ccd5000-7fbb8cce5000 r--s 00000000 08:07 5244815                    /usr/share/texlive/texmf-dist/fonts/type1/adobe/courier/pcrr8a.pfb
7fbb8cce5000-7fbb8ccf4000 r--s 00000000 08:07 5244812                    /usr/share/texlive/texmf-dist/fonts/type1/adobe/courier/pcrro8a.pfb
7fbb8ccf4000-7fbb8ccfd000 r--s 00000000 08:07 5244835                    /usr/share/texlive/texmf-dist/fonts/type1/bitstrea/charter/bchr8a.pfb
7fbb8ccfd000-7fbb8cd0d000 r--s 00000000 08:07 5244816                    /usr/share/texlive/texmf-dist/fonts/type1/adobe/courier/pcrb8a.pfb
7fbb8cd0d000-7fbb8cd16000 r--s 00000000 08:07 5244808                    /usr/share/texlive/texmf-dist/fonts/type1/adobe/utopia/putb8a.pfb
7fbb8cd16000-7fbb8cd20000 r--s 00000000 08:07 5244807                    /usr/share/texlive/texmf-dist/fonts/type1/adobe/utopia/putri8a.pfb
7fbb8cd20000-7fbb8cd30000 r--s 00000000 08:07 5244814                    /usr/share/texlive/texmf-dist/fonts/type1/adobe/courier/pcrbo8a.pfb
7fbb8cd30000-7fbb8cd39000 r--s 00000000 08:07 5244834                    /usr/share/texlive/texmf-dist/fonts/type1/bitstrea/charter/bchri8a.pfb
7fbb8cd39000-7fbb8cd42000 r--s 00000000 08:07 5244833                    /usr/share/texlive/texmf-dist/fonts/type1/bitstrea/charter/bchb8a.pfb
7fbb8cd42000-7fbb8cd58000 r--s 00000000 08:07 2100610                    /usr/share/fonts/type1/gsfonts/n021024l.pfb
7fbb8cd58000-7fbb8cd6c000 r--s 00000000 08:07 2100577                    /usr/share/fonts/type1/gsfonts/n019003l.pfb
7fbb8cd6c000-7fbb8cd87000 r--s 00000000 08:07 2100631                    /usr/share/fonts/type1/gsfonts/p052023l.pfb
7fbb8cd87000-7fbb8ce48000 r--s 00000000 08:07 3676537                    /var/cache/fontconfig/de49e17e6e33c7c40c4acdcf85b0191b-le64.cache-6
7fbb8ce4d000-7fbb8ce56000 r--s 00000000 08:07 5244836                    /usr/share/texlive/texmf-dist/fonts/type1/bitstrea/charter/bchbi8a.pfb
7fbb8ce56000-7fbb8ce6b000 r--s 00000000 08:07 2100556                    /usr/share/fonts/type1/gsfonts/b018032l.pfb
7fbb8ce6b000-7fbb8ce81000 r--s 00000000 08:07 2100619                    /usr/share/fonts/type1/gsfonts/n022023l.pfb
7fbb8ce81000-7fbb8ce9a000 r--s 00000000 08:07 2100604                    /usr/share/fonts/type1/gsfonts/n021004l.pfb
7fbb8ce9a000-7fbb8ceb1000 r--s 00000000 08:07 2100640                    /usr/share/fonts/type1/gsfonts/z003034l.pfb
7fbb8ceb1000-7fbb8cec4000 r--s 00000000 08:07 2100598                    /usr/share/fonts/type1/gsfonts/n019064l.pfb
7fbb8cec4000-7fbb8cedf000 r--s 00000000 08:07 2100625                    /usr/share/fonts/type1/gsfonts/p052003l.pfb
7fbb8cedf000-7fbb8cef2000 r--s 00000000 08:07 2100553                    /usr/share/fonts/type1/gsfonts/b018015l.pfb
7fbb8cef2000-7fbb8cefe000 r--s 00000000 08:07 2100574                    /usr/share/fonts/type1/gsfonts/d050000l.pfb
7fbb8cefe000-7fbb8cf07000 r--s 00000000 08:07 2100637                    /usr/share/fonts/type1/gsfonts/s050000l.pfb
7fbb8cf07000-7fbb8cf17000 r--s 00000000 08:07 2100541                    /usr/share/fonts/type1/gsfonts/a010015l.pfb
7fbb8cf17000-7fbb8cf28000 r--s 00000000 08:07 2100586                    /usr/share/fonts/type1/gsfonts/n019024l.pfb
7fbb8cf28000-7fbb8cf3f000 r--s 00000000 08:07 2100607                    /usr/share/fonts/type1/gsfonts/n021023l.pfb
7fbb8cf3f000-7fbb8cf4f000 r--s 00000000 08:07 2100544                    /usr/share/fonts/type1/gsfonts/a010033l.pfb
7fbb8cf4f000-7fbb8cf69000 r--s 00000000 08:07 2100562                    /usr/share/fonts/type1/gsfonts/c059013l.pfb
7fbb8cf69000-7fbb8cf7b000 r--s 00000000 08:07 2100580                    /usr/share/fonts/type1/gsfonts/n019004l.pfb
7fbb8cf7b000-7fbb8cf97000 r--s 00000000 08:07 2100634                    /usr/share/fonts/type1/gsfonts/p052024l.pfb
7fbb8cf97000-7fbb8cfa8000 r--s 00000000 08:07 2100547                    /usr/share/fonts/type1/gsfonts/a010035l.pfb
7fbb8cfa8000-7fbb8cfb9000 r--s 00000000 08:07 2100595                    /usr/share/fonts/type1/gsfonts/n019063l.pfb
7fbb8cfb9000-7fbb8cfca000 r--s 00000000 08:07 2100583                    /usr/share/fonts/type1/gsfonts/n019023l.pfb
7fbb8cfca000-7fbb8cfe3000 r--s 00000000 08:07 2100616                    /usr/share/fonts/type1/gsfonts/n022004l.pfb
7fbb8cfe3000-7fbb8cffc000 r--s 00000000 08:07 2100550                    /usr/share/fonts/type1/gsfonts/b018012l.pfb
7fbb8cffc000-7fbb8d017000 r--s 00000000 08:07 2100565                    /usr/share/fonts/type1/gsfonts/c059016l.pfb
7fbb8d017000-7fbb8d029000 r--s 00000000 08:07 2100589                    /usr/share/fonts/type1/gsfonts/n019043l.pfb
7fbb8d029000-7fbb8d039000 r--s 00000000 08:07 2100538                    /usr/share/fonts/type1/gsfonts/a010013l.pfb
7fbb8d039000-7fbb8d04f000 r--s 00000000 08:07 2100622                    /usr/share/fonts/type1/gsfonts/n022024l.pfb
7fbb8d04f000-7fbb8d061000 r--s 00000000 08:07 2100559                    /usr/share/fonts/type1/gsfonts/b018035l.pfb
7fbb8d061000-7fbb8d07c000 r--s 00000000 08:07 2100628                    /usr/share/fonts/type1/gsfonts/p052004l.pfb
7fbb8d07c000-7fbb8d095000 r--s 00000000 08:07 2100601                    /usr/share/fonts/type1/gsfonts/n021003l.pfb
7fbb8d095000-7fbb8d0ad000 r--s 00000000 08:07 2100571                    /usr/share/fonts/type1/gsfonts/c059036l.pfb
7fbb8d0ad000-7fbb8d0bf000 r--s 00000000 08:07 2100592                    /usr/share/fonts/type1/gsfonts/n019044l.pfb
7fbb8d0bf000-7fbb8d0d7000 r--s 00000000 08:07 2100568                    /usr/share/fonts/type1/gsfonts/c059033l.pfb
7fbb8d0d7000-7fbb8d0f7000 r--s 00000000 08:07 4853899                    /usr/share/texmf/fonts/type1/public/tex-gyre/qbkb.pfb
7fbb8d0f7000-7fbb8d118000 r--s 00000000 08:07 4853909                    /usr/share/texmf/fonts/type1/public/tex-gyre/qtmr.pfb
7fbb8d118000-7fbb8d133000 r--s 00000000 08:07 4203299                    /usr/share/texmf/fonts/type1/public/lm/lmtlc10.pfb
7fbb8d133000-7fbb8d14e000 r--s 00000000 08:07 4853900                    /usr/share/texmf/fonts/type1/public/tex-gyre/qhvr.pfb
7fbb8d14e000-7fbb8d16b000 r--s 00000000 08:07 4203306                    /usr/share/texmf/fonts/type1/public/lm/lmvtt10.pfb
7fbb8d16b000-7fbb8d188000 r--s 00000000 08:07 4203351                    /usr/share/texmf/fonts/type1/public/lm/lmssq8.pfb
7fbb8d188000-7fbb8d1aa000 r--s 00000000 08:07 4203287                    /usr/share/texmf/fonts/type1/public/lm/lmbo10.pfb
7fbb8d1aa000-7fbb8d1b3000 r--s 00000000 08:07 2099840                    /usr/share/fonts/X11/Type1/c0649bt_.pfb
7fbb8d1b3000-7fbb8d1d5000 r--s 00000000 08:07 4203322                    /usr/share/texmf/fonts/type1/public/lm/lmssbo10.pfb
7fbb8d1d5000-7fbb8d1f4000 r--s 00000000 08:07 4203270                    /usr/share/texmf/fonts/type1/public/lm/lmtlo10.pfb
7fbb8d1f4000-7fbb8d214000 r--s 00000000 08:07 4853920                    /usr/share/texmf/fonts/type1/public/tex-gyre/qcsb.pfb
7fbb8d214000-7fbb8d232000 r--s 00000000 08:07 4203333                    /usr/share/texmf/fonts/type1/public/lm/lmssbx10.pfb
7fbb8d232000-7fbb8d251000 r--s 00000000 08:07 4203285                    /usr/share/texmf/fonts/type1/public/lm/lmssqbo8.pfb
7fbb8d251000-7fbb8d272000 r--s 00000000 08:07 4203356                    /usr/share/texmf/fonts/type1/public/lm/lmro10.pfb
7fbb8d272000-7fbb8d294000 r--s 00000000 08:07 4853910                    /usr/share/texmf/fonts/type1/public/tex-gyre/qplri.pfb
7fbb8d294000-7fbb8d2b5000 r--s 00000000 08:07 4853903                    /usr/share/texmf/fonts/type1/public/tex-gyre/qcsbi.pfb
7fbb8d2b5000-7fbb8d2d2000 r--s 00000000 08:07 4203286                    /usr/share/texmf/fonts/type1/public/lm/lmtk10.pfb
7fbb8d2d2000-7fbb8d2f0000 r--s 00000000 08:07 4203275                    /usr/share/texmf/fonts/type1/public/lm/lmvtl10.pfb
7fbb8d2f0000-7fbb8d30a000 r--s 00000000 08:07 4203307                    /usr/share/texmf/fonts/type1/public/lm/lmtl10.pfb
7fbb8d30a000-7fbb8d327000 r--s 00000000 08:07 4203336                    /usr/share/texmf/fonts/type1/public/lm/lmssdc10.pfb
7fbb8d327000-7fbb8d349000 r--s 00000000 08:07 4203290                    /usr/share/texmf/fonts/type1/public/lm/lmvtlo10.pfb
7fbb8d349000-7fbb8d353000 r--s 00000000 08:07 2099828                    /usr/share/fonts/X11/Type1/c0582bt_.pfb
7fbb8d353000-7fbb8d35d000 r--s 00000000 08:07 2099826                    /usr/share/fonts/X11/Type1/c0419bt_.pfb
7fbb8d35d000-7fbb8d37b000 r--s 00000000 08:07 4203269                    /usr/share/texmf/fonts/type1/public/lm/lmr10.pfb
7fbb8d37b000-7fbb8d39d000 r--s 00000000 08:07 4203358                    /usr/share/texmf/fonts/type1/public/lm/lmtlco10.pfb
7fbb8d39d000-7fbb8d3a6000 r--s 00000000 08:07 2099836                    /usr/share/fonts/X11/Type1/c0633bt_.pfb
7fbb8d3a6000-7fbb8d3c9000 r--s 00000000 08:07 4853898                    /usr/share/texmf/fonts/type1/public/tex-gyre/qplbi.pfb
7fbb8d3c9000-7fbb8d3e4000 r--s 00000000 08:07 4853913                    /usr/share/texmf/fonts/type1/public/tex-gyre/qhvri.pfb
7fbb8d3e4000-7fbb8d3fc000 r--s 00000000 08:07 4203293                    /usr/share/texmf/fonts/type1/public/lm/lmss10.pfb
7fbb8d3fc000-7fbb8d41f000 r--s 00000000 08:07 4203347                    /usr/share/texmf/fonts/type1/public/lm/lmtko10.pfb
7fbb8d41f000-7fbb8d43b000 r--s 00000000 08:07 4203326                    /usr/share/texmf/fonts/type1/public/lm/lmbxi10.pfb
7fbb8d43b000-7fbb8d45b000 r--s 00000000 08:07 4203279                    /usr/share/texmf/fonts/type1/public/lm/lmtcso10.pfb
7fbb8d45b000-7fbb8d47b000 r--s 00000000 08:07 4853912                    /usr/share/texmf/fonts/type1/public/tex-gyre/qbkr.pfb
7fbb8d47b000-7fbb8d49f000 r--s 00000000 08:07 4203274                    /usr/share/texmf/fonts/type1/public/lm/lmduno10.pfb
7fbb8d49f000-7fbb8d4be000 r--s 00000000 08:07 4203353                    /usr/share/texmf/fonts/type1/public/lm/lmb10.pfb
7fbb8d4be000-7fbb8d4da000 r--s 00000000 08:07 4853925                    /usr/share/texmf/fonts/type1/public/tex-gyre/qhvcb.pfb
7fbb8d4da000-7fbb8d4f9000 r--s 00000000 08:07 4203292                    /usr/share/texmf/fonts/type1/public/lm/lmvtk10.pfb
7fbb8d4f9000-7fbb8d519000 r--s 00000000 08:07 4853919                    /usr/share/texmf/fonts/type1/public/tex-gyre/qcsri.pfb
7fbb8d519000-7fbb8d535000 r--s 00000000 08:07 4203308                    /usr/share/texmf/fonts/type1/public/lm/lmri10.pfb
7fbb8d535000-7fbb8d557000 r--s 00000000 08:07 4853924                    /usr/share/texmf/fonts/type1/public/tex-gyre/qplb.pfb
7fbb8d557000-7fbb8d576000 r--s 00000000 08:07 4853922                    /usr/share/texmf/fonts/type1/public/tex-gyre/qcrri.pfb
7fbb8d576000-7fbb8d596000 r--s 00000000 08:07 4203282                    /usr/share/texmf/fonts/type1/public/lm/lmssqo8.pfb
7fbb8d596000-7fbb8d5af000 r--s 00000000 08:07 4853902                    /usr/share/texmf/fonts/type1/public/tex-gyre/qagri.pfb
7fbb8d5af000-7fbb8d5c8000 r--s 00000000 08:07 4203283                    /usr/share/texmf/fonts/type1/public/lm/lmtti10.pfb
7fbb8d5c8000-7fbb8d5e6000 r--s 00000000 08:07 4203276                    /usr/share/texmf/fonts/type1/public/lm/lmbx10.pfb
7fbb8d5e6000-7fbb8d602000 r--s 00000000 08:07 4853923                    /usr/share/texmf/fonts/type1/public/tex-gyre/qhvb.pfb
7fbb8d602000-7fbb8d623000 r--s 00000000 08:07 4853906                    /usr/share/texmf/fonts/type1/public/tex-gyre/qtmb.pfb
7fbb8d623000-7fbb8d63e000 r--s 00000000 08:07 4853921                    /usr/share/texmf/fonts/type1/public/tex-gyre/qagr.pfb
7fbb8d63e000-7fbb8d65f000 r--s 00000000 08:07 4203323                    /usr/share/texmf/fonts/type1/public/lm/lmvtto10.pfb
7fbb8d65f000-7fbb8d67f000 r--s 00000000 08:07 4853928                    /usr/share/texmf/fonts/type1/public/tex-gyre/qcrb.pfb
7fbb8d67f000-7fbb8d69f000 r--s 00000000 08:07 4853916                    /usr/share/texmf/fonts/type1/public/tex-gyre/qtmbi.pfb
7fbb8d69f000-7fbb8d6ba000 r--s 00000000 08:07 4853907                    /usr/share/texmf/fonts/type1/public/tex-gyre/qhvcr.pfb
7fbb8d6ba000-7fbb8d6d5000 r--s 00000000 08:07 4203354                    /usr/share/texmf/fonts/type1/public/lm/lmtcsc10.pfb
7fbb8d6d5000-7fbb8d6f4000 r--s 00000000 08:07 4853901                    /usr/share/texmf/fonts/type1/public/tex-gyre/qcrr.pfb
7fbb8d6f4000-7fbb8d719000 r--s 00000000 08:07 4203294                    /usr/share/texmf/fonts/type1/public/lm/lmvtko10.pfb
7fbb8d719000-7fbb8d739000 r--s 00000000 08:07 4853915                    /usr/share/texmf/fonts/type1/public/tex-gyre/qtmri.pfb
7fbb8d739000-7fbb8d75b000 r--s 00000000 08:07 4203315                    /usr/share/texmf/fonts/type1/public/lm/lmbxo10.pfb
7fbb8d75b000-7fbb8d776000 r--s 00000000 08:07 4203330                    /usr/share/texmf/fonts/type1/public/lm/lmsso10.pfb
7fbb8d776000-7fbb8d797000 r--s 00000000 08:07 4203349                    /usr/share/texmf/fonts/type1/public/lm/lmcsco10.pfb
7fbb8d797000-7fbb8d7a1000 r--s 00000000 08:07 2099832                    /usr/share/fonts/X11/Type1/c0611bt_.pfb
7fbb8d7a1000-7fbb8d7c1000 r--s 00000000 08:07 4853927                    /usr/share/texmf/fonts/type1/public/tex-gyre/qcsr.pfb
7fbb8d7c1000-7fbb8d7dd000 r--s 00000000 08:07 4203301                    /usr/share/texmf/fonts/type1/public/lm/lmtt10.pfb
7fbb8d7dd000-7fbb8d7f7000 r--s 00000000 08:07 4853911                    /usr/share/texmf/fonts/type1/public/tex-gyre/qagbi.pfb
7fbb8d7f7000-7fbb8d813000 r--s 00000000 08:07 4203312                    /usr/share/texmf/fonts/type1/public/lm/lmu10.pfb
7fbb8d813000-7fbb8d82d000 r--s 00000000 08:07 4853926                    /usr/share/texmf/fonts/type1/public/tex-gyre/qhvcri.pfb
7fbb8d82d000-7fbb8d847000 r--s 00000000 08:07 4853917                    /usr/share/texmf/fonts/type1/public/tex-gyre/qhvbi.pfb
7fbb8d847000-7fbb8d861000 r--s 00000000 08:07 4853904                    /usr/share/texmf/fonts/type1/public/tex-gyre/qzcmi.pfb
7fbb8d861000-7fbb8d87c000 r--s 00000000 08:07 4853929                    /usr/share/texmf/fonts/type1/public/tex-gyre/qhvcbi.pfb
7fbb8d87c000-7fbb8d89d000 r--s 00000000 08:07 4853914                    /usr/share/texmf/fonts/type1/public/tex-gyre/qbkri.pfb
7fbb8d89d000-7fbb8d8ba000 r--s 00000000 08:07 4203314                    /usr/share/texmf/fonts/type1/public/lm/lmcsc10.pfb
7fbb8d8ba000-7fbb8d8da000 r--s 00000000 08:07 4853930                    /usr/share/texmf/fonts/type1/public/tex-gyre/qcrbi.pfb
7fbb8d8da000-7fbb8d8f7000 r--s 00000000 08:07 4203317                    /usr/share/texmf/fonts/type1/public/lm/lmssqbx8.pfb
7fbb8d8f7000-7fbb8d913000 r--s 00000000 08:07 4853908                    /usr/share/texmf/fonts/type1/public/tex-gyre/qagb.pfb
7fbb8d913000-7fbb8d932000 r--s 00000000 08:07 4203343                    /usr/share/texmf/fonts/type1/public/lm/lmdunh10.pfb
7fbb8d932000-7fbb8d954000 r--s 00000000 08:07 4203352                    /usr/share/texmf/fonts/type1/public/lm/lmssdo10.pfb
7fbb8d954000-7fbb8d974000 r--s 00000000 08:07 4853905                    /usr/share/texmf/fonts/type1/public/tex-gyre/qbkbi.pfb
7fbb8d974000-7fbb8d993000 r--s 00000000 08:07 4203328                    /usr/share/texmf/fonts/type1/public/lm/lmtto10.pfb
7fbb8d993000-7fbb8d99d000 r--s 00000000 08:07 2099830                    /usr/share/fonts/X11/Type1/c0583bt_.pfb
7fbb8d99d000-7fbb8d9ae000 r-xp 00000000 08:07 1202362                    /usr/java/jdk/jre/lib/amd64/libnio.so
7fbb8d9ae000-7fbb8dbad000 ---p 00011000 08:07 1202362                    /usr/java/jdk/jre/lib/amd64/libnio.so
7fbb8dbad000-7fbb8dbae000 rw-p 00010000 08:07 1202362                    /usr/java/jdk/jre/lib/amd64/libnio.so
7fbb8dbae000-7fbb8deaf000 rw-p 00000000 00:00 0 
7fbb8deaf000-7fbb8dec5000 r-xp 00000000 08:07 1202337                    /usr/java/jdk/jre/lib/amd64/libnet.so
7fbb8dec5000-7fbb8e0c5000 ---p 00016000 08:07 1202337                    /usr/java/jdk/jre/lib/amd64/libnet.so
7fbb8e0c5000-7fbb8e0c6000 rw-p 00016000 08:07 1202337                    /usr/java/jdk/jre/lib/amd64/libnet.so
7fbb8e0c6000-7fbb8e286000 rw-p 00000000 00:00 0 
7fbb8e286000-7fbb8e2c6000 ---p 00000000 00:00 0 
7fbb8e2c6000-7fbb8e2c9000 ---p 00000000 00:00 0 
7fbb8e2c9000-7fbb8e3c7000 rw-p 00000000 00:00 0 
7fbb8e3c7000-7fbb8e3ca000 ---p 00000000 00:00 0 
7fbb8e3ca000-7fbb8e4c8000 rw-p 00000000 00:00 0 
7fbb8e4c8000-7fbb8e4cb000 ---p 00000000 00:00 0 
7fbb8e4cb000-7fbb8e5c9000 rw-p 00000000 00:00 0 
7fbb8e5c9000-7fbb8e5ce000 r-xp 00000000 08:07 1188371                    /usr/lib/x86_64-linux-gnu/libXfixes.so.3.1.0
7fbb8e5ce000-7fbb8e7cd000 ---p 00005000 08:07 1188371                    /usr/lib/x86_64-linux-gnu/libXfixes.so.3.1.0
7fbb8e7cd000-7fbb8e7ce000 r--p 00004000 08:07 1188371                    /usr/lib/x86_64-linux-gnu/libXfixes.so.3.1.0
7fbb8e7ce000-7fbb8e7cf000 rw-p 00005000 08:07 1188371                    /usr/lib/x86_64-linux-gnu/libXfixes.so.3.1.0
7fbb8e7cf000-7fbb8e7d8000 r-xp 00000000 08:07 1188363                    /usr/lib/x86_64-linux-gnu/libXcursor.so.1.0.2
7fbb8e7d8000-7fbb8e9d7000 ---p 00009000 08:07 1188363                    /usr/lib/x86_64-linux-gnu/libXcursor.so.1.0.2
7fbb8e9d7000-7fbb8e9d8000 r--p 00008000 08:07 1188363                    /usr/lib/x86_64-linux-gnu/libXcursor.so.1.0.2
7fbb8e9d8000-7fbb8e9d9000 rw-p 00009000 08:07 1188363                    /usr/lib/x86_64-linux-gnu/libXcursor.so.1.0.2
7fbb8e9d9000-7fbb8e9ef000 r-xp 00000000 08:07 135714                     /lib/x86_64-linux-gnu/libgcc_s.so.1
7fbb8e9ef000-7fbb8ebee000 ---p 00016000 08:07 135714                     /lib/x86_64-linux-gnu/libgcc_s.so.1
7fbb8ebee000-7fbb8ebef000 rw-p 00015000 08:07 135714                     /lib/x86_64-linux-gnu/libgcc_s.so.1
7fbb8ebef000-7fbb8ec54000 r-xp 00000000 08:07 1202356                    /usr/java/jdk/jre/lib/amd64/libfontmanager.so
7fbb8ec54000-7fbb8ee53000 ---p 00065000 08:07 1202356                    /usr/java/jdk/jre/lib/amd64/libfontmanager.so
7fbb8ee53000-7fbb8ee58000 rw-p 00064000 08:07 1202356                    /usr/java/jdk/jre/lib/amd64/libfontmanager.so
7fbb8ee58000-7fbb8ee68000 rw-p 00000000 00:00 0 
7fbb8ee68000-7fbb8ee6d000 r-xp 00000000 08:07 1188367                    /usr/lib/x86_64-linux-gnu/libXdmcp.so.6.0.0
7fbb8ee6d000-7fbb8f06c000 ---p 00005000 08:07 1188367                    /usr/lib/x86_64-linux-gnu/libXdmcp.so.6.0.0
7fbb8f06c000-7fbb8f06d000 r--p 00004000 08:07 1188367                    /usr/lib/x86_64-linux-gnu/libXdmcp.so.6.0.0
7fbb8f06d000-7fbb8f06e000 rw-p 00005000 08:07 1188367                    /usr/lib/x86_64-linux-gnu/libXdmcp.so.6.0.0
7fbb8f06e000-7fbb8f070000 r-xp 00000000 08:07 1188356                    /usr/lib/x86_64-linux-gnu/libXau.so.6.0.0
7fbb8f070000-7fbb8f270000 ---p 00002000 08:07 1188356                    /usr/lib/x86_64-linux-gnu/libXau.so.6.0.0
7fbb8f270000-7fbb8f271000 r--p 00002000 08:07 1188356                    /usr/lib/x86_64-linux-gnu/libXau.so.6.0.0
7fbb8f271000-7fbb8f272000 rw-p 00003000 08:07 1188356                    /usr/lib/x86_64-linux-gnu/libXau.so.6.0.0
7fbb8f272000-7fbb8f293000 r-xp 00000000 08:07 1189736                    /usr/lib/x86_64-linux-gnu/libxcb.so.1.1.0
7fbb8f293000-7fbb8f492000 ---p 00021000 08:07 1189736                    /usr/lib/x86_64-linux-gnu/libxcb.so.1.1.0
7fbb8f492000-7fbb8f493000 r--p 00020000 08:07 1189736                    /usr/lib/x86_64-linux-gnu/libxcb.so.1.1.0
7fbb8f493000-7fbb8f494000 rw-p 00021000 08:07 1189736                    /usr/lib/x86_64-linux-gnu/libxcb.so.1.1.0
7fbb8f494000-7fbb8f4a3000 r-xp 00000000 08:07 1188377                    /usr/lib/x86_64-linux-gnu/libXi.so.6.1.0
7fbb8f4a3000-7fbb8f6a2000 ---p 0000f000 08:07 1188377                    /usr/lib/x86_64-linux-gnu/libXi.so.6.1.0
7fbb8f6a2000-7fbb8f6a3000 r--p 0000e000 08:07 1188377                    /usr/lib/x86_64-linux-gnu/libXi.so.6.1.0
7fbb8f6a3000-7fbb8f6a4000 rw-p 0000f000 08:07 1188377                    /usr/lib/x86_64-linux-gnu/libXi.so.6.1.0
7fbb8f6a4000-7fbb8f6a9000 r-xp 00000000 08:07 1188395                    /usr/lib/x86_64-linux-gnu/libXtst.so.6.1.0
7fbb8f6a9000-7fbb8f8a8000 ---p 00005000 08:07 1188395                    /usr/lib/x86_64-linux-gnu/libXtst.so.6.1.0
7fbb8f8a8000-7fbb8f8a9000 r--p 00004000 08:07 1188395                    /usr/lib/x86_64-linux-gnu/libXtst.so.6.1.0
7fbb8f8a9000-7fbb8f8aa000 rw-p 00005000 08:07 1188395                    /usr/lib/x86_64-linux-gnu/libXtst.so.6.1.0
7fbb8f8aa000-7fbb8f8b3000 r-xp 00000000 08:07 1188389                    /usr/lib/x86_64-linux-gnu/libXrender.so.1.3.0
7fbb8f8b3000-7fbb8fab2000 ---p 00009000 08:07 1188389                    /usr/lib/x86_64-linux-gnu/libXrender.so.1.3.0
7fbb8fab2000-7fbb8fab3000 r--p 00008000 08:07 1188389                    /usr/lib/x86_64-linux-gnu/libXrender.so.1.3.0
7fbb8fab3000-7fbb8fab4000 rw-p 00009000 08:07 1188389                    /usr/lib/x86_64-linux-gnu/libXrender.so.1.3.0
7fbb8fab4000-7fbb8fbe9000 r-xp 00000000 08:07 1188352                    /usr/lib/x86_64-linux-gnu/libX11.so.6.3.0
7fbb8fbe9000-7fbb8fde9000 ---p 00135000 08:07 1188352                    /usr/lib/x86_64-linux-gnu/libX11.so.6.3.0
7fbb8fde9000-7fbb8fdea000 r--p 00135000 08:07 1188352                    /usr/lib/x86_64-linux-gnu/libX11.so.6.3.0
7fbb8fdea000-7fbb8fdee000 rw-p 00136000 08:07 1188352                    /usr/lib/x86_64-linux-gnu/libX11.so.6.3.0
7fbb8fdee000-7fbb8fdff000 r-xp 00000000 08:07 1188369                    /usr/lib/x86_64-linux-gnu/libXext.so.6.4.0
7fbb8fdff000-7fbb8fffe000 ---p 00011000 08:07 1188369                    /usr/lib/x86_64-linux-gnu/libXext.so.6.4.0
7fbb8fffe000-7fbb8ffff000 r--p 00010000 08:07 1188369                    /usr/lib/x86_64-linux-gnu/libXext.so.6.4.0
7fbb8ffff000-7fbb90000000 rw-p 00011000 08:07 1188369                    /usr/lib/x86_64-linux-gnu/libXext.so.6.4.0
7fbb90000000-7fbb90021000 rw-p 00000000 00:00 0 
7fbb90021000-7fbb94000000 ---p 00000000 00:00 0 
7fbb94000000-7fbb94021000 rw-p 00000000 00:00 0 
7fbb94021000-7fbb98000000 ---p 00000000 00:00 0 
7fbb98000000-7fbb98832000 rw-p 00000000 00:00 0 
7fbb98832000-7fbb9c000000 ---p 00000000 00:00 0 
7fbb9c000000-7fbb9c3d9000 rw-p 00000000 00:00 0 
7fbb9c3d9000-7fbba0000000 ---p 00000000 00:00 0 
7fbba0000000-7fbba0021000 rw-p 00000000 00:00 0 
7fbba0021000-7fbba4000000 ---p 00000000 00:00 0 
7fbba4000000-7fbba517a000 rw-p 00000000 00:00 0 
7fbba517a000-7fbba8000000 ---p 00000000 00:00 0 
7fbba8000000-7fbba8021000 rw-p 00000000 00:00 0 
7fbba8021000-7fbbac000000 ---p 00000000 00:00 0 
7fbbac000000-7fbbac021000 rw-p 00000000 00:00 0 
7fbbac021000-7fbbb0000000 ---p 00000000 00:00 0 
7fbbb0000000-7fbbb0021000 rw-p 00000000 00:00 0 
7fbbb0021000-7fbbb4000000 ---p 00000000 00:00 0 
7fbbb4000000-7fbbb4021000 rw-p 00000000 00:00 0 
7fbbb4021000-7fbbb8000000 ---p 00000000 00:00 0 
7fbbb8000000-7fbbb8009000 r--s 00000000 08:07 2099838                    /usr/share/fonts/X11/Type1/c0648bt_.pfb
7fbbb8009000-7fbbb802b000 r--s 00000000 08:07 4853918                    /usr/share/texmf/fonts/type1/public/tex-gyre/qplr.pfb
7fbbb802b000-7fbbb8034000 r--s 00000000 08:07 2099834                    /usr/share/fonts/X11/Type1/c0632bt_.pfb
7fbbb8034000-7fbbb803b000 r--s 00000000 08:07 3670340                    /var/cache/fontconfig/4be9850f182b35c1350b6bbf2e42601c-le64.cache-6
7fbbb803b000-7fbbb803d000 r--s 00000000 08:07 3670363                    /var/cache/fontconfig/30a99c4256905863f7aa12b5e873c27c-le64.cache-6
7fbbb803d000-7fbbb803e000 r--s 00000000 08:07 3670362                    /var/cache/fontconfig/087e1975ba9a574b140bb1df193bf770-le64.cache-6
7fbbb803e000-7fbbb8042000 r--s 00000000 08:07 3670359                    /var/cache/fontconfig/6aa41aa22e18b8fa06a12da28ea9c28b-le64.cache-6
7fbbb8042000-7fbbb804d000 r--s 00000000 08:07 3670357                    /var/cache/fontconfig/945677eb7aeaf62f1d50efc3fb3ec7d8-le64.cache-6
7fbbb804d000-7fbbb8052000 r--s 00000000 08:07 3679723                    /var/cache/fontconfig/99e8ed0e538f840c565b6ed5dad60d56-le64.cache-6
7fbbb8052000-7fbbb8058000 r--s 00000000 08:07 3670355                    /var/cache/fontconfig/2cd17615ca594fa2959ae173292e504c-le64.cache-6
7fbbb8058000-7fbbb8059000 r--s 00000000 08:07 3670351                    /var/cache/fontconfig/0d8c3b2ac0904cb8a57a757ad11a4a08-le64.cache-6
7fbbb8059000-7fbbb805d000 r--s 00000000 08:07 3696967                    /var/cache/fontconfig/de156ccd2eddbdc19d37a45b8b2aac9c-le64.cache-6
7fbbb805d000-7fbbb8072000 r--s 00000000 08:07 3670350                    /var/cache/fontconfig/04aabc0a78ac019cf9454389977116d2-le64.cache-6
7fbbb8072000-7fbbb8073000 r--s 00000000 08:07 3670348                    /var/cache/fontconfig/1ac9eb803944fde146138c791f5cc56a-le64.cache-6
7fbbb8073000-7fbbb8074000 r--s 00000000 08:07 3670347                    /var/cache/fontconfig/b95bc8ffbebda2bbdae4265e45b8178d-le64.cache-6
7fbbb8074000-7fbbb8078000 r--s 00000000 08:07 3670346                    /var/cache/fontconfig/385c0604a188198f04d133e54aba7fe7-le64.cache-6
7fbbb8078000-7fbbb807b000 r--s 00000000 08:07 3670345                    /var/cache/fontconfig/cc7d5960448caf04b01115f3462e4057-le64.cache-6
7fbbb807b000-7fbbb807c000 r--s 00000000 08:07 3670343                    /var/cache/fontconfig/9c956a7723ca69a44b382d9179c9802f-le64.cache-6
7fbbb807c000-7fbbb807d000 r--s 00000000 08:07 3670341                    /var/cache/fontconfig/dc05db6664285cc2f12bf69c139ae4c3-le64.cache-6
7fbbb807d000-7fbbb807e000 r--s 00000000 08:07 3670334                    /var/cache/fontconfig/5d1cca7074f29429a8d18692746c2426-le64.cache-6
7fbbb807e000-7fbbb8081000 r--s 00000000 08:07 3670332                    /var/cache/fontconfig/767a8244fc0220cfb567a839d0392e0b-le64.cache-6
7fbbb8081000-7fbbb8086000 r--s 00000000 08:07 3670328                    /var/cache/fontconfig/8801497958630a81b71ace7c5f9b32a8-le64.cache-6
7fbbb8086000-7fbbb8089000 ---p 00000000 00:00 0 
7fbbb8089000-7fbbb8187000 rw-p 00000000 00:00 0 
7fbbb8187000-7fbbb81db000 r-xp 00000000 08:07 1202364                    /usr/java/jdk/jre/lib/amd64/libawt_xawt.so
7fbbb81db000-7fbbb83db000 ---p 00054000 08:07 1202364                    /usr/java/jdk/jre/lib/amd64/libawt_xawt.so
7fbbb83db000-7fbbb83df000 rw-p 00054000 08:07 1202364                    /usr/java/jdk/jre/lib/amd64/libawt_xawt.so
7fbbb83df000-7fbbbc000000 rw-p 00000000 00:00 0 
7fbbbc000000-7fbbbc021000 rw-p 00000000 00:00 0 
7fbbbc021000-7fbbc0000000 ---p 00000000 00:00 0 
7fbbc0000000-7fbbc0021000 rw-p 00000000 00:00 0 
7fbbc0021000-7fbbc4000000 ---p 00000000 00:00 0 
7fbbc4000000-7fbbc4021000 rw-p 00000000 00:00 0 
7fbbc4021000-7fbbc8000000 ---p 00000000 00:00 0 
7fbbc8000000-7fbbc8001000 r--s 00000000 08:07 3670331                    /var/cache/fontconfig/9eae20f1ff8cc0a7d125749e875856bd-le64.cache-6
7fbbc8001000-7fbbc8004000 r--s 00000000 08:07 3670330                    /var/cache/fontconfig/bf2c1853a9e9b00bb02fe2e9bcf1e201-le64.cache-6
7fbbc8004000-7fbbc8008000 r--s 00000000 08:07 3670327                    /var/cache/fontconfig/c57959a16110560c8d0fcea73374aeeb-le64.cache-6
7fbbc8008000-7fbbc8009000 r--s 00000000 08:07 3670326                    /var/cache/fontconfig/bab58bb527bb656aaa9f116d68a48d89-le64.cache-6
7fbbc8009000-7fbbc8010000 r--s 00000000 08:07 3670325                    /var/cache/fontconfig/3047814df9a2f067bd2d96a2b9c36e5a-le64.cache-6
7fbbc8010000-7fbbc8018000 r--s 00000000 08:07 3670324                    /var/cache/fontconfig/bf3b770c553c462765856025a94f1ce6-le64.cache-6
7fbbc8018000-7fbbc8019000 r--s 00000000 08:07 3670322                    /var/cache/fontconfig/56cf4f4769d0f4abc89a4895d7bd3ae1-le64.cache-6
7fbbc8019000-7fbbc801a000 r--s 00000000 08:07 3670321                    /var/cache/fontconfig/b9d506c9ac06c20b433354fa67a72993-le64.cache-6
7fbbc801a000-7fbbc8020000 r--s 00000000 08:07 3670320                    /var/cache/fontconfig/b47c4e1ecd0709278f4910c18777a504-le64.cache-6
7fbbc8020000-7fbbc8023000 r--s 00000000 08:07 3670318                    /var/cache/fontconfig/14d493b97896515cad3840ba4896e372-le64.cache-6
7fbbc8023000-7fbbc8026000 r--s 00000000 08:07 3670317                    /var/cache/fontconfig/e49e89034d371f0f9de17aab02136486-le64.cache-6
7fbbc8026000-7fbbc8028000 r--s 00000000 08:07 3670314                    /var/cache/fontconfig/4b14b093aebc79c320de5e86ae1d3314-le64.cache-6
7fbbc8028000-7fbbc8029000 r--s 00000000 08:07 3670313                    /var/cache/fontconfig/8aec10f4cc8391dcef22ca549f1e4354-le64.cache-6
7fbbc8029000-7fbbc803c000 r--s 00000000 08:07 3670312                    /var/cache/fontconfig/d52a8644073d54c13679302ca1180695-le64.cache-6
7fbbc803c000-7fbbc803d000 r--s 00000000 08:07 3670311                    /var/cache/fontconfig/551ecf3b0e8b0bca0f25c0944f561853-le64.cache-6
7fbbc803d000-7fbbc803e000 r--s 00000000 08:07 3670308                    /var/cache/fontconfig/8a687c406b77f27d99abfeeba937fcce-le64.cache-6
7fbbc803e000-7fbbc8043000 r--s 00000000 08:07 3670306                    /var/cache/fontconfig/75ad6aa2358a85f0de2c8ee4837e8227-le64.cache-6
7fbbc8043000-7fbbc8044000 r--s 00000000 08:07 3670305                    /var/cache/fontconfig/ac2cf712d852da827a87a9baf682f5b9-le64.cache-6
7fbbc8044000-7fbbc8046000 r--s 00000000 08:07 3670302                    /var/cache/fontconfig/65f976e5259cbe6dc7697b8648396239-le64.cache-6
7fbbc8046000-7fbbc8051000 r--s 00000000 08:07 3670300                    /var/cache/fontconfig/d589a48862398ed80a3d6066f4f56f4c-le64.cache-6
7fbbc8051000-7fbbc8055000 r--s 00000000 08:07 3670299                    /var/cache/fontconfig/246184dc75a16901ca37d96895904249-le64.cache-6
7fbbc8055000-7fbbc8056000 r--s 00000000 08:07 3670296                    /var/cache/fontconfig/94f7fe9bd33aadfac165873bd010d595-le64.cache-6
7fbbc8056000-7fbbc8058000 r--s 00000000 08:07 3670288                    /var/cache/fontconfig/423767150eb258c59035de29db6fca84-le64.cache-6
7fbbc8058000-7fbbc8059000 r--s 00000000 08:07 3670285                    /var/cache/fontconfig/845c20fd2c4814bcec78e05d37a63ccc-le64.cache-6
7fbbc8059000-7fbbc805a000 r--s 00000000 08:07 3670275                    /var/cache/fontconfig/e7de81b01590fb7e12b38e274e17d0db-le64.cache-6
7fbbc805a000-7fbbc805b000 r--s 00000000 08:07 3670273                    /var/cache/fontconfig/406a1d2d2bf3ed7664fbadefac0b2f66-le64.cache-6
7fbbc805b000-7fbbc805d000 r--s 00000000 08:07 3670272                    /var/cache/fontconfig/67709b7835c0f764c1135060c9575660-le64.cache-6
7fbbc805d000-7fbbc806a000 r--s 00000000 08:07 3670271                    /var/cache/fontconfig/089dead882dea3570ffc31a9898cfb69-le64.cache-6
7fbbc806a000-7fbbc806b000 r--s 00000000 08:07 3670270                    /var/cache/fontconfig/30829fa25452a46451e813d634d7f916-le64.cache-6
7fbbc806b000-7fbbc8079000 r--s 00000000 08:07 3670269                    /var/cache/fontconfig/198d8fcf01c96d0cf813f74fd759bdb7-le64.cache-6
7fbbc8079000-7fbbc807c000 r--s 00000000 08:07 3670260                    /var/cache/fontconfig/75114ca45c98e8a441da0ff356701271-le64.cache-6
7fbbc807c000-7fbbc8087000 r--s 00000000 08:07 3670258                    /var/cache/fontconfig/83bf95040141907cd45bb53cf7c1c148-le64.cache-6
7fbbc8087000-7fbbc8099000 r--s 00000000 08:07 3670255                    /var/cache/fontconfig/9b89f8e3dae116d678bbf48e5f21f69b-le64.cache-6
7fbbc8099000-7fbbc809c000 ---p 00000000 00:00 0 
7fbbc809c000-7fbbc819a000 rw-p 00000000 00:00 0 
7fbbc819a000-7fbbc823c000 r-xp 00000000 08:07 1202391                    /usr/java/jdk/jre/lib/amd64/libawt.so
7fbbc823c000-7fbbc843c000 ---p 000a2000 08:07 1202391                    /usr/java/jdk/jre/lib/amd64/libawt.so
7fbbc843c000-7fbbc8448000 rw-p 000a2000 08:07 1202391                    /usr/java/jdk/jre/lib/amd64/libawt.so
7fbbc8448000-7fbbc846c000 rw-p 00000000 00:00 0 
7fbbc846c000-7fbbc846d000 ---p 00000000 00:00 0 
7fbbc846d000-7fbbc856d000 rw-p 00000000 00:00 0 
7fbbc856d000-7fbbc8570000 ---p 00000000 00:00 0 
7fbbc8570000-7fbbc866e000 rw-p 00000000 00:00 0 
7fbbc866e000-7fbbc8671000 ---p 00000000 00:00 0 
7fbbc8671000-7fbbc876f000 rw-p 00000000 00:00 0 
7fbbc876f000-7fbbc8772000 ---p 00000000 00:00 0 
7fbbc8772000-7fbbc8870000 rw-p 00000000 00:00 0 
7fbbc8870000-7fbbc8873000 ---p 00000000 00:00 0 
7fbbc8873000-7fbbc8971000 rw-p 00000000 00:00 0 
7fbbc8971000-7fbbc8974000 ---p 00000000 00:00 0 
7fbbc8974000-7fbbc8a72000 rw-p 00000000 00:00 0 
7fbbc8a72000-7fbbc8eff000 r--p 00000000 08:07 1184437                    /usr/lib/locale/locale-archive
7fbbc8eff000-7fbbc8f02000 ---p 00000000 00:00 0 
7fbbc8f02000-7fbbc9000000 rw-p 00000000 00:00 0 
7fbbc9000000-7fbbc9330000 rwxp 00000000 00:00 0 
7fbbc9330000-7fbbd8000000 ---p 00000000 00:00 0 
7fbbd8000000-7fbbd827b000 rw-p 00000000 00:00 0 
7fbbd827b000-7fbbdc000000 ---p 00000000 00:00 0 
7fbbdc000000-7fbbdc001000 r--s 00000000 08:07 3670267                    /var/cache/fontconfig/0c9eb80ebd1c36541ebe2852d3bb0c49-le64.cache-6
7fbbdc001000-7fbbdc00a000 r--s 00000000 08:07 3670253                    /var/cache/fontconfig/d0972c3d32f097851eb916381fc38920-le64.cache-6
7fbbdc00a000-7fbbdc00c000 r--s 00000000 08:07 3670252                    /var/cache/fontconfig/6e6b34ae150a7ad95e82fb4a522f0bda-le64.cache-6
7fbbdc00c000-7fbbdc00d000 r--s 00000000 08:07 3670251                    /var/cache/fontconfig/3334a778d104e76d188e9df399bc24d2-le64.cache-6
7fbbdc00d000-7fbbdc014000 r--s 00000000 08:07 3670250                    /var/cache/fontconfig/53d14c92082a93e67d5078324eb314ca-le64.cache-6
7fbbdc014000-7fbbdc018000 r--s 00000000 08:07 3670249                    /var/cache/fontconfig/6c08beecf0dac481ec92e759e0c2e6d7-le64.cache-6
7fbbdc018000-7fbbdc01c000 r--s 00000000 08:07 3670247                    /var/cache/fontconfig/4d6aee6d44eccb37054d3216e945f618-le64.cache-6
7fbbdc01c000-7fbbdc020000 r--s 00000000 08:07 3670246                    /var/cache/fontconfig/d6c6df98c3df5faf9bd0f8ef4d91efe5-le64.cache-6
7fbbdc020000-7fbbdc024000 r--s 00000000 08:07 3670243                    /var/cache/fontconfig/9fb319ef52839f11ee26ab8b4cffa12b-le64.cache-6
7fbbdc024000-7fbbdc026000 r--s 00000000 08:07 3670241                    /var/cache/fontconfig/43bfe21a9e1edebcf703d79ee2950b06-le64.cache-6
7fbbdc026000-7fbbdc039000 r--s 00000000 08:07 3670240                    /var/cache/fontconfig/4ac51e5cfbc76fc3f983e470323a16d3-le64.cache-6
7fbbdc039000-7fbbdc03c000 r--s 00000000 08:07 3670237                    /var/cache/fontconfig/c19b55eb3b4c5b40ea175e31682068a5-le64.cache-6
7fbbdc03c000-7fbbdc03d000 r--s 00000000 08:07 3670232                    /var/cache/fontconfig/c277e94e32b20404286a1ddafa5a80f0-le64.cache-6
7fbbdc03d000-7fbbdc041000 r--s 00000000 08:07 3670231                    /var/cache/fontconfig/3629f2adf904f9a612908891fae71ceb-le64.cache-6
7fbbdc041000-7fbbdc057000 r--s 00000000 08:07 3670204                    /var/cache/fontconfig/e13b20fdb08344e0e664864cc2ede53d-le64.cache-6
7fbbdc057000-7fbbdc05c000 r--s 00000000 08:07 3670375                    /var/cache/fontconfig/7ef2298fde41cc6eeb7af42e48b7d293-le64.cache-6
7fbbdc05c000-7fbbdc069000 r--s 00000000 08:07 3670368                    /var/cache/fontconfig/8f02d4cb045bd6ce15663e43f347c9f8-le64.cache-6
7fbbdc069000-7fbbdc08a000 r--s 00000000 08:07 3670365                    /var/cache/fontconfig/467c019e582ee353435ea5c21d137ef6-le64.cache-6
7fbbdc08a000-7fbbdc0a2000 r--s 00000000 08:07 2100613                    /usr/share/fonts/type1/gsfonts/n022003l.pfb
7fbbdc0a2000-7fbbdc0d7000 r--s 00000000 08:07 4337730                    /var/cache/nscd/hosts
7fbbdc0d7000-7fbbdc0ea000 r--s 00345000 08:07 1202412                    /usr/java/jdk/jre/lib/resources.jar
7fbbdc0ea000-7fbbdc0ed000 ---p 00000000 00:00 0 
7fbbdc0ed000-7fbbdc1eb000 rw-p 00000000 00:00 0 
7fbbdc1eb000-7fbbdc1ec000 ---p 00000000 00:00 0 
7fbbdc1ec000-7fbbdd28c000 rw-p 00000000 00:00 0 
7fbbdd28c000-7fbbdd465000 r--s 03d3e000 08:07 1202329                    /usr/java/jdk/jre/lib/rt.jar
7fbbdd465000-7fbbde0f8000 rw-p 00000000 00:00 0 
7fbbde0f8000-7fbbde0f9000 ---p 00000000 00:00 0 
7fbbde0f9000-7fbbde1f9000 rw-p 00000000 00:00 0 
7fbbde1f9000-7fbbde1fa000 ---p 00000000 00:00 0 
7fbbde1fa000-7fbbde2fa000 rw-p 00000000 00:00 0 
7fbbde2fa000-7fbbde2fb000 ---p 00000000 00:00 0 
7fbbde2fb000-7fbbde3fb000 rw-p 00000000 00:00 0 
7fbbde3fb000-7fbbde3fc000 ---p 00000000 00:00 0 
7fbbde3fc000-7fbbde525000 rw-p 00000000 00:00 0 
7fbbde525000-7fbbde77e000 ---p 00000000 00:00 0 
7fbbde77e000-7fbbde7a7000 rw-p 00000000 00:00 0 
7fbbde7a7000-7fbbde9ff000 ---p 00000000 00:00 0 
7fbbde9ff000-7fbbdea14000 rw-p 00000000 00:00 0 
7fbbdea14000-7fbbdeb40000 ---p 00000000 00:00 0 
7fbbdeb40000-7fbbdeb4e000 rw-p 00000000 00:00 0 
7fbbdeb4e000-7fbbdef01000 ---p 00000000 00:00 0 
7fbbdef01000-7fbbdef1b000 r-xp 00000000 08:07 1202360                    /usr/java/jdk/jre/lib/amd64/libzip.so
7fbbdef1b000-7fbbdf11b000 ---p 0001a000 08:07 1202360                    /usr/java/jdk/jre/lib/amd64/libzip.so
7fbbdf11b000-7fbbdf11c000 rw-p 0001a000 08:07 1202360                    /usr/java/jdk/jre/lib/amd64/libzip.so
7fbbdf11c000-7fbbdf147000 r-xp 00000000 08:07 1202385                    /usr/java/jdk/jre/lib/amd64/libjava.so
7fbbdf147000-7fbbdf346000 ---p 0002b000 08:07 1202385                    /usr/java/jdk/jre/lib/amd64/libjava.so
7fbbdf346000-7fbbdf348000 rw-p 0002a000 08:07 1202385                    /usr/java/jdk/jre/lib/amd64/libjava.so
7fbbdf348000-7fbbdf355000 r-xp 00000000 08:07 1202338                    /usr/java/jdk/jre/lib/amd64/libverify.so
7fbbdf355000-7fbbdf554000 ---p 0000d000 08:07 1202338                    /usr/java/jdk/jre/lib/amd64/libverify.so
7fbbdf554000-7fbbdf556000 rw-p 0000c000 08:07 1202338                    /usr/java/jdk/jre/lib/amd64/libverify.so
7fbbdf556000-7fbbdf55d000 r-xp 00000000 08:07 131422                     /lib/x86_64-linux-gnu/librt-2.23.so
7fbbdf55d000-7fbbdf75c000 ---p 00007000 08:07 131422                     /lib/x86_64-linux-gnu/librt-2.23.so
7fbbdf75c000-7fbbdf75d000 r--p 00006000 08:07 131422                     /lib/x86_64-linux-gnu/librt-2.23.so
7fbbdf75d000-7fbbdf75e000 rw-p 00007000 08:07 131422                     /lib/x86_64-linux-gnu/librt-2.23.so
7fbbdf75e000-7fbbdf866000 r-xp 00000000 08:07 131413                     /lib/x86_64-linux-gnu/libm-2.23.so
7fbbdf866000-7fbbdfa65000 ---p 00108000 08:07 131413                     /lib/x86_64-linux-gnu/libm-2.23.so
7fbbdfa65000-7fbbdfa66000 r--p 00107000 08:07 131413                     /lib/x86_64-linux-gnu/libm-2.23.so
7fbbdfa66000-7fbbdfa67000 rw-p 00108000 08:07 131413                     /lib/x86_64-linux-gnu/libm-2.23.so
7fbbdfa67000-7fbbe0735000 r-xp 00000000 08:07 1321500                    /usr/java/jdk/jre/lib/amd64/server/libjvm.so
7fbbe0735000-7fbbe0935000 ---p 00cce000 08:07 1321500                    /usr/java/jdk/jre/lib/amd64/server/libjvm.so
7fbbe0935000-7fbbe0a0e000 rw-p 00cce000 08:07 1321500                    /usr/java/jdk/jre/lib/amd64/server/libjvm.so
7fbbe0a0e000-7fbbe0a59000 rw-p 00000000 00:00 0 
7fbbe0a59000-7fbbe0c18000 r-xp 00000000 08:07 131415                     /lib/x86_64-linux-gnu/libc-2.23.so
7fbbe0c18000-7fbbe0e18000 ---p 001bf000 08:07 131415                     /lib/x86_64-linux-gnu/libc-2.23.so
7fbbe0e18000-7fbbe0e1c000 r--p 001bf000 08:07 131415                     /lib/x86_64-linux-gnu/libc-2.23.so
7fbbe0e1c000-7fbbe0e1e000 rw-p 001c3000 08:07 131415                     /lib/x86_64-linux-gnu/libc-2.23.so
7fbbe0e1e000-7fbbe0e22000 rw-p 00000000 00:00 0 
7fbbe0e22000-7fbbe0e25000 r-xp 00000000 08:07 131411                     /lib/x86_64-linux-gnu/libdl-2.23.so
7fbbe0e25000-7fbbe1024000 ---p 00003000 08:07 131411                     /lib/x86_64-linux-gnu/libdl-2.23.so
7fbbe1024000-7fbbe1025000 r--p 00002000 08:07 131411                     /lib/x86_64-linux-gnu/libdl-2.23.so
7fbbe1025000-7fbbe1026000 rw-p 00003000 08:07 131411                     /lib/x86_64-linux-gnu/libdl-2.23.so
7fbbe1026000-7fbbe103b000 r-xp 00000000 08:07 1201499                    /usr/java/jdk/lib/amd64/jli/libjli.so
7fbbe103b000-7fbbe123b000 ---p 00015000 08:07 1201499                    /usr/java/jdk/lib/amd64/jli/libjli.so
7fbbe123b000-7fbbe123c000 rw-p 00015000 08:07 1201499                    /usr/java/jdk/lib/amd64/jli/libjli.so
7fbbe123c000-7fbbe1254000 r-xp 00000000 08:07 131426                     /lib/x86_64-linux-gnu/libpthread-2.23.so
7fbbe1254000-7fbbe1453000 ---p 00018000 08:07 131426                     /lib/x86_64-linux-gnu/libpthread-2.23.so
7fbbe1453000-7fbbe1454000 r--p 00017000 08:07 131426                     /lib/x86_64-linux-gnu/libpthread-2.23.so
7fbbe1454000-7fbbe1455000 rw-p 00018000 08:07 131426                     /lib/x86_64-linux-gnu/libpthread-2.23.so
7fbbe1455000-7fbbe1459000 rw-p 00000000 00:00 0 
7fbbe1459000-7fbbe147f000 r-xp 00000000 08:07 131416                     /lib/x86_64-linux-gnu/ld-2.23.so
7fbbe147f000-7fbbe1482000 r--s 00000000 08:07 3670222                    /var/cache/fontconfig/de83a0a961185c8bd1f159015d56c039-le64.cache-6
7fbbe1482000-7fbbe1484000 r--s 00000000 08:07 3670369                    /var/cache/fontconfig/16326683038b281783a0ef8c680e3a10-le64.cache-6
7fbbe1484000-7fbbe1485000 r--s 00000000 08:07 3670367                    /var/cache/fontconfig/e0aa53bcfa504e64f87823c16bc01eb6-le64.cache-6
7fbbe1485000-7fbbe1486000 r--p 00000000 08:07 2103182                    /usr/share/locale-langpack/en_GB/LC_MESSAGES/libc.mo
7fbbe1486000-7fbbe1487000 r--p 00000000 08:07 1970173                    /usr/share/locale-langpack/en_AU/LC_MESSAGES/libc.mo
7fbbe1487000-7fbbe1517000 rw-p 00000000 00:00 0 
7fbbe1517000-7fbbe154c000 r--s 00000000 08:07 4337722                    /var/cache/nscd/passwd
7fbbe154c000-7fbbe154f000 ---p 00000000 00:00 0 
7fbbe154f000-7fbbe1672000 rw-p 00000000 00:00 0 
7fbbe1672000-7fbbe167a000 rw-s 00000000 08:07 2097979                    /tmp/hsperfdata_drift/7369
7fbbe167a000-7fbbe167b000 rw-p 00000000 00:00 0 
7fbbe167b000-7fbbe167c000 r--p 00000000 00:00 0 
7fbbe167c000-7fbbe167e000 rw-p 00000000 00:00 0 
7fbbe167e000-7fbbe167f000 r--p 00025000 08:07 131416                     /lib/x86_64-linux-gnu/ld-2.23.so
7fbbe167f000-7fbbe1680000 rw-p 00026000 08:07 131416                     /lib/x86_64-linux-gnu/ld-2.23.so
7fbbe1680000-7fbbe1681000 rw-p 00000000 00:00 0 
7ffcf3ca7000-7ffcf3cc8000 rw-p 00000000 00:00 0                          [stack]
7ffcf3d2d000-7ffcf3d2f000 r--p 00000000 00:00 0                          [vvar]
7ffcf3d2f000-7ffcf3d31000 r-xp 00000000 00:00 0                          [vdso]
ffffffffff600000-ffffffffff601000 r-xp 00000000 00:00 0                  [vsyscall]

VM Arguments:
jvm_args: -Dfile.encoding=UTF-8 
java_command: mainFrame.MainPage
java_class_path (initial): /home/drift/Documents/eclipseMars/microNet/bin:/home/drift/Documents/thirdPartyLibs/jaf-1.1.1/activation.jar:/home/drift/Documents/thirdPartyLibs/javamail-1.4.5/mail.jar:/home/drift/Documents/thirdPartyLibs/jcommon-1.0.23/jcommon-1.0.23.jar:/home/drift/Documents/thirdPartyLibs/jfreechart-1.0.19/lib/jfreechart-1.0.19.jar:/home/drift/Documents/thirdPartyLibs/json-lib-2.4-jdk15/net.jar:/home/drift/Documents/thirdPartyLibs/json-lib-2.4-jdk15/dependancy/commons-beanutils-1.8.0/commons-beanutils-1.8.0.jar:/home/drift/Documents/thirdPartyLibs/json-lib-2.4-jdk15/dependancy/commons-collections-3.2.1/commons-collections-3.2.1.jar:/home/drift/Documents/thirdPartyLibs/json-lib-2.4-jdk15/dependancy/commons-lang-2.5/commons-lang-2.5.jar:/home/drift/Documents/thirdPartyLibs/json-lib-2.4-jdk15/dependancy/commons-logging-1.1.1/commons-logging-1.1.1.jar:/home/drift/Documents/thirdPartyLibs/json-lib-2.4-jdk15/dependancy/ezmorph-1.0.6.jar:/home/drift/Documents/thirdPartyLibs/mysql-connector-java-5.1.42/mysql-connector-java-5.1.42-bin.jar
Launcher Type: SUN_STANDARD

Environment Variables:
JAVA_HOME=/usr/java/jdk
JRE_HOME=/usr/java/jdk/jre
CLASSPATH=.:/usr/java/jdk/lib:/usr/java/jdk/jre/lib:.:$JAVA_HOME/lib:$JAVA_HOME/jre/lib
PATH=/home/drift/bin:/usr/java/jdk/bin:/usr/java/jdk/jre/bin:/usr/local/sbin:/usr/local/bin:/usr/sbin:/usr/bin:/sbin:/bin:/usr/games:/usr/local/games:$JAVA_HOME/bin:/snap/bin
SHELL=/bin/bash
DISPLAY=:0

Signal Handlers:
SIGSEGV: [libjvm.so+0xac78c0], sa_mask[0]=11111111011111111101111111111110, sa_flags=SA_RESTART|SA_SIGINFO
SIGBUS: [libjvm.so+0xac78c0], sa_mask[0]=11111111011111111101111111111110, sa_flags=SA_RESTART|SA_SIGINFO
SIGFPE: [libjvm.so+0x920ac0], sa_mask[0]=11111111011111111101111111111110, sa_flags=SA_RESTART|SA_SIGINFO
SIGPIPE: [libjvm.so+0x920ac0], sa_mask[0]=11111111011111111101111111111110, sa_flags=SA_RESTART|SA_SIGINFO
SIGXFSZ: [libjvm.so+0x920ac0], sa_mask[0]=11111111011111111101111111111110, sa_flags=SA_RESTART|SA_SIGINFO
SIGILL: [libjvm.so+0x920ac0], sa_mask[0]=11111111011111111101111111111110, sa_flags=SA_RESTART|SA_SIGINFO
SIGUSR1: SIG_DFL, sa_mask[0]=00000000000000000000000000000000, sa_flags=none
SIGUSR2: [libjvm.so+0x922300], sa_mask[0]=00100000000000000000000000000000, sa_flags=SA_RESTART|SA_SIGINFO
SIGHUP: [libjvm.so+0x923700], sa_mask[0]=11111111011111111101111111111110, sa_flags=SA_RESTART|SA_SIGINFO
SIGINT: [libjvm.so+0x923700], sa_mask[0]=11111111011111111101111111111110, sa_flags=SA_RESTART|SA_SIGINFO
SIGTERM: [libjvm.so+0x923700], sa_mask[0]=11111111011111111101111111111110, sa_flags=SA_RESTART|SA_SIGINFO
SIGQUIT: [libjvm.so+0x923700], sa_mask[0]=11111111011111111101111111111110, sa_flags=SA_RESTART|SA_SIGINFO


---------------  S Y S T E M  ---------------

OS:DISTRIB_ID=Ubuntu
DISTRIB_RELEASE=16.04
DISTRIB_CODENAME=xenial
DISTRIB_DESCRIPTION="Ubuntu 16.04.2 LTS"

uname:Linux 4.4.0-78-generic #99-Ubuntu SMP Thu Apr 27 15:29:09 UTC 2017 x86_64
libc:glibc 2.23 NPTL 2.23 
rlimit: STACK 8192k, CORE 0k, NPROC 30597, NOFILE 65536, AS infinity
load average:0.85 0.51 0.32

/proc/meminfo:
MemTotal:        7873692 kB
MemFree:         2800968 kB
MemAvailable:    5010808 kB
Buffers:          394284 kB
Cached:          2249780 kB
SwapCached:          104 kB
Active:          3551068 kB
Inactive:        1102444 kB
Active(anon):    1766928 kB
Inactive(anon):   628892 kB
Active(file):    1784140 kB
Inactive(file):   473552 kB
Unevictable:         488 kB
Mlocked:             448 kB
SwapTotal:       8081404 kB
SwapFree:        8081288 kB
Dirty:               212 kB
Writeback:           256 kB
AnonPages:       2008524 kB
Mapped:           396132 kB
Shmem:            386788 kB
Slab:             304540 kB
SReclaimable:     258004 kB
SUnreclaim:        46536 kB
KernelStack:       15024 kB
PageTables:        25300 kB
NFS_Unstable:          0 kB
Bounce:                0 kB
WritebackTmp:          0 kB
CommitLimit:    12018248 kB
Committed_AS:    6534316 kB
VmallocTotal:   34359738367 kB
VmallocUsed:           0 kB
VmallocChunk:          0 kB
HardwareCorrupted:     0 kB
AnonHugePages:   1613824 kB
CmaTotal:              0 kB
CmaFree:               0 kB
HugePages_Total:       0
HugePages_Free:        0
HugePages_Rsvd:        0
HugePages_Surp:        0
Hugepagesize:       2048 kB
DirectMap4k:      233668 kB
DirectMap2M:     7849984 kB
DirectMap1G:           0 kB


CPU:total 4 (2 cores per cpu, 2 threads per core) family 6 model 60 stepping 3, cmov, cx8, fxsr, mmx, sse, sse2, sse3, ssse3, sse4.1, sse4.2, popcnt, avx, avx2, aes, clmul, erms, lzcnt, ht, tsc, tscinvbit, bmi1, bmi2

/proc/cpuinfo:
processor	: 0
vendor_id	: GenuineIntel
cpu family	: 6
model		: 60
model name	: Intel(R) Core(TM) i5-4200M CPU @ 2.50GHz
stepping	: 3
microcode	: 0x17
cpu MHz		: 3000.000
cache size	: 3072 KB
physical id	: 0
siblings	: 4
core id		: 0
cpu cores	: 2
apicid		: 0
initial apicid	: 0
fpu		: yes
fpu_exception	: yes
cpuid level	: 13
wp		: yes
flags		: fpu vme de pse tsc msr pae mce cx8 apic sep mtrr pge mca cmov pat pse36 clflush dts acpi mmx fxsr sse sse2 ss ht tm pbe syscall nx pdpe1gb rdtscp lm constant_tsc arch_perfmon pebs bts rep_good nopl xtopology nonstop_tsc aperfmperf eagerfpu pni pclmulqdq dtes64 monitor ds_cpl vmx est tm2 ssse3 sdbg fma cx16 xtpr pdcm pcid sse4_1 sse4_2 movbe popcnt tsc_deadline_timer aes xsave avx f16c rdrand lahf_lm abm epb tpr_shadow vnmi flexpriority ept vpid fsgsbase tsc_adjust bmi1 avx2 smep bmi2 erms invpcid xsaveopt dtherm ida arat pln pts
bugs		:
bogomips	: 4988.10
clflush size	: 64
cache_alignment	: 64
address sizes	: 39 bits physical, 48 bits virtual
power management:

processor	: 1
vendor_id	: GenuineIntel
cpu family	: 6
model		: 60
model name	: Intel(R) Core(TM) i5-4200M CPU @ 2.50GHz
stepping	: 3
microcode	: 0x17
cpu MHz		: 3000.000
cache size	: 3072 KB
physical id	: 0
siblings	: 4
core id		: 0
cpu cores	: 2
apicid		: 1
initial apicid	: 1
fpu		: yes
fpu_exception	: yes
cpuid level	: 13
wp		: yes
flags		: fpu vme de pse tsc msr pae mce cx8 apic sep mtrr pge mca cmov pat pse36 clflush dts acpi mmx fxsr sse sse2 ss ht tm pbe syscall nx pdpe1gb rdtscp lm constant_tsc arch_perfmon pebs bts rep_good nopl xtopology nonstop_tsc aperfmperf eagerfpu pni pclmulqdq dtes64 monitor ds_cpl vmx est tm2 ssse3 sdbg fma cx16 xtpr pdcm pcid sse4_1 sse4_2 movbe popcnt tsc_deadline_timer aes xsave avx f16c rdrand lahf_lm abm epb tpr_shadow vnmi flexpriority ept vpid fsgsbase tsc_adjust bmi1 avx2 smep bmi2 erms invpcid xsaveopt dtherm ida arat pln pts
bugs		:
bogomips	: 4988.10
clflush size	: 64
cache_alignment	: 64
address sizes	: 39 bits physical, 48 bits virtual
power management:

processor	: 2
vendor_id	: GenuineIntel
cpu family	: 6
model		: 60
model name	: Intel(R) Core(TM) i5-4200M CPU @ 2.50GHz
stepping	: 3
microcode	: 0x17
cpu MHz		: 3000.000
cache size	: 3072 KB
physical id	: 0
siblings	: 4
core id		: 1
cpu cores	: 2
apicid		: 2
initial apicid	: 2
fpu		: yes
fpu_exception	: yes
cpuid level	: 13
wp		: yes
flags		: fpu vme de pse tsc msr pae mce cx8 apic sep mtrr pge mca cmov pat pse36 clflush dts acpi mmx fxsr sse sse2 ss ht tm pbe syscall nx pdpe1gb rdtscp lm constant_tsc arch_perfmon pebs bts rep_good nopl xtopology nonstop_tsc aperfmperf eagerfpu pni pclmulqdq dtes64 monitor ds_cpl vmx est tm2 ssse3 sdbg fma cx16 xtpr pdcm pcid sse4_1 sse4_2 movbe popcnt tsc_deadline_timer aes xsave avx f16c rdrand lahf_lm abm epb tpr_shadow vnmi flexpriority ept vpid fsgsbase tsc_adjust bmi1 avx2 smep bmi2 erms invpcid xsaveopt dtherm ida arat pln pts
bugs		:
bogomips	: 4988.10
clflush size	: 64
cache_alignment	: 64
address sizes	: 39 bits physical, 48 bits virtual
power management:

processor	: 3
vendor_id	: GenuineIntel
cpu family	: 6
model		: 60
model name	: Intel(R) Core(TM) i5-4200M CPU @ 2.50GHz
stepping	: 3
microcode	: 0x17
cpu MHz		: 2999.902
cache size	: 3072 KB
physical id	: 0
siblings	: 4
core id		: 1
cpu cores	: 2
apicid		: 3
initial apicid	: 3
fpu		: yes
fpu_exception	: yes
cpuid level	: 13
wp		: yes
flags		: fpu vme de pse tsc msr pae mce cx8 apic sep mtrr pge mca cmov pat pse36 clflush dts acpi mmx fxsr sse sse2 ss ht tm pbe syscall nx pdpe1gb rdtscp lm constant_tsc arch_perfmon pebs bts rep_good nopl xtopology nonstop_tsc aperfmperf eagerfpu pni pclmulqdq dtes64 monitor ds_cpl vmx est tm2 ssse3 sdbg fma cx16 xtpr pdcm pcid sse4_1 sse4_2 movbe popcnt tsc_deadline_timer aes xsave avx f16c rdrand lahf_lm abm epb tpr_shadow vnmi flexpriority ept vpid fsgsbase tsc_adjust bmi1 avx2 smep bmi2 erms invpcid xsaveopt dtherm ida arat pln pts
bugs		:
bogomips	: 4988.10
clflush size	: 64
cache_alignment	: 64
address sizes	: 39 bits physical, 48 bits virtual
power management:



Memory: 4k page, physical 7873692k(2800968k free), swap 8081404k(8081288k free)

vm_info: Java HotSpot(TM) 64-Bit Server VM (25.121-b13) for linux-amd64 JRE (1.8.0_121-b13), built on Dec 12 2016 16:36:53 by "java_re" with gcc 4.3.0 20080428 (Red Hat 4.3.0-8)

time: Fri May 26 08:56:35 2017
elapsed time: 10338 seconds (0d 2h 52m 18s)

