#
# A fatal error has been detected by the Java Runtime Environment:
#
#  SIGSEGV (0xb) at pc=0x00007f0986b65c72, pid=5092, tid=0x00007f0987bee700
#
# JRE version: Java(TM) SE Runtime Environment (8.0_121-b13) (build 1.8.0_121-b13)
# Java VM: Java HotSpot(TM) 64-Bit Server VM (25.121-b13 mixed mode linux-amd64 compressed oops)
# Problematic frame:
# C  [libR.so+0x136c72]
#
# Failed to write core dump. Core dumps have been disabled. To enable core dumping, try "ulimit -c unlimited" before starting Java again
#
# If you would like to submit a bug report, please visit:
#   http://bugreport.java.com/bugreport/crash.jsp
# The crash happened outside the Java Virtual Machine in native code.
# See problematic frame for where to report the bug.
#

---------------  T H R E A D  ---------------

Current thread (0x00007f0980002800):  JavaThread "AWT-EventQueue-0" [_thread_in_native, id=5117, stack(0x00007f0987aee000,0x00007f0987bef000)]

siginfo: si_signo: 11 (SIGSEGV), si_code: 1 (SEGV_MAPERR), si_addr: 0x0000000000000018

Registers:
RAX=0x0000000000000000, RBX=0x00007f0974042320, RCX=0x00007f0974042328, RDX=0x0000000000000005
RSP=0x00007f0987beae40, RBP=0x0000000000000030, RSI=0x00000000002ac000, RDI=0x0000000000000002
R8 =0x00007f0986f03ba0, R9 =0x0000000000000000, R10=0x00007f0974042310, R11=0x00007f0974000078
R12=0x0000000000000028, R13=0x0000000000000001, R14=0x00007f0986f03ba0, R15=0x0000000000000001
RIP=0x00007f0986b65c72, EFLAGS=0x0000000000010206, CSGSFS=0x0000000000000033, ERR=0x0000000000000004
  TRAPNO=0x000000000000000e

Top of Stack: (sp=0x00007f0987beae40)
0x00007f0987beae40:   0000000000000000 0000000000000000
0x00007f0987beae50:   0000000000000001 0000000000000010
0x00007f0987beae60:   0000000000000001 00007f0986b672d2
0x00007f0987beae70:   00007f09e30a29e0 0000000000000001
0x00007f0987beae80:   00007f0986f03a40 0000000000000029
0x00007f0987beae90:   00007f097404205c 00007f09800029f8
0x00007f0987beaea0:   0000000000000001 00007f0974042010
0x00007f0987beaeb0:   00007f0987beafc8 00007f0987beafd0
0x00007f0987beaec0:   00007f0980002800 00007f0986fe661b
0x00007f0987beaed0:   000000000000000c 00007f0985e80b08
0x00007f0987beaee0:   0000000000000001 0000000000000000
0x00007f0987beaef0:   00007f0985e80b08 00007f0986fe53c0
0x00007f0987beaf00:   0000000000000000 019c09fcd0395d00
0x00007f0987beaf10:   00007f0987beafa0 00007f0985e80b08
0x00007f0987beaf20:   00007f0987beafa0 00007f09cd0184cf
0x00007f0987beaf30:   00007f0987beafa0 00007f09cd018285
0x00007f0987beaf40:   00007f0987beafa0 00007f09cd018251
0x00007f0987beaf50:   0000000000000003 00000000d8081408
0x00007f0987beaf60:   00007f0987beaf50 00007f0985e80b08
0x00007f0987beaf70:   00007f0987beafd0 00007f0985eb42c8
0x00007f0987beaf80:   0000000000000000 00007f0985e80b08
0x00007f0987beaf90:   0000000000000000 00007f0987beafc0
0x00007f0987beafa0:   00007f0987beb028 00007f09cd007dd0
0x00007f0987beafb0:   0000000000000000 00007f09cd011537
0x00007f0987beafc0:   0000000000000001 00000000d8086c50
0x00007f0987beafd0:   00000000d8081408 0000000000000000
0x00007f0987beafe0:   00000000d8081408 00007f0987beafd8
0x00007f0987beaff0:   00007f0985eb3435 00007f0987beb088
0x00007f0987beb000:   00007f0985eb42c8 0000000000000000
0x00007f0987beb010:   00007f0985eb3518 00007f0987beafc0
0x00007f0987beb020:   00007f0987beb078 00007f0987beb0e0
0x00007f0987beb030:   00007f09cd008040 0000000000000000 

Instructions: (pc=0x00007f0986b65c72)
0x00007f0986b65c52:   80 58 01 00 00 41 83 80 54 01 00 00 01 45 85 e4
0x00007f0986b65c62:   49 89 98 58 01 00 00 48 89 03 49 8b 40 10 74 53
0x00007f0986b65c72:   4c 8b 48 18 8b 3d 24 e9 39 00 31 d2 41 c1 e5 05
0x00007f0986b65c82:   66 0f 1f 44 00 00 48 89 41 10 41 83 80 50 01 00 

Register to memory mapping:

RAX=0x0000000000000000 is an unknown value
RBX=0x00007f0974042320 is an unknown value
RCX=0x00007f0974042328 is an unknown value
RDX=0x0000000000000005 is an unknown value
RSP=0x00007f0987beae40 is pointing into the stack for thread: 0x00007f0980002800
RBP=0x0000000000000030 is an unknown value
RSI=0x00000000002ac000 is an unknown value
RDI=0x0000000000000002 is an unknown value
R8 =0x00007f0986f03ba0: <offset 0x4d4ba0> in /usr/lib/libR.so at 0x00007f0986a2f000
R9 =0x0000000000000000 is an unknown value
R10=0x00007f0974042310 is an unknown value
R11=0x00007f0974000078 is an unknown value
R12=0x0000000000000028 is an unknown value
R13=0x0000000000000001 is an unknown value
R14=0x00007f0986f03ba0: <offset 0x4d4ba0> in /usr/lib/libR.so at 0x00007f0986a2f000
R15=0x0000000000000001 is an unknown value


Stack: [0x00007f0987aee000,0x00007f0987bef000],  sp=0x00007f0987beae40,  free space=1011k
Native frames: (J=compiled Java code, j=interpreted, Vv=VM code, C=native code)
C  [libR.so+0x136c72]

Java frames: (J=compiled Java code, j=interpreted, Vv=VM code)
j  org.rosuda.JRI.Rengine.rniParse(Ljava/lang/String;I)J+0
j  org.rosuda.JRI.Rengine.eval(Ljava/lang/String;Z)Lorg/rosuda/JRI/REXP;+53
j  org.rosuda.JRI.Rengine.eval(Ljava/lang/String;)Lorg/rosuda/JRI/REXP;+3
j  Panels.PhotoFuturePanel.j2i(I)[D+30
j  Panels.PhotoFuturePanel.<init>(I)V+13
j  Panels.ForecastPanel.doEnquery()V+117
j  Panels.ForecastPanel$1.actionPerformed(Ljava/awt/event/ActionEvent;)V+4
j  javax.swing.AbstractButton.fireActionPerformed(Ljava/awt/event/ActionEvent;)V+83
j  javax.swing.AbstractButton$Handler.actionPerformed(Ljava/awt/event/ActionEvent;)V+5
j  javax.swing.DefaultButtonModel.fireActionPerformed(Ljava/awt/event/ActionEvent;)V+34
j  javax.swing.DefaultButtonModel.setPressed(Z)V+117
j  javax.swing.plaf.basic.BasicButtonListener.mouseReleased(Ljava/awt/event/MouseEvent;)V+35
j  java.awt.Component.processMouseEvent(Ljava/awt/event/MouseEvent;)V+64
j  javax.swing.JComponent.processMouseEvent(Ljava/awt/event/MouseEvent;)V+23
J 2575 C1 java.awt.Component.processEvent(Ljava/awt/AWTEvent;)V (220 bytes) @ 0x00007f09cd8890dc [0x00007f09cd888bc0+0x51c]
J 2484 C1 java.awt.Container.processEvent(Ljava/awt/AWTEvent;)V (22 bytes) @ 0x00007f09cd83cb04 [0x00007f09cd83c7e0+0x324]
J 2481 C1 java.awt.Component.dispatchEventImpl(Ljava/awt/AWTEvent;)V (883 bytes) @ 0x00007f09cd832efc [0x00007f09cd82da80+0x547c]
J 2050 C1 java.awt.Container.dispatchEventImpl(Ljava/awt/AWTEvent;)V (129 bytes) @ 0x00007f09cd6ea364 [0x00007f09cd6ea220+0x144]
J 1878 C1 java.awt.Component.dispatchEvent(Ljava/awt/AWTEvent;)V (6 bytes) @ 0x00007f09cd6408c4 [0x00007f09cd6407c0+0x104]
j  java.awt.LightweightDispatcher.retargetMouseEvent(Ljava/awt/Component;ILjava/awt/event/MouseEvent;)V+327
J 2469 C1 java.awt.LightweightDispatcher.processMouseEvent(Ljava/awt/event/MouseEvent;)Z (286 bytes) @ 0x00007f09cd8246dc [0x00007f09cd822fc0+0x171c]
J 2486 C1 java.awt.LightweightDispatcher.dispatchEvent(Ljava/awt/AWTEvent;)Z (73 bytes) @ 0x00007f09cd83b434 [0x00007f09cd83b000+0x434]
J 2050 C1 java.awt.Container.dispatchEventImpl(Ljava/awt/AWTEvent;)V (129 bytes) @ 0x00007f09cd6ea304 [0x00007f09cd6ea220+0xe4]
J 2083 C1 java.awt.Window.dispatchEventImpl(Ljava/awt/AWTEvent;)V (23 bytes) @ 0x00007f09cd703f04 [0x00007f09cd703920+0x5e4]
J 2472 C1 java.awt.EventQueue.dispatchEventImpl(Ljava/awt/AWTEvent;Ljava/lang/Object;)V (149 bytes) @ 0x00007f09cd8214ac [0x00007f09cd81fc80+0x182c]
J 2470 C1 java.awt.EventQueue$3.run()Ljava/lang/Void; (60 bytes) @ 0x00007f09cd81f444 [0x00007f09cd81f240+0x204]
J 2058 C1 java.awt.EventQueue$3.run()Ljava/lang/Object; (5 bytes) @ 0x00007f09cd6f17cc [0x00007f09cd6f1740+0x8c]
v  ~StubRoutines::call_stub
J 1769  java.security.AccessController.doPrivileged(Ljava/security/PrivilegedAction;Ljava/security/AccessControlContext;)Ljava/lang/Object; (0 bytes) @ 0x00007f09cd5e00e3 [0x00007f09cd5e0080+0x63]
J 1973 C1 java.awt.EventQueue$4.run()Ljava/lang/Object; (5 bytes) @ 0x00007f09cd67d3e4 [0x00007f09cd67cfc0+0x424]
v  ~StubRoutines::call_stub
J 1769  java.security.AccessController.doPrivileged(Ljava/security/PrivilegedAction;Ljava/security/AccessControlContext;)Ljava/lang/Object; (0 bytes) @ 0x00007f09cd5e00e3 [0x00007f09cd5e0080+0x63]
J 2054 C1 java.awt.EventQueue.dispatchEvent(Ljava/awt/AWTEvent;)V (80 bytes) @ 0x00007f09cd6eef34 [0x00007f09cd6ee0c0+0xe74]
J 2063 C1 java.awt.EventDispatchThread.pumpOneEventForFilters(I)V (295 bytes) @ 0x00007f09cd6f7094 [0x00007f09cd6f5540+0x1b54]
j  java.awt.EventDispatchThread.pumpEventsForFilter(ILjava/awt/Conditional;Ljava/awt/EventFilter;)V+35
j  java.awt.EventDispatchThread.pumpEventsForHierarchy(ILjava/awt/Conditional;Ljava/awt/Component;)V+11
j  java.awt.EventDispatchThread.pumpEvents(ILjava/awt/Conditional;)V+4
j  java.awt.EventDispatchThread.pumpEvents(Ljava/awt/Conditional;)V+3
j  java.awt.EventDispatchThread.run()V+9
v  ~StubRoutines::call_stub

---------------  P R O C E S S  ---------------

Java Threads: ( => current thread )
  0x00007f0974041000 JavaThread "Thread-2" [_thread_blocked, id=5124, stack(0x00007f09879ed000,0x00007f0987aee000)]
  0x00007f09dc008000 JavaThread "DestroyJavaVM" [_thread_blocked, id=5098, stack(0x00007f09e3bc2000,0x00007f09e3cc3000)]
  0x00007f09dc4de800 JavaThread "Thread-1" [_thread_blocked, id=5120, stack(0x00007f09873eb000,0x00007f09874ec000)]
=>0x00007f0980002800 JavaThread "AWT-EventQueue-0" [_thread_in_native, id=5117, stack(0x00007f0987aee000,0x00007f0987bef000)]
  0x00007f0980001800 JavaThread "AWT-Shutdown" [_thread_blocked, id=5116, stack(0x00007f09b40a0000,0x00007f09b41a1000)]
  0x00007f09dc298800 JavaThread "TimerQueue" daemon [_thread_blocked, id=5114, stack(0x00007f09b4b00000,0x00007f09b4c01000)]
  0x00007f09dc216000 JavaThread "AWT-XAWT" daemon [_thread_in_native, id=5113, stack(0x00007f09b4c01000,0x00007f09b4d02000)]
  0x00007f09dc1f7000 JavaThread "Java2D Disposer" daemon [_thread_blocked, id=5112, stack(0x00007f09b5112000,0x00007f09b5213000)]
  0x00007f09dc0bf800 JavaThread "Service Thread" daemon [_thread_blocked, id=5110, stack(0x00007f09b6e66000,0x00007f09b6f67000)]
  0x00007f09dc0bc000 JavaThread "C1 CompilerThread2" daemon [_thread_blocked, id=5109, stack(0x00007f09b6f67000,0x00007f09b7068000)]
  0x00007f09dc0ba800 JavaThread "C2 CompilerThread1" daemon [_thread_blocked, id=5108, stack(0x00007f09b7068000,0x00007f09b7169000)]
  0x00007f09dc0b7800 JavaThread "C2 CompilerThread0" daemon [_thread_blocked, id=5107, stack(0x00007f09b7169000,0x00007f09b726a000)]
  0x00007f09dc0b6000 JavaThread "Signal Dispatcher" daemon [_thread_blocked, id=5106, stack(0x00007f09b726a000,0x00007f09b736b000)]
  0x00007f09dc082000 JavaThread "Finalizer" daemon [_thread_blocked, id=5105, stack(0x00007f09b77f8000,0x00007f09b78f9000)]
  0x00007f09dc07d800 JavaThread "Reference Handler" daemon [_thread_blocked, id=5104, stack(0x00007f09b78f9000,0x00007f09b79fa000)]

Other Threads:
  0x00007f09dc076000 VMThread [stack: 0x00007f09b79fa000,0x00007f09b7afb000] [id=5103]
  0x00007f09dc0c2000 WatcherThread [stack: 0x00007f09b6d65000,0x00007f09b6e66000] [id=5111]

VM state:not at safepoint (normal execution)

VM Mutex/Monitor currently owned by a thread: None

Heap:
 PSYoungGen      total 36352K, used 1853K [0x00000000d7f00000, 0x00000000da780000, 0x0000000100000000)
  eden space 31232K, 5% used [0x00000000d7f00000,0x00000000d80cf648,0x00000000d9d80000)
  from space 5120K, 0% used [0x00000000d9d80000,0x00000000d9d80000,0x00000000da280000)
  to   space 5120K, 0% used [0x00000000da280000,0x00000000da280000,0x00000000da780000)
 ParOldGen       total 44032K, used 9404K [0x0000000087c00000, 0x000000008a700000, 0x00000000d7f00000)
  object space 44032K, 21% used [0x0000000087c00000,0x000000008852f378,0x000000008a700000)
 Metaspace       used 20881K, capacity 21240K, committed 21552K, reserved 1069056K
  class space    used 2291K, capacity 2406K, committed 2432K, reserved 1048576K

Card table byte_map: [0x00007f09e0df4000,0x00007f09e11b7000] byte_map_base: 0x00007f09e09b6000

Marking Bits: (ParMarkBitMap*) 0x00007f09e30a1c80
 Begin Bits: [0x00007f09bc3e0000, 0x00007f09be1f0000)
 End Bits:   [0x00007f09be1f0000, 0x00007f09c0000000)

Polling page: 0x00007f09e3cf1000

CodeCache: size=245760Kb used=8753Kb max_used=8767Kb free=237006Kb
 bounds [0x00007f09cd000000, 0x00007f09cd8a0000, 0x00007f09dc000000]
 total_blobs=3276 nmethods=2587 adapters=601
 compilation: enabled

Compilation events (10 events):
Event: 14.237 Thread 0x00007f09dc0bc000 2583       3       sun.awt.image.SunVolatileImage::contentsLost (8 bytes)
Event: 14.237 Thread 0x00007f09dc0bc000 nmethod 2583 0x00007f09cd88f090 code [0x00007f09cd88f200, 0x00007f09cd88f3f0]
Event: 14.238 Thread 0x00007f09dc0bc000 2585       3       java.awt.geom.Rectangle2D$Float::getHeight (6 bytes)
Event: 14.238 Thread 0x00007f09dc0bc000 nmethod 2585 0x00007f09cd88f490 code [0x00007f09cd88f5e0, 0x00007f09cd88f730]
Event: 14.244 Thread 0x00007f09dc0bc000 2586       3       java.util.Calendar::clear (54 bytes)
Event: 14.244 Thread 0x00007f09dc0bc000 nmethod 2586 0x00007f09cd88f790 code [0x00007f09cd88f900, 0x00007f09cd88fb70]
Event: 14.406 Thread 0x00007f09dc0ba800 2587       4       sun.net.www.ParseUtil::encodePath (336 bytes)
Event: 14.409 Thread 0x00007f09dc0b7800 2588 % !   4       java.util.concurrent.ConcurrentHashMap::transfer @ 376 (832 bytes)
Event: 14.437 Thread 0x00007f09dc0ba800 nmethod 2587 0x00007f09cd893290 code [0x00007f09cd893440, 0x00007f09cd893d88]
Event: 14.450 Thread 0x00007f09dc0b7800 nmethod 2588% 0x00007f09cd890510 code [0x00007f09cd8906c0, 0x00007f09cd891508]

GC Heap History (8 events):
Event: 1.670 GC heap before
{Heap before GC invocations=1 (full 0):
 PSYoungGen      total 36352K, used 31232K [0x00000000d7f00000, 0x00000000da780000, 0x0000000100000000)
  eden space 31232K, 100% used [0x00000000d7f00000,0x00000000d9d80000,0x00000000d9d80000)
  from space 5120K, 0% used [0x00000000da280000,0x00000000da280000,0x00000000da780000)
  to   space 5120K, 0% used [0x00000000d9d80000,0x00000000d9d80000,0x00000000da280000)
 ParOldGen       total 83456K, used 0K [0x0000000087c00000, 0x000000008cd80000, 0x00000000d7f00000)
  object space 83456K, 0% used [0x0000000087c00000,0x0000000087c00000,0x000000008cd80000)
 Metaspace       used 15571K, capacity 15834K, committed 16128K, reserved 1062912K
  class space    used 1711K, capacity 1787K, committed 1792K, reserved 1048576K
Event: 1.678 GC heap after
Heap after GC invocations=1 (full 0):
 PSYoungGen      total 36352K, used 5102K [0x00000000d7f00000, 0x00000000da780000, 0x0000000100000000)
  eden space 31232K, 0% used [0x00000000d7f00000,0x00000000d7f00000,0x00000000d9d80000)
  from space 5120K, 99% used [0x00000000d9d80000,0x00000000da27b860,0x00000000da280000)
  to   space 5120K, 0% used [0x00000000da280000,0x00000000da280000,0x00000000da780000)
 ParOldGen       total 83456K, used 1743K [0x0000000087c00000, 0x000000008cd80000, 0x00000000d7f00000)
  object space 83456K, 2% used [0x0000000087c00000,0x0000000087db3c60,0x000000008cd80000)
 Metaspace       used 15571K, capacity 15834K, committed 16128K, reserved 1062912K
  class space    used 1711K, capacity 1787K, committed 1792K, reserved 1048576K
}
Event: 7.734 GC heap before
{Heap before GC invocations=2 (full 0):
 PSYoungGen      total 36352K, used 36334K [0x00000000d7f00000, 0x00000000da780000, 0x0000000100000000)
  eden space 31232K, 100% used [0x00000000d7f00000,0x00000000d9d80000,0x00000000d9d80000)
  from space 5120K, 99% used [0x00000000d9d80000,0x00000000da27b860,0x00000000da280000)
  to   space 5120K, 0% used [0x00000000da280000,0x00000000da280000,0x00000000da780000)
 ParOldGen       total 83456K, used 1743K [0x0000000087c00000, 0x000000008cd80000, 0x00000000d7f00000)
  object space 83456K, 2% used [0x0000000087c00000,0x0000000087db3c60,0x000000008cd80000)
 Metaspace       used 20452K, capacity 20742K, committed 21120K, reserved 1069056K
  class space    used 2280K, capacity 2371K, committed 2432K, reserved 1048576K
Event: 7.742 GC heap after
Heap after GC invocations=2 (full 0):
 PSYoungGen      total 36352K, used 5094K [0x00000000d7f00000, 0x00000000da780000, 0x0000000100000000)
  eden space 31232K, 0% used [0x00000000d7f00000,0x00000000d7f00000,0x00000000d9d80000)
  from space 5120K, 99% used [0x00000000da280000,0x00000000da779b50,0x00000000da780000)
  to   space 5120K, 0% used [0x00000000d9d80000,0x00000000d9d80000,0x00000000da280000)
 ParOldGen       total 83456K, used 4797K [0x0000000087c00000, 0x000000008cd80000, 0x00000000d7f00000)
  object space 83456K, 5% used [0x0000000087c00000,0x00000000880af670,0x000000008cd80000)
 Metaspace       used 20452K, capacity 20742K, committed 21120K, reserved 1069056K
  class space    used 2280K, capacity 2371K, committed 2432K, reserved 1048576K
}
Event: 10.350 GC heap before
{Heap before GC invocations=3 (full 0):
 PSYoungGen      total 36352K, used 14426K [0x00000000d7f00000, 0x00000000da780000, 0x0000000100000000)
  eden space 31232K, 29% used [0x00000000d7f00000,0x00000000d881ce58,0x00000000d9d80000)
  from space 5120K, 99% used [0x00000000da280000,0x00000000da779b50,0x00000000da780000)
  to   space 5120K, 0% used [0x00000000d9d80000,0x00000000d9d80000,0x00000000da280000)
 ParOldGen       total 83456K, used 4797K [0x0000000087c00000, 0x000000008cd80000, 0x00000000d7f00000)
  object space 83456K, 5% used [0x0000000087c00000,0x00000000880af670,0x000000008cd80000)
 Metaspace       used 20748K, capacity 21010K, committed 21296K, reserved 1069056K
  class space    used 2287K, capacity 2373K, committed 2432K, reserved 1048576K
Event: 10.359 GC heap after
Heap after GC invocations=3 (full 0):
 PSYoungGen      total 36352K, used 5112K [0x00000000d7f00000, 0x00000000da780000, 0x0000000100000000)
  eden space 31232K, 0% used [0x00000000d7f00000,0x00000000d7f00000,0x00000000d9d80000)
  from space 5120K, 99% used [0x00000000d9d80000,0x00000000da27e370,0x00000000da280000)
  to   space 5120K, 0% used [0x00000000da280000,0x00000000da280000,0x00000000da780000)
 ParOldGen       total 83456K, used 6833K [0x0000000087c00000, 0x000000008cd80000, 0x00000000d7f00000)
  object space 83456K, 8% used [0x0000000087c00000,0x00000000882ac500,0x000000008cd80000)
 Metaspace       used 20748K, capacity 21010K, committed 21296K, reserved 1069056K
  class space    used 2287K, capacity 2373K, committed 2432K, reserved 1048576K
}
Event: 10.359 GC heap before
{Heap before GC invocations=4 (full 1):
 PSYoungGen      total 36352K, used 5112K [0x00000000d7f00000, 0x00000000da780000, 0x0000000100000000)
  eden space 31232K, 0% used [0x00000000d7f00000,0x00000000d7f00000,0x00000000d9d80000)
  from space 5120K, 99% used [0x00000000d9d80000,0x00000000da27e370,0x00000000da280000)
  to   space 5120K, 0% used [0x00000000da280000,0x00000000da280000,0x00000000da780000)
 ParOldGen       total 83456K, used 6833K [0x0000000087c00000, 0x000000008cd80000, 0x00000000d7f00000)
  object space 83456K, 8% used [0x0000000087c00000,0x00000000882ac500,0x000000008cd80000)
 Metaspace       used 20748K, capacity 21010K, committed 21296K, reserved 1069056K
  class space    used 2287K, capacity 2373K, committed 2432K, reserved 1048576K
Event: 10.396 GC heap after
Heap after GC invocations=4 (full 1):
 PSYoungGen      total 36352K, used 0K [0x00000000d7f00000, 0x00000000da780000, 0x0000000100000000)
  eden space 31232K, 0% used [0x00000000d7f00000,0x00000000d7f00000,0x00000000d9d80000)
  from space 5120K, 0% used [0x00000000d9d80000,0x00000000d9d80000,0x00000000da280000)
  to   space 5120K, 0% used [0x00000000da280000,0x00000000da280000,0x00000000da780000)
 ParOldGen       total 44032K, used 9404K [0x0000000087c00000, 0x000000008a700000, 0x00000000d7f00000)
  object space 44032K, 21% used [0x0000000087c00000,0x000000008852f378,0x000000008a700000)
 Metaspace       used 20748K, capacity 21010K, committed 21296K, reserved 1069056K
  class space    used 2287K, capacity 2373K, committed 2432K, reserved 1048576K
}

Deoptimization events (10 events):
Event: 1.784 Thread 0x00007f09dc008000 Uncommon trap: reason=bimorphic action=maybe_recompile pc=0x00007f09cd4223a0 method=java.util.HashMap.putVal(ILjava/lang/Object;Ljava/lang/Object;ZZ)Ljava/lang/Object; @ 91
Event: 1.786 Thread 0x00007f09dc008000 Uncommon trap: reason=unstable_if action=reinterpret pc=0x00007f09cd38d924 method=sun.nio.cs.UTF_8$Encoder.encode([CII[B)I @ 33
Event: 1.822 Thread 0x00007f09dc008000 Uncommon trap: reason=class_check action=maybe_recompile pc=0x00007f09cd2af0b4 method=java.util.AbstractCollection.toArray([Ljava/lang/Object;)[Ljava/lang/Object; @ 1
Event: 1.823 Thread 0x00007f09dc008000 Uncommon trap: reason=unstable_if action=reinterpret pc=0x00007f09cd47cd94 method=java.lang.ref.SoftReference.get()Ljava/lang/Object; @ 6
Event: 1.830 Thread 0x00007f09dc008000 Uncommon trap: reason=unstable_if action=reinterpret pc=0x00007f09cd313d7c method=java.lang.CharacterData.of(I)Ljava/lang/CharacterData; @ 4
Event: 1.833 Thread 0x00007f09dc008000 Uncommon trap: reason=class_check action=maybe_recompile pc=0x00007f09cd2af0b4 method=java.util.AbstractCollection.toArray([Ljava/lang/Object;)[Ljava/lang/Object; @ 1
Event: 1.882 Thread 0x00007f09dc008000 Uncommon trap: reason=unstable_if action=reinterpret pc=0x00007f09cd2f3c50 method=sun.nio.cs.UTF_8$Decoder.decode([BII[C)I @ 30
Event: 2.042 Thread 0x00007f09dc008000 Uncommon trap: reason=class_check action=maybe_recompile pc=0x00007f09cd2af0b4 method=java.util.AbstractCollection.toArray([Ljava/lang/Object;)[Ljava/lang/Object; @ 1
Event: 2.042 Thread 0x00007f09dc008000 Uncommon trap: reason=class_check action=maybe_recompile pc=0x00007f09cd2af0b4 method=java.util.AbstractCollection.toArray([Ljava/lang/Object;)[Ljava/lang/Object; @ 1
Event: 2.148 Thread 0x00007f0980002800 Uncommon trap: reason=bimorphic action=maybe_recompile pc=0x00007f09cd56e100 method=java.util.AbstractCollection.toArray([Ljava/lang/Object;)[Ljava/lang/Object; @ 1

Internal exceptions (10 events):
Event: 1.930 Thread 0x00007f09dc008000 Implicit null exception at 0x00007f09cd500c86 to 0x00007f09cd5020ac
Event: 1.930 Thread 0x00007f09dc008000 Exception <a 'java/lang/NullPointerException'> (0x00000000d893e428) thrown at [/HUDSON3/workspace/8-2-build-linux-amd64/jdk8u121/8372/hotspot/src/share/vm/runtime/sharedRuntime.cpp, line 605]
Event: 1.930 Thread 0x00007f09dc008000 Exception <a 'java/io/FileNotFoundException'> (0x00000000d8941808) thrown at [/HUDSON3/workspace/8-2-build-linux-amd64/jdk8u121/8372/hotspot/src/share/vm/prims/jni.cpp, line 709]
Event: 1.930 Thread 0x00007f09dc008000 Implicit null exception at 0x00007f09cd500c86 to 0x00007f09cd5020ac
Event: 1.930 Thread 0x00007f09dc008000 Exception <a 'java/lang/NullPointerException'> (0x00000000d8941f60) thrown at [/HUDSON3/workspace/8-2-build-linux-amd64/jdk8u121/8372/hotspot/src/share/vm/runtime/sharedRuntime.cpp, line 605]
Event: 1.931 Thread 0x00007f09dc008000 Exception <a 'java/io/FileNotFoundException'> (0x00000000d894b1e0) thrown at [/HUDSON3/workspace/8-2-build-linux-amd64/jdk8u121/8372/hotspot/src/share/vm/prims/jni.cpp, line 709]
Event: 1.931 Thread 0x00007f09dc008000 Implicit null exception at 0x00007f09cd500c86 to 0x00007f09cd5020ac
Event: 1.931 Thread 0x00007f09dc008000 Exception <a 'java/lang/NullPointerException'> (0x00000000d894b938) thrown at [/HUDSON3/workspace/8-2-build-linux-amd64/jdk8u121/8372/hotspot/src/share/vm/runtime/sharedRuntime.cpp, line 605]
Event: 2.314 Thread 0x00007f0980002800 Exception <a 'java/lang/UnsupportedOperationException': > (0x00000000d9c7be00) thrown at [/HUDSON3/workspace/8-2-build-linux-amd64/jdk8u121/8372/hotspot/src/share/vm/prims/jni.cpp, line 735]
Event: 5.999 Thread 0x00007f0980002800 Exception <a 'java/lang/UnsupportedOperationException': > (0x00000000d9d11c20) thrown at [/HUDSON3/workspace/8-2-build-linux-amd64/jdk8u121/8372/hotspot/src/share/vm/prims/jni.cpp, line 735]

Events (10 events):
Event: 14.406 loading class org/jfree/data/time/Minute done
Event: 14.410 loading class org/rosuda/JRI/Rengine
Event: 14.410 loading class org/rosuda/JRI/Rengine done
Event: 14.553 loading class org/rosuda/JRI/Mutex
Event: 14.553 loading class org/rosuda/JRI/Mutex done
Event: 14.554 Thread 0x00007f0974041000 Thread added: 0x00007f0974041000
Event: 14.554 Executing VM operation: RevokeBias
Event: 14.556 Executing VM operation: RevokeBias done
Event: 14.557 Executing VM operation: RevokeBias
Event: 14.557 Executing VM operation: RevokeBias done


Dynamic libraries:
00400000-00401000 r-xp 00000000 08:07 1202280                            /usr/java/jdk/bin/java
00600000-00601000 rw-p 00000000 08:07 1202280                            /usr/java/jdk/bin/java
01085000-010a6000 rw-p 00000000 00:00 0                                  [heap]
87c00000-8a700000 rw-p 00000000 00:00 0 
8a700000-d7f00000 ---p 00000000 00:00 0 
d7f00000-da780000 rw-p 00000000 00:00 0 
da780000-100000000 ---p 00000000 00:00 0 
100000000-100260000 rw-p 00000000 00:00 0 
100260000-140000000 ---p 00000000 00:00 0 
7f096c000000-7f096c026000 rw-p 00000000 00:00 0 
7f096c026000-7f0970000000 ---p 00000000 00:00 0 
7f0970000000-7f097028d000 rw-p 00000000 00:00 0 
7f097028d000-7f0974000000 ---p 00000000 00:00 0 
7f0974000000-7f097439d000 rw-p 00000000 00:00 0 
7f097439d000-7f0978000000 ---p 00000000 00:00 0 
7f0978000000-7f0978021000 rw-p 00000000 00:00 0 
7f0978021000-7f097c000000 ---p 00000000 00:00 0 
7f097c000000-7f097c021000 rw-p 00000000 00:00 0 
7f097c021000-7f0980000000 ---p 00000000 00:00 0 
7f0980000000-7f0980021000 rw-p 00000000 00:00 0 
7f0980021000-7f0984000000 ---p 00000000 00:00 0 
7f0984dce000-7f0984df3000 r-xp 00000000 08:07 135848                     /lib/x86_64-linux-gnu/libtinfo.so.5.9
7f0984df3000-7f0984ff2000 ---p 00025000 08:07 135848                     /lib/x86_64-linux-gnu/libtinfo.so.5.9
7f0984ff2000-7f0984ff6000 r--p 00024000 08:07 135848                     /lib/x86_64-linux-gnu/libtinfo.so.5.9
7f0984ff6000-7f0984ff7000 rw-p 00028000 08:07 135848                     /lib/x86_64-linux-gnu/libtinfo.so.5.9
7f0984ff7000-7f0985018000 r-xp 00000000 08:07 1182702                    /usr/lib/x86_64-linux-gnu/libgomp.so.1.0.0
7f0985018000-7f0985217000 ---p 00021000 08:07 1182702                    /usr/lib/x86_64-linux-gnu/libgomp.so.1.0.0
7f0985217000-7f0985218000 r--p 00020000 08:07 1182702                    /usr/lib/x86_64-linux-gnu/libgomp.so.1.0.0
7f0985218000-7f0985219000 rw-p 00021000 08:07 1182702                    /usr/lib/x86_64-linux-gnu/libgomp.so.1.0.0
7f0985219000-7f0985232000 r-xp 00000000 08:07 138205                     /lib/x86_64-linux-gnu/libz.so.1.2.8
7f0985232000-7f0985431000 ---p 00019000 08:07 138205                     /lib/x86_64-linux-gnu/libz.so.1.2.8
7f0985431000-7f0985432000 r--p 00018000 08:07 138205                     /lib/x86_64-linux-gnu/libz.so.1.2.8
7f0985432000-7f0985433000 rw-p 00019000 08:07 138205                     /lib/x86_64-linux-gnu/libz.so.1.2.8
7f0985433000-7f0985442000 r-xp 00000000 08:07 135675                     /lib/x86_64-linux-gnu/libbz2.so.1.0.4
7f0985442000-7f0985641000 ---p 0000f000 08:07 135675                     /lib/x86_64-linux-gnu/libbz2.so.1.0.4
7f0985641000-7f0985642000 r--p 0000e000 08:07 135675                     /lib/x86_64-linux-gnu/libbz2.so.1.0.4
7f0985642000-7f0985643000 rw-p 0000f000 08:07 135675                     /lib/x86_64-linux-gnu/libbz2.so.1.0.4
7f0985643000-7f0985664000 r-xp 00000000 08:07 135743                     /lib/x86_64-linux-gnu/liblzma.so.5.0.0
7f0985664000-7f0985863000 ---p 00021000 08:07 135743                     /lib/x86_64-linux-gnu/liblzma.so.5.0.0
7f0985863000-7f0985864000 r--p 00020000 08:07 135743                     /lib/x86_64-linux-gnu/liblzma.so.5.0.0
7f0985864000-7f0985865000 rw-p 00021000 08:07 135743                     /lib/x86_64-linux-gnu/liblzma.so.5.0.0
7f0985865000-7f09858d3000 r-xp 00000000 08:07 135805                     /lib/x86_64-linux-gnu/libpcre.so.3.13.2
7f09858d3000-7f0985ad3000 ---p 0006e000 08:07 135805                     /lib/x86_64-linux-gnu/libpcre.so.3.13.2
7f0985ad3000-7f0985ad4000 r--p 0006e000 08:07 135805                     /lib/x86_64-linux-gnu/libpcre.so.3.13.2
7f0985ad4000-7f0985ad5000 rw-p 0006f000 08:07 135805                     /lib/x86_64-linux-gnu/libpcre.so.3.13.2
7f0985ad5000-7f0985b12000 r-xp 00000000 08:07 135827                     /lib/x86_64-linux-gnu/libreadline.so.6.3
7f0985b12000-7f0985d12000 ---p 0003d000 08:07 135827                     /lib/x86_64-linux-gnu/libreadline.so.6.3
7f0985d12000-7f0985d14000 r--p 0003d000 08:07 135827                     /lib/x86_64-linux-gnu/libreadline.so.6.3
7f0985d14000-7f0985d1a000 rw-p 0003f000 08:07 135827                     /lib/x86_64-linux-gnu/libreadline.so.6.3
7f0985d1a000-7f0985d1b000 rw-p 00000000 00:00 0 
7f0985d1b000-7f0985e32000 rw-s 00000000 00:05 16875543                   /SYSV00000000 (deleted)
7f0985e32000-7f0985ede000 rw-p 00000000 00:00 0 
7f0985ede000-7f0986032000 ---p 00000000 00:00 0 
7f09860b6000-7f09860e0000 r-xp 00000000 08:07 1202342                    /usr/java/jdk/jre/lib/amd64/libdcpr.so
7f09860e0000-7f09862e0000 ---p 0002a000 08:07 1202342                    /usr/java/jdk/jre/lib/amd64/libdcpr.so
7f09862e0000-7f09862e3000 rw-p 0002a000 08:07 1202342                    /usr/java/jdk/jre/lib/amd64/libdcpr.so
7f09862e7000-7f0986350000 r-xp 00000000 08:07 1202388                    /usr/java/jdk/jre/lib/amd64/libt2k.so
7f0986350000-7f0986550000 ---p 00069000 08:07 1202388                    /usr/java/jdk/jre/lib/amd64/libt2k.so
7f0986550000-7f0986557000 rw-p 00069000 08:07 1202388                    /usr/java/jdk/jre/lib/amd64/libt2k.so
7f0986557000-7f0986567000 rw-p 00000000 00:00 0 
7f09865d5000-7f0986696000 r--s 00000000 08:07 3676537                    /var/cache/fontconfig/de49e17e6e33c7c40c4acdcf85b0191b-le64.cache-6
7f09867c0000-7f098682e000 r-xp 00000000 08:07 2760332                    /usr/lib/libblas/libblas.so.3.6.0
7f098682e000-7f0986a2d000 ---p 0006e000 08:07 2760332                    /usr/lib/libblas/libblas.so.3.6.0
7f0986a2d000-7f0986a2e000 r--p 0006d000 08:07 2760332                    /usr/lib/libblas/libblas.so.3.6.0
7f0986a2e000-7f0986a2f000 rw-p 0006e000 08:07 2760332                    /usr/lib/libblas/libblas.so.3.6.0
7f0986a2f000-7f0986ccc000 r-xp 00000000 08:07 2760602                    /usr/lib/R/lib/libR.so
7f0986ccc000-7f0986ecc000 ---p 0029d000 08:07 2760602                    /usr/lib/R/lib/libR.so
7f0986ecc000-7f0986ee9000 r--p 0029d000 08:07 2760602                    /usr/lib/R/lib/libR.so
7f0986ee9000-7f0986ef4000 rw-p 002ba000 08:07 2760602                    /usr/lib/R/lib/libR.so
7f0986ef4000-7f0986fe1000 rw-p 00000000 00:00 0 
7f0986fe1000-7f0986fea000 r-xp 00000000 08:07 1184697                    /usr/lib/libjri.so
7f0986fea000-7f09871e9000 ---p 00009000 08:07 1184697                    /usr/lib/libjri.so
7f09871e9000-7f09871ea000 r--p 00008000 08:07 1184697                    /usr/lib/libjri.so
7f09871ea000-7f09871eb000 rw-p 00009000 08:07 1184697                    /usr/lib/libjri.so
7f09871eb000-7f09873eb000 rw-p 00000000 00:00 0 
7f09873eb000-7f09873ee000 ---p 00000000 00:00 0 
7f09873ee000-7f09874ec000 rw-p 00000000 00:00 0 
7f09874ec000-7f09874ef000 ---p 00000000 00:00 0 
7f09874ef000-7f09877ed000 rw-p 00000000 00:00 0 
7f09877ed000-7f09879ed000 rw-p 00000000 00:00 0 
7f09879ed000-7f09879f0000 ---p 00000000 00:00 0 
7f09879f0000-7f0987aee000 rw-p 00000000 00:00 0 
7f0987aee000-7f0987af1000 ---p 00000000 00:00 0 
7f0987af1000-7f0987def000 rw-p 00000000 00:00 0 
7f0987def000-7f0987e00000 r-xp 00000000 08:07 1202362                    /usr/java/jdk/jre/lib/amd64/libnio.so
7f0987e00000-7f0987fff000 ---p 00011000 08:07 1202362                    /usr/java/jdk/jre/lib/amd64/libnio.so
7f0987fff000-7f0988000000 rw-p 00010000 08:07 1202362                    /usr/java/jdk/jre/lib/amd64/libnio.so
7f0988000000-7f0988021000 rw-p 00000000 00:00 0 
7f0988021000-7f098c000000 ---p 00000000 00:00 0 
7f098c000000-7f098c03e000 rw-p 00000000 00:00 0 
7f098c03e000-7f0990000000 ---p 00000000 00:00 0 
7f0990000000-7f0990021000 rw-p 00000000 00:00 0 
7f0990021000-7f0994000000 ---p 00000000 00:00 0 
7f0994000000-7f0994021000 rw-p 00000000 00:00 0 
7f0994021000-7f0998000000 ---p 00000000 00:00 0 
7f0998000000-7f0999658000 rw-p 00000000 00:00 0 
7f0999658000-7f099c000000 ---p 00000000 00:00 0 
7f099c000000-7f099c7b8000 rw-p 00000000 00:00 0 
7f099c7b8000-7f09a0000000 ---p 00000000 00:00 0 
7f09a0000000-7f09a0021000 rw-p 00000000 00:00 0 
7f09a0021000-7f09a4000000 ---p 00000000 00:00 0 
7f09a4000000-7f09a4e26000 rw-p 00000000 00:00 0 
7f09a4e26000-7f09a8000000 ---p 00000000 00:00 0 
7f09a8000000-7f09a8021000 rw-p 00000000 00:00 0 
7f09a8021000-7f09ac000000 ---p 00000000 00:00 0 
7f09ac000000-7f09ac021000 rw-p 00000000 00:00 0 
7f09ac021000-7f09b0000000 ---p 00000000 00:00 0 
7f09b0000000-7f09b0021000 rw-p 00000000 00:00 0 
7f09b0021000-7f09b4000000 ---p 00000000 00:00 0 
7f09b4087000-7f09b408e000 r--s 00000000 08:07 3670340                    /var/cache/fontconfig/4be9850f182b35c1350b6bbf2e42601c-le64.cache-6
7f09b408e000-7f09b4090000 r--s 00000000 08:07 3670363                    /var/cache/fontconfig/30a99c4256905863f7aa12b5e873c27c-le64.cache-6
7f09b4090000-7f09b4091000 r--s 00000000 08:07 3670362                    /var/cache/fontconfig/087e1975ba9a574b140bb1df193bf770-le64.cache-6
7f09b4091000-7f09b4095000 r--s 00000000 08:07 3670359                    /var/cache/fontconfig/6aa41aa22e18b8fa06a12da28ea9c28b-le64.cache-6
7f09b4095000-7f09b40a0000 r--s 00000000 08:07 3670357                    /var/cache/fontconfig/945677eb7aeaf62f1d50efc3fb3ec7d8-le64.cache-6
7f09b40a0000-7f09b40a3000 ---p 00000000 00:00 0 
7f09b40a3000-7f09b44a2000 rw-p 00000000 00:00 0 
7f09b44a2000-7f09b44b8000 r-xp 00000000 08:07 1202337                    /usr/java/jdk/jre/lib/amd64/libnet.so
7f09b44b8000-7f09b46b8000 ---p 00016000 08:07 1202337                    /usr/java/jdk/jre/lib/amd64/libnet.so
7f09b46b8000-7f09b46b9000 rw-p 00016000 08:07 1202337                    /usr/java/jdk/jre/lib/amd64/libnet.so
7f09b46b9000-7f09b46eb000 r-xp 00000000 08:07 1202345                    /usr/java/jdk/jre/lib/amd64/libsunec.so
7f09b46eb000-7f09b48ea000 ---p 00032000 08:07 1202345                    /usr/java/jdk/jre/lib/amd64/libsunec.so
7f09b48ea000-7f09b48f0000 rw-p 00031000 08:07 1202345                    /usr/java/jdk/jre/lib/amd64/libsunec.so
7f09b48f0000-7f09b4b00000 rw-p 00000000 00:00 0 
7f09b4b00000-7f09b4b03000 ---p 00000000 00:00 0 
7f09b4b03000-7f09b4c01000 rw-p 00000000 00:00 0 
7f09b4c01000-7f09b4c04000 ---p 00000000 00:00 0 
7f09b4c04000-7f09b4d02000 rw-p 00000000 00:00 0 
7f09b4d02000-7f09b4d07000 r-xp 00000000 08:07 1188371                    /usr/lib/x86_64-linux-gnu/libXfixes.so.3.1.0
7f09b4d07000-7f09b4f06000 ---p 00005000 08:07 1188371                    /usr/lib/x86_64-linux-gnu/libXfixes.so.3.1.0
7f09b4f06000-7f09b4f07000 r--p 00004000 08:07 1188371                    /usr/lib/x86_64-linux-gnu/libXfixes.so.3.1.0
7f09b4f07000-7f09b4f08000 rw-p 00005000 08:07 1188371                    /usr/lib/x86_64-linux-gnu/libXfixes.so.3.1.0
7f09b4f08000-7f09b4f11000 r-xp 00000000 08:07 1188363                    /usr/lib/x86_64-linux-gnu/libXcursor.so.1.0.2
7f09b4f11000-7f09b5110000 ---p 00009000 08:07 1188363                    /usr/lib/x86_64-linux-gnu/libXcursor.so.1.0.2
7f09b5110000-7f09b5111000 r--p 00008000 08:07 1188363                    /usr/lib/x86_64-linux-gnu/libXcursor.so.1.0.2
7f09b5111000-7f09b5112000 rw-p 00009000 08:07 1188363                    /usr/lib/x86_64-linux-gnu/libXcursor.so.1.0.2
7f09b5112000-7f09b5115000 ---p 00000000 00:00 0 
7f09b5115000-7f09b5213000 rw-p 00000000 00:00 0 
7f09b5213000-7f09b5229000 r-xp 00000000 08:07 135714                     /lib/x86_64-linux-gnu/libgcc_s.so.1
7f09b5229000-7f09b5428000 ---p 00016000 08:07 135714                     /lib/x86_64-linux-gnu/libgcc_s.so.1
7f09b5428000-7f09b5429000 rw-p 00015000 08:07 135714                     /lib/x86_64-linux-gnu/libgcc_s.so.1
7f09b5429000-7f09b548e000 r-xp 00000000 08:07 1202356                    /usr/java/jdk/jre/lib/amd64/libfontmanager.so
7f09b548e000-7f09b568d000 ---p 00065000 08:07 1202356                    /usr/java/jdk/jre/lib/amd64/libfontmanager.so
7f09b568d000-7f09b5692000 rw-p 00064000 08:07 1202356                    /usr/java/jdk/jre/lib/amd64/libfontmanager.so
7f09b5692000-7f09b56a2000 rw-p 00000000 00:00 0 
7f09b56a2000-7f09b56a7000 r-xp 00000000 08:07 1188367                    /usr/lib/x86_64-linux-gnu/libXdmcp.so.6.0.0
7f09b56a7000-7f09b58a6000 ---p 00005000 08:07 1188367                    /usr/lib/x86_64-linux-gnu/libXdmcp.so.6.0.0
7f09b58a6000-7f09b58a7000 r--p 00004000 08:07 1188367                    /usr/lib/x86_64-linux-gnu/libXdmcp.so.6.0.0
7f09b58a7000-7f09b58a8000 rw-p 00005000 08:07 1188367                    /usr/lib/x86_64-linux-gnu/libXdmcp.so.6.0.0
7f09b58a8000-7f09b58aa000 r-xp 00000000 08:07 1188356                    /usr/lib/x86_64-linux-gnu/libXau.so.6.0.0
7f09b58aa000-7f09b5aaa000 ---p 00002000 08:07 1188356                    /usr/lib/x86_64-linux-gnu/libXau.so.6.0.0
7f09b5aaa000-7f09b5aab000 r--p 00002000 08:07 1188356                    /usr/lib/x86_64-linux-gnu/libXau.so.6.0.0
7f09b5aab000-7f09b5aac000 rw-p 00003000 08:07 1188356                    /usr/lib/x86_64-linux-gnu/libXau.so.6.0.0
7f09b5aac000-7f09b5acd000 r-xp 00000000 08:07 1189736                    /usr/lib/x86_64-linux-gnu/libxcb.so.1.1.0
7f09b5acd000-7f09b5ccc000 ---p 00021000 08:07 1189736                    /usr/lib/x86_64-linux-gnu/libxcb.so.1.1.0
7f09b5ccc000-7f09b5ccd000 r--p 00020000 08:07 1189736                    /usr/lib/x86_64-linux-gnu/libxcb.so.1.1.0
7f09b5ccd000-7f09b5cce000 rw-p 00021000 08:07 1189736                    /usr/lib/x86_64-linux-gnu/libxcb.so.1.1.0
7f09b5cce000-7f09b5cdd000 r-xp 00000000 08:07 1188377                    /usr/lib/x86_64-linux-gnu/libXi.so.6.1.0
7f09b5cdd000-7f09b5edc000 ---p 0000f000 08:07 1188377                    /usr/lib/x86_64-linux-gnu/libXi.so.6.1.0
7f09b5edc000-7f09b5edd000 r--p 0000e000 08:07 1188377                    /usr/lib/x86_64-linux-gnu/libXi.so.6.1.0
7f09b5edd000-7f09b5ede000 rw-p 0000f000 08:07 1188377                    /usr/lib/x86_64-linux-gnu/libXi.so.6.1.0
7f09b5ede000-7f09b5ee3000 r-xp 00000000 08:07 1188395                    /usr/lib/x86_64-linux-gnu/libXtst.so.6.1.0
7f09b5ee3000-7f09b60e2000 ---p 00005000 08:07 1188395                    /usr/lib/x86_64-linux-gnu/libXtst.so.6.1.0
7f09b60e2000-7f09b60e3000 r--p 00004000 08:07 1188395                    /usr/lib/x86_64-linux-gnu/libXtst.so.6.1.0
7f09b60e3000-7f09b60e4000 rw-p 00005000 08:07 1188395                    /usr/lib/x86_64-linux-gnu/libXtst.so.6.1.0
7f09b60e4000-7f09b60ed000 r-xp 00000000 08:07 1188389                    /usr/lib/x86_64-linux-gnu/libXrender.so.1.3.0
7f09b60ed000-7f09b62ec000 ---p 00009000 08:07 1188389                    /usr/lib/x86_64-linux-gnu/libXrender.so.1.3.0
7f09b62ec000-7f09b62ed000 r--p 00008000 08:07 1188389                    /usr/lib/x86_64-linux-gnu/libXrender.so.1.3.0
7f09b62ed000-7f09b62ee000 rw-p 00009000 08:07 1188389                    /usr/lib/x86_64-linux-gnu/libXrender.so.1.3.0
7f09b62ee000-7f09b6423000 r-xp 00000000 08:07 1188352                    /usr/lib/x86_64-linux-gnu/libX11.so.6.3.0
7f09b6423000-7f09b6623000 ---p 00135000 08:07 1188352                    /usr/lib/x86_64-linux-gnu/libX11.so.6.3.0
7f09b6623000-7f09b6624000 r--p 00135000 08:07 1188352                    /usr/lib/x86_64-linux-gnu/libX11.so.6.3.0
7f09b6624000-7f09b6628000 rw-p 00136000 08:07 1188352                    /usr/lib/x86_64-linux-gnu/libX11.so.6.3.0
7f09b6628000-7f09b6639000 r-xp 00000000 08:07 1188369                    /usr/lib/x86_64-linux-gnu/libXext.so.6.4.0
7f09b6639000-7f09b6838000 ---p 00011000 08:07 1188369                    /usr/lib/x86_64-linux-gnu/libXext.so.6.4.0
7f09b6838000-7f09b6839000 r--p 00010000 08:07 1188369                    /usr/lib/x86_64-linux-gnu/libXext.so.6.4.0
7f09b6839000-7f09b683a000 rw-p 00011000 08:07 1188369                    /usr/lib/x86_64-linux-gnu/libXext.so.6.4.0
7f09b683a000-7f09b688e000 r-xp 00000000 08:07 1202364                    /usr/java/jdk/jre/lib/amd64/libawt_xawt.so
7f09b688e000-7f09b6a8e000 ---p 00054000 08:07 1202364                    /usr/java/jdk/jre/lib/amd64/libawt_xawt.so
7f09b6a8e000-7f09b6a92000 rw-p 00054000 08:07 1202364                    /usr/java/jdk/jre/lib/amd64/libawt_xawt.so
7f09b6a92000-7f09b6a93000 rw-p 00000000 00:00 0 
7f09b6a93000-7f09b6b35000 r-xp 00000000 08:07 1202391                    /usr/java/jdk/jre/lib/amd64/libawt.so
7f09b6b35000-7f09b6d35000 ---p 000a2000 08:07 1202391                    /usr/java/jdk/jre/lib/amd64/libawt.so
7f09b6d35000-7f09b6d41000 rw-p 000a2000 08:07 1202391                    /usr/java/jdk/jre/lib/amd64/libawt.so
7f09b6d41000-7f09b6d65000 rw-p 00000000 00:00 0 
7f09b6d65000-7f09b6d66000 ---p 00000000 00:00 0 
7f09b6d66000-7f09b6e66000 rw-p 00000000 00:00 0 
7f09b6e66000-7f09b6e69000 ---p 00000000 00:00 0 
7f09b6e69000-7f09b6f67000 rw-p 00000000 00:00 0 
7f09b6f67000-7f09b6f6a000 ---p 00000000 00:00 0 
7f09b6f6a000-7f09b7068000 rw-p 00000000 00:00 0 
7f09b7068000-7f09b706b000 ---p 00000000 00:00 0 
7f09b706b000-7f09b7169000 rw-p 00000000 00:00 0 
7f09b7169000-7f09b716c000 ---p 00000000 00:00 0 
7f09b716c000-7f09b726a000 rw-p 00000000 00:00 0 
7f09b726a000-7f09b726d000 ---p 00000000 00:00 0 
7f09b726d000-7f09b736b000 rw-p 00000000 00:00 0 
7f09b736b000-7f09b77f8000 r--p 00000000 08:07 1184437                    /usr/lib/locale/locale-archive
7f09b77f8000-7f09b77fb000 ---p 00000000 00:00 0 
7f09b77fb000-7f09b78f9000 rw-p 00000000 00:00 0 
7f09b78f9000-7f09b78fc000 ---p 00000000 00:00 0 
7f09b78fc000-7f09b79fa000 rw-p 00000000 00:00 0 
7f09b79fa000-7f09b79fb000 ---p 00000000 00:00 0 
7f09b79fb000-7f09b8000000 rw-p 00000000 00:00 0 
7f09b8000000-7f09b8021000 rw-p 00000000 00:00 0 
7f09b8021000-7f09bc000000 ---p 00000000 00:00 0 
7f09bc000000-7f09bc005000 r--s 00000000 08:07 3679723                    /var/cache/fontconfig/99e8ed0e538f840c565b6ed5dad60d56-le64.cache-6
7f09bc005000-7f09bc00b000 r--s 00000000 08:07 3670355                    /var/cache/fontconfig/2cd17615ca594fa2959ae173292e504c-le64.cache-6
7f09bc00b000-7f09bc00c000 r--s 00000000 08:07 3670351                    /var/cache/fontconfig/0d8c3b2ac0904cb8a57a757ad11a4a08-le64.cache-6
7f09bc00c000-7f09bc010000 r--s 00000000 08:07 3696967                    /var/cache/fontconfig/de156ccd2eddbdc19d37a45b8b2aac9c-le64.cache-6
7f09bc010000-7f09bc025000 r--s 00000000 08:07 3670350                    /var/cache/fontconfig/04aabc0a78ac019cf9454389977116d2-le64.cache-6
7f09bc025000-7f09bc026000 r--s 00000000 08:07 3670348                    /var/cache/fontconfig/1ac9eb803944fde146138c791f5cc56a-le64.cache-6
7f09bc026000-7f09bc027000 r--s 00000000 08:07 3670347                    /var/cache/fontconfig/b95bc8ffbebda2bbdae4265e45b8178d-le64.cache-6
7f09bc027000-7f09bc02b000 r--s 00000000 08:07 3670346                    /var/cache/fontconfig/385c0604a188198f04d133e54aba7fe7-le64.cache-6
7f09bc02b000-7f09bc02e000 r--s 00000000 08:07 3670345                    /var/cache/fontconfig/cc7d5960448caf04b01115f3462e4057-le64.cache-6
7f09bc02e000-7f09bc02f000 r--s 00000000 08:07 3670343                    /var/cache/fontconfig/9c956a7723ca69a44b382d9179c9802f-le64.cache-6
7f09bc02f000-7f09bc030000 r--s 00000000 08:07 3670341                    /var/cache/fontconfig/dc05db6664285cc2f12bf69c139ae4c3-le64.cache-6
7f09bc030000-7f09bc031000 r--s 00000000 08:07 3670334                    /var/cache/fontconfig/5d1cca7074f29429a8d18692746c2426-le64.cache-6
7f09bc031000-7f09bc034000 r--s 00000000 08:07 3670332                    /var/cache/fontconfig/767a8244fc0220cfb567a839d0392e0b-le64.cache-6
7f09bc034000-7f09bc035000 r--s 00000000 08:07 3670331                    /var/cache/fontconfig/9eae20f1ff8cc0a7d125749e875856bd-le64.cache-6
7f09bc035000-7f09bc038000 r--s 00000000 08:07 3670330                    /var/cache/fontconfig/bf2c1853a9e9b00bb02fe2e9bcf1e201-le64.cache-6
7f09bc038000-7f09bc03d000 r--s 00000000 08:07 3670328                    /var/cache/fontconfig/8801497958630a81b71ace7c5f9b32a8-le64.cache-6
7f09bc03d000-7f09bc041000 r--s 00000000 08:07 3670327                    /var/cache/fontconfig/c57959a16110560c8d0fcea73374aeeb-le64.cache-6
7f09bc041000-7f09bc042000 r--s 00000000 08:07 3670326                    /var/cache/fontconfig/bab58bb527bb656aaa9f116d68a48d89-le64.cache-6
7f09bc042000-7f09bc049000 r--s 00000000 08:07 3670325                    /var/cache/fontconfig/3047814df9a2f067bd2d96a2b9c36e5a-le64.cache-6
7f09bc049000-7f09bc051000 r--s 00000000 08:07 3670324                    /var/cache/fontconfig/bf3b770c553c462765856025a94f1ce6-le64.cache-6
7f09bc051000-7f09bc052000 r--s 00000000 08:07 3670322                    /var/cache/fontconfig/56cf4f4769d0f4abc89a4895d7bd3ae1-le64.cache-6
7f09bc052000-7f09bc053000 r--s 00000000 08:07 3670321                    /var/cache/fontconfig/b9d506c9ac06c20b433354fa67a72993-le64.cache-6
7f09bc053000-7f09bc059000 r--s 00000000 08:07 3670320                    /var/cache/fontconfig/b47c4e1ecd0709278f4910c18777a504-le64.cache-6
7f09bc059000-7f09bc05c000 r--s 00000000 08:07 3670318                    /var/cache/fontconfig/14d493b97896515cad3840ba4896e372-le64.cache-6
7f09bc05c000-7f09bc05f000 r--s 00000000 08:07 3670317                    /var/cache/fontconfig/e49e89034d371f0f9de17aab02136486-le64.cache-6
7f09bc05f000-7f09bc061000 r--s 00000000 08:07 3670314                    /var/cache/fontconfig/4b14b093aebc79c320de5e86ae1d3314-le64.cache-6
7f09bc061000-7f09bc062000 r--s 00000000 08:07 3670313                    /var/cache/fontconfig/8aec10f4cc8391dcef22ca549f1e4354-le64.cache-6
7f09bc062000-7f09bc075000 r--s 00000000 08:07 3670312                    /var/cache/fontconfig/d52a8644073d54c13679302ca1180695-le64.cache-6
7f09bc075000-7f09bc076000 r--s 00000000 08:07 3670311                    /var/cache/fontconfig/551ecf3b0e8b0bca0f25c0944f561853-le64.cache-6
7f09bc076000-7f09bc077000 r--s 00000000 08:07 3670308                    /var/cache/fontconfig/8a687c406b77f27d99abfeeba937fcce-le64.cache-6
7f09bc077000-7f09bc07c000 r--s 00000000 08:07 3670306                    /var/cache/fontconfig/75ad6aa2358a85f0de2c8ee4837e8227-le64.cache-6
7f09bc07c000-7f09bc07d000 r--s 00000000 08:07 3670305                    /var/cache/fontconfig/ac2cf712d852da827a87a9baf682f5b9-le64.cache-6
7f09bc07d000-7f09bc07f000 r--s 00000000 08:07 3670302                    /var/cache/fontconfig/65f976e5259cbe6dc7697b8648396239-le64.cache-6
7f09bc07f000-7f09bc08a000 r--s 00000000 08:07 3670300                    /var/cache/fontconfig/d589a48862398ed80a3d6066f4f56f4c-le64.cache-6
7f09bc08a000-7f09bc08e000 r--s 00000000 08:07 3670299                    /var/cache/fontconfig/246184dc75a16901ca37d96895904249-le64.cache-6
7f09bc08e000-7f09bc08f000 r--s 00000000 08:07 3670296                    /var/cache/fontconfig/94f7fe9bd33aadfac165873bd010d595-le64.cache-6
7f09bc08f000-7f09bc091000 r--s 00000000 08:07 3670288                    /var/cache/fontconfig/423767150eb258c59035de29db6fca84-le64.cache-6
7f09bc091000-7f09bc092000 r--s 00000000 08:07 3670285                    /var/cache/fontconfig/845c20fd2c4814bcec78e05d37a63ccc-le64.cache-6
7f09bc092000-7f09bc093000 r--s 00000000 08:07 3670275                    /var/cache/fontconfig/e7de81b01590fb7e12b38e274e17d0db-le64.cache-6
7f09bc093000-7f09bc094000 r--s 00000000 08:07 3670273                    /var/cache/fontconfig/406a1d2d2bf3ed7664fbadefac0b2f66-le64.cache-6
7f09bc094000-7f09bc096000 r--s 00000000 08:07 3670272                    /var/cache/fontconfig/67709b7835c0f764c1135060c9575660-le64.cache-6
7f09bc096000-7f09bc0a3000 r--s 00000000 08:07 3670271                    /var/cache/fontconfig/089dead882dea3570ffc31a9898cfb69-le64.cache-6
7f09bc0a3000-7f09bc0a4000 r--s 00000000 08:07 3670270                    /var/cache/fontconfig/30829fa25452a46451e813d634d7f916-le64.cache-6
7f09bc0a4000-7f09bc0b2000 r--s 00000000 08:07 3670269                    /var/cache/fontconfig/198d8fcf01c96d0cf813f74fd759bdb7-le64.cache-6
7f09bc0b2000-7f09bc0b5000 r--s 00000000 08:07 3670260                    /var/cache/fontconfig/75114ca45c98e8a441da0ff356701271-le64.cache-6
7f09bc0b5000-7f09bc0c0000 r--s 00000000 08:07 3670258                    /var/cache/fontconfig/83bf95040141907cd45bb53cf7c1c148-le64.cache-6
7f09bc0c0000-7f09bc0d2000 r--s 00000000 08:07 3670255                    /var/cache/fontconfig/9b89f8e3dae116d678bbf48e5f21f69b-le64.cache-6
7f09bc0d2000-7f09bc0db000 r--s 00000000 08:07 3670253                    /var/cache/fontconfig/d0972c3d32f097851eb916381fc38920-le64.cache-6
7f09bc0db000-7f09bc0dd000 r--s 00000000 08:07 3670252                    /var/cache/fontconfig/6e6b34ae150a7ad95e82fb4a522f0bda-le64.cache-6
7f09bc0dd000-7f09c0000000 rw-p 00000000 00:00 0 
7f09c0000000-7f09c0021000 rw-p 00000000 00:00 0 
7f09c0021000-7f09c4000000 ---p 00000000 00:00 0 
7f09c4000000-7f09c4021000 rw-p 00000000 00:00 0 
7f09c4021000-7f09c8000000 ---p 00000000 00:00 0 
7f09c8000000-7f09c8021000 rw-p 00000000 00:00 0 
7f09c8021000-7f09cc000000 ---p 00000000 00:00 0 
7f09cc000000-7f09cc001000 r--s 00000000 08:07 3670267                    /var/cache/fontconfig/0c9eb80ebd1c36541ebe2852d3bb0c49-le64.cache-6
7f09cc001000-7f09cc002000 r--s 00000000 08:07 3670251                    /var/cache/fontconfig/3334a778d104e76d188e9df399bc24d2-le64.cache-6
7f09cc002000-7f09cc009000 r--s 00000000 08:07 3670250                    /var/cache/fontconfig/53d14c92082a93e67d5078324eb314ca-le64.cache-6
7f09cc009000-7f09cc00d000 r--s 00000000 08:07 3670249                    /var/cache/fontconfig/6c08beecf0dac481ec92e759e0c2e6d7-le64.cache-6
7f09cc00d000-7f09cc011000 r--s 00000000 08:07 3670247                    /var/cache/fontconfig/4d6aee6d44eccb37054d3216e945f618-le64.cache-6
7f09cc011000-7f09cc015000 r--s 00000000 08:07 3670246                    /var/cache/fontconfig/d6c6df98c3df5faf9bd0f8ef4d91efe5-le64.cache-6
7f09cc015000-7f09cc019000 r--s 00000000 08:07 3670243                    /var/cache/fontconfig/9fb319ef52839f11ee26ab8b4cffa12b-le64.cache-6
7f09cc019000-7f09cc01b000 r--s 00000000 08:07 3670241                    /var/cache/fontconfig/43bfe21a9e1edebcf703d79ee2950b06-le64.cache-6
7f09cc01b000-7f09cc02e000 r--s 00000000 08:07 3670240                    /var/cache/fontconfig/4ac51e5cfbc76fc3f983e470323a16d3-le64.cache-6
7f09cc02e000-7f09cc031000 r--s 00000000 08:07 3670237                    /var/cache/fontconfig/c19b55eb3b4c5b40ea175e31682068a5-le64.cache-6
7f09cc031000-7f09cc032000 r--s 00000000 08:07 3670232                    /var/cache/fontconfig/c277e94e32b20404286a1ddafa5a80f0-le64.cache-6
7f09cc032000-7f09cc036000 r--s 00000000 08:07 3670231                    /var/cache/fontconfig/3629f2adf904f9a612908891fae71ceb-le64.cache-6
7f09cc036000-7f09cc039000 r--s 00000000 08:07 3670222                    /var/cache/fontconfig/de83a0a961185c8bd1f159015d56c039-le64.cache-6
7f09cc039000-7f09cc04f000 r--s 00000000 08:07 3670204                    /var/cache/fontconfig/e13b20fdb08344e0e664864cc2ede53d-le64.cache-6
7f09cc04f000-7f09cc054000 r--s 00000000 08:07 3670375                    /var/cache/fontconfig/7ef2298fde41cc6eeb7af42e48b7d293-le64.cache-6
7f09cc054000-7f09cc056000 r--s 00000000 08:07 3670369                    /var/cache/fontconfig/16326683038b281783a0ef8c680e3a10-le64.cache-6
7f09cc056000-7f09cc063000 r--s 00000000 08:07 3670368                    /var/cache/fontconfig/8f02d4cb045bd6ce15663e43f347c9f8-le64.cache-6
7f09cc063000-7f09cc064000 r--s 00000000 08:07 3670367                    /var/cache/fontconfig/e0aa53bcfa504e64f87823c16bc01eb6-le64.cache-6
7f09cc064000-7f09cc085000 r--s 00000000 08:07 3670365                    /var/cache/fontconfig/467c019e582ee353435ea5c21d137ef6-le64.cache-6
7f09cc09d000-7f09cc09e000 r--s 00007000 08:07 3598609                    /home/drift/Documents/thirdPartyLibs/REngine.jar
7f09cc09e000-7f09cc09f000 r--s 00002000 08:07 3601783                    /home/drift/Documents/thirdPartyLibs/JRIEngine.jar
7f09cc09f000-7f09cc0a1000 r--s 00003000 08:07 3557776                    /home/drift/Documents/thirdPartyLibs/JRI.jar
7f09cc0a1000-7f09cc0a3000 r--s 0000b000 08:07 3598593                    /home/drift/Documents/thirdPartyLibs/JMathArray-1.0.jar
7f09cc0a3000-7f09cc0ad000 r--s 000ea000 08:07 3698670                    /home/drift/Documents/thirdPartyLibs/mysql-connector-java-5.1.42/mysql-connector-java-5.1.42-bin.jar
7f09cc0ad000-7f09cc0b0000 r--s 00013000 08:07 3577322                    /home/drift/Documents/thirdPartyLibs/json-lib-2.4-jdk15/dependancy/ezmorph-1.0.6.jar
7f09cc0b0000-7f09cc0b2000 r--s 0000d000 08:07 3578692                    /home/drift/Documents/thirdPartyLibs/json-lib-2.4-jdk15/dependancy/commons-logging-1.1.1/commons-logging-1.1.1.jar
7f09cc0b2000-7f09cc0b7000 r--s 00040000 08:07 3578384                    /home/drift/Documents/thirdPartyLibs/json-lib-2.4-jdk15/dependancy/commons-lang-2.5/commons-lang-2.5.jar
7f09cc0b7000-7f09cc0c5000 r--s 0007f000 08:07 3577689                    /home/drift/Documents/thirdPartyLibs/json-lib-2.4-jdk15/dependancy/commons-collections-3.2.1/commons-collections-3.2.1.jar
7f09cc0c5000-7f09cc0ca000 r--s 00034000 08:07 3577333                    /home/drift/Documents/thirdPartyLibs/json-lib-2.4-jdk15/dependancy/commons-beanutils-1.8.0/commons-beanutils-1.8.0.jar
7f09cc0ca000-7f09cc0e6000 r--s 00393000 08:07 1321517                    /usr/java/jdk/jre/lib/ext/cldrdata.jar
7f09cc0e6000-7f09cc0f9000 r--s 00345000 08:07 1202412                    /usr/java/jdk/jre/lib/resources.jar
7f09cc0f9000-7f09cd000000 rw-p 00000000 00:00 0 
7f09cd000000-7f09cd8a0000 rwxp 00000000 00:00 0 
7f09cd8a0000-7f09dc000000 ---p 00000000 00:00 0 
7f09dc000000-7f09dc617000 rw-p 00000000 00:00 0 
7f09dc617000-7f09e0000000 ---p 00000000 00:00 0 
7f09e0000000-7f09e0005000 r--s 00024000 08:07 3574636                    /home/drift/Documents/thirdPartyLibs/json-lib-2.4-jdk15/net.jar
7f09e0005000-7f09e000f000 r--s 00116000 08:07 1321514                    /usr/java/jdk/jre/lib/ext/localedata.jar
7f09e000f000-7f09e0044000 r--s 00000000 08:07 4337730                    /var/cache/nscd/hosts
7f09e0044000-7f09e004a000 r--s 0003f000 08:07 1321512                    /usr/java/jdk/jre/lib/ext/sunjce_provider.jar
7f09e004a000-7f09e004c000 r--s 00009000 08:07 1321511                    /usr/java/jdk/jre/lib/ext/sunec.jar
7f09e004c000-7f09e0050000 r--s 0003a000 08:07 1321509                    /usr/java/jdk/jre/lib/ext/sunpkcs11.jar
7f09e0050000-7f09e0053000 r--s 0001a000 08:07 1202416                    /usr/java/jdk/jre/lib/jce.jar
7f09e0053000-7f09e0064000 r--s 0016f000 08:07 3568773                    /home/drift/Documents/thirdPartyLibs/jfreechart-1.0.19/lib/jfreechart-1.0.19.jar
7f09e0064000-7f09e006a000 r--s 0004a000 08:07 3572887                    /home/drift/Documents/thirdPartyLibs/jcommon-1.0.23/jcommon-1.0.23.jar
7f09e006a000-7f09e0071000 r--s 00075000 08:07 3574556                    /home/drift/Documents/thirdPartyLibs/javamail-1.4.5/mail.jar
7f09e0071000-7f09e0102000 rw-p 00000000 00:00 0 
7f09e0102000-7f09e02db000 r--s 03d3e000 08:07 1202329                    /usr/java/jdk/jre/lib/rt.jar
7f09e02db000-7f09e076e000 rw-p 00000000 00:00 0 
7f09e076e000-7f09e076f000 ---p 00000000 00:00 0 
7f09e076f000-7f09e086f000 rw-p 00000000 00:00 0 
7f09e086f000-7f09e0870000 ---p 00000000 00:00 0 
7f09e0870000-7f09e0970000 rw-p 00000000 00:00 0 
7f09e0970000-7f09e0971000 ---p 00000000 00:00 0 
7f09e0971000-7f09e0a71000 rw-p 00000000 00:00 0 
7f09e0a71000-7f09e0a72000 ---p 00000000 00:00 0 
7f09e0a72000-7f09e0b88000 rw-p 00000000 00:00 0 
7f09e0b88000-7f09e0df4000 ---p 00000000 00:00 0 
7f09e0df4000-7f09e0e0a000 rw-p 00000000 00:00 0 
7f09e0e0a000-7f09e1075000 ---p 00000000 00:00 0 
7f09e1075000-7f09e108a000 rw-p 00000000 00:00 0 
7f09e108a000-7f09e11b6000 ---p 00000000 00:00 0 
7f09e11b6000-7f09e11da000 rw-p 00000000 00:00 0 
7f09e11da000-7f09e1577000 ---p 00000000 00:00 0 
7f09e1577000-7f09e1591000 r-xp 00000000 08:07 1202360                    /usr/java/jdk/jre/lib/amd64/libzip.so
7f09e1591000-7f09e1791000 ---p 0001a000 08:07 1202360                    /usr/java/jdk/jre/lib/amd64/libzip.so
7f09e1791000-7f09e1792000 rw-p 0001a000 08:07 1202360                    /usr/java/jdk/jre/lib/amd64/libzip.so
7f09e1792000-7f09e17bd000 r-xp 00000000 08:07 1202385                    /usr/java/jdk/jre/lib/amd64/libjava.so
7f09e17bd000-7f09e19bc000 ---p 0002b000 08:07 1202385                    /usr/java/jdk/jre/lib/amd64/libjava.so
7f09e19bc000-7f09e19be000 rw-p 0002a000 08:07 1202385                    /usr/java/jdk/jre/lib/amd64/libjava.so
7f09e19be000-7f09e19cb000 r-xp 00000000 08:07 1202338                    /usr/java/jdk/jre/lib/amd64/libverify.so
7f09e19cb000-7f09e1bca000 ---p 0000d000 08:07 1202338                    /usr/java/jdk/jre/lib/amd64/libverify.so
7f09e1bca000-7f09e1bcc000 rw-p 0000c000 08:07 1202338                    /usr/java/jdk/jre/lib/amd64/libverify.so
7f09e1bcc000-7f09e1bd3000 r-xp 00000000 08:07 131422                     /lib/x86_64-linux-gnu/librt-2.23.so
7f09e1bd3000-7f09e1dd2000 ---p 00007000 08:07 131422                     /lib/x86_64-linux-gnu/librt-2.23.so
7f09e1dd2000-7f09e1dd3000 r--p 00006000 08:07 131422                     /lib/x86_64-linux-gnu/librt-2.23.so
7f09e1dd3000-7f09e1dd4000 rw-p 00007000 08:07 131422                     /lib/x86_64-linux-gnu/librt-2.23.so
7f09e1dd4000-7f09e1edc000 r-xp 00000000 08:07 131413                     /lib/x86_64-linux-gnu/libm-2.23.so
7f09e1edc000-7f09e20db000 ---p 00108000 08:07 131413                     /lib/x86_64-linux-gnu/libm-2.23.so
7f09e20db000-7f09e20dc000 r--p 00107000 08:07 131413                     /lib/x86_64-linux-gnu/libm-2.23.so
7f09e20dc000-7f09e20dd000 rw-p 00108000 08:07 131413                     /lib/x86_64-linux-gnu/libm-2.23.so
7f09e20dd000-7f09e2dab000 r-xp 00000000 08:07 1321500                    /usr/java/jdk/jre/lib/amd64/server/libjvm.so
7f09e2dab000-7f09e2fab000 ---p 00cce000 08:07 1321500                    /usr/java/jdk/jre/lib/amd64/server/libjvm.so
7f09e2fab000-7f09e3084000 rw-p 00cce000 08:07 1321500                    /usr/java/jdk/jre/lib/amd64/server/libjvm.so
7f09e3084000-7f09e30cf000 rw-p 00000000 00:00 0 
7f09e30cf000-7f09e328e000 r-xp 00000000 08:07 131415                     /lib/x86_64-linux-gnu/libc-2.23.so
7f09e328e000-7f09e348e000 ---p 001bf000 08:07 131415                     /lib/x86_64-linux-gnu/libc-2.23.so
7f09e348e000-7f09e3492000 r--p 001bf000 08:07 131415                     /lib/x86_64-linux-gnu/libc-2.23.so
7f09e3492000-7f09e3494000 rw-p 001c3000 08:07 131415                     /lib/x86_64-linux-gnu/libc-2.23.so
7f09e3494000-7f09e3498000 rw-p 00000000 00:00 0 
7f09e3498000-7f09e349b000 r-xp 00000000 08:07 131411                     /lib/x86_64-linux-gnu/libdl-2.23.so
7f09e349b000-7f09e369a000 ---p 00003000 08:07 131411                     /lib/x86_64-linux-gnu/libdl-2.23.so
7f09e369a000-7f09e369b000 r--p 00002000 08:07 131411                     /lib/x86_64-linux-gnu/libdl-2.23.so
7f09e369b000-7f09e369c000 rw-p 00003000 08:07 131411                     /lib/x86_64-linux-gnu/libdl-2.23.so
7f09e369c000-7f09e36b1000 r-xp 00000000 08:07 1201499                    /usr/java/jdk/lib/amd64/jli/libjli.so
7f09e36b1000-7f09e38b1000 ---p 00015000 08:07 1201499                    /usr/java/jdk/lib/amd64/jli/libjli.so
7f09e38b1000-7f09e38b2000 rw-p 00015000 08:07 1201499                    /usr/java/jdk/lib/amd64/jli/libjli.so
7f09e38b2000-7f09e38ca000 r-xp 00000000 08:07 131426                     /lib/x86_64-linux-gnu/libpthread-2.23.so
7f09e38ca000-7f09e3ac9000 ---p 00018000 08:07 131426                     /lib/x86_64-linux-gnu/libpthread-2.23.so
7f09e3ac9000-7f09e3aca000 r--p 00017000 08:07 131426                     /lib/x86_64-linux-gnu/libpthread-2.23.so
7f09e3aca000-7f09e3acb000 rw-p 00018000 08:07 131426                     /lib/x86_64-linux-gnu/libpthread-2.23.so
7f09e3acb000-7f09e3acf000 rw-p 00000000 00:00 0 
7f09e3acf000-7f09e3af5000 r-xp 00000000 08:07 131416                     /lib/x86_64-linux-gnu/ld-2.23.so
7f09e3af5000-7f09e3af9000 r--s 0009a000 08:07 1202308                    /usr/java/jdk/jre/lib/jsse.jar
7f09e3af9000-7f09e3afb000 r--s 0000c000 08:07 3574084                    /home/drift/Documents/thirdPartyLibs/jaf-1.1.1/activation.jar
7f09e3afb000-7f09e3afc000 r--p 00000000 08:07 2103182                    /usr/share/locale-langpack/en_GB/LC_MESSAGES/libc.mo
7f09e3afc000-7f09e3afd000 r--p 00000000 08:07 1970173                    /usr/share/locale-langpack/en_AU/LC_MESSAGES/libc.mo
7f09e3afd000-7f09e3b8d000 rw-p 00000000 00:00 0 
7f09e3b8d000-7f09e3bc2000 r--s 00000000 08:07 4337722                    /var/cache/nscd/passwd
7f09e3bc2000-7f09e3bc5000 ---p 00000000 00:00 0 
7f09e3bc5000-7f09e3ce8000 rw-p 00000000 00:00 0 
7f09e3ce8000-7f09e3cf0000 rw-s 00000000 08:07 2101230                    /tmp/hsperfdata_drift/5092
7f09e3cf0000-7f09e3cf1000 rw-p 00000000 00:00 0 
7f09e3cf1000-7f09e3cf2000 r--p 00000000 00:00 0 
7f09e3cf2000-7f09e3cf4000 rw-p 00000000 00:00 0 
7f09e3cf4000-7f09e3cf5000 r--p 00025000 08:07 131416                     /lib/x86_64-linux-gnu/ld-2.23.so
7f09e3cf5000-7f09e3cf6000 rw-p 00026000 08:07 131416                     /lib/x86_64-linux-gnu/ld-2.23.so
7f09e3cf6000-7f09e3cf7000 rw-p 00000000 00:00 0 
7ffc220dd000-7ffc220fe000 rw-p 00000000 00:00 0                          [stack]
7ffc22183000-7ffc22185000 r--p 00000000 00:00 0                          [vvar]
7ffc22185000-7ffc22187000 r-xp 00000000 00:00 0                          [vdso]
ffffffffff600000-ffffffffff601000 r-xp 00000000 00:00 0                  [vsyscall]

VM Arguments:
jvm_args: -Dfile.encoding=UTF-8 
java_command: mainFrame.MainPage
java_class_path (initial): /home/drift/Documents/eclipseMars/microNet/bin:/home/drift/Documents/thirdPartyLibs/jaf-1.1.1/activation.jar:/home/drift/Documents/thirdPartyLibs/javamail-1.4.5/mail.jar:/home/drift/Documents/thirdPartyLibs/jcommon-1.0.23/jcommon-1.0.23.jar:/home/drift/Documents/thirdPartyLibs/jfreechart-1.0.19/lib/jfreechart-1.0.19.jar:/home/drift/Documents/thirdPartyLibs/json-lib-2.4-jdk15/net.jar:/home/drift/Documents/thirdPartyLibs/json-lib-2.4-jdk15/dependancy/commons-beanutils-1.8.0/commons-beanutils-1.8.0.jar:/home/drift/Documents/thirdPartyLibs/json-lib-2.4-jdk15/dependancy/commons-collections-3.2.1/commons-collections-3.2.1.jar:/home/drift/Documents/thirdPartyLibs/json-lib-2.4-jdk15/dependancy/commons-lang-2.5/commons-lang-2.5.jar:/home/drift/Documents/thirdPartyLibs/json-lib-2.4-jdk15/dependancy/commons-logging-1.1.1/commons-logging-1.1.1.jar:/home/drift/Documents/thirdPartyLibs/json-lib-2.4-jdk15/dependancy/ezmorph-1.0.6.jar:/home/drift/Documents/thirdPartyLibs/mysql-connector-java-5.1.42/mysql-connector-java-5.1.42-bin.jar:/home/drift/Documents/thirdPartyLibs/JMathArray-1.0.jar:/home/drift/Documents/thirdPartyLibs/JRI.jar:/home/drift/Documents/thirdPartyLibs/JRIEngine.jar:/home/drift/Documents/thirdPartyLibs/REngine.jar
Launcher Type: SUN_STANDARD

Environment Variables:
JAVA_HOME=/usr/java/jdk
JRE_HOME=/usr/java/jdk/jre
CLASSPATH=.:/usr/java/jdk/lib:/usr/java/jdk/jre/lib:.:$JAVA_HOME/lib:$JAVA_HOME/jre/lib
PATH=/home/drift/bin:/usr/java/jdk/bin:/usr/java/jdk/jre/bin:/usr/local/sbin:/usr/local/bin:/usr/sbin:/usr/bin:/sbin:/bin:/usr/games:/usr/local/games:$JAVA_HOME/bin:/snap/bin
SHELL=/bin/bash
DISPLAY=:0

Signal Handlers:
SIGSEGV: [libjvm.so+0xac78c0], sa_mask[0]=11111111011111111101111111111110, sa_flags=SA_RESTART|SA_SIGINFO
SIGBUS: [libjvm.so+0xac78c0], sa_mask[0]=11111111011111111101111111111110, sa_flags=SA_RESTART|SA_SIGINFO
SIGFPE: [libjvm.so+0x920ac0], sa_mask[0]=11111111011111111101111111111110, sa_flags=SA_RESTART|SA_SIGINFO
SIGPIPE: [libjvm.so+0x920ac0], sa_mask[0]=11111111011111111101111111111110, sa_flags=SA_RESTART|SA_SIGINFO
SIGXFSZ: [libjvm.so+0x920ac0], sa_mask[0]=11111111011111111101111111111110, sa_flags=SA_RESTART|SA_SIGINFO
SIGILL: [libjvm.so+0x920ac0], sa_mask[0]=11111111011111111101111111111110, sa_flags=SA_RESTART|SA_SIGINFO
SIGUSR1: SIG_DFL, sa_mask[0]=00000000000000000000000000000000, sa_flags=none
SIGUSR2: [libjvm.so+0x922300], sa_mask[0]=00100000000000000000000000000000, sa_flags=SA_RESTART|SA_SIGINFO
SIGHUP: [libjvm.so+0x923700], sa_mask[0]=11111111011111111101111111111110, sa_flags=SA_RESTART|SA_SIGINFO
SIGINT: [libjvm.so+0x923700], sa_mask[0]=11111111011111111101111111111110, sa_flags=SA_RESTART|SA_SIGINFO
SIGTERM: [libjvm.so+0x923700], sa_mask[0]=11111111011111111101111111111110, sa_flags=SA_RESTART|SA_SIGINFO
SIGQUIT: [libjvm.so+0x923700], sa_mask[0]=11111111011111111101111111111110, sa_flags=SA_RESTART|SA_SIGINFO


---------------  S Y S T E M  ---------------

OS:DISTRIB_ID=Ubuntu
DISTRIB_RELEASE=16.04
DISTRIB_CODENAME=xenial
DISTRIB_DESCRIPTION="Ubuntu 16.04.2 LTS"

uname:Linux 4.4.0-78-generic #99-Ubuntu SMP Thu Apr 27 15:29:09 UTC 2017 x86_64
libc:glibc 2.23 NPTL 2.23 
rlimit: STACK 8192k, CORE 0k, NPROC 30597, NOFILE 65536, AS infinity
load average:0.04 0.11 0.15

/proc/meminfo:
MemTotal:        7873692 kB
MemFree:          250556 kB
MemAvailable:    1062912 kB
Buffers:           93888 kB
Cached:          1381176 kB
SwapCached:        49252 kB
Active:          5683312 kB
Inactive:        1610544 kB
Active(anon):    5139784 kB
Inactive(anon):  1155784 kB
Active(file):     543528 kB
Inactive(file):   454760 kB
Unevictable:         776 kB
Mlocked:             776 kB
SwapTotal:       8081404 kB
SwapFree:        7312204 kB
Dirty:               228 kB
Writeback:             0 kB
AnonPages:       5782388 kB
Mapped:           576244 kB
Shmem:            476788 kB
Slab:             125648 kB
SReclaimable:      70916 kB
SUnreclaim:        54732 kB
KernelStack:       17584 kB
PageTables:        74416 kB
NFS_Unstable:          0 kB
Bounce:                0 kB
WritebackTmp:          0 kB
CommitLimit:    12018248 kB
Committed_AS:   15823056 kB
VmallocTotal:   34359738367 kB
VmallocUsed:           0 kB
VmallocChunk:          0 kB
HardwareCorrupted:     0 kB
AnonHugePages:   3610624 kB
CmaTotal:              0 kB
CmaFree:               0 kB
HugePages_Total:       0
HugePages_Free:        0
HugePages_Rsvd:        0
HugePages_Surp:        0
Hugepagesize:       2048 kB
DirectMap4k:      227524 kB
DirectMap2M:     6807552 kB
DirectMap1G:     1048576 kB


CPU:total 4 (2 cores per cpu, 2 threads per core) family 6 model 60 stepping 3, cmov, cx8, fxsr, mmx, sse, sse2, sse3, ssse3, sse4.1, sse4.2, popcnt, avx, avx2, aes, clmul, erms, lzcnt, ht, tsc, tscinvbit, bmi1, bmi2

/proc/cpuinfo:
processor	: 0
vendor_id	: GenuineIntel
cpu family	: 6
model		: 60
model name	: Intel(R) Core(TM) i5-4200M CPU @ 2.50GHz
stepping	: 3
microcode	: 0x17
cpu MHz		: 1699.707
cache size	: 3072 KB
physical id	: 0
siblings	: 4
core id		: 0
cpu cores	: 2
apicid		: 0
initial apicid	: 0
fpu		: yes
fpu_exception	: yes
cpuid level	: 13
wp		: yes
flags		: fpu vme de pse tsc msr pae mce cx8 apic sep mtrr pge mca cmov pat pse36 clflush dts acpi mmx fxsr sse sse2 ss ht tm pbe syscall nx pdpe1gb rdtscp lm constant_tsc arch_perfmon pebs bts rep_good nopl xtopology nonstop_tsc aperfmperf eagerfpu pni pclmulqdq dtes64 monitor ds_cpl vmx est tm2 ssse3 sdbg fma cx16 xtpr pdcm pcid sse4_1 sse4_2 movbe popcnt tsc_deadline_timer aes xsave avx f16c rdrand lahf_lm abm epb tpr_shadow vnmi flexpriority ept vpid fsgsbase tsc_adjust bmi1 avx2 smep bmi2 erms invpcid xsaveopt dtherm ida arat pln pts
bugs		:
bogomips	: 4988.93
clflush size	: 64
cache_alignment	: 64
address sizes	: 39 bits physical, 48 bits virtual
power management:

processor	: 1
vendor_id	: GenuineIntel
cpu family	: 6
model		: 60
model name	: Intel(R) Core(TM) i5-4200M CPU @ 2.50GHz
stepping	: 3
microcode	: 0x17
cpu MHz		: 2683.496
cache size	: 3072 KB
physical id	: 0
siblings	: 4
core id		: 0
cpu cores	: 2
apicid		: 1
initial apicid	: 1
fpu		: yes
fpu_exception	: yes
cpuid level	: 13
wp		: yes
flags		: fpu vme de pse tsc msr pae mce cx8 apic sep mtrr pge mca cmov pat pse36 clflush dts acpi mmx fxsr sse sse2 ss ht tm pbe syscall nx pdpe1gb rdtscp lm constant_tsc arch_perfmon pebs bts rep_good nopl xtopology nonstop_tsc aperfmperf eagerfpu pni pclmulqdq dtes64 monitor ds_cpl vmx est tm2 ssse3 sdbg fma cx16 xtpr pdcm pcid sse4_1 sse4_2 movbe popcnt tsc_deadline_timer aes xsave avx f16c rdrand lahf_lm abm epb tpr_shadow vnmi flexpriority ept vpid fsgsbase tsc_adjust bmi1 avx2 smep bmi2 erms invpcid xsaveopt dtherm ida arat pln pts
bugs		:
bogomips	: 4988.93
clflush size	: 64
cache_alignment	: 64
address sizes	: 39 bits physical, 48 bits virtual
power management:

processor	: 2
vendor_id	: GenuineIntel
cpu family	: 6
model		: 60
model name	: Intel(R) Core(TM) i5-4200M CPU @ 2.50GHz
stepping	: 3
microcode	: 0x17
cpu MHz		: 1718.945
cache size	: 3072 KB
physical id	: 0
siblings	: 4
core id		: 1
cpu cores	: 2
apicid		: 2
initial apicid	: 2
fpu		: yes
fpu_exception	: yes
cpuid level	: 13
wp		: yes
flags		: fpu vme de pse tsc msr pae mce cx8 apic sep mtrr pge mca cmov pat pse36 clflush dts acpi mmx fxsr sse sse2 ss ht tm pbe syscall nx pdpe1gb rdtscp lm constant_tsc arch_perfmon pebs bts rep_good nopl xtopology nonstop_tsc aperfmperf eagerfpu pni pclmulqdq dtes64 monitor ds_cpl vmx est tm2 ssse3 sdbg fma cx16 xtpr pdcm pcid sse4_1 sse4_2 movbe popcnt tsc_deadline_timer aes xsave avx f16c rdrand lahf_lm abm epb tpr_shadow vnmi flexpriority ept vpid fsgsbase tsc_adjust bmi1 avx2 smep bmi2 erms invpcid xsaveopt dtherm ida arat pln pts
bugs		:
bogomips	: 4988.93
clflush size	: 64
cache_alignment	: 64
address sizes	: 39 bits physical, 48 bits virtual
power management:

processor	: 3
vendor_id	: GenuineIntel
cpu family	: 6
model		: 60
model name	: Intel(R) Core(TM) i5-4200M CPU @ 2.50GHz
stepping	: 3
microcode	: 0x17
cpu MHz		: 1399.902
cache size	: 3072 KB
physical id	: 0
siblings	: 4
core id		: 1
cpu cores	: 2
apicid		: 3
initial apicid	: 3
fpu		: yes
fpu_exception	: yes
cpuid level	: 13
wp		: yes
flags		: fpu vme de pse tsc msr pae mce cx8 apic sep mtrr pge mca cmov pat pse36 clflush dts acpi mmx fxsr sse sse2 ss ht tm pbe syscall nx pdpe1gb rdtscp lm constant_tsc arch_perfmon pebs bts rep_good nopl xtopology nonstop_tsc aperfmperf eagerfpu pni pclmulqdq dtes64 monitor ds_cpl vmx est tm2 ssse3 sdbg fma cx16 xtpr pdcm pcid sse4_1 sse4_2 movbe popcnt tsc_deadline_timer aes xsave avx f16c rdrand lahf_lm abm epb tpr_shadow vnmi flexpriority ept vpid fsgsbase tsc_adjust bmi1 avx2 smep bmi2 erms invpcid xsaveopt dtherm ida arat pln pts
bugs		:
bogomips	: 4988.93
clflush size	: 64
cache_alignment	: 64
address sizes	: 39 bits physical, 48 bits virtual
power management:



Memory: 4k page, physical 7873692k(250556k free), swap 8081404k(7312204k free)

vm_info: Java HotSpot(TM) 64-Bit Server VM (25.121-b13) for linux-amd64 JRE (1.8.0_121-b13), built on Dec 12 2016 16:36:53 by "java_re" with gcc 4.3.0 20080428 (Red Hat 4.3.0-8)

time: Mon May 29 11:57:21 2017
elapsed time: 14 seconds (0d 0h 0m 14s)

